[2025-03-11T09:31:41.302+0000] {taskinstance.py:1159} INFO - Dependencies all met for dep_context=non-requeueable deps ti=<TaskInstance: ingest_bronze_layer_dag.get_task_instance_info manual__2025-03-11T09:31:38+00:00 [queued]>
[2025-03-11T09:31:41.305+0000] {taskinstance.py:1159} INFO - Dependencies all met for dep_context=requeueable deps ti=<TaskInstance: ingest_bronze_layer_dag.get_task_instance_info manual__2025-03-11T09:31:38+00:00 [queued]>
[2025-03-11T09:31:41.306+0000] {taskinstance.py:1361} INFO - Starting attempt 1 of 1
[2025-03-11T09:31:41.312+0000] {taskinstance.py:1382} INFO - Executing <Task(_PythonDecoratedOperator): get_task_instance_info> on 2025-03-11 09:31:38+00:00
[2025-03-11T09:31:41.314+0000] {standard_task_runner.py:57} INFO - Started process 8194 to run task
[2025-03-11T09:31:41.317+0000] {standard_task_runner.py:84} INFO - Running: ['***', 'tasks', 'run', 'ingest_bronze_layer_dag', 'get_task_instance_info', 'manual__2025-03-11T09:31:38+00:00', '--job-id', '186', '--raw', '--subdir', 'DAGS_FOLDER/ingesting_pipeline.py', '--cfg-path', '/tmp/tmp583qm72s']
[2025-03-11T09:31:41.319+0000] {standard_task_runner.py:85} INFO - Job 186: Subtask get_task_instance_info
[2025-03-11T09:31:41.340+0000] {task_command.py:416} INFO - Running <TaskInstance: ingest_bronze_layer_dag.get_task_instance_info manual__2025-03-11T09:31:38+00:00 [running]> on host 41ccd9d1769c
[2025-03-11T09:31:41.481+0000] {taskinstance.py:1662} INFO - Exporting env vars: AIRFLOW_CTX_DAG_OWNER='Andrew Tran' AIRFLOW_CTX_DAG_ID='ingest_bronze_layer_dag' AIRFLOW_CTX_TASK_ID='get_task_instance_info' AIRFLOW_CTX_EXECUTION_DATE='2025-03-11T09:31:38+00:00' AIRFLOW_CTX_TRY_NUMBER='1' AIRFLOW_CTX_DAG_RUN_ID='manual__2025-03-11T09:31:38+00:00'
[2025-03-11T09:31:41.482+0000] {logging_mixin.py:154} INFO - ANDREW - task_id: {task_id}, current_run_id: {current_run_id}
[2025-03-11T09:31:41.486+0000] {taskinstance.py:1937} ERROR - Task failed with exception
Traceback (most recent call last):
  File "/home/airflow/.local/lib/python3.10/site-packages/airflow/decorators/base.py", line 221, in execute
    return_value = super().execute(context)
  File "/home/airflow/.local/lib/python3.10/site-packages/airflow/operators/python.py", line 192, in execute
    return_value = self.execute_callable()
  File "/home/airflow/.local/lib/python3.10/site-packages/airflow/operators/python.py", line 209, in execute_callable
    return self.python_callable(*self.op_args, **self.op_kwargs)
  File "/opt/airflow/dags/ingesting_pipeline.py", line 118, in task_a_function
    get_all_running_dags_with_task(task_id, current_run_id)
  File "/home/airflow/.local/lib/python3.10/site-packages/airflow/utils/session.py", line 79, in wrapper
    return func(*args, session=session, **kwargs)
  File "/opt/airflow/dags/ingesting_pipeline.py", line 99, in get_all_running_dags_with_task
    for task_id, state, dag_id, conf in results:
ValueError: too many values to unpack (expected 4)
[2025-03-11T09:31:41.490+0000] {taskinstance.py:1400} INFO - Marking task as FAILED. dag_id=ingest_bronze_layer_dag, task_id=get_task_instance_info, execution_date=20250311T093138, start_date=20250311T093141, end_date=20250311T093141
[2025-03-11T09:31:41.496+0000] {standard_task_runner.py:104} ERROR - Failed to execute job 186 for task get_task_instance_info (too many values to unpack (expected 4); 8194)
[2025-03-11T09:31:41.504+0000] {local_task_job_runner.py:228} INFO - Task exited with return code 1
[2025-03-11T09:31:41.513+0000] {taskinstance.py:2778} INFO - 0 downstream tasks scheduled from follow-on schedule check
