[2025-03-11T17:04:29.722+0000] {taskinstance.py:1159} INFO - Dependencies all met for dep_context=non-requeueable deps ti=<TaskInstance: process_bronze_and_silver_layer.check_refresh_mode manual__2025-03-11T17:04:25+00:00 [queued]>
[2025-03-11T17:04:29.725+0000] {taskinstance.py:1159} INFO - Dependencies all met for dep_context=requeueable deps ti=<TaskInstance: process_bronze_and_silver_layer.check_refresh_mode manual__2025-03-11T17:04:25+00:00 [queued]>
[2025-03-11T17:04:29.726+0000] {taskinstance.py:1361} INFO - Starting attempt 1 of 1
[2025-03-11T17:04:29.733+0000] {taskinstance.py:1382} INFO - Executing <Task(_PythonDecoratedOperator): check_refresh_mode> on 2025-03-11 17:04:25+00:00
[2025-03-11T17:04:29.738+0000] {standard_task_runner.py:57} INFO - Started process 2840 to run task
[2025-03-11T17:04:29.742+0000] {standard_task_runner.py:84} INFO - Running: ['***', 'tasks', 'run', 'process_bronze_and_silver_layer', 'check_refresh_mode', 'manual__2025-03-11T17:04:25+00:00', '--job-id', '729', '--raw', '--subdir', 'DAGS_FOLDER/hourly_processing_pipeline.py', '--cfg-path', '/tmp/tmpdj04k0nl']
[2025-03-11T17:04:29.745+0000] {standard_task_runner.py:85} INFO - Job 729: Subtask check_refresh_mode
[2025-03-11T17:04:29.771+0000] {task_command.py:416} INFO - Running <TaskInstance: process_bronze_and_silver_layer.check_refresh_mode manual__2025-03-11T17:04:25+00:00 [running]> on host c8e526380ef3
[2025-03-11T17:04:30.017+0000] {taskinstance.py:1662} INFO - Exporting env vars: AIRFLOW_CTX_DAG_OWNER='Andrew Tran' AIRFLOW_CTX_DAG_ID='process_bronze_and_silver_layer' AIRFLOW_CTX_TASK_ID='check_refresh_mode' AIRFLOW_CTX_EXECUTION_DATE='2025-03-11T17:04:25+00:00' AIRFLOW_CTX_TRY_NUMBER='1' AIRFLOW_CTX_DAG_RUN_ID='manual__2025-03-11T17:04:25+00:00'
[2025-03-11T17:04:30.018+0000] {hourly_processing_pipeline.py:202} INFO - Refresh mode: Incremental
[2025-03-11T17:04:30.018+0000] {hourly_processing_pipeline.py:124} INFO - Getting latest updated_at from bronze_layer.bronze_purchases
[2025-03-11T17:04:30.018+0000] {hourly_processing_pipeline.py:97} INFO - Executing query: SELECT MAX(updated_at) FROM bronze_layer.bronze_purchases
[2025-03-11T17:04:30.029+0000] {base.py:73} INFO - Using connection ID 'postgres_warehouse_db' for task execution.
[2025-03-11T17:04:30.035+0000] {warnings.py:109} WARNING - /opt/***/dags/hourly_processing_pipeline.py:100: UserWarning: pandas only supports SQLAlchemy connectable (engine/connection) or database string URI or sqlite3 DBAPI2 connection. Other DBAPI2 objects are not tested. Please consider using SQLAlchemy.
  df = pd.read_sql(query, conn)

[2025-03-11T17:04:30.038+0000] {hourly_processing_pipeline.py:101} INFO - Query executed successfully. Retrieved 1 rows.
[2025-03-11T17:04:30.038+0000] {hourly_processing_pipeline.py:132} INFO - Latest updated_at: 2025-03-11 05:11:10.736496
[2025-03-11T17:04:30.038+0000] {python.py:194} INFO - Done. Returned value was: {'is_full_refresh': False, 'latest_updated_at': '2025-03-11 05:11:10.736496', 'is_first_run': False}
[2025-03-11T17:04:30.050+0000] {taskinstance.py:1400} INFO - Marking task as SUCCESS. dag_id=process_bronze_and_silver_layer, task_id=check_refresh_mode, execution_date=20250311T170425, start_date=20250311T170429, end_date=20250311T170430
[2025-03-11T17:04:30.099+0000] {local_task_job_runner.py:228} INFO - Task exited with return code 0
[2025-03-11T17:04:30.244+0000] {taskinstance.py:2778} INFO - 1 downstream tasks scheduled from follow-on schedule check
