[2025-03-12T16:15:25.179+0000] {taskinstance.py:1159} INFO - Dependencies all met for dep_context=non-requeueable deps ti=<TaskInstance: hourly_processing_pipeline.transform_silver_hourly_incremental manual__2025-03-12T16:15:18.439823+00:00 [queued]>
[2025-03-12T16:15:25.183+0000] {taskinstance.py:1159} INFO - Dependencies all met for dep_context=requeueable deps ti=<TaskInstance: hourly_processing_pipeline.transform_silver_hourly_incremental manual__2025-03-12T16:15:18.439823+00:00 [queued]>
[2025-03-12T16:15:25.184+0000] {taskinstance.py:1361} INFO - Starting attempt 1 of 1
[2025-03-12T16:15:25.318+0000] {taskinstance.py:1382} INFO - Executing <Task(BashOperator): transform_silver_hourly_incremental> on 2025-03-12 16:15:18.439823+00:00
[2025-03-12T16:15:25.322+0000] {standard_task_runner.py:57} INFO - Started process 42237 to run task
[2025-03-12T16:15:25.331+0000] {standard_task_runner.py:84} INFO - Running: ['***', 'tasks', 'run', 'hourly_processing_pipeline', 'transform_silver_hourly_incremental', 'manual__2025-03-12T16:15:18.439823+00:00', '--job-id', '3196', '--raw', '--subdir', 'DAGS_FOLDER/hourly_processing_pipeline.py', '--cfg-path', '/tmp/tmp5mm36ebq']
[2025-03-12T16:15:25.337+0000] {standard_task_runner.py:85} INFO - Job 3196: Subtask transform_silver_hourly_incremental
[2025-03-12T16:15:25.374+0000] {task_command.py:416} INFO - Running <TaskInstance: hourly_processing_pipeline.transform_silver_hourly_incremental manual__2025-03-12T16:15:18.439823+00:00 [running]> on host c8e526380ef3
[2025-03-12T16:15:25.428+0000] {taskinstance.py:1662} INFO - Exporting env vars: AIRFLOW_CTX_DAG_OWNER='Andrew Tran' AIRFLOW_CTX_DAG_ID='hourly_processing_pipeline' AIRFLOW_CTX_TASK_ID='transform_silver_hourly_incremental' AIRFLOW_CTX_EXECUTION_DATE='2025-03-12T16:15:18.439823+00:00' AIRFLOW_CTX_TRY_NUMBER='1' AIRFLOW_CTX_DAG_RUN_ID='manual__2025-03-12T16:15:18.439823+00:00'
[2025-03-12T16:15:25.429+0000] {subprocess.py:63} INFO - Tmp dir root location: /tmp
[2025-03-12T16:15:25.429+0000] {subprocess.py:75} INFO - Running command: ['/bin/bash', '-c', 'cd /opt/***/dbt/playstudio_project && export WAREHOUSE_HOST=None && export WAREHOUSE_PASSWORD=None && export WAREHOUSE_USER=None && dbt run --select tag:silver_hourly_incremental --target prod']
[2025-03-12T16:15:25.435+0000] {subprocess.py:86} INFO - Output:
[2025-03-12T16:15:26.760+0000] {subprocess.py:93} INFO - [0m16:15:26  Running with dbt=1.7.18
[2025-03-12T16:15:26.878+0000] {subprocess.py:93} INFO - [0m16:15:26  Registered adapter: postgres=1.7.18
[2025-03-12T16:15:26.897+0000] {subprocess.py:93} INFO - [0m16:15:26  [[33mWARNING[0m]: Configuration paths exist in your dbt_project.yml file which do not apply to any resources.
[2025-03-12T16:15:26.897+0000] {subprocess.py:93} INFO - There are 1 unused configuration paths:
[2025-03-12T16:15:26.897+0000] {subprocess.py:93} INFO - - models.playstudio_project.bronze_layer
[2025-03-12T16:15:26.906+0000] {subprocess.py:93} INFO - [0m16:15:26  Found 3 models, 2 sources, 0 exposures, 0 metrics, 402 macros, 0 groups, 0 semantic models
[2025-03-12T16:15:26.908+0000] {subprocess.py:93} INFO - [0m16:15:26
[2025-03-12T16:15:26.969+0000] {subprocess.py:93} INFO - [0m16:15:26  Concurrency: 1 threads (target='prod')
[2025-03-12T16:15:26.970+0000] {subprocess.py:93} INFO - [0m16:15:26
[2025-03-12T16:15:26.974+0000] {subprocess.py:93} INFO - [0m16:15:26  1 of 1 START sql incremental model silver_layer.silver_spins_hourly ............ [RUN]
[2025-03-12T16:15:27.079+0000] {subprocess.py:93} INFO - [0m16:15:27  1 of 1 OK created sql incremental model silver_layer.silver_spins_hourly ....... [[32mINSERT 0 42[0m in 0.10s]
[2025-03-12T16:15:27.087+0000] {subprocess.py:93} INFO - [0m16:15:27
[2025-03-12T16:15:27.088+0000] {subprocess.py:93} INFO - [0m16:15:27  Finished running 1 incremental model in 0 hours 0 minutes and 0.18 seconds (0.18s).
[2025-03-12T16:15:27.095+0000] {subprocess.py:93} INFO - [0m16:15:27
[2025-03-12T16:15:27.095+0000] {subprocess.py:93} INFO - [0m16:15:27  [32mCompleted successfully[0m
[2025-03-12T16:15:27.095+0000] {subprocess.py:93} INFO - [0m16:15:27
[2025-03-12T16:15:27.095+0000] {subprocess.py:93} INFO - [0m16:15:27  Done. PASS=1 WARN=0 ERROR=0 SKIP=0 TOTAL=1
[2025-03-12T16:15:28.715+0000] {subprocess.py:97} INFO - Command exited with return code 0
[2025-03-12T16:15:28.737+0000] {taskinstance.py:1400} INFO - Marking task as SUCCESS. dag_id=hourly_processing_pipeline, task_id=transform_silver_hourly_incremental, execution_date=20250312T161518, start_date=20250312T161525, end_date=20250312T161528
[2025-03-12T16:15:28.780+0000] {local_task_job_runner.py:228} INFO - Task exited with return code 0
[2025-03-12T16:15:28.799+0000] {taskinstance.py:2778} INFO - 1 downstream tasks scheduled from follow-on schedule check
