[2025-03-12T08:54:15.784+0000] {taskinstance.py:1159} INFO - Dependencies all met for dep_context=non-requeueable deps ti=<TaskInstance: hourly_processing_pipeline.transform_silver_hourly_incremental manual__2025-03-12T08:53:53+00:00 [queued]>
[2025-03-12T08:54:15.788+0000] {taskinstance.py:1159} INFO - Dependencies all met for dep_context=requeueable deps ti=<TaskInstance: hourly_processing_pipeline.transform_silver_hourly_incremental manual__2025-03-12T08:53:53+00:00 [queued]>
[2025-03-12T08:54:15.788+0000] {taskinstance.py:1361} INFO - Starting attempt 1 of 1
[2025-03-12T08:54:15.879+0000] {taskinstance.py:1382} INFO - Executing <Task(BashOperator): transform_silver_hourly_incremental> on 2025-03-12 08:53:53+00:00
[2025-03-12T08:54:15.882+0000] {standard_task_runner.py:57} INFO - Started process 25253 to run task
[2025-03-12T08:54:15.885+0000] {standard_task_runner.py:84} INFO - Running: ['***', 'tasks', 'run', 'hourly_processing_pipeline', 'transform_silver_hourly_incremental', 'manual__2025-03-12T08:53:53+00:00', '--job-id', '2132', '--raw', '--subdir', 'DAGS_FOLDER/hourly_processing_pipeline.py', '--cfg-path', '/tmp/tmp4wl7bjz0']
[2025-03-12T08:54:15.887+0000] {standard_task_runner.py:85} INFO - Job 2132: Subtask transform_silver_hourly_incremental
[2025-03-12T08:54:15.914+0000] {task_command.py:416} INFO - Running <TaskInstance: hourly_processing_pipeline.transform_silver_hourly_incremental manual__2025-03-12T08:53:53+00:00 [running]> on host c8e526380ef3
[2025-03-12T08:54:15.950+0000] {taskinstance.py:1662} INFO - Exporting env vars: AIRFLOW_CTX_DAG_OWNER='Andrew Tran' AIRFLOW_CTX_DAG_ID='hourly_processing_pipeline' AIRFLOW_CTX_TASK_ID='transform_silver_hourly_incremental' AIRFLOW_CTX_EXECUTION_DATE='2025-03-12T08:53:53+00:00' AIRFLOW_CTX_TRY_NUMBER='1' AIRFLOW_CTX_DAG_RUN_ID='manual__2025-03-12T08:53:53+00:00'
[2025-03-12T08:54:15.951+0000] {subprocess.py:63} INFO - Tmp dir root location: /tmp
[2025-03-12T08:54:15.952+0000] {subprocess.py:75} INFO - Running command: ['/bin/bash', '-c', 'cd /opt/***/dbt/playstudio_project && export WAREHOUSE_HOST=None && export WAREHOUSE_PASSWORD=None && export WAREHOUSE_USER=None && dbt run --select tag:silver_hourly_incremental --target prod']
[2025-03-12T08:54:15.958+0000] {subprocess.py:86} INFO - Output:
[2025-03-12T08:54:18.467+0000] {subprocess.py:93} INFO - [0m08:54:18  Running with dbt=1.7.18
[2025-03-12T08:54:18.668+0000] {subprocess.py:93} INFO - [0m08:54:18  Registered adapter: postgres=1.7.18
[2025-03-12T08:54:18.705+0000] {subprocess.py:93} INFO - [0m08:54:18  [[33mWARNING[0m]: Configuration paths exist in your dbt_project.yml file which do not apply to any resources.
[2025-03-12T08:54:18.706+0000] {subprocess.py:93} INFO - There are 1 unused configuration paths:
[2025-03-12T08:54:18.706+0000] {subprocess.py:93} INFO - - models.playstudio_project.example
[2025-03-12T08:54:18.726+0000] {subprocess.py:93} INFO - [0m08:54:18  Found 2 models, 2 sources, 0 exposures, 0 metrics, 401 macros, 0 groups, 0 semantic models
[2025-03-12T08:54:18.729+0000] {subprocess.py:93} INFO - [0m08:54:18
[2025-03-12T08:54:18.828+0000] {subprocess.py:93} INFO - [0m08:54:18  Concurrency: 1 threads (target='prod')
[2025-03-12T08:54:18.829+0000] {subprocess.py:93} INFO - [0m08:54:18
[2025-03-12T08:54:18.834+0000] {subprocess.py:93} INFO - [0m08:54:18  1 of 1 START sql incremental model silver_layer.silver_spins_hourly ............ [RUN]
[2025-03-12T08:54:18.993+0000] {subprocess.py:93} INFO - [0m08:54:18  1 of 1 OK created sql incremental model silver_layer.silver_spins_hourly ....... [[32mINSERT 0 42[0m in 0.15s]
[2025-03-12T08:54:19.024+0000] {subprocess.py:93} INFO - [0m08:54:19
[2025-03-12T08:54:19.024+0000] {subprocess.py:93} INFO - [0m08:54:19  Finished running 1 incremental model in 0 hours 0 minutes and 0.30 seconds (0.30s).
[2025-03-12T08:54:19.037+0000] {subprocess.py:93} INFO - [0m08:54:19
[2025-03-12T08:54:19.040+0000] {subprocess.py:93} INFO - [0m08:54:19  [32mCompleted successfully[0m
[2025-03-12T08:54:19.041+0000] {subprocess.py:93} INFO - [0m08:54:19
[2025-03-12T08:54:19.041+0000] {subprocess.py:93} INFO - [0m08:54:19  Done. PASS=1 WARN=0 ERROR=0 SKIP=0 TOTAL=1
[2025-03-12T08:54:20.358+0000] {subprocess.py:97} INFO - Command exited with return code 0
[2025-03-12T08:54:20.407+0000] {taskinstance.py:1400} INFO - Marking task as SUCCESS. dag_id=hourly_processing_pipeline, task_id=transform_silver_hourly_incremental, execution_date=20250312T085353, start_date=20250312T085415, end_date=20250312T085420
[2025-03-12T08:54:20.437+0000] {local_task_job_runner.py:228} INFO - Task exited with return code 0
[2025-03-12T08:54:20.506+0000] {taskinstance.py:2778} INFO - 0 downstream tasks scheduled from follow-on schedule check
