[2025-03-12T08:50:30.222+0000] {taskinstance.py:1159} INFO - Dependencies all met for dep_context=non-requeueable deps ti=<TaskInstance: process_bronze_and_silver_layer.transform_silver_full_refresh manual__2025-03-12T08:49:56+00:00 [queued]>
[2025-03-12T08:50:30.228+0000] {taskinstance.py:1159} INFO - Dependencies all met for dep_context=requeueable deps ti=<TaskInstance: process_bronze_and_silver_layer.transform_silver_full_refresh manual__2025-03-12T08:49:56+00:00 [queued]>
[2025-03-12T08:50:30.228+0000] {taskinstance.py:1361} INFO - Starting attempt 1 of 1
[2025-03-12T08:50:30.455+0000] {taskinstance.py:1382} INFO - Executing <Task(BashOperator): transform_silver_full_refresh> on 2025-03-12 08:49:56+00:00
[2025-03-12T08:50:30.459+0000] {standard_task_runner.py:57} INFO - Started process 24970 to run task
[2025-03-12T08:50:30.463+0000] {standard_task_runner.py:84} INFO - Running: ['***', 'tasks', 'run', 'process_bronze_and_silver_layer', 'transform_silver_full_refresh', 'manual__2025-03-12T08:49:56+00:00', '--job-id', '2096', '--raw', '--subdir', 'DAGS_FOLDER/5mins_processing_pipeline.py', '--cfg-path', '/tmp/tmpvqlt72jt']
[2025-03-12T08:50:30.469+0000] {standard_task_runner.py:85} INFO - Job 2096: Subtask transform_silver_full_refresh
[2025-03-12T08:50:30.506+0000] {task_command.py:416} INFO - Running <TaskInstance: process_bronze_and_silver_layer.transform_silver_full_refresh manual__2025-03-12T08:49:56+00:00 [running]> on host c8e526380ef3
[2025-03-12T08:50:30.559+0000] {taskinstance.py:1662} INFO - Exporting env vars: AIRFLOW_CTX_DAG_OWNER='Andrew Tran' AIRFLOW_CTX_DAG_ID='process_bronze_and_silver_layer' AIRFLOW_CTX_TASK_ID='transform_silver_full_refresh' AIRFLOW_CTX_EXECUTION_DATE='2025-03-12T08:49:56+00:00' AIRFLOW_CTX_TRY_NUMBER='1' AIRFLOW_CTX_DAG_RUN_ID='manual__2025-03-12T08:49:56+00:00'
[2025-03-12T08:50:30.560+0000] {subprocess.py:63} INFO - Tmp dir root location: /tmp
[2025-03-12T08:50:30.561+0000] {subprocess.py:75} INFO - Running command: ['/bin/bash', '-c', 'cd /opt/***/dbt/playstudio_project && export WAREHOUSE_HOST=None && export WAREHOUSE_PASSWORD=None && export WAREHOUSE_USER=None && dbt run --select tag:silver_5mins_incremental --target prod --full-refresh']
[2025-03-12T08:50:30.567+0000] {subprocess.py:86} INFO - Output:
[2025-03-12T08:50:33.304+0000] {subprocess.py:93} INFO - [0m08:50:33  Running with dbt=1.7.18
[2025-03-12T08:50:33.714+0000] {subprocess.py:93} INFO - [0m08:50:33  Registered adapter: postgres=1.7.18
[2025-03-12T08:50:33.782+0000] {subprocess.py:93} INFO - [0m08:50:33  [[33mWARNING[0m]: Configuration paths exist in your dbt_project.yml file which do not apply to any resources.
[2025-03-12T08:50:33.782+0000] {subprocess.py:93} INFO - There are 1 unused configuration paths:
[2025-03-12T08:50:33.782+0000] {subprocess.py:93} INFO - - models.playstudio_project.example
[2025-03-12T08:50:33.804+0000] {subprocess.py:93} INFO - [0m08:50:33  Found 2 models, 2 sources, 0 exposures, 0 metrics, 401 macros, 0 groups, 0 semantic models
[2025-03-12T08:50:33.804+0000] {subprocess.py:93} INFO - [0m08:50:33
[2025-03-12T08:50:34.355+0000] {subprocess.py:93} INFO - [0m08:50:34  Concurrency: 1 threads (target='prod')
[2025-03-12T08:50:34.361+0000] {subprocess.py:93} INFO - [0m08:50:34
[2025-03-12T08:50:34.363+0000] {subprocess.py:93} INFO - [0m08:50:34  1 of 1 START sql incremental model silver_layer.silver_purchases ............... [RUN]
[2025-03-12T08:50:34.493+0000] {subprocess.py:93} INFO - [0m08:50:34  1 of 1 OK created sql incremental model silver_layer.silver_purchases .......... [[32mSELECT 36[0m in 0.13s]
[2025-03-12T08:50:34.502+0000] {subprocess.py:93} INFO - [0m08:50:34
[2025-03-12T08:50:34.503+0000] {subprocess.py:93} INFO - [0m08:50:34  Finished running 1 incremental model in 0 hours 0 minutes and 0.70 seconds (0.70s).
[2025-03-12T08:50:34.509+0000] {subprocess.py:93} INFO - [0m08:50:34
[2025-03-12T08:50:34.509+0000] {subprocess.py:93} INFO - [0m08:50:34  [32mCompleted successfully[0m
[2025-03-12T08:50:34.510+0000] {subprocess.py:93} INFO - [0m08:50:34
[2025-03-12T08:50:34.510+0000] {subprocess.py:93} INFO - [0m08:50:34  Done. PASS=1 WARN=0 ERROR=0 SKIP=0 TOTAL=1
[2025-03-12T08:50:35.799+0000] {subprocess.py:97} INFO - Command exited with return code 0
[2025-03-12T08:50:35.849+0000] {taskinstance.py:1400} INFO - Marking task as SUCCESS. dag_id=process_bronze_and_silver_layer, task_id=transform_silver_full_refresh, execution_date=20250312T084956, start_date=20250312T085030, end_date=20250312T085035
[2025-03-12T08:50:35.895+0000] {local_task_job_runner.py:228} INFO - Task exited with return code 0
[2025-03-12T08:50:35.918+0000] {taskinstance.py:2778} INFO - 1 downstream tasks scheduled from follow-on schedule check
