[2025-03-12T08:44:13.240+0000] {taskinstance.py:1159} INFO - Dependencies all met for dep_context=non-requeueable deps ti=<TaskInstance: process_bronze_and_silver_layer.transform_silver_full_refresh manual__2025-03-12T08:43:45+00:00 [queued]>
[2025-03-12T08:44:13.246+0000] {taskinstance.py:1159} INFO - Dependencies all met for dep_context=requeueable deps ti=<TaskInstance: process_bronze_and_silver_layer.transform_silver_full_refresh manual__2025-03-12T08:43:45+00:00 [queued]>
[2025-03-12T08:44:13.246+0000] {taskinstance.py:1361} INFO - Starting attempt 1 of 1
[2025-03-12T08:44:13.386+0000] {taskinstance.py:1382} INFO - Executing <Task(BashOperator): transform_silver_full_refresh> on 2025-03-12 08:43:45+00:00
[2025-03-12T08:44:13.391+0000] {standard_task_runner.py:57} INFO - Started process 24540 to run task
[2025-03-12T08:44:13.394+0000] {standard_task_runner.py:84} INFO - Running: ['***', 'tasks', 'run', 'process_bronze_and_silver_layer', 'transform_silver_full_refresh', 'manual__2025-03-12T08:43:45+00:00', '--job-id', '2046', '--raw', '--subdir', 'DAGS_FOLDER/5mins_processing_pipeline.py', '--cfg-path', '/tmp/tmp0r_ci0yh']
[2025-03-12T08:44:13.397+0000] {standard_task_runner.py:85} INFO - Job 2046: Subtask transform_silver_full_refresh
[2025-03-12T08:44:13.423+0000] {task_command.py:416} INFO - Running <TaskInstance: process_bronze_and_silver_layer.transform_silver_full_refresh manual__2025-03-12T08:43:45+00:00 [running]> on host c8e526380ef3
[2025-03-12T08:44:13.462+0000] {taskinstance.py:1662} INFO - Exporting env vars: AIRFLOW_CTX_DAG_OWNER='Andrew Tran' AIRFLOW_CTX_DAG_ID='process_bronze_and_silver_layer' AIRFLOW_CTX_TASK_ID='transform_silver_full_refresh' AIRFLOW_CTX_EXECUTION_DATE='2025-03-12T08:43:45+00:00' AIRFLOW_CTX_TRY_NUMBER='1' AIRFLOW_CTX_DAG_RUN_ID='manual__2025-03-12T08:43:45+00:00'
[2025-03-12T08:44:13.463+0000] {subprocess.py:63} INFO - Tmp dir root location: /tmp
[2025-03-12T08:44:13.463+0000] {subprocess.py:75} INFO - Running command: ['/bin/bash', '-c', 'cd /opt/***/dbt/playstudio_project && export WAREHOUSE_HOST=None && export WAREHOUSE_PASSWORD=None && export WAREHOUSE_USER=None && dbt run --select tag:silver_5mins_incremental --target prod --full-refresh']
[2025-03-12T08:44:13.470+0000] {subprocess.py:86} INFO - Output:
[2025-03-12T08:44:15.654+0000] {subprocess.py:93} INFO - [0m08:44:15  Running with dbt=1.7.18
[2025-03-12T08:44:15.852+0000] {subprocess.py:93} INFO - [0m08:44:15  Registered adapter: postgres=1.7.18
[2025-03-12T08:44:15.888+0000] {subprocess.py:93} INFO - [0m08:44:15  [[33mWARNING[0m]: Configuration paths exist in your dbt_project.yml file which do not apply to any resources.
[2025-03-12T08:44:15.888+0000] {subprocess.py:93} INFO - There are 1 unused configuration paths:
[2025-03-12T08:44:15.888+0000] {subprocess.py:93} INFO - - models.playstudio_project.example
[2025-03-12T08:44:15.906+0000] {subprocess.py:93} INFO - [0m08:44:15  Found 2 models, 2 sources, 0 exposures, 0 metrics, 401 macros, 0 groups, 0 semantic models
[2025-03-12T08:44:15.908+0000] {subprocess.py:93} INFO - [0m08:44:15
[2025-03-12T08:44:16.009+0000] {subprocess.py:93} INFO - [0m08:44:16  Concurrency: 1 threads (target='prod')
[2025-03-12T08:44:16.009+0000] {subprocess.py:93} INFO - [0m08:44:16
[2025-03-12T08:44:16.015+0000] {subprocess.py:93} INFO - [0m08:44:16  1 of 1 START sql incremental model silver_layer.silver_purchases ............... [RUN]
[2025-03-12T08:44:16.127+0000] {subprocess.py:93} INFO - [0m08:44:16  1 of 1 OK created sql incremental model silver_layer.silver_purchases .......... [[32mSELECT 36[0m in 0.11s]
[2025-03-12T08:44:16.144+0000] {subprocess.py:93} INFO - [0m08:44:16
[2025-03-12T08:44:16.145+0000] {subprocess.py:93} INFO - [0m08:44:16  Finished running 1 incremental model in 0 hours 0 minutes and 0.23 seconds (0.23s).
[2025-03-12T08:44:16.154+0000] {subprocess.py:93} INFO - [0m08:44:16
[2025-03-12T08:44:16.155+0000] {subprocess.py:93} INFO - [0m08:44:16  [32mCompleted successfully[0m
[2025-03-12T08:44:16.155+0000] {subprocess.py:93} INFO - [0m08:44:16
[2025-03-12T08:44:16.156+0000] {subprocess.py:93} INFO - [0m08:44:16  Done. PASS=1 WARN=0 ERROR=0 SKIP=0 TOTAL=1
[2025-03-12T08:44:18.054+0000] {subprocess.py:97} INFO - Command exited with return code 0
[2025-03-12T08:44:18.124+0000] {taskinstance.py:1400} INFO - Marking task as SUCCESS. dag_id=process_bronze_and_silver_layer, task_id=transform_silver_full_refresh, execution_date=20250312T084345, start_date=20250312T084413, end_date=20250312T084418
[2025-03-12T08:44:18.150+0000] {local_task_job_runner.py:228} INFO - Task exited with return code 0
[2025-03-12T08:44:18.195+0000] {taskinstance.py:2778} INFO - 1 downstream tasks scheduled from follow-on schedule check
