[2025-03-11T14:55:17.689+0000] {taskinstance.py:1159} INFO - Dependencies all met for dep_context=non-requeueable deps ti=<TaskInstance: ingest_bronze_layer_dag.prepare_dag_execution manual__2025-03-11T14:54:51+00:00 [queued]>
[2025-03-11T14:55:17.695+0000] {taskinstance.py:1159} INFO - Dependencies all met for dep_context=requeueable deps ti=<TaskInstance: ingest_bronze_layer_dag.prepare_dag_execution manual__2025-03-11T14:54:51+00:00 [queued]>
[2025-03-11T14:55:17.696+0000] {taskinstance.py:1361} INFO - Starting attempt 1 of 1
[2025-03-11T14:55:17.716+0000] {taskinstance.py:1382} INFO - Executing <Task(PythonOperator): prepare_dag_execution> on 2025-03-11 14:54:51+00:00
[2025-03-11T14:55:17.724+0000] {standard_task_runner.py:57} INFO - Started process 17411 to run task
[2025-03-11T14:55:17.727+0000] {standard_task_runner.py:84} INFO - Running: ['***', 'tasks', 'run', 'ingest_bronze_layer_dag', 'prepare_dag_execution', 'manual__2025-03-11T14:54:51+00:00', '--job-id', '476', '--raw', '--subdir', 'DAGS_FOLDER/ingesting_pipeline.py', '--cfg-path', '/tmp/tmp9eoq2gta']
[2025-03-11T14:55:17.730+0000] {standard_task_runner.py:85} INFO - Job 476: Subtask prepare_dag_execution
[2025-03-11T14:55:17.791+0000] {task_command.py:416} INFO - Running <TaskInstance: ingest_bronze_layer_dag.prepare_dag_execution manual__2025-03-11T14:54:51+00:00 [running]> on host 41ccd9d1769c
[2025-03-11T14:55:18.082+0000] {taskinstance.py:1662} INFO - Exporting env vars: AIRFLOW_CTX_DAG_OWNER='Andrew Tran' AIRFLOW_CTX_DAG_ID='ingest_bronze_layer_dag' AIRFLOW_CTX_TASK_ID='prepare_dag_execution' AIRFLOW_CTX_EXECUTION_DATE='2025-03-11T14:54:51+00:00' AIRFLOW_CTX_TRY_NUMBER='1' AIRFLOW_CTX_DAG_RUN_ID='manual__2025-03-11T14:54:51+00:00'
[2025-03-11T14:55:18.092+0000] {taskinstance.py:1937} ERROR - Task failed with exception
Traceback (most recent call last):
  File "/home/airflow/.local/lib/python3.10/site-packages/airflow/operators/python.py", line 192, in execute
    return_value = self.execute_callable()
  File "/home/airflow/.local/lib/python3.10/site-packages/airflow/operators/python.py", line 209, in execute_callable
    return self.python_callable(*self.op_args, **self.op_kwargs)
  File "/opt/airflow/dags/ingesting_pipeline.py", line 239, in prepare_dag_execution
    incremental_time = get_latest_updated_at_from_table(warehouse_hook, table_name=DB_CONFIG["bronze"]["tables"]["purchases"], schema_name=DB_CONFIG["bronze"]["schema"])
UnboundLocalError: local variable 'warehouse_hook' referenced before assignment
[2025-03-11T14:55:18.098+0000] {taskinstance.py:1400} INFO - Marking task as FAILED. dag_id=ingest_bronze_layer_dag, task_id=prepare_dag_execution, execution_date=20250311T145451, start_date=20250311T145517, end_date=20250311T145518
[2025-03-11T14:55:18.104+0000] {standard_task_runner.py:104} ERROR - Failed to execute job 476 for task prepare_dag_execution (local variable 'warehouse_hook' referenced before assignment; 17411)
[2025-03-11T14:55:18.127+0000] {local_task_job_runner.py:228} INFO - Task exited with return code 1
[2025-03-11T14:55:18.272+0000] {taskinstance.py:2778} INFO - 0 downstream tasks scheduled from follow-on schedule check
