[2025-03-12T06:35:53.161+0000] {taskinstance.py:1159} INFO - Dependencies all met for dep_context=non-requeueable deps ti=<TaskInstance: hourly_processing_pipeline.check_refresh_mode manual__2025-03-12T06:35:51.353265+00:00 [queued]>
[2025-03-12T06:35:53.164+0000] {taskinstance.py:1159} INFO - Dependencies all met for dep_context=requeueable deps ti=<TaskInstance: hourly_processing_pipeline.check_refresh_mode manual__2025-03-12T06:35:51.353265+00:00 [queued]>
[2025-03-12T06:35:53.164+0000] {taskinstance.py:1361} INFO - Starting attempt 1 of 1
[2025-03-12T06:35:53.171+0000] {taskinstance.py:1382} INFO - Executing <Task(_PythonDecoratedOperator): check_refresh_mode> on 2025-03-12 06:35:51.353265+00:00
[2025-03-12T06:35:53.174+0000] {standard_task_runner.py:57} INFO - Started process 17116 to run task
[2025-03-12T06:35:53.176+0000] {standard_task_runner.py:84} INFO - Running: ['***', 'tasks', 'run', 'hourly_processing_pipeline', 'check_refresh_mode', 'manual__2025-03-12T06:35:51.353265+00:00', '--job-id', '1368', '--raw', '--subdir', 'DAGS_FOLDER/hourly_processing_pipeline.py', '--cfg-path', '/tmp/tmpjjy4sq4b']
[2025-03-12T06:35:53.177+0000] {standard_task_runner.py:85} INFO - Job 1368: Subtask check_refresh_mode
[2025-03-12T06:35:53.297+0000] {task_command.py:416} INFO - Running <TaskInstance: hourly_processing_pipeline.check_refresh_mode manual__2025-03-12T06:35:51.353265+00:00 [running]> on host c8e526380ef3
[2025-03-12T06:35:53.332+0000] {taskinstance.py:1662} INFO - Exporting env vars: AIRFLOW_CTX_DAG_OWNER='Andrew Tran' AIRFLOW_CTX_DAG_ID='hourly_processing_pipeline' AIRFLOW_CTX_TASK_ID='check_refresh_mode' AIRFLOW_CTX_EXECUTION_DATE='2025-03-12T06:35:51.353265+00:00' AIRFLOW_CTX_TRY_NUMBER='1' AIRFLOW_CTX_DAG_RUN_ID='manual__2025-03-12T06:35:51.353265+00:00'
[2025-03-12T06:35:53.332+0000] {hourly_processing_pipeline.py:206} INFO - Using triggered conf: is_full_refresh=True
[2025-03-12T06:35:53.333+0000] {hourly_processing_pipeline.py:212} INFO - Refresh mode: Full Refresh
[2025-03-12T06:35:53.333+0000] {hourly_processing_pipeline.py:124} INFO - Getting latest updated_at from bronze_layer.bronze_spins_hourly
[2025-03-12T06:35:53.333+0000] {hourly_processing_pipeline.py:97} INFO - Executing query: SELECT MAX(updated_at) FROM bronze_layer.bronze_spins_hourly
[2025-03-12T06:35:53.337+0000] {base.py:73} INFO - Using connection ID 'postgres_warehouse_db' for task execution.
[2025-03-12T06:35:53.343+0000] {warnings.py:109} WARNING - /opt/***/dags/hourly_processing_pipeline.py:100: UserWarning: pandas only supports SQLAlchemy connectable (engine/connection) or database string URI or sqlite3 DBAPI2 connection. Other DBAPI2 objects are not tested. Please consider using SQLAlchemy.
  df = pd.read_sql(query, conn)

[2025-03-12T06:35:53.348+0000] {hourly_processing_pipeline.py:101} INFO - Query executed successfully. Retrieved 1 rows.
[2025-03-12T06:35:53.348+0000] {hourly_processing_pipeline.py:132} INFO - Latest updated_at: 2025-03-11 17:53:01.567076
[2025-03-12T06:35:53.349+0000] {python.py:194} INFO - Done. Returned value was: {'is_full_refresh': True, 'latest_updated_at': '2025-03-11 17:53:01.567076', 'is_first_run': False}
[2025-03-12T06:35:53.361+0000] {taskinstance.py:1400} INFO - Marking task as SUCCESS. dag_id=hourly_processing_pipeline, task_id=check_refresh_mode, execution_date=20250312T063551, start_date=20250312T063553, end_date=20250312T063553
[2025-03-12T06:35:53.395+0000] {local_task_job_runner.py:228} INFO - Task exited with return code 0
[2025-03-12T06:35:53.503+0000] {taskinstance.py:2778} INFO - 1 downstream tasks scheduled from follow-on schedule check
