[2025-03-13T14:35:07.831+0000] {taskinstance.py:1159} INFO - Dependencies all met for dep_context=non-requeueable deps ti=<TaskInstance: process_bronze_and_silver_layer.transform_silver_5mins_incremental scheduled__2025-03-13T14:30:00+00:00 [queued]>
[2025-03-13T14:35:07.836+0000] {taskinstance.py:1159} INFO - Dependencies all met for dep_context=requeueable deps ti=<TaskInstance: process_bronze_and_silver_layer.transform_silver_5mins_incremental scheduled__2025-03-13T14:30:00+00:00 [queued]>
[2025-03-13T14:35:07.836+0000] {taskinstance.py:1361} INFO - Starting attempt 1 of 1
[2025-03-13T14:35:08.024+0000] {taskinstance.py:1382} INFO - Executing <Task(BashOperator): transform_silver_5mins_incremental> on 2025-03-13 14:30:00+00:00
[2025-03-13T14:35:08.027+0000] {standard_task_runner.py:57} INFO - Started process 69843 to run task
[2025-03-13T14:35:08.030+0000] {standard_task_runner.py:84} INFO - Running: ['***', 'tasks', 'run', 'process_bronze_and_silver_layer', 'transform_silver_5mins_incremental', 'scheduled__2025-03-13T14:30:00+00:00', '--job-id', '3399', '--raw', '--subdir', 'DAGS_FOLDER/5mins_processing_pipeline.py', '--cfg-path', '/tmp/tmpdhlkuuam']
[2025-03-13T14:35:08.032+0000] {standard_task_runner.py:85} INFO - Job 3399: Subtask transform_silver_5mins_incremental
[2025-03-13T14:35:08.059+0000] {task_command.py:416} INFO - Running <TaskInstance: process_bronze_and_silver_layer.transform_silver_5mins_incremental scheduled__2025-03-13T14:30:00+00:00 [running]> on host c8e526380ef3
[2025-03-13T14:35:08.098+0000] {taskinstance.py:1662} INFO - Exporting env vars: AIRFLOW_CTX_DAG_OWNER='Andrew Tran' AIRFLOW_CTX_DAG_ID='process_bronze_and_silver_layer' AIRFLOW_CTX_TASK_ID='transform_silver_5mins_incremental' AIRFLOW_CTX_EXECUTION_DATE='2025-03-13T14:30:00+00:00' AIRFLOW_CTX_TRY_NUMBER='1' AIRFLOW_CTX_DAG_RUN_ID='scheduled__2025-03-13T14:30:00+00:00'
[2025-03-13T14:35:08.099+0000] {subprocess.py:63} INFO - Tmp dir root location: /tmp
[2025-03-13T14:35:08.099+0000] {subprocess.py:75} INFO - Running command: ['/bin/bash', '-c', 'cd /opt/***/dbt/playstudio_project && export WAREHOUSE_HOST=None && export WAREHOUSE_PASSWORD=None && export WAREHOUSE_USER=None && dbt run --select tag:silver_5mins_incremental --target prod']
[2025-03-13T14:35:08.130+0000] {subprocess.py:86} INFO - Output:
[2025-03-13T14:35:09.893+0000] {subprocess.py:93} INFO - [0m14:35:09  Running with dbt=1.7.18
[2025-03-13T14:35:10.017+0000] {subprocess.py:93} INFO - [0m14:35:10  Registered adapter: postgres=1.7.18
[2025-03-13T14:35:10.070+0000] {subprocess.py:93} INFO - [0m14:35:10  Unable to do partial parsing because of a version mismatch
[2025-03-13T14:35:11.319+0000] {subprocess.py:93} INFO - [0m14:35:11  [[33mWARNING[0m]: Configuration paths exist in your dbt_project.yml file which do not apply to any resources.
[2025-03-13T14:35:11.320+0000] {subprocess.py:93} INFO - There are 1 unused configuration paths:
[2025-03-13T14:35:11.320+0000] {subprocess.py:93} INFO - - models.playstudio_project.bronze_layer
[2025-03-13T14:35:11.349+0000] {subprocess.py:93} INFO - [0m14:35:11  Found 3 models, 20 tests, 2 sources, 0 exposures, 0 metrics, 783 macros, 0 groups, 0 semantic models
[2025-03-13T14:35:11.352+0000] {subprocess.py:93} INFO - [0m14:35:11
[2025-03-13T14:35:11.428+0000] {subprocess.py:93} INFO - [0m14:35:11  Concurrency: 1 threads (target='prod')
[2025-03-13T14:35:11.429+0000] {subprocess.py:93} INFO - [0m14:35:11
[2025-03-13T14:35:11.435+0000] {subprocess.py:93} INFO - [0m14:35:11  1 of 1 START sql incremental model silver.silver_purchases ..................... [RUN]
[2025-03-13T14:35:11.542+0000] {subprocess.py:93} INFO - [0m14:35:11  1 of 1 OK created sql incremental model silver.silver_purchases ................ [[32mINSERT 0 1[0m in 0.11s]
[2025-03-13T14:35:11.551+0000] {subprocess.py:93} INFO - [0m14:35:11
[2025-03-13T14:35:11.551+0000] {subprocess.py:93} INFO - [0m14:35:11  Finished running 1 incremental model in 0 hours 0 minutes and 0.20 seconds (0.20s).
[2025-03-13T14:35:11.558+0000] {subprocess.py:93} INFO - [0m14:35:11
[2025-03-13T14:35:11.558+0000] {subprocess.py:93} INFO - [0m14:35:11  [32mCompleted successfully[0m
[2025-03-13T14:35:11.559+0000] {subprocess.py:93} INFO - [0m14:35:11
[2025-03-13T14:35:11.559+0000] {subprocess.py:93} INFO - [0m14:35:11  Done. PASS=1 WARN=0 ERROR=0 SKIP=0 TOTAL=1
[2025-03-13T14:35:12.879+0000] {subprocess.py:97} INFO - Command exited with return code 0
[2025-03-13T14:35:12.905+0000] {taskinstance.py:1400} INFO - Marking task as SUCCESS. dag_id=process_bronze_and_silver_layer, task_id=transform_silver_5mins_incremental, execution_date=20250313T143000, start_date=20250313T143507, end_date=20250313T143512
[2025-03-13T14:35:12.924+0000] {local_task_job_runner.py:228} INFO - Task exited with return code 0
[2025-03-13T14:35:12.954+0000] {taskinstance.py:2778} INFO - 1 downstream tasks scheduled from follow-on schedule check
