[2025-03-13T17:25:17.466+0000] {taskinstance.py:1159} INFO - Dependencies all met for dep_context=non-requeueable deps ti=<TaskInstance: five_mins_processing_pipeline.transform_silver_5mins_incremental scheduled__2025-03-13T17:20:00+00:00 [queued]>
[2025-03-13T17:25:17.470+0000] {taskinstance.py:1159} INFO - Dependencies all met for dep_context=requeueable deps ti=<TaskInstance: five_mins_processing_pipeline.transform_silver_5mins_incremental scheduled__2025-03-13T17:20:00+00:00 [queued]>
[2025-03-13T17:25:17.470+0000] {taskinstance.py:1361} INFO - Starting attempt 1 of 1
[2025-03-13T17:25:17.476+0000] {taskinstance.py:1382} INFO - Executing <Task(BashOperator): transform_silver_5mins_incremental> on 2025-03-13 17:20:00+00:00
[2025-03-13T17:25:17.478+0000] {standard_task_runner.py:57} INFO - Started process 77392 to run task
[2025-03-13T17:25:17.480+0000] {standard_task_runner.py:84} INFO - Running: ['***', 'tasks', 'run', 'five_mins_processing_pipeline', 'transform_silver_5mins_incremental', 'scheduled__2025-03-13T17:20:00+00:00', '--job-id', '3665', '--raw', '--subdir', 'DAGS_FOLDER/five_mins_processing_pipeline.py', '--cfg-path', '/tmp/tmpxqrcxa9v']
[2025-03-13T17:25:17.482+0000] {standard_task_runner.py:85} INFO - Job 3665: Subtask transform_silver_5mins_incremental
[2025-03-13T17:25:17.503+0000] {task_command.py:416} INFO - Running <TaskInstance: five_mins_processing_pipeline.transform_silver_5mins_incremental scheduled__2025-03-13T17:20:00+00:00 [running]> on host c8e526380ef3
[2025-03-13T17:25:17.619+0000] {taskinstance.py:1662} INFO - Exporting env vars: AIRFLOW_CTX_DAG_OWNER='Andrew Tran' AIRFLOW_CTX_DAG_ID='five_mins_processing_pipeline' AIRFLOW_CTX_TASK_ID='transform_silver_5mins_incremental' AIRFLOW_CTX_EXECUTION_DATE='2025-03-13T17:20:00+00:00' AIRFLOW_CTX_TRY_NUMBER='1' AIRFLOW_CTX_DAG_RUN_ID='scheduled__2025-03-13T17:20:00+00:00'
[2025-03-13T17:25:17.620+0000] {subprocess.py:63} INFO - Tmp dir root location: /tmp
[2025-03-13T17:25:17.620+0000] {subprocess.py:75} INFO - Running command: ['/bin/bash', '-c', 'cd /opt/***/dbt/playstudio_project && export WAREHOUSE_HOST=None && export WAREHOUSE_PASSWORD=None && export WAREHOUSE_USER=None && dbt deps && dbt run --select tag:silver_5mins_incremental --target prod']
[2025-03-13T17:25:17.625+0000] {subprocess.py:86} INFO - Output:
[2025-03-13T17:25:18.983+0000] {subprocess.py:93} INFO - [0m17:25:18  Running with dbt=1.7.18
[2025-03-13T17:25:21.542+0000] {subprocess.py:93} INFO - [0m17:25:21  Installing dbt-labs/dbt_utils
[2025-03-13T17:25:22.284+0000] {subprocess.py:93} INFO - [0m17:25:22  Installed from version 1.1.1
[2025-03-13T17:25:22.285+0000] {subprocess.py:93} INFO - [0m17:25:22  Updated version available: 1.3.0
[2025-03-13T17:25:22.288+0000] {subprocess.py:93} INFO - [0m17:25:22  Installing metaplane/dbt_expectations
[2025-03-13T17:25:23.760+0000] {subprocess.py:93} INFO - [0m17:25:23  Installed from version 0.10.8
[2025-03-13T17:25:23.761+0000] {subprocess.py:93} INFO - [0m17:25:23  Up to date!
[2025-03-13T17:25:23.763+0000] {subprocess.py:93} INFO - [0m17:25:23  Installing godatadriven/dbt_date
[2025-03-13T17:25:24.337+0000] {subprocess.py:93} INFO - [0m17:25:24  Installed from version 0.11.0
[2025-03-13T17:25:24.341+0000] {subprocess.py:93} INFO - [0m17:25:24  Up to date!
[2025-03-13T17:25:24.342+0000] {subprocess.py:93} INFO - [0m17:25:24
[2025-03-13T17:25:24.342+0000] {subprocess.py:93} INFO - [0m17:25:24  Updates available for packages: ['dbt-labs/dbt_utils']
[2025-03-13T17:25:24.342+0000] {subprocess.py:93} INFO - Update your versions in packages.yml, then run dbt deps
[2025-03-13T17:25:27.291+0000] {subprocess.py:93} INFO - [0m17:25:27  Running with dbt=1.7.18
[2025-03-13T17:25:27.396+0000] {subprocess.py:93} INFO - [0m17:25:27  Registered adapter: postgres=1.7.18
[2025-03-13T17:25:27.511+0000] {subprocess.py:93} INFO - [0m17:25:27  [[33mWARNING[0m]: Configuration paths exist in your dbt_project.yml file which do not apply to any resources.
[2025-03-13T17:25:27.512+0000] {subprocess.py:93} INFO - There are 1 unused configuration paths:
[2025-03-13T17:25:27.512+0000] {subprocess.py:93} INFO - - models.playstudio_project.bronze_layer
[2025-03-13T17:25:27.532+0000] {subprocess.py:93} INFO - [0m17:25:27  Found 67 tests, 3 models, 2 sources, 0 exposures, 0 metrics, 783 macros, 0 groups, 0 semantic models
[2025-03-13T17:25:27.533+0000] {subprocess.py:93} INFO - [0m17:25:27
[2025-03-13T17:25:27.572+0000] {subprocess.py:93} INFO - [0m17:25:27  Concurrency: 1 threads (target='prod')
[2025-03-13T17:25:27.572+0000] {subprocess.py:93} INFO - [0m17:25:27
[2025-03-13T17:25:27.576+0000] {subprocess.py:93} INFO - [0m17:25:27  1 of 1 START sql incremental model silver_layer.silver_purchases ............... [RUN]
[2025-03-13T17:25:27.673+0000] {subprocess.py:93} INFO - [0m17:25:27  1 of 1 OK created sql incremental model silver_layer.silver_purchases .......... [[32mINSERT 0 1[0m in 0.10s]
[2025-03-13T17:25:27.681+0000] {subprocess.py:93} INFO - [0m17:25:27
[2025-03-13T17:25:27.681+0000] {subprocess.py:93} INFO - [0m17:25:27  Finished running 1 incremental model in 0 hours 0 minutes and 0.15 seconds (0.15s).
[2025-03-13T17:25:27.692+0000] {subprocess.py:93} INFO - [0m17:25:27
[2025-03-13T17:25:27.692+0000] {subprocess.py:93} INFO - [0m17:25:27  [32mCompleted successfully[0m
[2025-03-13T17:25:27.693+0000] {subprocess.py:93} INFO - [0m17:25:27
[2025-03-13T17:25:27.693+0000] {subprocess.py:93} INFO - [0m17:25:27  Done. PASS=1 WARN=0 ERROR=0 SKIP=0 TOTAL=1
[2025-03-13T17:25:29.304+0000] {subprocess.py:97} INFO - Command exited with return code 0
[2025-03-13T17:25:29.353+0000] {taskinstance.py:1400} INFO - Marking task as SUCCESS. dag_id=five_mins_processing_pipeline, task_id=transform_silver_5mins_incremental, execution_date=20250313T172000, start_date=20250313T172517, end_date=20250313T172529
[2025-03-13T17:25:29.407+0000] {local_task_job_runner.py:228} INFO - Task exited with return code 0
[2025-03-13T17:25:29.641+0000] {taskinstance.py:2778} INFO - 1 downstream tasks scheduled from follow-on schedule check
