[2025-03-14T03:10:44.921+0000] {taskinstance.py:1159} INFO - Dependencies all met for dep_context=non-requeueable deps ti=<TaskInstance: hourly_processing_pipeline.aggregate_final_table_incremental manual__2025-03-14T03:10:29.095571+00:00 [queued]>
[2025-03-14T03:10:44.924+0000] {taskinstance.py:1159} INFO - Dependencies all met for dep_context=requeueable deps ti=<TaskInstance: hourly_processing_pipeline.aggregate_final_table_incremental manual__2025-03-14T03:10:29.095571+00:00 [queued]>
[2025-03-14T03:10:44.924+0000] {taskinstance.py:1361} INFO - Starting attempt 1 of 1
[2025-03-14T03:10:44.931+0000] {taskinstance.py:1382} INFO - Executing <Task(BashOperator): aggregate_final_table_incremental> on 2025-03-14 03:10:29.095571+00:00
[2025-03-14T03:10:44.934+0000] {standard_task_runner.py:57} INFO - Started process 79115 to run task
[2025-03-14T03:10:44.936+0000] {standard_task_runner.py:84} INFO - Running: ['***', 'tasks', 'run', 'hourly_processing_pipeline', 'aggregate_final_table_incremental', 'manual__2025-03-14T03:10:29.095571+00:00', '--job-id', '3786', '--raw', '--subdir', 'DAGS_FOLDER/hourly_processing_pipeline.py', '--cfg-path', '/tmp/tmpm71ryd2h']
[2025-03-14T03:10:44.937+0000] {standard_task_runner.py:85} INFO - Job 3786: Subtask aggregate_final_table_incremental
[2025-03-14T03:10:44.959+0000] {task_command.py:416} INFO - Running <TaskInstance: hourly_processing_pipeline.aggregate_final_table_incremental manual__2025-03-14T03:10:29.095571+00:00 [running]> on host c8e526380ef3
[2025-03-14T03:10:44.991+0000] {taskinstance.py:1662} INFO - Exporting env vars: AIRFLOW_CTX_DAG_OWNER='Andrew Tran' AIRFLOW_CTX_DAG_ID='hourly_processing_pipeline' AIRFLOW_CTX_TASK_ID='aggregate_final_table_incremental' AIRFLOW_CTX_EXECUTION_DATE='2025-03-14T03:10:29.095571+00:00' AIRFLOW_CTX_TRY_NUMBER='1' AIRFLOW_CTX_DAG_RUN_ID='manual__2025-03-14T03:10:29.095571+00:00'
[2025-03-14T03:10:44.991+0000] {subprocess.py:63} INFO - Tmp dir root location: /tmp
[2025-03-14T03:10:44.992+0000] {subprocess.py:75} INFO - Running command: ['/bin/bash', '-c', 'cd /opt/***/dbt/playstudio_project && export WAREHOUSE_HOST=None && export WAREHOUSE_PASSWORD=None && export WAREHOUSE_USER=None && dbt deps && dbt run --select tag:gold_layer --target prod']
[2025-03-14T03:10:44.997+0000] {subprocess.py:86} INFO - Output:
[2025-03-14T03:10:46.360+0000] {subprocess.py:93} INFO - [0m03:10:46  Running with dbt=1.7.18
[2025-03-14T03:10:46.778+0000] {subprocess.py:93} INFO - [0m03:10:46  Installing dbt-labs/dbt_utils
[2025-03-14T03:10:48.455+0000] {subprocess.py:93} INFO - [0m03:10:48  Installed from version 1.1.1
[2025-03-14T03:10:48.456+0000] {subprocess.py:93} INFO - [0m03:10:48  Updated version available: 1.3.0
[2025-03-14T03:10:48.458+0000] {subprocess.py:93} INFO - [0m03:10:48  Installing metaplane/dbt_expectations
[2025-03-14T03:10:49.479+0000] {subprocess.py:93} INFO - [0m03:10:49  Installed from version 0.10.8
[2025-03-14T03:10:49.481+0000] {subprocess.py:93} INFO - [0m03:10:49  Up to date!
[2025-03-14T03:10:49.483+0000] {subprocess.py:93} INFO - [0m03:10:49  Installing godatadriven/dbt_date
[2025-03-14T03:10:50.063+0000] {subprocess.py:93} INFO - [0m03:10:50  Installed from version 0.11.0
[2025-03-14T03:10:50.064+0000] {subprocess.py:93} INFO - [0m03:10:50  Up to date!
[2025-03-14T03:10:50.065+0000] {subprocess.py:93} INFO - [0m03:10:50
[2025-03-14T03:10:50.065+0000] {subprocess.py:93} INFO - [0m03:10:50  Updates available for packages: ['dbt-labs/dbt_utils']
[2025-03-14T03:10:50.065+0000] {subprocess.py:93} INFO - Update your versions in packages.yml, then run dbt deps
[2025-03-14T03:10:52.739+0000] {subprocess.py:93} INFO - [0m03:10:52  Running with dbt=1.7.18
[2025-03-14T03:10:52.838+0000] {subprocess.py:93} INFO - [0m03:10:52  Registered adapter: postgres=1.7.18
[2025-03-14T03:10:52.915+0000] {subprocess.py:93} INFO - [0m03:10:52  [[33mWARNING[0m]: Configuration paths exist in your dbt_project.yml file which do not apply to any resources.
[2025-03-14T03:10:52.915+0000] {subprocess.py:93} INFO - There are 1 unused configuration paths:
[2025-03-14T03:10:52.915+0000] {subprocess.py:93} INFO - - models.playstudio_project.bronze_layer
[2025-03-14T03:10:52.932+0000] {subprocess.py:93} INFO - [0m03:10:52  Found 67 tests, 3 models, 2 sources, 0 exposures, 0 metrics, 783 macros, 0 groups, 0 semantic models
[2025-03-14T03:10:52.934+0000] {subprocess.py:93} INFO - [0m03:10:52
[2025-03-14T03:10:52.972+0000] {subprocess.py:93} INFO - [0m03:10:52  Concurrency: 1 threads (target='prod')
[2025-03-14T03:10:52.975+0000] {subprocess.py:93} INFO - [0m03:10:52
[2025-03-14T03:10:52.977+0000] {subprocess.py:93} INFO - [0m03:10:52  1 of 1 START sql incremental model gold_layer.aggregated_final_table ........... [RUN]
[2025-03-14T03:10:53.072+0000] {subprocess.py:93} INFO - [0m03:10:53  1 of 1 OK created sql incremental model gold_layer.aggregated_final_table ...... [[32mINSERT 0 1[0m in 0.09s]
[2025-03-14T03:10:53.080+0000] {subprocess.py:93} INFO - [0m03:10:53
[2025-03-14T03:10:53.081+0000] {subprocess.py:93} INFO - [0m03:10:53  Finished running 1 incremental model in 0 hours 0 minutes and 0.15 seconds (0.15s).
[2025-03-14T03:10:53.090+0000] {subprocess.py:93} INFO - [0m03:10:53
[2025-03-14T03:10:53.091+0000] {subprocess.py:93} INFO - [0m03:10:53  [32mCompleted successfully[0m
[2025-03-14T03:10:53.091+0000] {subprocess.py:93} INFO - [0m03:10:53
[2025-03-14T03:10:53.092+0000] {subprocess.py:93} INFO - [0m03:10:53  Done. PASS=1 WARN=0 ERROR=0 SKIP=0 TOTAL=1
[2025-03-14T03:10:54.398+0000] {subprocess.py:97} INFO - Command exited with return code 0
[2025-03-14T03:10:54.429+0000] {taskinstance.py:1400} INFO - Marking task as SUCCESS. dag_id=hourly_processing_pipeline, task_id=aggregate_final_table_incremental, execution_date=20250314T031029, start_date=20250314T031044, end_date=20250314T031054
[2025-03-14T03:10:54.445+0000] {local_task_job_runner.py:228} INFO - Task exited with return code 0
[2025-03-14T03:10:54.467+0000] {taskinstance.py:2778} INFO - 0 downstream tasks scheduled from follow-on schedule check
