[2025-03-14T02:58:06.886+0000] {taskinstance.py:1159} INFO - Dependencies all met for dep_context=non-requeueable deps ti=<TaskInstance: five_mins_processing_pipeline.transform_silver_5mins_incremental scheduled__2025-03-14T02:50:00+00:00 [queued]>
[2025-03-14T02:58:06.890+0000] {taskinstance.py:1159} INFO - Dependencies all met for dep_context=requeueable deps ti=<TaskInstance: five_mins_processing_pipeline.transform_silver_5mins_incremental scheduled__2025-03-14T02:50:00+00:00 [queued]>
[2025-03-14T02:58:06.891+0000] {taskinstance.py:1361} INFO - Starting attempt 1 of 1
[2025-03-14T02:58:06.898+0000] {taskinstance.py:1382} INFO - Executing <Task(BashOperator): transform_silver_5mins_incremental> on 2025-03-14 02:50:00+00:00
[2025-03-14T02:58:06.901+0000] {standard_task_runner.py:57} INFO - Started process 78366 to run task
[2025-03-14T02:58:06.902+0000] {standard_task_runner.py:84} INFO - Running: ['***', 'tasks', 'run', 'five_mins_processing_pipeline', 'transform_silver_5mins_incremental', 'scheduled__2025-03-14T02:50:00+00:00', '--job-id', '3734', '--raw', '--subdir', 'DAGS_FOLDER/five_mins_processing_pipeline.py', '--cfg-path', '/tmp/tmph0h01ekw']
[2025-03-14T02:58:06.904+0000] {standard_task_runner.py:85} INFO - Job 3734: Subtask transform_silver_5mins_incremental
[2025-03-14T02:58:06.931+0000] {task_command.py:416} INFO - Running <TaskInstance: five_mins_processing_pipeline.transform_silver_5mins_incremental scheduled__2025-03-14T02:50:00+00:00 [running]> on host c8e526380ef3
[2025-03-14T02:58:07.198+0000] {taskinstance.py:1662} INFO - Exporting env vars: AIRFLOW_CTX_DAG_OWNER='Andrew Tran' AIRFLOW_CTX_DAG_ID='five_mins_processing_pipeline' AIRFLOW_CTX_TASK_ID='transform_silver_5mins_incremental' AIRFLOW_CTX_EXECUTION_DATE='2025-03-14T02:50:00+00:00' AIRFLOW_CTX_TRY_NUMBER='1' AIRFLOW_CTX_DAG_RUN_ID='scheduled__2025-03-14T02:50:00+00:00'
[2025-03-14T02:58:07.199+0000] {subprocess.py:63} INFO - Tmp dir root location: /tmp
[2025-03-14T02:58:07.199+0000] {subprocess.py:75} INFO - Running command: ['/bin/bash', '-c', 'cd /opt/***/dbt/playstudio_project && export WAREHOUSE_HOST=None && export WAREHOUSE_PASSWORD=None && export WAREHOUSE_USER=None && dbt deps && dbt run --select tag:silver_5mins_incremental --target prod']
[2025-03-14T02:58:07.205+0000] {subprocess.py:86} INFO - Output:
[2025-03-14T02:58:08.628+0000] {subprocess.py:93} INFO - [0m02:58:08  Running with dbt=1.7.18
[2025-03-14T02:58:08.897+0000] {subprocess.py:93} INFO - [0m02:58:08  Installing dbt-labs/dbt_utils
[2025-03-14T02:58:09.588+0000] {subprocess.py:93} INFO - [0m02:58:09  Installed from version 1.1.1
[2025-03-14T02:58:09.588+0000] {subprocess.py:93} INFO - [0m02:58:09  Updated version available: 1.3.0
[2025-03-14T02:58:09.589+0000] {subprocess.py:93} INFO - [0m02:58:09  Installing metaplane/dbt_expectations
[2025-03-14T02:58:10.737+0000] {subprocess.py:93} INFO - [0m02:58:10  Installed from version 0.10.8
[2025-03-14T02:58:10.737+0000] {subprocess.py:93} INFO - [0m02:58:10  Up to date!
[2025-03-14T02:58:10.737+0000] {subprocess.py:93} INFO - [0m02:58:10  Installing godatadriven/dbt_date
[2025-03-14T02:58:11.300+0000] {subprocess.py:93} INFO - [0m02:58:11  Installed from version 0.11.0
[2025-03-14T02:58:11.305+0000] {subprocess.py:93} INFO - [0m02:58:11  Up to date!
[2025-03-14T02:58:11.305+0000] {subprocess.py:93} INFO - [0m02:58:11
[2025-03-14T02:58:11.305+0000] {subprocess.py:93} INFO - [0m02:58:11  Updates available for packages: ['dbt-labs/dbt_utils']
[2025-03-14T02:58:11.305+0000] {subprocess.py:93} INFO - Update your versions in packages.yml, then run dbt deps
[2025-03-14T02:58:14.046+0000] {subprocess.py:93} INFO - [0m02:58:14  Running with dbt=1.7.18
[2025-03-14T02:58:14.147+0000] {subprocess.py:93} INFO - [0m02:58:14  Registered adapter: postgres=1.7.18
[2025-03-14T02:58:14.212+0000] {subprocess.py:93} INFO - [0m02:58:14  [[33mWARNING[0m]: Configuration paths exist in your dbt_project.yml file which do not apply to any resources.
[2025-03-14T02:58:14.212+0000] {subprocess.py:93} INFO - There are 1 unused configuration paths:
[2025-03-14T02:58:14.213+0000] {subprocess.py:93} INFO - - models.playstudio_project.bronze_layer
[2025-03-14T02:58:14.231+0000] {subprocess.py:93} INFO - [0m02:58:14  Found 67 tests, 3 models, 2 sources, 0 exposures, 0 metrics, 783 macros, 0 groups, 0 semantic models
[2025-03-14T02:58:14.232+0000] {subprocess.py:93} INFO - [0m02:58:14
[2025-03-14T02:58:14.271+0000] {subprocess.py:93} INFO - [0m02:58:14  Concurrency: 1 threads (target='prod')
[2025-03-14T02:58:14.271+0000] {subprocess.py:93} INFO - [0m02:58:14
[2025-03-14T02:58:14.275+0000] {subprocess.py:93} INFO - [0m02:58:14  1 of 1 START sql incremental model silver_layer.silver_purchases ............... [RUN]
[2025-03-14T02:58:14.384+0000] {subprocess.py:93} INFO - [0m02:58:14  1 of 1 OK created sql incremental model silver_layer.silver_purchases .......... [[32mINSERT 0 1[0m in 0.11s]
[2025-03-14T02:58:14.395+0000] {subprocess.py:93} INFO - [0m02:58:14
[2025-03-14T02:58:14.395+0000] {subprocess.py:93} INFO - [0m02:58:14  Finished running 1 incremental model in 0 hours 0 minutes and 0.16 seconds (0.16s).
[2025-03-14T02:58:14.408+0000] {subprocess.py:93} INFO - [0m02:58:14
[2025-03-14T02:58:14.408+0000] {subprocess.py:93} INFO - [0m02:58:14  [32mCompleted successfully[0m
[2025-03-14T02:58:14.409+0000] {subprocess.py:93} INFO - [0m02:58:14
[2025-03-14T02:58:14.409+0000] {subprocess.py:93} INFO - [0m02:58:14  Done. PASS=1 WARN=0 ERROR=0 SKIP=0 TOTAL=1
[2025-03-14T02:58:16.223+0000] {subprocess.py:97} INFO - Command exited with return code 0
[2025-03-14T02:58:16.282+0000] {taskinstance.py:1400} INFO - Marking task as SUCCESS. dag_id=five_mins_processing_pipeline, task_id=transform_silver_5mins_incremental, execution_date=20250314T025000, start_date=20250314T025806, end_date=20250314T025816
[2025-03-14T02:58:16.324+0000] {local_task_job_runner.py:228} INFO - Task exited with return code 0
[2025-03-14T02:58:16.673+0000] {taskinstance.py:2778} INFO - 1 downstream tasks scheduled from follow-on schedule check
