[2025-03-11T07:50:03.214+0000] {taskinstance.py:1159} INFO - Dependencies all met for dep_context=non-requeueable deps ti=<TaskInstance: ingest_bronze_layer_dag.dbt_incremental_loading_silver_purchases scheduled__2025-03-11T07:45:00+00:00 [queued]>
[2025-03-11T07:50:03.219+0000] {taskinstance.py:1159} INFO - Dependencies all met for dep_context=requeueable deps ti=<TaskInstance: ingest_bronze_layer_dag.dbt_incremental_loading_silver_purchases scheduled__2025-03-11T07:45:00+00:00 [queued]>
[2025-03-11T07:50:03.219+0000] {taskinstance.py:1361} INFO - Starting attempt 1 of 1
[2025-03-11T07:50:03.227+0000] {taskinstance.py:1382} INFO - Executing <Task(BashOperator): dbt_incremental_loading_silver_purchases> on 2025-03-11 07:45:00+00:00
[2025-03-11T07:50:03.230+0000] {standard_task_runner.py:57} INFO - Started process 4378 to run task
[2025-03-11T07:50:03.234+0000] {standard_task_runner.py:84} INFO - Running: ['***', 'tasks', 'run', 'ingest_bronze_layer_dag', 'dbt_incremental_loading_silver_purchases', 'scheduled__2025-03-11T07:45:00+00:00', '--job-id', '137', '--raw', '--subdir', 'DAGS_FOLDER/ingesting_pipeline.py', '--cfg-path', '/tmp/tmphm3yg_wl']
[2025-03-11T07:50:03.236+0000] {standard_task_runner.py:85} INFO - Job 137: Subtask dbt_incremental_loading_silver_purchases
[2025-03-11T07:50:03.278+0000] {task_command.py:416} INFO - Running <TaskInstance: ingest_bronze_layer_dag.dbt_incremental_loading_silver_purchases scheduled__2025-03-11T07:45:00+00:00 [running]> on host 41ccd9d1769c
[2025-03-11T07:50:03.486+0000] {taskinstance.py:1662} INFO - Exporting env vars: AIRFLOW_CTX_DAG_OWNER='Andrew Tran' AIRFLOW_CTX_DAG_ID='ingest_bronze_layer_dag' AIRFLOW_CTX_TASK_ID='dbt_incremental_loading_silver_purchases' AIRFLOW_CTX_EXECUTION_DATE='2025-03-11T07:45:00+00:00' AIRFLOW_CTX_TRY_NUMBER='1' AIRFLOW_CTX_DAG_RUN_ID='scheduled__2025-03-11T07:45:00+00:00'
[2025-03-11T07:50:03.486+0000] {subprocess.py:63} INFO - Tmp dir root location: /tmp
[2025-03-11T07:50:03.487+0000] {subprocess.py:75} INFO - Running command: ['/bin/bash', '-c', 'dbt run --select silver_layer.silver_purchases']
[2025-03-11T07:50:03.492+0000] {subprocess.py:86} INFO - Output:
[2025-03-11T07:50:04.827+0000] {subprocess.py:93} INFO - Usage: dbt run [OPTIONS]
[2025-03-11T07:50:04.827+0000] {subprocess.py:93} INFO - Try 'dbt run -h' for help.
[2025-03-11T07:50:04.827+0000] {subprocess.py:93} INFO - 
[2025-03-11T07:50:04.828+0000] {subprocess.py:93} INFO - Error: Invalid value for '--profiles-dir': Path '/home/***/.dbt' does not exist.
[2025-03-11T07:50:04.933+0000] {subprocess.py:97} INFO - Command exited with return code 2
[2025-03-11T07:50:04.939+0000] {taskinstance.py:1937} ERROR - Task failed with exception
Traceback (most recent call last):
  File "/home/airflow/.local/lib/python3.10/site-packages/airflow/operators/bash.py", line 210, in execute
    raise AirflowException(
airflow.exceptions.AirflowException: Bash command failed. The command returned a non-zero exit code 2.
[2025-03-11T07:50:04.941+0000] {taskinstance.py:1400} INFO - Marking task as FAILED. dag_id=ingest_bronze_layer_dag, task_id=dbt_incremental_loading_silver_purchases, execution_date=20250311T074500, start_date=20250311T075003, end_date=20250311T075004
[2025-03-11T07:50:04.949+0000] {standard_task_runner.py:104} ERROR - Failed to execute job 137 for task dbt_incremental_loading_silver_purchases (Bash command failed. The command returned a non-zero exit code 2.; 4378)
[2025-03-11T07:50:04.997+0000] {local_task_job_runner.py:228} INFO - Task exited with return code 1
[2025-03-11T07:50:05.007+0000] {taskinstance.py:2778} INFO - 0 downstream tasks scheduled from follow-on schedule check
