[2025-03-11T09:14:34.379+0000] {taskinstance.py:1159} INFO - Dependencies all met for dep_context=non-requeueable deps ti=<TaskInstance: ingest_bronze_layer_dag.get_task_instance_info manual__2025-03-11T09:14:31+00:00 [queued]>
[2025-03-11T09:14:34.382+0000] {taskinstance.py:1159} INFO - Dependencies all met for dep_context=requeueable deps ti=<TaskInstance: ingest_bronze_layer_dag.get_task_instance_info manual__2025-03-11T09:14:31+00:00 [queued]>
[2025-03-11T09:14:34.383+0000] {taskinstance.py:1361} INFO - Starting attempt 1 of 1
[2025-03-11T09:14:34.389+0000] {taskinstance.py:1382} INFO - Executing <Task(_PythonDecoratedOperator): get_task_instance_info> on 2025-03-11 09:14:31+00:00
[2025-03-11T09:14:34.391+0000] {standard_task_runner.py:57} INFO - Started process 7514 to run task
[2025-03-11T09:14:34.393+0000] {standard_task_runner.py:84} INFO - Running: ['***', 'tasks', 'run', 'ingest_bronze_layer_dag', 'get_task_instance_info', 'manual__2025-03-11T09:14:31+00:00', '--job-id', '176', '--raw', '--subdir', 'DAGS_FOLDER/ingesting_pipeline.py', '--cfg-path', '/tmp/tmpl4f1gm8i']
[2025-03-11T09:14:34.394+0000] {standard_task_runner.py:85} INFO - Job 176: Subtask get_task_instance_info
[2025-03-11T09:14:34.415+0000] {task_command.py:416} INFO - Running <TaskInstance: ingest_bronze_layer_dag.get_task_instance_info manual__2025-03-11T09:14:31+00:00 [running]> on host 41ccd9d1769c
[2025-03-11T09:14:34.584+0000] {taskinstance.py:1662} INFO - Exporting env vars: AIRFLOW_CTX_DAG_OWNER='Andrew Tran' AIRFLOW_CTX_DAG_ID='ingest_bronze_layer_dag' AIRFLOW_CTX_TASK_ID='get_task_instance_info' AIRFLOW_CTX_EXECUTION_DATE='2025-03-11T09:14:31+00:00' AIRFLOW_CTX_TRY_NUMBER='1' AIRFLOW_CTX_DAG_RUN_ID='manual__2025-03-11T09:14:31+00:00'
[2025-03-11T09:14:34.617+0000] {logging_mixin.py:154} INFO - ANDREW                   task_id  ...                                               conf
0  get_task_instance_info  ...  {'is_full_refresh': False, 'backfill_start_dat...
1  get_task_instance_info  ...  {'is_full_refresh': True, 'backfill_start_date...
2  get_task_instance_info  ...                                                 {}
3  get_task_instance_info  ...  {'is_full_refresh': True, 'backfill_start_date...
4  get_task_instance_info  ...                                                 {}

[5 rows x 4 columns]
[2025-03-11T09:14:59.634+0000] {local_task_job_runner.py:294} WARNING - State of this instance has been externally set to success. Terminating instance.
[2025-03-11T09:14:59.637+0000] {process_utils.py:131} INFO - Sending 15 to group 7514. PIDs of all processes in the group: [7514]
[2025-03-11T09:14:59.638+0000] {process_utils.py:86} INFO - Sending the signal 15 to group 7514
[2025-03-11T09:14:59.638+0000] {taskinstance.py:1632} ERROR - Received SIGTERM. Terminating subprocesses.
[2025-03-11T09:14:59.654+0000] {process_utils.py:79} INFO - Process psutil.Process(pid=7514, status='terminated', exitcode=0, started='09:14:33') (7514) terminated with exit code 0
