[2025-03-13T17:35:03.482+0000] {taskinstance.py:1159} INFO - Dependencies all met for dep_context=non-requeueable deps ti=<TaskInstance: five_mins_processing_pipeline.extract_and_load_purchases scheduled__2025-03-13T17:30:00+00:00 [queued]>
[2025-03-13T17:35:03.485+0000] {taskinstance.py:1159} INFO - Dependencies all met for dep_context=requeueable deps ti=<TaskInstance: five_mins_processing_pipeline.extract_and_load_purchases scheduled__2025-03-13T17:30:00+00:00 [queued]>
[2025-03-13T17:35:03.486+0000] {taskinstance.py:1361} INFO - Starting attempt 1 of 1
[2025-03-13T17:35:03.492+0000] {taskinstance.py:1382} INFO - Executing <Task(_PythonDecoratedOperator): extract_and_load_purchases> on 2025-03-13 17:30:00+00:00
[2025-03-13T17:35:03.494+0000] {standard_task_runner.py:57} INFO - Started process 77897 to run task
[2025-03-13T17:35:03.496+0000] {standard_task_runner.py:84} INFO - Running: ['***', 'tasks', 'run', 'five_mins_processing_pipeline', 'extract_and_load_purchases', 'scheduled__2025-03-13T17:30:00+00:00', '--job-id', '3691', '--raw', '--subdir', 'DAGS_FOLDER/five_mins_processing_pipeline.py', '--cfg-path', '/tmp/tmpx7gimdw4']
[2025-03-13T17:35:03.497+0000] {standard_task_runner.py:85} INFO - Job 3691: Subtask extract_and_load_purchases
[2025-03-13T17:35:03.519+0000] {task_command.py:416} INFO - Running <TaskInstance: five_mins_processing_pipeline.extract_and_load_purchases scheduled__2025-03-13T17:30:00+00:00 [running]> on host c8e526380ef3
[2025-03-13T17:35:03.630+0000] {taskinstance.py:1662} INFO - Exporting env vars: AIRFLOW_CTX_DAG_OWNER='Andrew Tran' AIRFLOW_CTX_DAG_ID='five_mins_processing_pipeline' AIRFLOW_CTX_TASK_ID='extract_and_load_purchases' AIRFLOW_CTX_EXECUTION_DATE='2025-03-13T17:30:00+00:00' AIRFLOW_CTX_TRY_NUMBER='1' AIRFLOW_CTX_DAG_RUN_ID='scheduled__2025-03-13T17:30:00+00:00'
[2025-03-13T17:35:03.632+0000] {five_mins_processing_pipeline.py:310} INFO - Running extract_and_load_purchases in incremental mode
[2025-03-13T17:35:03.633+0000] {five_mins_processing_pipeline.py:332} INFO - Incremental mode - fetching data updated after: 2025-03-13 08:27:13.232441
[2025-03-13T17:35:03.633+0000] {pipeline_utils.py:126} INFO - Executing query: 
            SELECT *, NOW() as extracted_at
            FROM app_source.purchases_data
            WHERE timestamp > '2025-03-13 08:27:13.232441'
        
[2025-03-13T17:35:03.636+0000] {base.py:73} INFO - Using connection ID 'postgres_source_db' for task execution.
[2025-03-13T17:35:03.639+0000] {warnings.py:109} WARNING - /opt/***/dags/utils/pipeline_utils.py:130: UserWarning: pandas only supports SQLAlchemy connectable (engine/connection) or database string URI or sqlite3 DBAPI2 connection. Other DBAPI2 objects are not tested. Please consider using SQLAlchemy.
  df = pd.read_sql(query, conn)

[2025-03-13T17:35:03.641+0000] {pipeline_utils.py:131} INFO - Query executed successfully. Retrieved 0 rows.
[2025-03-13T17:35:03.641+0000] {five_mins_processing_pipeline.py:346} INFO - Retrieved 0 rows of data
[2025-03-13T17:35:03.641+0000] {pipeline_utils.py:195} INFO - No data to insert into bronze_layer.bronze_purchases
[2025-03-13T17:35:03.641+0000] {five_mins_processing_pipeline.py:364} INFO - Inserted 0 rows into bronze_layer.bronze_purchases
[2025-03-13T17:35:03.642+0000] {python.py:194} INFO - Done. Returned value was: Inserted 0 rows into bronze_layer.bronze_purchases
[2025-03-13T17:35:03.650+0000] {taskinstance.py:1400} INFO - Marking task as SUCCESS. dag_id=five_mins_processing_pipeline, task_id=extract_and_load_purchases, execution_date=20250313T173000, start_date=20250313T173503, end_date=20250313T173503
[2025-03-13T17:35:03.688+0000] {local_task_job_runner.py:228} INFO - Task exited with return code 0
[2025-03-13T17:35:03.784+0000] {taskinstance.py:2778} INFO - 1 downstream tasks scheduled from follow-on schedule check
