[2025-03-13T16:33:44.762+0000] {taskinstance.py:1159} INFO - Dependencies all met for dep_context=non-requeueable deps ti=<TaskInstance: five_mins_processing_pipeline.transform_silver_5mins_incremental scheduled__2025-03-13T16:25:00+00:00 [queued]>
[2025-03-13T16:33:44.766+0000] {taskinstance.py:1159} INFO - Dependencies all met for dep_context=requeueable deps ti=<TaskInstance: five_mins_processing_pipeline.transform_silver_5mins_incremental scheduled__2025-03-13T16:25:00+00:00 [queued]>
[2025-03-13T16:33:44.766+0000] {taskinstance.py:1361} INFO - Starting attempt 1 of 1
[2025-03-13T16:33:44.860+0000] {taskinstance.py:1382} INFO - Executing <Task(BashOperator): transform_silver_5mins_incremental> on 2025-03-13 16:25:00+00:00
[2025-03-13T16:33:44.863+0000] {standard_task_runner.py:57} INFO - Started process 75069 to run task
[2025-03-13T16:33:44.865+0000] {standard_task_runner.py:84} INFO - Running: ['***', 'tasks', 'run', 'five_mins_processing_pipeline', 'transform_silver_5mins_incremental', 'scheduled__2025-03-13T16:25:00+00:00', '--job-id', '3581', '--raw', '--subdir', 'DAGS_FOLDER/five_mins_processing_pipeline.py', '--cfg-path', '/tmp/tmpt15appzl']
[2025-03-13T16:33:44.867+0000] {standard_task_runner.py:85} INFO - Job 3581: Subtask transform_silver_5mins_incremental
[2025-03-13T16:33:44.891+0000] {task_command.py:416} INFO - Running <TaskInstance: five_mins_processing_pipeline.transform_silver_5mins_incremental scheduled__2025-03-13T16:25:00+00:00 [running]> on host c8e526380ef3
[2025-03-13T16:33:49.953+0000] {taskinstance.py:1662} INFO - Exporting env vars: AIRFLOW_CTX_DAG_OWNER='Andrew Tran' AIRFLOW_CTX_DAG_ID='five_mins_processing_pipeline' AIRFLOW_CTX_TASK_ID='transform_silver_5mins_incremental' AIRFLOW_CTX_EXECUTION_DATE='2025-03-13T16:25:00+00:00' AIRFLOW_CTX_TRY_NUMBER='1' AIRFLOW_CTX_DAG_RUN_ID='scheduled__2025-03-13T16:25:00+00:00'
[2025-03-13T16:33:49.956+0000] {subprocess.py:63} INFO - Tmp dir root location: /tmp
[2025-03-13T16:33:49.957+0000] {subprocess.py:75} INFO - Running command: ['/bin/bash', '-c', 'cd /opt/***/dbt/playstudio_project && export WAREHOUSE_HOST=None && export WAREHOUSE_PASSWORD=None && export WAREHOUSE_USER=None && dbt deps && dbt run --select tag:silver_5mins_incremental --target prod']
[2025-03-13T16:33:49.971+0000] {subprocess.py:86} INFO - Output:
[2025-03-13T16:33:51.670+0000] {subprocess.py:93} INFO - [0m16:33:51  Running with dbt=1.7.18
[2025-03-13T16:33:53.328+0000] {subprocess.py:93} INFO - [0m16:33:53  Installing dbt-labs/dbt_utils
[2025-03-13T16:33:54.048+0000] {subprocess.py:93} INFO - [0m16:33:54  Installed from version 1.1.1
[2025-03-13T16:33:54.049+0000] {subprocess.py:93} INFO - [0m16:33:54  Updated version available: 1.3.0
[2025-03-13T16:33:54.049+0000] {subprocess.py:93} INFO - [0m16:33:54  Installing metaplane/dbt_expectations
[2025-03-13T16:33:55.248+0000] {subprocess.py:93} INFO - [0m16:33:55  Installed from version 0.10.8
[2025-03-13T16:33:55.249+0000] {subprocess.py:93} INFO - [0m16:33:55  Up to date!
[2025-03-13T16:33:55.249+0000] {subprocess.py:93} INFO - [0m16:33:55  Installing godatadriven/dbt_date
[2025-03-13T16:33:55.817+0000] {subprocess.py:93} INFO - [0m16:33:55  Installed from version 0.11.0
[2025-03-13T16:33:55.818+0000] {subprocess.py:93} INFO - [0m16:33:55  Up to date!
[2025-03-13T16:33:55.819+0000] {subprocess.py:93} INFO - [0m16:33:55
[2025-03-13T16:33:55.820+0000] {subprocess.py:93} INFO - [0m16:33:55  Updates available for packages: ['dbt-labs/dbt_utils']
[2025-03-13T16:33:55.820+0000] {subprocess.py:93} INFO - Update your versions in packages.yml, then run dbt deps
[2025-03-13T16:33:58.987+0000] {subprocess.py:93} INFO - [0m16:33:58  Running with dbt=1.7.18
[2025-03-13T16:33:59.102+0000] {subprocess.py:93} INFO - [0m16:33:59  Registered adapter: postgres=1.7.18
[2025-03-13T16:33:59.157+0000] {subprocess.py:93} INFO - [0m16:33:59  Unable to do partial parsing because of a version mismatch
[2025-03-13T16:34:00.259+0000] {subprocess.py:93} INFO - [0m16:34:00  [[33mWARNING[0m]: Configuration paths exist in your dbt_project.yml file which do not apply to any resources.
[2025-03-13T16:34:00.260+0000] {subprocess.py:93} INFO - There are 1 unused configuration paths:
[2025-03-13T16:34:00.260+0000] {subprocess.py:93} INFO - - models.playstudio_project.bronze_layer
[2025-03-13T16:34:00.277+0000] {subprocess.py:93} INFO - [0m16:34:00  Found 3 models, 47 tests, 2 sources, 0 exposures, 0 metrics, 783 macros, 0 groups, 0 semantic models
[2025-03-13T16:34:00.278+0000] {subprocess.py:93} INFO - [0m16:34:00
[2025-03-13T16:34:00.318+0000] {subprocess.py:93} INFO - [0m16:34:00  Concurrency: 1 threads (target='prod')
[2025-03-13T16:34:00.318+0000] {subprocess.py:93} INFO - [0m16:34:00
[2025-03-13T16:34:00.323+0000] {subprocess.py:93} INFO - [0m16:34:00  1 of 1 START sql incremental model silver.silver_purchases ..................... [RUN]
[2025-03-13T16:34:00.416+0000] {subprocess.py:93} INFO - [0m16:34:00  1 of 1 OK created sql incremental model silver.silver_purchases ................ [[32mINSERT 0 1[0m in 0.09s]
[2025-03-13T16:34:00.425+0000] {subprocess.py:93} INFO - [0m16:34:00
[2025-03-13T16:34:00.425+0000] {subprocess.py:93} INFO - [0m16:34:00  Finished running 1 incremental model in 0 hours 0 minutes and 0.15 seconds (0.15s).
[2025-03-13T16:34:00.435+0000] {subprocess.py:93} INFO - [0m16:34:00
[2025-03-13T16:34:00.435+0000] {subprocess.py:93} INFO - [0m16:34:00  [32mCompleted successfully[0m
[2025-03-13T16:34:00.436+0000] {subprocess.py:93} INFO - [0m16:34:00
[2025-03-13T16:34:00.436+0000] {subprocess.py:93} INFO - [0m16:34:00  Done. PASS=1 WARN=0 ERROR=0 SKIP=0 TOTAL=1
[2025-03-13T16:34:01.932+0000] {subprocess.py:97} INFO - Command exited with return code 0
[2025-03-13T16:34:02.016+0000] {taskinstance.py:1400} INFO - Marking task as SUCCESS. dag_id=five_mins_processing_pipeline, task_id=transform_silver_5mins_incremental, execution_date=20250313T162500, start_date=20250313T163344, end_date=20250313T163402
[2025-03-13T16:34:02.079+0000] {local_task_job_runner.py:228} INFO - Task exited with return code 0
[2025-03-13T16:34:02.113+0000] {taskinstance.py:2778} INFO - 1 downstream tasks scheduled from follow-on schedule check
