[2025-03-11T15:39:14.846+0000] {taskinstance.py:1159} INFO - Dependencies all met for dep_context=non-requeueable deps ti=<TaskInstance: ingest_bronze_layer_dag.transform_silver_incremental manual__2025-03-11T15:39:03+00:00 [queued]>
[2025-03-11T15:39:14.850+0000] {taskinstance.py:1159} INFO - Dependencies all met for dep_context=requeueable deps ti=<TaskInstance: ingest_bronze_layer_dag.transform_silver_incremental manual__2025-03-11T15:39:03+00:00 [queued]>
[2025-03-11T15:39:14.850+0000] {taskinstance.py:1361} INFO - Starting attempt 1 of 1
[2025-03-11T15:39:14.858+0000] {taskinstance.py:1382} INFO - Executing <Task(BashOperator): transform_silver_incremental> on 2025-03-11 15:39:03+00:00
[2025-03-11T15:39:14.861+0000] {standard_task_runner.py:57} INFO - Started process 19228 to run task
[2025-03-11T15:39:14.862+0000] {standard_task_runner.py:84} INFO - Running: ['***', 'tasks', 'run', 'ingest_bronze_layer_dag', 'transform_silver_incremental', 'manual__2025-03-11T15:39:03+00:00', '--job-id', '540', '--raw', '--subdir', 'DAGS_FOLDER/ingesting_pipeline.py', '--cfg-path', '/tmp/tmp5v7mfo23']
[2025-03-11T15:39:14.864+0000] {standard_task_runner.py:85} INFO - Job 540: Subtask transform_silver_incremental
[2025-03-11T15:39:15.024+0000] {task_command.py:416} INFO - Running <TaskInstance: ingest_bronze_layer_dag.transform_silver_incremental manual__2025-03-11T15:39:03+00:00 [running]> on host 41ccd9d1769c
[2025-03-11T15:39:15.059+0000] {taskinstance.py:1662} INFO - Exporting env vars: AIRFLOW_CTX_DAG_OWNER='Andrew Tran' AIRFLOW_CTX_DAG_ID='ingest_bronze_layer_dag' AIRFLOW_CTX_TASK_ID='transform_silver_incremental' AIRFLOW_CTX_EXECUTION_DATE='2025-03-11T15:39:03+00:00' AIRFLOW_CTX_TRY_NUMBER='1' AIRFLOW_CTX_DAG_RUN_ID='manual__2025-03-11T15:39:03+00:00'
[2025-03-11T15:39:15.060+0000] {subprocess.py:63} INFO - Tmp dir root location: /tmp
[2025-03-11T15:39:15.060+0000] {subprocess.py:75} INFO - Running command: ['/bin/bash', '-c', "echo avc;'"]
[2025-03-11T15:39:15.069+0000] {subprocess.py:86} INFO - Output:
[2025-03-11T15:39:15.071+0000] {subprocess.py:93} INFO - /bin/bash: -c: line 1: unexpected EOF while looking for matching `''
[2025-03-11T15:39:15.071+0000] {subprocess.py:93} INFO - /bin/bash: -c: line 2: syntax error: unexpected end of file
[2025-03-11T15:39:15.071+0000] {subprocess.py:97} INFO - Command exited with return code 2
[2025-03-11T15:39:15.077+0000] {taskinstance.py:1937} ERROR - Task failed with exception
Traceback (most recent call last):
  File "/home/airflow/.local/lib/python3.10/site-packages/airflow/operators/bash.py", line 210, in execute
    raise AirflowException(
airflow.exceptions.AirflowException: Bash command failed. The command returned a non-zero exit code 2.
[2025-03-11T15:39:15.079+0000] {taskinstance.py:1400} INFO - Marking task as FAILED. dag_id=ingest_bronze_layer_dag, task_id=transform_silver_incremental, execution_date=20250311T153903, start_date=20250311T153914, end_date=20250311T153915
[2025-03-11T15:39:15.086+0000] {standard_task_runner.py:104} ERROR - Failed to execute job 540 for task transform_silver_incremental (Bash command failed. The command returned a non-zero exit code 2.; 19228)
[2025-03-11T15:39:15.095+0000] {local_task_job_runner.py:228} INFO - Task exited with return code 1
[2025-03-11T15:39:15.180+0000] {taskinstance.py:2778} INFO - 0 downstream tasks scheduled from follow-on schedule check
