[2025-03-11T16:04:19.325+0000] {taskinstance.py:1159} INFO - Dependencies all met for dep_context=non-requeueable deps ti=<TaskInstance: ingest_bronze_layer_dag.transform_silver_5mins_incremental manual__2025-03-11T16:04:07+00:00 [queued]>
[2025-03-11T16:04:19.332+0000] {taskinstance.py:1159} INFO - Dependencies all met for dep_context=requeueable deps ti=<TaskInstance: ingest_bronze_layer_dag.transform_silver_5mins_incremental manual__2025-03-11T16:04:07+00:00 [queued]>
[2025-03-11T16:04:19.332+0000] {taskinstance.py:1361} INFO - Starting attempt 1 of 1
[2025-03-11T16:04:19.343+0000] {taskinstance.py:1382} INFO - Executing <Task(BashOperator): transform_silver_5mins_incremental> on 2025-03-11 16:04:07+00:00
[2025-03-11T16:04:19.348+0000] {standard_task_runner.py:57} INFO - Started process 99 to run task
[2025-03-11T16:04:19.353+0000] {standard_task_runner.py:84} INFO - Running: ['***', 'tasks', 'run', 'ingest_bronze_layer_dag', 'transform_silver_5mins_incremental', 'manual__2025-03-11T16:04:07+00:00', '--job-id', '608', '--raw', '--subdir', 'DAGS_FOLDER/ingesting_pipeline.py', '--cfg-path', '/tmp/tmp845bf4cs']
[2025-03-11T16:04:19.357+0000] {standard_task_runner.py:85} INFO - Job 608: Subtask transform_silver_5mins_incremental
[2025-03-11T16:04:20.121+0000] {task_command.py:416} INFO - Running <TaskInstance: ingest_bronze_layer_dag.transform_silver_5mins_incremental manual__2025-03-11T16:04:07+00:00 [running]> on host c8e526380ef3
[2025-03-11T16:04:20.198+0000] {taskinstance.py:1662} INFO - Exporting env vars: AIRFLOW_CTX_DAG_OWNER='Andrew Tran' AIRFLOW_CTX_DAG_ID='ingest_bronze_layer_dag' AIRFLOW_CTX_TASK_ID='transform_silver_5mins_incremental' AIRFLOW_CTX_EXECUTION_DATE='2025-03-11T16:04:07+00:00' AIRFLOW_CTX_TRY_NUMBER='1' AIRFLOW_CTX_DAG_RUN_ID='manual__2025-03-11T16:04:07+00:00'
[2025-03-11T16:04:20.199+0000] {subprocess.py:63} INFO - Tmp dir root location: /tmp
[2025-03-11T16:04:20.200+0000] {subprocess.py:75} INFO - Running command: ['/bin/bash', '-c', 'cd /opt/***/dbt/playstudio_project && export WAREHOUSE_HOST=None && export WAREHOUSE_PASSWORD=None && export WAREHOUSE_USER=None && dbt run --select tag:silver_5mins_incremental --target prod']
[2025-03-11T16:04:20.213+0000] {subprocess.py:86} INFO - Output:
[2025-03-11T16:04:23.004+0000] {subprocess.py:93} INFO - [0m16:04:22  Running with dbt=1.7.18
[2025-03-11T16:04:23.159+0000] {subprocess.py:93} INFO - [0m16:04:23  Registered adapter: postgres=1.7.18
[2025-03-11T16:04:23.171+0000] {subprocess.py:93} INFO - [0m16:04:23  Unable to do partial parsing because of a version mismatch
[2025-03-11T16:04:23.687+0000] {subprocess.py:93} INFO - [0m16:04:23  [[33mWARNING[0m]: Configuration paths exist in your dbt_project.yml file which do not apply to any resources.
[2025-03-11T16:04:23.687+0000] {subprocess.py:93} INFO - There are 1 unused configuration paths:
[2025-03-11T16:04:23.687+0000] {subprocess.py:93} INFO - - models.playstudio_project.example
[2025-03-11T16:04:23.699+0000] {subprocess.py:93} INFO - [0m16:04:23  Found 1 model, 2 sources, 0 exposures, 0 metrics, 401 macros, 0 groups, 0 semantic models
[2025-03-11T16:04:23.700+0000] {subprocess.py:93} INFO - [0m16:04:23
[2025-03-11T16:04:44.003+0000] {subprocess.py:93} INFO - [0m16:04:44
[2025-03-11T16:04:44.006+0000] {subprocess.py:93} INFO - [0m16:04:44  Finished running  in 0 hours 0 minutes and 20.30 seconds (20.30s).
[2025-03-11T16:04:44.006+0000] {subprocess.py:93} INFO - [0m16:04:44  Encountered an error:
[2025-03-11T16:04:44.006+0000] {subprocess.py:93} INFO - Database Error
[2025-03-11T16:04:44.006+0000] {subprocess.py:93} INFO -   connection to server at "None" (125.235.4.59), port 5432 failed: timeout expired
[2025-03-11T16:04:44.006+0000] {subprocess.py:93} INFO - 
[2025-03-11T16:04:45.609+0000] {subprocess.py:97} INFO - Command exited with return code 2
[2025-03-11T16:04:45.642+0000] {taskinstance.py:1937} ERROR - Task failed with exception
Traceback (most recent call last):
  File "/home/airflow/.local/lib/python3.10/site-packages/airflow/operators/bash.py", line 210, in execute
    raise AirflowException(
airflow.exceptions.AirflowException: Bash command failed. The command returned a non-zero exit code 2.
[2025-03-11T16:04:45.646+0000] {taskinstance.py:1400} INFO - Marking task as FAILED. dag_id=ingest_bronze_layer_dag, task_id=transform_silver_5mins_incremental, execution_date=20250311T160407, start_date=20250311T160419, end_date=20250311T160445
[2025-03-11T16:04:45.660+0000] {standard_task_runner.py:104} ERROR - Failed to execute job 608 for task transform_silver_5mins_incremental (Bash command failed. The command returned a non-zero exit code 2.; 99)
[2025-03-11T16:04:45.695+0000] {local_task_job_runner.py:228} INFO - Task exited with return code 1
[2025-03-11T16:04:45.711+0000] {taskinstance.py:2778} INFO - 0 downstream tasks scheduled from follow-on schedule check
