[2025-03-13T17:25:50.291+0000] {taskinstance.py:1159} INFO - Dependencies all met for dep_context=non-requeueable deps ti=<TaskInstance: hourly_processing_pipeline.transform_silver_hourly_incremental manual__2025-03-13T17:25:32.800614+00:00 [queued]>
[2025-03-13T17:25:50.294+0000] {taskinstance.py:1159} INFO - Dependencies all met for dep_context=requeueable deps ti=<TaskInstance: hourly_processing_pipeline.transform_silver_hourly_incremental manual__2025-03-13T17:25:32.800614+00:00 [queued]>
[2025-03-13T17:25:50.294+0000] {taskinstance.py:1361} INFO - Starting attempt 1 of 1
[2025-03-13T17:25:50.301+0000] {taskinstance.py:1382} INFO - Executing <Task(BashOperator): transform_silver_hourly_incremental> on 2025-03-13 17:25:32.800614+00:00
[2025-03-13T17:25:50.304+0000] {standard_task_runner.py:57} INFO - Started process 77447 to run task
[2025-03-13T17:25:50.305+0000] {standard_task_runner.py:84} INFO - Running: ['***', 'tasks', 'run', 'hourly_processing_pipeline', 'transform_silver_hourly_incremental', 'manual__2025-03-13T17:25:32.800614+00:00', '--job-id', '3673', '--raw', '--subdir', 'DAGS_FOLDER/hourly_processing_pipeline.py', '--cfg-path', '/tmp/tmpsybrzsh8']
[2025-03-13T17:25:50.307+0000] {standard_task_runner.py:85} INFO - Job 3673: Subtask transform_silver_hourly_incremental
[2025-03-13T17:25:50.331+0000] {task_command.py:416} INFO - Running <TaskInstance: hourly_processing_pipeline.transform_silver_hourly_incremental manual__2025-03-13T17:25:32.800614+00:00 [running]> on host c8e526380ef3
[2025-03-13T17:25:50.370+0000] {taskinstance.py:1662} INFO - Exporting env vars: AIRFLOW_CTX_DAG_OWNER='Andrew Tran' AIRFLOW_CTX_DAG_ID='hourly_processing_pipeline' AIRFLOW_CTX_TASK_ID='transform_silver_hourly_incremental' AIRFLOW_CTX_EXECUTION_DATE='2025-03-13T17:25:32.800614+00:00' AIRFLOW_CTX_TRY_NUMBER='1' AIRFLOW_CTX_DAG_RUN_ID='manual__2025-03-13T17:25:32.800614+00:00'
[2025-03-13T17:25:50.371+0000] {subprocess.py:63} INFO - Tmp dir root location: /tmp
[2025-03-13T17:25:50.371+0000] {subprocess.py:75} INFO - Running command: ['/bin/bash', '-c', 'cd /opt/***/dbt/playstudio_project && export WAREHOUSE_HOST=None && export WAREHOUSE_PASSWORD=None && export WAREHOUSE_USER=None && dbt deps && dbt run --select tag:silver_hourly_incremental --target prod']
[2025-03-13T17:25:50.377+0000] {subprocess.py:86} INFO - Output:
[2025-03-13T17:25:51.673+0000] {subprocess.py:93} INFO - [0m17:25:51  Running with dbt=1.7.18
[2025-03-13T17:25:52.128+0000] {subprocess.py:93} INFO - [0m17:25:52  Installing dbt-labs/dbt_utils
[2025-03-13T17:25:52.794+0000] {subprocess.py:93} INFO - [0m17:25:52  Installed from version 1.1.1
[2025-03-13T17:25:52.794+0000] {subprocess.py:93} INFO - [0m17:25:52  Updated version available: 1.3.0
[2025-03-13T17:25:52.796+0000] {subprocess.py:93} INFO - [0m17:25:52  Installing metaplane/dbt_expectations
[2025-03-13T17:25:53.885+0000] {subprocess.py:93} INFO - [0m17:25:53  Installed from version 0.10.8
[2025-03-13T17:25:53.886+0000] {subprocess.py:93} INFO - [0m17:25:53  Up to date!
[2025-03-13T17:25:53.886+0000] {subprocess.py:93} INFO - [0m17:25:53  Installing godatadriven/dbt_date
[2025-03-13T17:25:54.503+0000] {subprocess.py:93} INFO - [0m17:25:54  Installed from version 0.11.0
[2025-03-13T17:25:54.504+0000] {subprocess.py:93} INFO - [0m17:25:54  Up to date!
[2025-03-13T17:25:54.504+0000] {subprocess.py:93} INFO - [0m17:25:54
[2025-03-13T17:25:54.504+0000] {subprocess.py:93} INFO - [0m17:25:54  Updates available for packages: ['dbt-labs/dbt_utils']
[2025-03-13T17:25:54.504+0000] {subprocess.py:93} INFO - Update your versions in packages.yml, then run dbt deps
[2025-03-13T17:25:57.132+0000] {subprocess.py:93} INFO - [0m17:25:57  Running with dbt=1.7.18
[2025-03-13T17:25:57.234+0000] {subprocess.py:93} INFO - [0m17:25:57  Registered adapter: postgres=1.7.18
[2025-03-13T17:25:57.311+0000] {subprocess.py:93} INFO - [0m17:25:57  [[33mWARNING[0m]: Configuration paths exist in your dbt_project.yml file which do not apply to any resources.
[2025-03-13T17:25:57.312+0000] {subprocess.py:93} INFO - There are 1 unused configuration paths:
[2025-03-13T17:25:57.312+0000] {subprocess.py:93} INFO - - models.playstudio_project.bronze_layer
[2025-03-13T17:25:57.334+0000] {subprocess.py:93} INFO - [0m17:25:57  Found 67 tests, 3 models, 2 sources, 0 exposures, 0 metrics, 783 macros, 0 groups, 0 semantic models
[2025-03-13T17:25:57.336+0000] {subprocess.py:93} INFO - [0m17:25:57
[2025-03-13T17:25:57.374+0000] {subprocess.py:93} INFO - [0m17:25:57  Concurrency: 1 threads (target='prod')
[2025-03-13T17:25:57.374+0000] {subprocess.py:93} INFO - [0m17:25:57
[2025-03-13T17:25:57.379+0000] {subprocess.py:93} INFO - [0m17:25:57  1 of 1 START sql incremental model silver_layer.silver_spins_hourly ............ [RUN]
[2025-03-13T17:25:57.483+0000] {subprocess.py:93} INFO - [0m17:25:57  1 of 1 OK created sql incremental model silver_layer.silver_spins_hourly ....... [[32mINSERT 0 2[0m in 0.10s]
[2025-03-13T17:25:57.493+0000] {subprocess.py:93} INFO - [0m17:25:57
[2025-03-13T17:25:57.493+0000] {subprocess.py:93} INFO - [0m17:25:57  Finished running 1 incremental model in 0 hours 0 minutes and 0.16 seconds (0.16s).
[2025-03-13T17:25:57.500+0000] {subprocess.py:93} INFO - [0m17:25:57
[2025-03-13T17:25:57.501+0000] {subprocess.py:93} INFO - [0m17:25:57  [32mCompleted successfully[0m
[2025-03-13T17:25:57.501+0000] {subprocess.py:93} INFO - [0m17:25:57
[2025-03-13T17:25:57.501+0000] {subprocess.py:93} INFO - [0m17:25:57  Done. PASS=1 WARN=0 ERROR=0 SKIP=0 TOTAL=1
[2025-03-13T17:25:58.891+0000] {subprocess.py:97} INFO - Command exited with return code 0
[2025-03-13T17:25:58.922+0000] {taskinstance.py:1400} INFO - Marking task as SUCCESS. dag_id=hourly_processing_pipeline, task_id=transform_silver_hourly_incremental, execution_date=20250313T172532, start_date=20250313T172550, end_date=20250313T172558
[2025-03-13T17:25:58.961+0000] {local_task_job_runner.py:228} INFO - Task exited with return code 0
[2025-03-13T17:25:59.005+0000] {taskinstance.py:2778} INFO - 1 downstream tasks scheduled from follow-on schedule check
