[2025-03-12T14:55:24.830+0000] {taskinstance.py:1159} INFO - Dependencies all met for dep_context=non-requeueable deps ti=<TaskInstance: hourly_processing_pipeline.transform_silver_hourly_incremental manual__2025-03-12T14:55:18.167548+00:00 [queued]>
[2025-03-12T14:55:24.835+0000] {taskinstance.py:1159} INFO - Dependencies all met for dep_context=requeueable deps ti=<TaskInstance: hourly_processing_pipeline.transform_silver_hourly_incremental manual__2025-03-12T14:55:18.167548+00:00 [queued]>
[2025-03-12T14:55:24.835+0000] {taskinstance.py:1361} INFO - Starting attempt 1 of 1
[2025-03-12T14:55:24.979+0000] {taskinstance.py:1382} INFO - Executing <Task(BashOperator): transform_silver_hourly_incremental> on 2025-03-12 14:55:18.167548+00:00
[2025-03-12T14:55:24.982+0000] {standard_task_runner.py:57} INFO - Started process 37829 to run task
[2025-03-12T14:55:24.985+0000] {standard_task_runner.py:84} INFO - Running: ['***', 'tasks', 'run', 'hourly_processing_pipeline', 'transform_silver_hourly_incremental', 'manual__2025-03-12T14:55:18.167548+00:00', '--job-id', '2870', '--raw', '--subdir', 'DAGS_FOLDER/hourly_processing_pipeline.py', '--cfg-path', '/tmp/tmpiqm7ypnf']
[2025-03-12T14:55:24.987+0000] {standard_task_runner.py:85} INFO - Job 2870: Subtask transform_silver_hourly_incremental
[2025-03-12T14:55:25.021+0000] {task_command.py:416} INFO - Running <TaskInstance: hourly_processing_pipeline.transform_silver_hourly_incremental manual__2025-03-12T14:55:18.167548+00:00 [running]> on host c8e526380ef3
[2025-03-12T14:55:25.066+0000] {taskinstance.py:1662} INFO - Exporting env vars: AIRFLOW_CTX_DAG_OWNER='Andrew Tran' AIRFLOW_CTX_DAG_ID='hourly_processing_pipeline' AIRFLOW_CTX_TASK_ID='transform_silver_hourly_incremental' AIRFLOW_CTX_EXECUTION_DATE='2025-03-12T14:55:18.167548+00:00' AIRFLOW_CTX_TRY_NUMBER='1' AIRFLOW_CTX_DAG_RUN_ID='manual__2025-03-12T14:55:18.167548+00:00'
[2025-03-12T14:55:25.067+0000] {subprocess.py:63} INFO - Tmp dir root location: /tmp
[2025-03-12T14:55:25.067+0000] {subprocess.py:75} INFO - Running command: ['/bin/bash', '-c', 'cd /opt/***/dbt/playstudio_project && export WAREHOUSE_HOST=None && export WAREHOUSE_PASSWORD=None && export WAREHOUSE_USER=None && dbt run --select tag:silver_hourly_incremental --target prod']
[2025-03-12T14:55:25.072+0000] {subprocess.py:86} INFO - Output:
[2025-03-12T14:55:26.341+0000] {subprocess.py:93} INFO - [0m14:55:26  Running with dbt=1.7.18
[2025-03-12T14:55:26.446+0000] {subprocess.py:93} INFO - [0m14:55:26  Registered adapter: postgres=1.7.18
[2025-03-12T14:55:26.466+0000] {subprocess.py:93} INFO - [0m14:55:26  [[33mWARNING[0m]: Configuration paths exist in your dbt_project.yml file which do not apply to any resources.
[2025-03-12T14:55:26.466+0000] {subprocess.py:93} INFO - There are 1 unused configuration paths:
[2025-03-12T14:55:26.466+0000] {subprocess.py:93} INFO - - models.playstudio_project.bronze_layer
[2025-03-12T14:55:26.478+0000] {subprocess.py:93} INFO - [0m14:55:26  Found 3 models, 2 sources, 0 exposures, 0 metrics, 402 macros, 0 groups, 0 semantic models
[2025-03-12T14:55:26.479+0000] {subprocess.py:93} INFO - [0m14:55:26
[2025-03-12T14:55:26.540+0000] {subprocess.py:93} INFO - [0m14:55:26  Concurrency: 1 threads (target='prod')
[2025-03-12T14:55:26.540+0000] {subprocess.py:93} INFO - [0m14:55:26
[2025-03-12T14:55:26.545+0000] {subprocess.py:93} INFO - [0m14:55:26  1 of 1 START sql incremental model silver_layer.silver_spins_hourly ............ [RUN]
[2025-03-12T14:55:26.632+0000] {subprocess.py:93} INFO - [0m14:55:26  1 of 1 OK created sql incremental model silver_layer.silver_spins_hourly ....... [[32mINSERT 0 42[0m in 0.09s]
[2025-03-12T14:55:26.640+0000] {subprocess.py:93} INFO - [0m14:55:26
[2025-03-12T14:55:26.640+0000] {subprocess.py:93} INFO - [0m14:55:26  Finished running 1 incremental model in 0 hours 0 minutes and 0.16 seconds (0.16s).
[2025-03-12T14:55:26.643+0000] {subprocess.py:93} INFO - [0m14:55:26
[2025-03-12T14:55:26.643+0000] {subprocess.py:93} INFO - [0m14:55:26  [32mCompleted successfully[0m
[2025-03-12T14:55:26.644+0000] {subprocess.py:93} INFO - [0m14:55:26
[2025-03-12T14:55:26.644+0000] {subprocess.py:93} INFO - [0m14:55:26  Done. PASS=1 WARN=0 ERROR=0 SKIP=0 TOTAL=1
[2025-03-12T14:55:28.231+0000] {subprocess.py:97} INFO - Command exited with return code 0
[2025-03-12T14:55:28.247+0000] {taskinstance.py:1400} INFO - Marking task as SUCCESS. dag_id=hourly_processing_pipeline, task_id=transform_silver_hourly_incremental, execution_date=20250312T145518, start_date=20250312T145524, end_date=20250312T145528
[2025-03-12T14:55:28.283+0000] {local_task_job_runner.py:228} INFO - Task exited with return code 0
[2025-03-12T14:55:28.295+0000] {taskinstance.py:2778} INFO - 0 downstream tasks scheduled from follow-on schedule check
