[2025-03-13T17:15:36.893+0000] {taskinstance.py:1159} INFO - Dependencies all met for dep_context=non-requeueable deps ti=<TaskInstance: hourly_processing_pipeline.transform_silver_hourly_incremental manual__2025-03-13T17:15:30.811746+00:00 [queued]>
[2025-03-13T17:15:36.898+0000] {taskinstance.py:1159} INFO - Dependencies all met for dep_context=requeueable deps ti=<TaskInstance: hourly_processing_pipeline.transform_silver_hourly_incremental manual__2025-03-13T17:15:30.811746+00:00 [queued]>
[2025-03-13T17:15:36.898+0000] {taskinstance.py:1361} INFO - Starting attempt 1 of 1
[2025-03-13T17:15:36.905+0000] {taskinstance.py:1382} INFO - Executing <Task(BashOperator): transform_silver_hourly_incremental> on 2025-03-13 17:15:30.811746+00:00
[2025-03-13T17:15:36.910+0000] {standard_task_runner.py:57} INFO - Started process 76929 to run task
[2025-03-13T17:15:36.912+0000] {standard_task_runner.py:84} INFO - Running: ['***', 'tasks', 'run', 'hourly_processing_pipeline', 'transform_silver_hourly_incremental', 'manual__2025-03-13T17:15:30.811746+00:00', '--job-id', '3645', '--raw', '--subdir', 'DAGS_FOLDER/hourly_processing_pipeline.py', '--cfg-path', '/tmp/tmpx7p0edn6']
[2025-03-13T17:15:36.915+0000] {standard_task_runner.py:85} INFO - Job 3645: Subtask transform_silver_hourly_incremental
[2025-03-13T17:15:37.008+0000] {task_command.py:416} INFO - Running <TaskInstance: hourly_processing_pipeline.transform_silver_hourly_incremental manual__2025-03-13T17:15:30.811746+00:00 [running]> on host c8e526380ef3
[2025-03-13T17:15:37.094+0000] {taskinstance.py:1662} INFO - Exporting env vars: AIRFLOW_CTX_DAG_OWNER='Andrew Tran' AIRFLOW_CTX_DAG_ID='hourly_processing_pipeline' AIRFLOW_CTX_TASK_ID='transform_silver_hourly_incremental' AIRFLOW_CTX_EXECUTION_DATE='2025-03-13T17:15:30.811746+00:00' AIRFLOW_CTX_TRY_NUMBER='1' AIRFLOW_CTX_DAG_RUN_ID='manual__2025-03-13T17:15:30.811746+00:00'
[2025-03-13T17:15:37.096+0000] {subprocess.py:63} INFO - Tmp dir root location: /tmp
[2025-03-13T17:15:37.096+0000] {subprocess.py:75} INFO - Running command: ['/bin/bash', '-c', 'cd /opt/***/dbt/playstudio_project && export WAREHOUSE_HOST=None && export WAREHOUSE_PASSWORD=None && export WAREHOUSE_USER=None && dbt deps && dbt run --select tag:silver_hourly_incremental --target prod']
[2025-03-13T17:15:37.102+0000] {subprocess.py:86} INFO - Output:
[2025-03-13T17:15:38.584+0000] {subprocess.py:93} INFO - [0m17:15:38  Running with dbt=1.7.18
[2025-03-13T17:15:39.004+0000] {subprocess.py:93} INFO - [0m17:15:39  Installing dbt-labs/dbt_utils
[2025-03-13T17:15:39.631+0000] {subprocess.py:93} INFO - [0m17:15:39  Installed from version 1.1.1
[2025-03-13T17:15:39.632+0000] {subprocess.py:93} INFO - [0m17:15:39  Updated version available: 1.3.0
[2025-03-13T17:15:39.632+0000] {subprocess.py:93} INFO - [0m17:15:39  Installing metaplane/dbt_expectations
[2025-03-13T17:15:40.574+0000] {subprocess.py:93} INFO - [0m17:15:40  Installed from version 0.10.8
[2025-03-13T17:15:40.576+0000] {subprocess.py:93} INFO - [0m17:15:40  Up to date!
[2025-03-13T17:15:40.577+0000] {subprocess.py:93} INFO - [0m17:15:40  Installing godatadriven/dbt_date
[2025-03-13T17:15:41.117+0000] {subprocess.py:93} INFO - [0m17:15:41  Installed from version 0.11.0
[2025-03-13T17:15:41.118+0000] {subprocess.py:93} INFO - [0m17:15:41  Up to date!
[2025-03-13T17:15:41.120+0000] {subprocess.py:93} INFO - [0m17:15:41
[2025-03-13T17:15:41.123+0000] {subprocess.py:93} INFO - [0m17:15:41  Updates available for packages: ['dbt-labs/dbt_utils']
[2025-03-13T17:15:41.123+0000] {subprocess.py:93} INFO - Update your versions in packages.yml, then run dbt deps
[2025-03-13T17:15:45.949+0000] {subprocess.py:93} INFO - [0m17:15:45  Running with dbt=1.7.18
[2025-03-13T17:15:46.146+0000] {subprocess.py:93} INFO - [0m17:15:46  Registered adapter: postgres=1.7.18
[2025-03-13T17:15:46.529+0000] {subprocess.py:93} INFO - [0m17:15:46  [[33mWARNING[0m]: Configuration paths exist in your dbt_project.yml file which do not apply to any resources.
[2025-03-13T17:15:46.531+0000] {subprocess.py:93} INFO - There are 1 unused configuration paths:
[2025-03-13T17:15:46.532+0000] {subprocess.py:93} INFO - - models.playstudio_project.bronze_layer
[2025-03-13T17:15:46.811+0000] {subprocess.py:93} INFO - [0m17:15:46  Found 67 tests, 3 models, 2 sources, 0 exposures, 0 metrics, 783 macros, 0 groups, 0 semantic models
[2025-03-13T17:15:46.818+0000] {subprocess.py:93} INFO - [0m17:15:46
[2025-03-13T17:15:46.996+0000] {subprocess.py:93} INFO - [0m17:15:46  Concurrency: 1 threads (target='prod')
[2025-03-13T17:15:46.997+0000] {subprocess.py:93} INFO - [0m17:15:46
[2025-03-13T17:15:47.008+0000] {subprocess.py:93} INFO - [0m17:15:47  1 of 1 START sql incremental model silver_layer.silver_spins_hourly ............ [RUN]
[2025-03-13T17:15:47.192+0000] {subprocess.py:93} INFO - [0m17:15:47  1 of 1 OK created sql incremental model silver_layer.silver_spins_hourly ....... [[32mINSERT 0 2[0m in 0.18s]
[2025-03-13T17:15:47.224+0000] {subprocess.py:93} INFO - [0m17:15:47
[2025-03-13T17:15:47.225+0000] {subprocess.py:93} INFO - [0m17:15:47  Finished running 1 incremental model in 0 hours 0 minutes and 0.41 seconds (0.41s).
[2025-03-13T17:15:47.238+0000] {subprocess.py:93} INFO - [0m17:15:47
[2025-03-13T17:15:47.239+0000] {subprocess.py:93} INFO - [0m17:15:47  [32mCompleted successfully[0m
[2025-03-13T17:15:47.239+0000] {subprocess.py:93} INFO - [0m17:15:47
[2025-03-13T17:15:47.243+0000] {subprocess.py:93} INFO - [0m17:15:47  Done. PASS=1 WARN=0 ERROR=0 SKIP=0 TOTAL=1
[2025-03-13T17:15:49.259+0000] {subprocess.py:97} INFO - Command exited with return code 0
[2025-03-13T17:15:49.373+0000] {taskinstance.py:1400} INFO - Marking task as SUCCESS. dag_id=hourly_processing_pipeline, task_id=transform_silver_hourly_incremental, execution_date=20250313T171530, start_date=20250313T171536, end_date=20250313T171549
[2025-03-13T17:15:49.544+0000] {local_task_job_runner.py:228} INFO - Task exited with return code 0
[2025-03-13T17:15:49.849+0000] {taskinstance.py:2778} INFO - 1 downstream tasks scheduled from follow-on schedule check
