[2025-03-11T16:25:01.728+0000] {taskinstance.py:1159} INFO - Dependencies all met for dep_context=non-requeueable deps ti=<TaskInstance: ingest_bronze_layer_dag.check_refresh_mode scheduled__2025-03-11T16:20:00+00:00 [queued]>
[2025-03-11T16:25:01.731+0000] {taskinstance.py:1159} INFO - Dependencies all met for dep_context=requeueable deps ti=<TaskInstance: ingest_bronze_layer_dag.check_refresh_mode scheduled__2025-03-11T16:20:00+00:00 [queued]>
[2025-03-11T16:25:01.731+0000] {taskinstance.py:1361} INFO - Starting attempt 1 of 1
[2025-03-11T16:25:01.740+0000] {taskinstance.py:1382} INFO - Executing <Task(_PythonDecoratedOperator): check_refresh_mode> on 2025-03-11 16:20:00+00:00
[2025-03-11T16:25:01.744+0000] {standard_task_runner.py:57} INFO - Started process 1004 to run task
[2025-03-11T16:25:01.746+0000] {standard_task_runner.py:84} INFO - Running: ['***', 'tasks', 'run', 'ingest_bronze_layer_dag', 'check_refresh_mode', 'scheduled__2025-03-11T16:20:00+00:00', '--job-id', '639', '--raw', '--subdir', 'DAGS_FOLDER/ingesting_pipeline.py', '--cfg-path', '/tmp/tmpwzknksls']
[2025-03-11T16:25:01.748+0000] {standard_task_runner.py:85} INFO - Job 639: Subtask check_refresh_mode
[2025-03-11T16:25:01.770+0000] {task_command.py:416} INFO - Running <TaskInstance: ingest_bronze_layer_dag.check_refresh_mode scheduled__2025-03-11T16:20:00+00:00 [running]> on host c8e526380ef3
[2025-03-11T16:25:01.928+0000] {taskinstance.py:1662} INFO - Exporting env vars: AIRFLOW_CTX_DAG_OWNER='Andrew Tran' AIRFLOW_CTX_DAG_ID='ingest_bronze_layer_dag' AIRFLOW_CTX_TASK_ID='check_refresh_mode' AIRFLOW_CTX_EXECUTION_DATE='2025-03-11T16:20:00+00:00' AIRFLOW_CTX_TRY_NUMBER='1' AIRFLOW_CTX_DAG_RUN_ID='scheduled__2025-03-11T16:20:00+00:00'
[2025-03-11T16:25:01.928+0000] {ingesting_pipeline.py:199} INFO - Refresh mode: Incremental
[2025-03-11T16:25:01.928+0000] {ingesting_pipeline.py:121} INFO - Getting latest updated_at from bronze_layer.bronze_purchases
[2025-03-11T16:25:01.928+0000] {ingesting_pipeline.py:94} INFO - Executing query: SELECT MAX(updated_at) FROM bronze_layer.bronze_purchases
[2025-03-11T16:25:01.931+0000] {base.py:73} INFO - Using connection ID 'postgres_warehouse_db' for task execution.
[2025-03-11T16:25:01.935+0000] {warnings.py:109} WARNING - /opt/***/dags/ingesting_pipeline.py:97: UserWarning: pandas only supports SQLAlchemy connectable (engine/connection) or database string URI or sqlite3 DBAPI2 connection. Other DBAPI2 objects are not tested. Please consider using SQLAlchemy.
  df = pd.read_sql(query, conn)

[2025-03-11T16:25:01.937+0000] {ingesting_pipeline.py:98} INFO - Query executed successfully. Retrieved 1 rows.
[2025-03-11T16:25:01.938+0000] {ingesting_pipeline.py:129} INFO - Latest updated_at: 2025-03-11 05:11:10.736496
[2025-03-11T16:25:01.938+0000] {python.py:194} INFO - Done. Returned value was: {'is_full_refresh': False, 'latest_updated_at': '2025-03-11 05:11:10.736496', 'is_first_run': False}
[2025-03-11T16:25:01.946+0000] {taskinstance.py:1400} INFO - Marking task as SUCCESS. dag_id=ingest_bronze_layer_dag, task_id=check_refresh_mode, execution_date=20250311T162000, start_date=20250311T162501, end_date=20250311T162501
[2025-03-11T16:25:01.989+0000] {local_task_job_runner.py:228} INFO - Task exited with return code 0
[2025-03-11T16:25:02.077+0000] {taskinstance.py:2778} INFO - 1 downstream tasks scheduled from follow-on schedule check
