[2025-03-11T15:59:59.019+0000] {taskinstance.py:1159} INFO - Dependencies all met for dep_context=non-requeueable deps ti=<TaskInstance: ingest_bronze_layer_dag.transform_silver_5mins_incremental manual__2025-03-11T15:59:49+00:00 [queued]>
[2025-03-11T15:59:59.023+0000] {taskinstance.py:1159} INFO - Dependencies all met for dep_context=requeueable deps ti=<TaskInstance: ingest_bronze_layer_dag.transform_silver_5mins_incremental manual__2025-03-11T15:59:49+00:00 [queued]>
[2025-03-11T15:59:59.023+0000] {taskinstance.py:1361} INFO - Starting attempt 1 of 1
[2025-03-11T15:59:59.190+0000] {taskinstance.py:1382} INFO - Executing <Task(BashOperator): transform_silver_5mins_incremental> on 2025-03-11 15:59:49+00:00
[2025-03-11T15:59:59.198+0000] {standard_task_runner.py:57} INFO - Started process 20173 to run task
[2025-03-11T15:59:59.204+0000] {standard_task_runner.py:84} INFO - Running: ['***', 'tasks', 'run', 'ingest_bronze_layer_dag', 'transform_silver_5mins_incremental', 'manual__2025-03-11T15:59:49+00:00', '--job-id', '594', '--raw', '--subdir', 'DAGS_FOLDER/ingesting_pipeline.py', '--cfg-path', '/tmp/tmppg7oa4y5']
[2025-03-11T15:59:59.207+0000] {standard_task_runner.py:85} INFO - Job 594: Subtask transform_silver_5mins_incremental
[2025-03-11T15:59:59.270+0000] {task_command.py:416} INFO - Running <TaskInstance: ingest_bronze_layer_dag.transform_silver_5mins_incremental manual__2025-03-11T15:59:49+00:00 [running]> on host 41ccd9d1769c
[2025-03-11T15:59:59.338+0000] {taskinstance.py:1662} INFO - Exporting env vars: AIRFLOW_CTX_DAG_OWNER='Andrew Tran' AIRFLOW_CTX_DAG_ID='ingest_bronze_layer_dag' AIRFLOW_CTX_TASK_ID='transform_silver_5mins_incremental' AIRFLOW_CTX_EXECUTION_DATE='2025-03-11T15:59:49+00:00' AIRFLOW_CTX_TRY_NUMBER='1' AIRFLOW_CTX_DAG_RUN_ID='manual__2025-03-11T15:59:49+00:00'
[2025-03-11T15:59:59.341+0000] {subprocess.py:63} INFO - Tmp dir root location: /tmp
[2025-03-11T15:59:59.342+0000] {subprocess.py:75} INFO - Running command: ['/bin/bash', '-c', 'cd /opt/***/dbt/playstudio_project && export WAREHOUSE_HOST=None && export WAREHOUSE_PASSWORD=None && export WAREHOUSE_USER=None && dbt run --select tag:silver_5mins_incremental --target prod']
[2025-03-11T15:59:59.354+0000] {subprocess.py:86} INFO - Output:
[2025-03-11T15:59:59.358+0000] {subprocess.py:93} INFO - /bin/bash: line 1: cd: /opt/***/dbt/playstudio_project: No such file or directory
[2025-03-11T15:59:59.358+0000] {subprocess.py:97} INFO - Command exited with return code 1
[2025-03-11T15:59:59.370+0000] {taskinstance.py:1937} ERROR - Task failed with exception
Traceback (most recent call last):
  File "/home/airflow/.local/lib/python3.10/site-packages/airflow/operators/bash.py", line 210, in execute
    raise AirflowException(
airflow.exceptions.AirflowException: Bash command failed. The command returned a non-zero exit code 1.
[2025-03-11T15:59:59.373+0000] {taskinstance.py:1400} INFO - Marking task as FAILED. dag_id=ingest_bronze_layer_dag, task_id=transform_silver_5mins_incremental, execution_date=20250311T155949, start_date=20250311T155959, end_date=20250311T155959
[2025-03-11T15:59:59.386+0000] {standard_task_runner.py:104} ERROR - Failed to execute job 594 for task transform_silver_5mins_incremental (Bash command failed. The command returned a non-zero exit code 1.; 20173)
[2025-03-11T15:59:59.432+0000] {local_task_job_runner.py:228} INFO - Task exited with return code 1
[2025-03-11T15:59:59.484+0000] {taskinstance.py:2778} INFO - 0 downstream tasks scheduled from follow-on schedule check
