[2025-03-13T14:50:43.694+0000] {taskinstance.py:1159} INFO - Dependencies all met for dep_context=non-requeueable deps ti=<TaskInstance: hourly_processing_pipeline.aggregate_final_table_incremental manual__2025-03-13T14:50:25.785161+00:00 [queued]>
[2025-03-13T14:50:43.698+0000] {taskinstance.py:1159} INFO - Dependencies all met for dep_context=requeueable deps ti=<TaskInstance: hourly_processing_pipeline.aggregate_final_table_incremental manual__2025-03-13T14:50:25.785161+00:00 [queued]>
[2025-03-13T14:50:43.698+0000] {taskinstance.py:1361} INFO - Starting attempt 1 of 1
[2025-03-13T14:50:43.704+0000] {taskinstance.py:1382} INFO - Executing <Task(BashOperator): aggregate_final_table_incremental> on 2025-03-13 14:50:25.785161+00:00
[2025-03-13T14:50:43.710+0000] {standard_task_runner.py:57} INFO - Started process 70655 to run task
[2025-03-13T14:50:43.713+0000] {standard_task_runner.py:84} INFO - Running: ['***', 'tasks', 'run', 'hourly_processing_pipeline', 'aggregate_final_table_incremental', 'manual__2025-03-13T14:50:25.785161+00:00', '--job-id', '3450', '--raw', '--subdir', 'DAGS_FOLDER/hourly_processing_pipeline.py', '--cfg-path', '/tmp/tmpqeju4ipu']
[2025-03-13T14:50:43.716+0000] {standard_task_runner.py:85} INFO - Job 3450: Subtask aggregate_final_table_incremental
[2025-03-13T14:50:43.982+0000] {task_command.py:416} INFO - Running <TaskInstance: hourly_processing_pipeline.aggregate_final_table_incremental manual__2025-03-13T14:50:25.785161+00:00 [running]> on host c8e526380ef3
[2025-03-13T14:50:44.047+0000] {taskinstance.py:1662} INFO - Exporting env vars: AIRFLOW_CTX_DAG_OWNER='Andrew Tran' AIRFLOW_CTX_DAG_ID='hourly_processing_pipeline' AIRFLOW_CTX_TASK_ID='aggregate_final_table_incremental' AIRFLOW_CTX_EXECUTION_DATE='2025-03-13T14:50:25.785161+00:00' AIRFLOW_CTX_TRY_NUMBER='1' AIRFLOW_CTX_DAG_RUN_ID='manual__2025-03-13T14:50:25.785161+00:00'
[2025-03-13T14:50:44.048+0000] {subprocess.py:63} INFO - Tmp dir root location: /tmp
[2025-03-13T14:50:44.049+0000] {subprocess.py:75} INFO - Running command: ['/bin/bash', '-c', 'cd /opt/***/dbt/playstudio_project && export WAREHOUSE_HOST=None && export WAREHOUSE_PASSWORD=None && export WAREHOUSE_USER=None && dbt run --select tag:gold_layer --target prod']
[2025-03-13T14:50:44.058+0000] {subprocess.py:86} INFO - Output:
[2025-03-13T14:50:45.391+0000] {subprocess.py:93} INFO - [0m14:50:45  Running with dbt=1.7.18
[2025-03-13T14:50:45.559+0000] {subprocess.py:93} INFO - [0m14:50:45  Registered adapter: postgres=1.7.18
[2025-03-13T14:50:45.648+0000] {subprocess.py:93} INFO - [0m14:50:45  [[33mWARNING[0m]: Configuration paths exist in your dbt_project.yml file which do not apply to any resources.
[2025-03-13T14:50:45.649+0000] {subprocess.py:93} INFO - There are 1 unused configuration paths:
[2025-03-13T14:50:45.649+0000] {subprocess.py:93} INFO - - models.playstudio_project.bronze_layer
[2025-03-13T14:50:45.666+0000] {subprocess.py:93} INFO - [0m14:50:45  Found 3 models, 19 tests, 2 sources, 0 exposures, 0 metrics, 783 macros, 0 groups, 0 semantic models
[2025-03-13T14:50:45.668+0000] {subprocess.py:93} INFO - [0m14:50:45
[2025-03-13T14:50:45.720+0000] {subprocess.py:93} INFO - [0m14:50:45  Concurrency: 1 threads (target='prod')
[2025-03-13T14:50:45.721+0000] {subprocess.py:93} INFO - [0m14:50:45
[2025-03-13T14:50:45.725+0000] {subprocess.py:93} INFO - [0m14:50:45  1 of 1 START sql incremental model gold_layer.aggregated_final_table ........... [RUN]
[2025-03-13T14:50:45.836+0000] {subprocess.py:93} INFO - [0m14:50:45  1 of 1 OK created sql incremental model gold_layer.aggregated_final_table ...... [[32mINSERT 0 1[0m in 0.11s]
[2025-03-13T14:50:45.844+0000] {subprocess.py:93} INFO - [0m14:50:45
[2025-03-13T14:50:45.844+0000] {subprocess.py:93} INFO - [0m14:50:45  Finished running 1 incremental model in 0 hours 0 minutes and 0.18 seconds (0.18s).
[2025-03-13T14:50:45.853+0000] {subprocess.py:93} INFO - [0m14:50:45
[2025-03-13T14:50:45.853+0000] {subprocess.py:93} INFO - [0m14:50:45  [32mCompleted successfully[0m
[2025-03-13T14:50:45.853+0000] {subprocess.py:93} INFO - [0m14:50:45
[2025-03-13T14:50:45.854+0000] {subprocess.py:93} INFO - [0m14:50:45  Done. PASS=1 WARN=0 ERROR=0 SKIP=0 TOTAL=1
[2025-03-13T14:50:48.195+0000] {subprocess.py:97} INFO - Command exited with return code 0
[2025-03-13T14:50:48.244+0000] {taskinstance.py:1400} INFO - Marking task as SUCCESS. dag_id=hourly_processing_pipeline, task_id=aggregate_final_table_incremental, execution_date=20250313T145025, start_date=20250313T145043, end_date=20250313T145048
[2025-03-13T14:50:48.297+0000] {local_task_job_runner.py:228} INFO - Task exited with return code 0
[2025-03-13T14:50:48.842+0000] {taskinstance.py:2778} INFO - 0 downstream tasks scheduled from follow-on schedule check
