[2025-03-11T16:17:54.083+0000] {taskinstance.py:1159} INFO - Dependencies all met for dep_context=non-requeueable deps ti=<TaskInstance: ingest_bronze_layer_dag.extract_and_load_purchases manual__2025-03-11T16:17:42+00:00 [queued]>
[2025-03-11T16:17:54.086+0000] {taskinstance.py:1159} INFO - Dependencies all met for dep_context=requeueable deps ti=<TaskInstance: ingest_bronze_layer_dag.extract_and_load_purchases manual__2025-03-11T16:17:42+00:00 [queued]>
[2025-03-11T16:17:54.086+0000] {taskinstance.py:1361} INFO - Starting attempt 1 of 1
[2025-03-11T16:17:54.093+0000] {taskinstance.py:1382} INFO - Executing <Task(_PythonDecoratedOperator): extract_and_load_purchases> on 2025-03-11 16:17:42+00:00
[2025-03-11T16:17:54.095+0000] {standard_task_runner.py:57} INFO - Started process 679 to run task
[2025-03-11T16:17:54.097+0000] {standard_task_runner.py:84} INFO - Running: ['***', 'tasks', 'run', 'ingest_bronze_layer_dag', 'extract_and_load_purchases', 'manual__2025-03-11T16:17:42+00:00', '--job-id', '626', '--raw', '--subdir', 'DAGS_FOLDER/ingesting_pipeline.py', '--cfg-path', '/tmp/tmp04ejvq3g']
[2025-03-11T16:17:54.098+0000] {standard_task_runner.py:85} INFO - Job 626: Subtask extract_and_load_purchases
[2025-03-11T16:17:54.209+0000] {task_command.py:416} INFO - Running <TaskInstance: ingest_bronze_layer_dag.extract_and_load_purchases manual__2025-03-11T16:17:42+00:00 [running]> on host c8e526380ef3
[2025-03-11T16:17:54.246+0000] {taskinstance.py:1662} INFO - Exporting env vars: AIRFLOW_CTX_DAG_OWNER='Andrew Tran' AIRFLOW_CTX_DAG_ID='ingest_bronze_layer_dag' AIRFLOW_CTX_TASK_ID='extract_and_load_purchases' AIRFLOW_CTX_EXECUTION_DATE='2025-03-11T16:17:42+00:00' AIRFLOW_CTX_TRY_NUMBER='1' AIRFLOW_CTX_DAG_RUN_ID='manual__2025-03-11T16:17:42+00:00'
[2025-03-11T16:17:54.249+0000] {ingesting_pipeline.py:357} INFO - Running extract_and_load_purchases in incremental mode
[2025-03-11T16:17:54.257+0000] {ingesting_pipeline.py:382} INFO - Incremental mode - fetching data updated after: 2025-03-11 05:11:10.736496
[2025-03-11T16:17:54.257+0000] {ingesting_pipeline.py:142} INFO - Executing query: 
            SELECT *, NOW() as extracted_at
            FROM app_source.purchases_data
            WHERE updated_at > '2025-03-11 05:11:10.736496'
            ORDER BY updated_at
        
[2025-03-11T16:17:54.260+0000] {base.py:73} INFO - Using connection ID 'postgres_source_db' for task execution.
[2025-03-11T16:17:54.263+0000] {warnings.py:109} WARNING - /opt/***/dags/ingesting_pipeline.py:145: UserWarning: pandas only supports SQLAlchemy connectable (engine/connection) or database string URI or sqlite3 DBAPI2 connection. Other DBAPI2 objects are not tested. Please consider using SQLAlchemy.
  df = pd.read_sql(query, conn)

[2025-03-11T16:17:54.265+0000] {ingesting_pipeline.py:146} INFO - Query executed successfully. Retrieved 0 rows.
[2025-03-11T16:17:54.266+0000] {ingesting_pipeline.py:397} INFO - Retrieved 0 rows of data
[2025-03-11T16:17:54.266+0000] {ingesting_pipeline.py:196} INFO - No data to insert into bronze_layer.bronze_purchases
[2025-03-11T16:17:54.266+0000] {ingesting_pipeline.py:415} INFO - Inserted 0 rows into bronze_layer.bronze_purchases
[2025-03-11T16:17:54.266+0000] {python.py:194} INFO - Done. Returned value was: Inserted 0 rows into bronze_layer.bronze_purchases
[2025-03-11T16:17:54.273+0000] {taskinstance.py:1400} INFO - Marking task as SUCCESS. dag_id=ingest_bronze_layer_dag, task_id=extract_and_load_purchases, execution_date=20250311T161742, start_date=20250311T161754, end_date=20250311T161754
[2025-03-11T16:17:54.289+0000] {local_task_job_runner.py:228} INFO - Task exited with return code 0
[2025-03-11T16:17:54.374+0000] {taskinstance.py:2778} INFO - 1 downstream tasks scheduled from follow-on schedule check
