[2025-03-12T08:37:16.366+0000] {taskinstance.py:1159} INFO - Dependencies all met for dep_context=non-requeueable deps ti=<TaskInstance: hourly_processing_pipeline.transform_silver_hourly_incremental manual__2025-03-12T08:37:08.458137+00:00 [queued]>
[2025-03-12T08:37:16.370+0000] {taskinstance.py:1159} INFO - Dependencies all met for dep_context=requeueable deps ti=<TaskInstance: hourly_processing_pipeline.transform_silver_hourly_incremental manual__2025-03-12T08:37:08.458137+00:00 [queued]>
[2025-03-12T08:37:16.371+0000] {taskinstance.py:1361} INFO - Starting attempt 1 of 1
[2025-03-12T08:37:16.469+0000] {taskinstance.py:1382} INFO - Executing <Task(BashOperator): transform_silver_hourly_incremental> on 2025-03-12 08:37:08.458137+00:00
[2025-03-12T08:37:16.472+0000] {standard_task_runner.py:57} INFO - Started process 24157 to run task
[2025-03-12T08:37:16.474+0000] {standard_task_runner.py:84} INFO - Running: ['***', 'tasks', 'run', 'hourly_processing_pipeline', 'transform_silver_hourly_incremental', 'manual__2025-03-12T08:37:08.458137+00:00', '--job-id', '2015', '--raw', '--subdir', 'DAGS_FOLDER/hourly_processing_pipeline.py', '--cfg-path', '/tmp/tmpjommt7n8']
[2025-03-12T08:37:16.477+0000] {standard_task_runner.py:85} INFO - Job 2015: Subtask transform_silver_hourly_incremental
[2025-03-12T08:37:16.508+0000] {task_command.py:416} INFO - Running <TaskInstance: hourly_processing_pipeline.transform_silver_hourly_incremental manual__2025-03-12T08:37:08.458137+00:00 [running]> on host c8e526380ef3
[2025-03-12T08:37:16.545+0000] {taskinstance.py:1662} INFO - Exporting env vars: AIRFLOW_CTX_DAG_OWNER='Andrew Tran' AIRFLOW_CTX_DAG_ID='hourly_processing_pipeline' AIRFLOW_CTX_TASK_ID='transform_silver_hourly_incremental' AIRFLOW_CTX_EXECUTION_DATE='2025-03-12T08:37:08.458137+00:00' AIRFLOW_CTX_TRY_NUMBER='1' AIRFLOW_CTX_DAG_RUN_ID='manual__2025-03-12T08:37:08.458137+00:00'
[2025-03-12T08:37:16.546+0000] {subprocess.py:63} INFO - Tmp dir root location: /tmp
[2025-03-12T08:37:16.546+0000] {subprocess.py:75} INFO - Running command: ['/bin/bash', '-c', 'cd /opt/***/dbt/playstudio_project && export WAREHOUSE_HOST=None && export WAREHOUSE_PASSWORD=None && export WAREHOUSE_USER=None && dbt run --select tag:silver_hourly_incremental --target prod']
[2025-03-12T08:37:16.552+0000] {subprocess.py:86} INFO - Output:
[2025-03-12T08:37:17.952+0000] {subprocess.py:93} INFO - [0m08:37:17  Running with dbt=1.7.18
[2025-03-12T08:37:18.069+0000] {subprocess.py:93} INFO - [0m08:37:18  Registered adapter: postgres=1.7.18
[2025-03-12T08:37:18.087+0000] {subprocess.py:93} INFO - [0m08:37:18  [[33mWARNING[0m]: Configuration paths exist in your dbt_project.yml file which do not apply to any resources.
[2025-03-12T08:37:18.087+0000] {subprocess.py:93} INFO - There are 1 unused configuration paths:
[2025-03-12T08:37:18.087+0000] {subprocess.py:93} INFO - - models.playstudio_project.example
[2025-03-12T08:37:18.099+0000] {subprocess.py:93} INFO - [0m08:37:18  Found 2 models, 2 sources, 0 exposures, 0 metrics, 401 macros, 0 groups, 0 semantic models
[2025-03-12T08:37:18.099+0000] {subprocess.py:93} INFO - [0m08:37:18
[2025-03-12T08:37:18.174+0000] {subprocess.py:93} INFO - [0m08:37:18  Concurrency: 1 threads (target='prod')
[2025-03-12T08:37:18.175+0000] {subprocess.py:93} INFO - [0m08:37:18
[2025-03-12T08:37:18.186+0000] {subprocess.py:93} INFO - [0m08:37:18  1 of 1 START sql incremental model silver_layer.silver_spins_hourly ............ [RUN]
[2025-03-12T08:37:18.305+0000] {subprocess.py:93} INFO - [0m08:37:18  1 of 1 OK created sql incremental model silver_layer.silver_spins_hourly ....... [[32mINSERT 0 42[0m in 0.12s]
[2025-03-12T08:37:18.314+0000] {subprocess.py:93} INFO - [0m08:37:18
[2025-03-12T08:37:18.314+0000] {subprocess.py:93} INFO - [0m08:37:18  Finished running 1 incremental model in 0 hours 0 minutes and 0.21 seconds (0.21s).
[2025-03-12T08:37:18.318+0000] {subprocess.py:93} INFO - [0m08:37:18
[2025-03-12T08:37:18.318+0000] {subprocess.py:93} INFO - [0m08:37:18  [32mCompleted successfully[0m
[2025-03-12T08:37:18.318+0000] {subprocess.py:93} INFO - [0m08:37:18
[2025-03-12T08:37:18.318+0000] {subprocess.py:93} INFO - [0m08:37:18  Done. PASS=1 WARN=0 ERROR=0 SKIP=0 TOTAL=1
[2025-03-12T08:37:19.747+0000] {subprocess.py:97} INFO - Command exited with return code 0
[2025-03-12T08:37:19.776+0000] {taskinstance.py:1400} INFO - Marking task as SUCCESS. dag_id=hourly_processing_pipeline, task_id=transform_silver_hourly_incremental, execution_date=20250312T083708, start_date=20250312T083716, end_date=20250312T083719
[2025-03-12T08:37:19.840+0000] {local_task_job_runner.py:228} INFO - Task exited with return code 0
[2025-03-12T08:37:19.862+0000] {taskinstance.py:2778} INFO - 0 downstream tasks scheduled from follow-on schedule check
