[2025-03-13T14:09:19.731+0000] {taskinstance.py:1159} INFO - Dependencies all met for dep_context=non-requeueable deps ti=<TaskInstance: hourly_processing_pipeline.transform_silver_full_refresh manual__2025-03-13T14:09:03.399071+00:00 [queued]>
[2025-03-13T14:09:19.735+0000] {taskinstance.py:1159} INFO - Dependencies all met for dep_context=requeueable deps ti=<TaskInstance: hourly_processing_pipeline.transform_silver_full_refresh manual__2025-03-13T14:09:03.399071+00:00 [queued]>
[2025-03-13T14:09:19.735+0000] {taskinstance.py:1361} INFO - Starting attempt 1 of 1
[2025-03-13T14:09:19.820+0000] {taskinstance.py:1382} INFO - Executing <Task(BashOperator): transform_silver_full_refresh> on 2025-03-13 14:09:03.399071+00:00
[2025-03-13T14:09:19.823+0000] {standard_task_runner.py:57} INFO - Started process 68691 to run task
[2025-03-13T14:09:19.825+0000] {standard_task_runner.py:84} INFO - Running: ['***', 'tasks', 'run', 'hourly_processing_pipeline', 'transform_silver_full_refresh', 'manual__2025-03-13T14:09:03.399071+00:00', '--job-id', '3350', '--raw', '--subdir', 'DAGS_FOLDER/hourly_processing_pipeline.py', '--cfg-path', '/tmp/tmphqum_qkh']
[2025-03-13T14:09:19.826+0000] {standard_task_runner.py:85} INFO - Job 3350: Subtask transform_silver_full_refresh
[2025-03-13T14:09:19.846+0000] {task_command.py:416} INFO - Running <TaskInstance: hourly_processing_pipeline.transform_silver_full_refresh manual__2025-03-13T14:09:03.399071+00:00 [running]> on host c8e526380ef3
[2025-03-13T14:09:19.876+0000] {taskinstance.py:1662} INFO - Exporting env vars: AIRFLOW_CTX_DAG_OWNER='Andrew Tran' AIRFLOW_CTX_DAG_ID='hourly_processing_pipeline' AIRFLOW_CTX_TASK_ID='transform_silver_full_refresh' AIRFLOW_CTX_EXECUTION_DATE='2025-03-13T14:09:03.399071+00:00' AIRFLOW_CTX_TRY_NUMBER='1' AIRFLOW_CTX_DAG_RUN_ID='manual__2025-03-13T14:09:03.399071+00:00'
[2025-03-13T14:09:19.877+0000] {subprocess.py:63} INFO - Tmp dir root location: /tmp
[2025-03-13T14:09:19.877+0000] {subprocess.py:75} INFO - Running command: ['/bin/bash', '-c', 'cd /opt/***/dbt/playstudio_project && export WAREHOUSE_HOST=None && export WAREHOUSE_PASSWORD=None && export WAREHOUSE_USER=None && dbt run --select tag:silver_hourly_incremental --target prod --full-refresh']
[2025-03-13T14:09:19.884+0000] {subprocess.py:86} INFO - Output:
[2025-03-13T14:09:21.627+0000] {subprocess.py:93} INFO - [0m14:09:21  Running with dbt=1.7.18
[2025-03-13T14:09:21.756+0000] {subprocess.py:93} INFO - [0m14:09:21  Registered adapter: postgres=1.7.18
[2025-03-13T14:09:21.782+0000] {subprocess.py:93} INFO - [0m14:09:21  [[33mWARNING[0m]: Configuration paths exist in your dbt_project.yml file which do not apply to any resources.
[2025-03-13T14:09:21.783+0000] {subprocess.py:93} INFO - There are 1 unused configuration paths:
[2025-03-13T14:09:21.783+0000] {subprocess.py:93} INFO - - models.playstudio_project.bronze_layer
[2025-03-13T14:09:21.793+0000] {subprocess.py:93} INFO - [0m14:09:21  Found 3 models, 2 sources, 0 exposures, 0 metrics, 402 macros, 0 groups, 0 semantic models
[2025-03-13T14:09:21.796+0000] {subprocess.py:93} INFO - [0m14:09:21
[2025-03-13T14:09:21.883+0000] {subprocess.py:93} INFO - [0m14:09:21  Concurrency: 1 threads (target='prod')
[2025-03-13T14:09:21.883+0000] {subprocess.py:93} INFO - [0m14:09:21
[2025-03-13T14:09:21.888+0000] {subprocess.py:93} INFO - [0m14:09:21  1 of 1 START sql incremental model silver_layer.silver_spins_hourly ............ [RUN]
[2025-03-13T14:09:21.983+0000] {subprocess.py:93} INFO - [0m14:09:21  1 of 1 OK created sql incremental model silver_layer.silver_spins_hourly ....... [[32mSELECT 42[0m in 0.09s]
[2025-03-13T14:09:21.990+0000] {subprocess.py:93} INFO - [0m14:09:21
[2025-03-13T14:09:21.991+0000] {subprocess.py:93} INFO - [0m14:09:21  Finished running 1 incremental model in 0 hours 0 minutes and 0.20 seconds (0.20s).
[2025-03-13T14:09:21.997+0000] {subprocess.py:93} INFO - [0m14:09:21
[2025-03-13T14:09:21.997+0000] {subprocess.py:93} INFO - [0m14:09:21  [32mCompleted successfully[0m
[2025-03-13T14:09:21.998+0000] {subprocess.py:93} INFO - [0m14:09:21
[2025-03-13T14:09:21.998+0000] {subprocess.py:93} INFO - [0m14:09:21  Done. PASS=1 WARN=0 ERROR=0 SKIP=0 TOTAL=1
[2025-03-13T14:09:23.725+0000] {subprocess.py:97} INFO - Command exited with return code 0
[2025-03-13T14:09:23.755+0000] {taskinstance.py:1400} INFO - Marking task as SUCCESS. dag_id=hourly_processing_pipeline, task_id=transform_silver_full_refresh, execution_date=20250313T140903, start_date=20250313T140919, end_date=20250313T140923
[2025-03-13T14:09:23.775+0000] {local_task_job_runner.py:228} INFO - Task exited with return code 0
[2025-03-13T14:09:23.826+0000] {taskinstance.py:2778} INFO - 1 downstream tasks scheduled from follow-on schedule check
