[2025-03-12T13:35:21.239+0000] {taskinstance.py:1159} INFO - Dependencies all met for dep_context=non-requeueable deps ti=<TaskInstance: hourly_processing_pipeline.transform_silver_hourly_incremental manual__2025-03-12T13:35:13.508718+00:00 [queued]>
[2025-03-12T13:35:21.243+0000] {taskinstance.py:1159} INFO - Dependencies all met for dep_context=requeueable deps ti=<TaskInstance: hourly_processing_pipeline.transform_silver_hourly_incremental manual__2025-03-12T13:35:13.508718+00:00 [queued]>
[2025-03-12T13:35:21.243+0000] {taskinstance.py:1361} INFO - Starting attempt 1 of 1
[2025-03-12T13:35:21.325+0000] {taskinstance.py:1382} INFO - Executing <Task(BashOperator): transform_silver_hourly_incremental> on 2025-03-12 13:35:13.508718+00:00
[2025-03-12T13:35:21.327+0000] {standard_task_runner.py:57} INFO - Started process 33974 to run task
[2025-03-12T13:35:21.329+0000] {standard_task_runner.py:84} INFO - Running: ['***', 'tasks', 'run', 'hourly_processing_pipeline', 'transform_silver_hourly_incremental', 'manual__2025-03-12T13:35:13.508718+00:00', '--job-id', '2646', '--raw', '--subdir', 'DAGS_FOLDER/hourly_processing_pipeline.py', '--cfg-path', '/tmp/tmp84jlo2hg']
[2025-03-12T13:35:21.330+0000] {standard_task_runner.py:85} INFO - Job 2646: Subtask transform_silver_hourly_incremental
[2025-03-12T13:35:21.350+0000] {task_command.py:416} INFO - Running <TaskInstance: hourly_processing_pipeline.transform_silver_hourly_incremental manual__2025-03-12T13:35:13.508718+00:00 [running]> on host c8e526380ef3
[2025-03-12T13:35:21.387+0000] {taskinstance.py:1662} INFO - Exporting env vars: AIRFLOW_CTX_DAG_OWNER='Andrew Tran' AIRFLOW_CTX_DAG_ID='hourly_processing_pipeline' AIRFLOW_CTX_TASK_ID='transform_silver_hourly_incremental' AIRFLOW_CTX_EXECUTION_DATE='2025-03-12T13:35:13.508718+00:00' AIRFLOW_CTX_TRY_NUMBER='1' AIRFLOW_CTX_DAG_RUN_ID='manual__2025-03-12T13:35:13.508718+00:00'
[2025-03-12T13:35:21.389+0000] {subprocess.py:63} INFO - Tmp dir root location: /tmp
[2025-03-12T13:35:21.389+0000] {subprocess.py:75} INFO - Running command: ['/bin/bash', '-c', 'cd /opt/***/dbt/playstudio_project && export WAREHOUSE_HOST=None && export WAREHOUSE_PASSWORD=None && export WAREHOUSE_USER=None && dbt run --select tag:silver_hourly_incremental --target prod']
[2025-03-12T13:35:21.394+0000] {subprocess.py:86} INFO - Output:
[2025-03-12T13:35:22.676+0000] {subprocess.py:93} INFO - [0m13:35:22  Running with dbt=1.7.18
[2025-03-12T13:35:22.780+0000] {subprocess.py:93} INFO - [0m13:35:22  Registered adapter: postgres=1.7.18
[2025-03-12T13:35:22.798+0000] {subprocess.py:93} INFO - [0m13:35:22  [[33mWARNING[0m]: Configuration paths exist in your dbt_project.yml file which do not apply to any resources.
[2025-03-12T13:35:22.798+0000] {subprocess.py:93} INFO - There are 1 unused configuration paths:
[2025-03-12T13:35:22.798+0000] {subprocess.py:93} INFO - - models.playstudio_project.bronze_layer
[2025-03-12T13:35:22.812+0000] {subprocess.py:93} INFO - [0m13:35:22  Found 3 models, 2 sources, 0 exposures, 0 metrics, 402 macros, 0 groups, 0 semantic models
[2025-03-12T13:35:22.813+0000] {subprocess.py:93} INFO - [0m13:35:22
[2025-03-12T13:35:22.880+0000] {subprocess.py:93} INFO - [0m13:35:22  Concurrency: 1 threads (target='prod')
[2025-03-12T13:35:22.880+0000] {subprocess.py:93} INFO - [0m13:35:22
[2025-03-12T13:35:22.906+0000] {subprocess.py:93} INFO - [0m13:35:22  1 of 1 START sql incremental model silver_layer.silver_spins_hourly ............ [RUN]
[2025-03-12T13:35:23.065+0000] {subprocess.py:93} INFO - [0m13:35:23  1 of 1 OK created sql incremental model silver_layer.silver_spins_hourly ....... [[32mINSERT 0 42[0m in 0.16s]
[2025-03-12T13:35:23.072+0000] {subprocess.py:93} INFO - [0m13:35:23
[2025-03-12T13:35:23.072+0000] {subprocess.py:93} INFO - [0m13:35:23  Finished running 1 incremental model in 0 hours 0 minutes and 0.26 seconds (0.26s).
[2025-03-12T13:35:23.079+0000] {subprocess.py:93} INFO - [0m13:35:23
[2025-03-12T13:35:23.079+0000] {subprocess.py:93} INFO - [0m13:35:23  [32mCompleted successfully[0m
[2025-03-12T13:35:23.079+0000] {subprocess.py:93} INFO - [0m13:35:23
[2025-03-12T13:35:23.080+0000] {subprocess.py:93} INFO - [0m13:35:23  Done. PASS=1 WARN=0 ERROR=0 SKIP=0 TOTAL=1
[2025-03-12T13:35:24.799+0000] {subprocess.py:97} INFO - Command exited with return code 0
[2025-03-12T13:35:24.838+0000] {taskinstance.py:1400} INFO - Marking task as SUCCESS. dag_id=hourly_processing_pipeline, task_id=transform_silver_hourly_incremental, execution_date=20250312T133513, start_date=20250312T133521, end_date=20250312T133524
[2025-03-12T13:35:24.876+0000] {local_task_job_runner.py:228} INFO - Task exited with return code 0
[2025-03-12T13:35:24.912+0000] {taskinstance.py:2778} INFO - 0 downstream tasks scheduled from follow-on schedule check
