[2025-03-12T14:45:26.937+0000] {taskinstance.py:1159} INFO - Dependencies all met for dep_context=non-requeueable deps ti=<TaskInstance: hourly_processing_pipeline.transform_silver_hourly_incremental manual__2025-03-12T14:45:14.422797+00:00 [queued]>
[2025-03-12T14:45:26.940+0000] {taskinstance.py:1159} INFO - Dependencies all met for dep_context=requeueable deps ti=<TaskInstance: hourly_processing_pipeline.transform_silver_hourly_incremental manual__2025-03-12T14:45:14.422797+00:00 [queued]>
[2025-03-12T14:45:26.941+0000] {taskinstance.py:1361} INFO - Starting attempt 1 of 1
[2025-03-12T14:45:27.034+0000] {taskinstance.py:1382} INFO - Executing <Task(BashOperator): transform_silver_hourly_incremental> on 2025-03-12 14:45:14.422797+00:00
[2025-03-12T14:45:27.037+0000] {standard_task_runner.py:57} INFO - Started process 37351 to run task
[2025-03-12T14:45:27.039+0000] {standard_task_runner.py:84} INFO - Running: ['***', 'tasks', 'run', 'hourly_processing_pipeline', 'transform_silver_hourly_incremental', 'manual__2025-03-12T14:45:14.422797+00:00', '--job-id', '2842', '--raw', '--subdir', 'DAGS_FOLDER/hourly_processing_pipeline.py', '--cfg-path', '/tmp/tmpylr315k4']
[2025-03-12T14:45:27.040+0000] {standard_task_runner.py:85} INFO - Job 2842: Subtask transform_silver_hourly_incremental
[2025-03-12T14:45:27.063+0000] {task_command.py:416} INFO - Running <TaskInstance: hourly_processing_pipeline.transform_silver_hourly_incremental manual__2025-03-12T14:45:14.422797+00:00 [running]> on host c8e526380ef3
[2025-03-12T14:45:27.098+0000] {taskinstance.py:1662} INFO - Exporting env vars: AIRFLOW_CTX_DAG_OWNER='Andrew Tran' AIRFLOW_CTX_DAG_ID='hourly_processing_pipeline' AIRFLOW_CTX_TASK_ID='transform_silver_hourly_incremental' AIRFLOW_CTX_EXECUTION_DATE='2025-03-12T14:45:14.422797+00:00' AIRFLOW_CTX_TRY_NUMBER='1' AIRFLOW_CTX_DAG_RUN_ID='manual__2025-03-12T14:45:14.422797+00:00'
[2025-03-12T14:45:27.098+0000] {subprocess.py:63} INFO - Tmp dir root location: /tmp
[2025-03-12T14:45:27.099+0000] {subprocess.py:75} INFO - Running command: ['/bin/bash', '-c', 'cd /opt/***/dbt/playstudio_project && export WAREHOUSE_HOST=None && export WAREHOUSE_PASSWORD=None && export WAREHOUSE_USER=None && dbt run --select tag:silver_hourly_incremental --target prod']
[2025-03-12T14:45:27.104+0000] {subprocess.py:86} INFO - Output:
[2025-03-12T14:45:28.410+0000] {subprocess.py:93} INFO - [0m14:45:28  Running with dbt=1.7.18
[2025-03-12T14:45:28.514+0000] {subprocess.py:93} INFO - [0m14:45:28  Registered adapter: postgres=1.7.18
[2025-03-12T14:45:28.537+0000] {subprocess.py:93} INFO - [0m14:45:28  [[33mWARNING[0m]: Configuration paths exist in your dbt_project.yml file which do not apply to any resources.
[2025-03-12T14:45:28.537+0000] {subprocess.py:93} INFO - There are 1 unused configuration paths:
[2025-03-12T14:45:28.537+0000] {subprocess.py:93} INFO - - models.playstudio_project.bronze_layer
[2025-03-12T14:45:28.547+0000] {subprocess.py:93} INFO - [0m14:45:28  Found 3 models, 2 sources, 0 exposures, 0 metrics, 402 macros, 0 groups, 0 semantic models
[2025-03-12T14:45:28.549+0000] {subprocess.py:93} INFO - [0m14:45:28
[2025-03-12T14:45:28.612+0000] {subprocess.py:93} INFO - [0m14:45:28  Concurrency: 1 threads (target='prod')
[2025-03-12T14:45:28.612+0000] {subprocess.py:93} INFO - [0m14:45:28
[2025-03-12T14:45:28.616+0000] {subprocess.py:93} INFO - [0m14:45:28  1 of 1 START sql incremental model silver_layer.silver_spins_hourly ............ [RUN]
[2025-03-12T14:45:28.708+0000] {subprocess.py:93} INFO - [0m14:45:28  1 of 1 OK created sql incremental model silver_layer.silver_spins_hourly ....... [[32mINSERT 0 42[0m in 0.09s]
[2025-03-12T14:45:28.716+0000] {subprocess.py:93} INFO - [0m14:45:28
[2025-03-12T14:45:28.716+0000] {subprocess.py:93} INFO - [0m14:45:28  Finished running 1 incremental model in 0 hours 0 minutes and 0.16 seconds (0.16s).
[2025-03-12T14:45:28.719+0000] {subprocess.py:93} INFO - [0m14:45:28
[2025-03-12T14:45:28.719+0000] {subprocess.py:93} INFO - [0m14:45:28  [32mCompleted successfully[0m
[2025-03-12T14:45:28.719+0000] {subprocess.py:93} INFO - [0m14:45:28
[2025-03-12T14:45:28.720+0000] {subprocess.py:93} INFO - [0m14:45:28  Done. PASS=1 WARN=0 ERROR=0 SKIP=0 TOTAL=1
[2025-03-12T14:45:30.302+0000] {subprocess.py:97} INFO - Command exited with return code 0
[2025-03-12T14:45:30.324+0000] {taskinstance.py:1400} INFO - Marking task as SUCCESS. dag_id=hourly_processing_pipeline, task_id=transform_silver_hourly_incremental, execution_date=20250312T144514, start_date=20250312T144526, end_date=20250312T144530
[2025-03-12T14:45:30.376+0000] {local_task_job_runner.py:228} INFO - Task exited with return code 0
[2025-03-12T14:45:30.390+0000] {taskinstance.py:2778} INFO - 0 downstream tasks scheduled from follow-on schedule check
