[2025-03-11T09:10:09.290+0000] {taskinstance.py:1159} INFO - Dependencies all met for dep_context=non-requeueable deps ti=<TaskInstance: ingest_bronze_layer_dag.get_task_instance_info manual__2025-03-11T09:10:06+00:00 [queued]>
[2025-03-11T09:10:09.294+0000] {taskinstance.py:1159} INFO - Dependencies all met for dep_context=requeueable deps ti=<TaskInstance: ingest_bronze_layer_dag.get_task_instance_info manual__2025-03-11T09:10:06+00:00 [queued]>
[2025-03-11T09:10:09.294+0000] {taskinstance.py:1361} INFO - Starting attempt 1 of 1
[2025-03-11T09:10:09.301+0000] {taskinstance.py:1382} INFO - Executing <Task(_PythonDecoratedOperator): get_task_instance_info> on 2025-03-11 09:10:06+00:00
[2025-03-11T09:10:09.304+0000] {standard_task_runner.py:57} INFO - Started process 7338 to run task
[2025-03-11T09:10:09.306+0000] {standard_task_runner.py:84} INFO - Running: ['***', 'tasks', 'run', 'ingest_bronze_layer_dag', 'get_task_instance_info', 'manual__2025-03-11T09:10:06+00:00', '--job-id', '173', '--raw', '--subdir', 'DAGS_FOLDER/ingesting_pipeline.py', '--cfg-path', '/tmp/tmpbpkobv28']
[2025-03-11T09:10:09.308+0000] {standard_task_runner.py:85} INFO - Job 173: Subtask get_task_instance_info
[2025-03-11T09:10:09.331+0000] {task_command.py:416} INFO - Running <TaskInstance: ingest_bronze_layer_dag.get_task_instance_info manual__2025-03-11T09:10:06+00:00 [running]> on host 41ccd9d1769c
[2025-03-11T09:10:09.537+0000] {taskinstance.py:1662} INFO - Exporting env vars: AIRFLOW_CTX_DAG_OWNER='Andrew Tran' AIRFLOW_CTX_DAG_ID='ingest_bronze_layer_dag' AIRFLOW_CTX_TASK_ID='get_task_instance_info' AIRFLOW_CTX_EXECUTION_DATE='2025-03-11T09:10:06+00:00' AIRFLOW_CTX_TRY_NUMBER='1' AIRFLOW_CTX_DAG_RUN_ID='manual__2025-03-11T09:10:06+00:00'
[2025-03-11T09:10:09.585+0000] {logging_mixin.py:154} INFO -                     dag_id                                               conf
0  ingest_bronze_layer_dag  {'is_full_refresh': False, 'backfill_start_dat...
1  ingest_bronze_layer_dag  {'is_full_refresh': True, 'backfill_start_date...
2  ingest_bronze_layer_dag                                                 {}
3  ingest_bronze_layer_dag  {'is_full_refresh': True, 'backfill_start_date...
4  ingest_bronze_layer_dag                                                 {}
[2025-03-11T09:10:59.705+0000] {local_task_job_runner.py:294} WARNING - State of this instance has been externally set to success. Terminating instance.
[2025-03-11T09:10:59.712+0000] {process_utils.py:131} INFO - Sending 15 to group 7338. PIDs of all processes in the group: [7338]
[2025-03-11T09:10:59.712+0000] {process_utils.py:86} INFO - Sending the signal 15 to group 7338
[2025-03-11T09:10:59.713+0000] {taskinstance.py:1632} ERROR - Received SIGTERM. Terminating subprocesses.
[2025-03-11T09:10:59.742+0000] {process_utils.py:79} INFO - Process psutil.Process(pid=7338, status='terminated', exitcode=0, started='09:10:08') (7338) terminated with exit code 0
