[2025-03-11T16:15:12.369+0000] {taskinstance.py:1159} INFO - Dependencies all met for dep_context=non-requeueable deps ti=<TaskInstance: ingest_bronze_layer_dag.transform_silver_5mins_incremental scheduled__2025-03-11T16:10:00+00:00 [queued]>
[2025-03-11T16:15:12.373+0000] {taskinstance.py:1159} INFO - Dependencies all met for dep_context=requeueable deps ti=<TaskInstance: ingest_bronze_layer_dag.transform_silver_5mins_incremental scheduled__2025-03-11T16:10:00+00:00 [queued]>
[2025-03-11T16:15:12.373+0000] {taskinstance.py:1361} INFO - Starting attempt 1 of 1
[2025-03-11T16:15:12.379+0000] {taskinstance.py:1382} INFO - Executing <Task(BashOperator): transform_silver_5mins_incremental> on 2025-03-11 16:10:00+00:00
[2025-03-11T16:15:12.381+0000] {standard_task_runner.py:57} INFO - Started process 561 to run task
[2025-03-11T16:15:12.383+0000] {standard_task_runner.py:84} INFO - Running: ['***', 'tasks', 'run', 'ingest_bronze_layer_dag', 'transform_silver_5mins_incremental', 'scheduled__2025-03-11T16:10:00+00:00', '--job-id', '623', '--raw', '--subdir', 'DAGS_FOLDER/ingesting_pipeline.py', '--cfg-path', '/tmp/tmp4i6zpqcu']
[2025-03-11T16:15:12.465+0000] {standard_task_runner.py:85} INFO - Job 623: Subtask transform_silver_5mins_incremental
[2025-03-11T16:15:12.483+0000] {task_command.py:416} INFO - Running <TaskInstance: ingest_bronze_layer_dag.transform_silver_5mins_incremental scheduled__2025-03-11T16:10:00+00:00 [running]> on host c8e526380ef3
[2025-03-11T16:15:12.515+0000] {taskinstance.py:1662} INFO - Exporting env vars: AIRFLOW_CTX_DAG_OWNER='Andrew Tran' AIRFLOW_CTX_DAG_ID='ingest_bronze_layer_dag' AIRFLOW_CTX_TASK_ID='transform_silver_5mins_incremental' AIRFLOW_CTX_EXECUTION_DATE='2025-03-11T16:10:00+00:00' AIRFLOW_CTX_TRY_NUMBER='1' AIRFLOW_CTX_DAG_RUN_ID='scheduled__2025-03-11T16:10:00+00:00'
[2025-03-11T16:15:12.515+0000] {subprocess.py:63} INFO - Tmp dir root location: /tmp
[2025-03-11T16:15:12.516+0000] {subprocess.py:75} INFO - Running command: ['/bin/bash', '-c', 'cd /opt/***/dbt/playstudio_project && export WAREHOUSE_HOST=None && export WAREHOUSE_PASSWORD=None && export WAREHOUSE_USER=None && dbt run --select tag:silver_5mins_incremental --target prod']
[2025-03-11T16:15:12.521+0000] {subprocess.py:86} INFO - Output:
[2025-03-11T16:15:14.170+0000] {subprocess.py:93} INFO - [0m16:15:14  Running with dbt=1.7.18
[2025-03-11T16:15:14.290+0000] {subprocess.py:93} INFO - [0m16:15:14  Registered adapter: postgres=1.7.18
[2025-03-11T16:15:14.313+0000] {subprocess.py:93} INFO - [0m16:15:14  [[33mWARNING[0m]: Configuration paths exist in your dbt_project.yml file which do not apply to any resources.
[2025-03-11T16:15:14.313+0000] {subprocess.py:93} INFO - There are 1 unused configuration paths:
[2025-03-11T16:15:14.313+0000] {subprocess.py:93} INFO - - models.playstudio_project.example
[2025-03-11T16:15:14.323+0000] {subprocess.py:93} INFO - [0m16:15:14  Found 1 model, 2 sources, 0 exposures, 0 metrics, 401 macros, 0 groups, 0 semantic models
[2025-03-11T16:15:14.324+0000] {subprocess.py:93} INFO - [0m16:15:14
[2025-03-11T16:15:34.402+0000] {subprocess.py:93} INFO - [0m16:15:34
[2025-03-11T16:15:34.408+0000] {subprocess.py:93} INFO - [0m16:15:34  Finished running  in 0 hours 0 minutes and 20.08 seconds (20.08s).
[2025-03-11T16:15:34.408+0000] {subprocess.py:93} INFO - [0m16:15:34  Encountered an error:
[2025-03-11T16:15:34.408+0000] {subprocess.py:93} INFO - Database Error
[2025-03-11T16:15:34.409+0000] {subprocess.py:93} INFO -   connection to server at "None" (125.235.4.59), port 5432 failed: timeout expired
[2025-03-11T16:15:34.409+0000] {subprocess.py:93} INFO - 
[2025-03-11T16:15:35.893+0000] {subprocess.py:97} INFO - Command exited with return code 2
[2025-03-11T16:15:35.915+0000] {taskinstance.py:1937} ERROR - Task failed with exception
Traceback (most recent call last):
  File "/home/airflow/.local/lib/python3.10/site-packages/airflow/operators/bash.py", line 210, in execute
    raise AirflowException(
airflow.exceptions.AirflowException: Bash command failed. The command returned a non-zero exit code 2.
[2025-03-11T16:15:35.919+0000] {taskinstance.py:1400} INFO - Marking task as FAILED. dag_id=ingest_bronze_layer_dag, task_id=transform_silver_5mins_incremental, execution_date=20250311T161000, start_date=20250311T161512, end_date=20250311T161535
[2025-03-11T16:15:35.949+0000] {standard_task_runner.py:104} ERROR - Failed to execute job 623 for task transform_silver_5mins_incremental (Bash command failed. The command returned a non-zero exit code 2.; 561)
[2025-03-11T16:15:35.975+0000] {local_task_job_runner.py:228} INFO - Task exited with return code 1
[2025-03-11T16:15:35.997+0000] {taskinstance.py:2778} INFO - 0 downstream tasks scheduled from follow-on schedule check
