[2025-03-13T14:08:52.414+0000] {taskinstance.py:1159} INFO - Dependencies all met for dep_context=non-requeueable deps ti=<TaskInstance: process_bronze_and_silver_layer.extract_and_load_purchases scheduled__2025-03-13T14:00:00+00:00 [queued]>
[2025-03-13T14:08:52.419+0000] {taskinstance.py:1159} INFO - Dependencies all met for dep_context=requeueable deps ti=<TaskInstance: process_bronze_and_silver_layer.extract_and_load_purchases scheduled__2025-03-13T14:00:00+00:00 [queued]>
[2025-03-13T14:08:52.419+0000] {taskinstance.py:1361} INFO - Starting attempt 1 of 1
[2025-03-13T14:08:52.613+0000] {taskinstance.py:1382} INFO - Executing <Task(_PythonDecoratedOperator): extract_and_load_purchases> on 2025-03-13 14:00:00+00:00
[2025-03-13T14:08:52.618+0000] {standard_task_runner.py:57} INFO - Started process 68639 to run task
[2025-03-13T14:08:52.620+0000] {standard_task_runner.py:84} INFO - Running: ['***', 'tasks', 'run', 'process_bronze_and_silver_layer', 'extract_and_load_purchases', 'scheduled__2025-03-13T14:00:00+00:00', '--job-id', '3340', '--raw', '--subdir', 'DAGS_FOLDER/5mins_processing_pipeline.py', '--cfg-path', '/tmp/tmpzoo8_glx']
[2025-03-13T14:08:52.624+0000] {standard_task_runner.py:85} INFO - Job 3340: Subtask extract_and_load_purchases
[2025-03-13T14:08:52.676+0000] {task_command.py:416} INFO - Running <TaskInstance: process_bronze_and_silver_layer.extract_and_load_purchases scheduled__2025-03-13T14:00:00+00:00 [running]> on host c8e526380ef3
[2025-03-13T14:08:52.718+0000] {taskinstance.py:1662} INFO - Exporting env vars: AIRFLOW_CTX_DAG_OWNER='Andrew Tran' AIRFLOW_CTX_DAG_ID='process_bronze_and_silver_layer' AIRFLOW_CTX_TASK_ID='extract_and_load_purchases' AIRFLOW_CTX_EXECUTION_DATE='2025-03-13T14:00:00+00:00' AIRFLOW_CTX_TRY_NUMBER='1' AIRFLOW_CTX_DAG_RUN_ID='scheduled__2025-03-13T14:00:00+00:00'
[2025-03-13T14:08:52.724+0000] {5mins_processing_pipeline.py:311} INFO - Running extract_and_load_purchases in full refresh mode
[2025-03-13T14:08:52.724+0000] {5mins_processing_pipeline.py:318} INFO - First run - fetching all data
[2025-03-13T14:08:52.724+0000] {pipeline_utils.py:98} INFO - Executing query: 
            SELECT *, NOW() as extracted_at
            FROM app_source.purchases_data
            WHERE 1=1
        
[2025-03-13T14:08:52.727+0000] {base.py:73} INFO - Using connection ID 'postgres_source_db' for task execution.
[2025-03-13T14:08:52.732+0000] {warnings.py:109} WARNING - /opt/***/dags/utils/pipeline_utils.py:102: UserWarning: pandas only supports SQLAlchemy connectable (engine/connection) or database string URI or sqlite3 DBAPI2 connection. Other DBAPI2 objects are not tested. Please consider using SQLAlchemy.
  df = pd.read_sql(query, conn)

[2025-03-13T14:08:52.738+0000] {pipeline_utils.py:103} INFO - Query executed successfully. Retrieved 38 rows.
[2025-03-13T14:08:52.739+0000] {5mins_processing_pipeline.py:347} INFO - Retrieved 38 rows of data
[2025-03-13T14:08:52.740+0000] {5mins_processing_pipeline.py:351} INFO - Date range in result: 2025-03-13 08:27:13.232441 to 2025-03-13 08:27:13.232441
[2025-03-13T14:08:52.741+0000] {pipeline_utils.py:170} INFO - Loading 38 rows into bronze_layer.bronze_purchases
[2025-03-13T14:08:52.745+0000] {base.py:73} INFO - Using connection ID 'postgres_warehouse_db' for task execution.
[2025-03-13T14:08:52.756+0000] {pipeline_utils.py:181} INFO - Successfully loaded 38 rows into bronze_layer.bronze_purchases
[2025-03-13T14:08:52.756+0000] {5mins_processing_pipeline.py:365} INFO - Inserted 38 rows into bronze_layer.bronze_purchases
[2025-03-13T14:08:52.756+0000] {python.py:194} INFO - Done. Returned value was: Inserted 38 rows into bronze_layer.bronze_purchases
[2025-03-13T14:08:52.767+0000] {taskinstance.py:1400} INFO - Marking task as SUCCESS. dag_id=process_bronze_and_silver_layer, task_id=extract_and_load_purchases, execution_date=20250313T140000, start_date=20250313T140852, end_date=20250313T140852
[2025-03-13T14:08:52.804+0000] {local_task_job_runner.py:228} INFO - Task exited with return code 0
[2025-03-13T14:08:52.832+0000] {taskinstance.py:2778} INFO - 1 downstream tasks scheduled from follow-on schedule check
