[2025-03-12T03:00:04.389+0000] {taskinstance.py:1159} INFO - Dependencies all met for dep_context=non-requeueable deps ti=<TaskInstance: process_bronze_and_silver_layer.extract_and_load_purchases scheduled__2025-03-12T02:55:00+00:00 [queued]>
[2025-03-12T03:00:04.393+0000] {taskinstance.py:1159} INFO - Dependencies all met for dep_context=requeueable deps ti=<TaskInstance: process_bronze_and_silver_layer.extract_and_load_purchases scheduled__2025-03-12T02:55:00+00:00 [queued]>
[2025-03-12T03:00:04.393+0000] {taskinstance.py:1361} INFO - Starting attempt 1 of 1
[2025-03-12T03:00:04.470+0000] {taskinstance.py:1382} INFO - Executing <Task(_PythonDecoratedOperator): extract_and_load_purchases> on 2025-03-12 02:55:00+00:00
[2025-03-12T03:00:04.472+0000] {standard_task_runner.py:57} INFO - Started process 10285 to run task
[2025-03-12T03:00:04.474+0000] {standard_task_runner.py:84} INFO - Running: ['***', 'tasks', 'run', 'process_bronze_and_silver_layer', 'extract_and_load_purchases', 'scheduled__2025-03-12T02:55:00+00:00', '--job-id', '985', '--raw', '--subdir', 'DAGS_FOLDER/5mins_processing_pipeline.py', '--cfg-path', '/tmp/tmpwfpegj3v']
[2025-03-12T03:00:04.476+0000] {standard_task_runner.py:85} INFO - Job 985: Subtask extract_and_load_purchases
[2025-03-12T03:00:04.494+0000] {task_command.py:416} INFO - Running <TaskInstance: process_bronze_and_silver_layer.extract_and_load_purchases scheduled__2025-03-12T02:55:00+00:00 [running]> on host c8e526380ef3
[2025-03-12T03:00:04.527+0000] {taskinstance.py:1662} INFO - Exporting env vars: AIRFLOW_CTX_DAG_OWNER='Andrew Tran' AIRFLOW_CTX_DAG_ID='process_bronze_and_silver_layer' AIRFLOW_CTX_TASK_ID='extract_and_load_purchases' AIRFLOW_CTX_EXECUTION_DATE='2025-03-12T02:55:00+00:00' AIRFLOW_CTX_TRY_NUMBER='1' AIRFLOW_CTX_DAG_RUN_ID='scheduled__2025-03-12T02:55:00+00:00'
[2025-03-12T03:00:04.530+0000] {5mins_processing_pipeline.py:400} INFO - Running extract_and_load_purchases in incremental mode
[2025-03-12T03:00:04.535+0000] {5mins_processing_pipeline.py:420} INFO - Incremental mode - fetching data updated after: 2025-03-11 17:53:01.583618
[2025-03-12T03:00:04.535+0000] {5mins_processing_pipeline.py:98} INFO - Executing query: 
            SELECT *, NOW() as extracted_at
            FROM app_source.purchases_data
            WHERE updated_at > '2025-03-11 17:53:01.583618'
            ORDER BY updated_at
        
[2025-03-12T03:00:04.539+0000] {base.py:73} INFO - Using connection ID 'postgres_source_db' for task execution.
[2025-03-12T03:00:04.543+0000] {warnings.py:109} WARNING - /opt/***/dags/5mins_processing_pipeline.py:101: UserWarning: pandas only supports SQLAlchemy connectable (engine/connection) or database string URI or sqlite3 DBAPI2 connection. Other DBAPI2 objects are not tested. Please consider using SQLAlchemy.
  df = pd.read_sql(query, conn)

[2025-03-12T03:00:04.546+0000] {5mins_processing_pipeline.py:102} INFO - Query executed successfully. Retrieved 0 rows.
[2025-03-12T03:00:04.546+0000] {5mins_processing_pipeline.py:435} INFO - Retrieved 0 rows of data
[2025-03-12T03:00:04.546+0000] {5mins_processing_pipeline.py:151} INFO - No data to insert into bronze_layer.bronze_purchases
[2025-03-12T03:00:04.546+0000] {5mins_processing_pipeline.py:453} INFO - Inserted 0 rows into bronze_layer.bronze_purchases
[2025-03-12T03:00:04.546+0000] {python.py:194} INFO - Done. Returned value was: Inserted 0 rows into bronze_layer.bronze_purchases
[2025-03-12T03:00:04.554+0000] {taskinstance.py:1400} INFO - Marking task as SUCCESS. dag_id=process_bronze_and_silver_layer, task_id=extract_and_load_purchases, execution_date=20250312T025500, start_date=20250312T030004, end_date=20250312T030004
[2025-03-12T03:00:04.571+0000] {local_task_job_runner.py:228} INFO - Task exited with return code 0
[2025-03-12T03:00:04.584+0000] {taskinstance.py:2778} INFO - 1 downstream tasks scheduled from follow-on schedule check
