[2025-03-12T09:55:11.481+0000] {taskinstance.py:1159} INFO - Dependencies all met for dep_context=non-requeueable deps ti=<TaskInstance: process_bronze_and_silver_layer.transform_silver_5mins_incremental scheduled__2025-03-12T09:50:00+00:00 [queued]>
[2025-03-12T09:55:11.486+0000] {taskinstance.py:1159} INFO - Dependencies all met for dep_context=requeueable deps ti=<TaskInstance: process_bronze_and_silver_layer.transform_silver_5mins_incremental scheduled__2025-03-12T09:50:00+00:00 [queued]>
[2025-03-12T09:55:11.486+0000] {taskinstance.py:1361} INFO - Starting attempt 1 of 1
[2025-03-12T09:55:11.846+0000] {taskinstance.py:1382} INFO - Executing <Task(BashOperator): transform_silver_5mins_incremental> on 2025-03-12 09:50:00+00:00
[2025-03-12T09:55:11.851+0000] {standard_task_runner.py:57} INFO - Started process 28188 to run task
[2025-03-12T09:55:11.854+0000] {standard_task_runner.py:84} INFO - Running: ['***', 'tasks', 'run', 'process_bronze_and_silver_layer', 'transform_silver_5mins_incremental', 'scheduled__2025-03-12T09:50:00+00:00', '--job-id', '2305', '--raw', '--subdir', 'DAGS_FOLDER/5mins_processing_pipeline.py', '--cfg-path', '/tmp/tmpffe437zp']
[2025-03-12T09:55:11.857+0000] {standard_task_runner.py:85} INFO - Job 2305: Subtask transform_silver_5mins_incremental
[2025-03-12T09:55:11.891+0000] {task_command.py:416} INFO - Running <TaskInstance: process_bronze_and_silver_layer.transform_silver_5mins_incremental scheduled__2025-03-12T09:50:00+00:00 [running]> on host c8e526380ef3
[2025-03-12T09:55:11.985+0000] {taskinstance.py:1662} INFO - Exporting env vars: AIRFLOW_CTX_DAG_OWNER='Andrew Tran' AIRFLOW_CTX_DAG_ID='process_bronze_and_silver_layer' AIRFLOW_CTX_TASK_ID='transform_silver_5mins_incremental' AIRFLOW_CTX_EXECUTION_DATE='2025-03-12T09:50:00+00:00' AIRFLOW_CTX_TRY_NUMBER='1' AIRFLOW_CTX_DAG_RUN_ID='scheduled__2025-03-12T09:50:00+00:00'
[2025-03-12T09:55:11.986+0000] {subprocess.py:63} INFO - Tmp dir root location: /tmp
[2025-03-12T09:55:11.987+0000] {subprocess.py:75} INFO - Running command: ['/bin/bash', '-c', 'cd /opt/***/dbt/playstudio_project && export WAREHOUSE_HOST=None && export WAREHOUSE_PASSWORD=None && export WAREHOUSE_USER=None && dbt run --select tag:silver_5mins_incremental --target prod']
[2025-03-12T09:55:11.993+0000] {subprocess.py:86} INFO - Output:
[2025-03-12T09:55:14.074+0000] {subprocess.py:93} INFO - [0m09:55:14  Running with dbt=1.7.18
[2025-03-12T09:55:14.193+0000] {subprocess.py:93} INFO - [0m09:55:14  Registered adapter: postgres=1.7.18
[2025-03-12T09:55:14.215+0000] {subprocess.py:93} INFO - [0m09:55:14  [[33mWARNING[0m]: Configuration paths exist in your dbt_project.yml file which do not apply to any resources.
[2025-03-12T09:55:14.216+0000] {subprocess.py:93} INFO - There are 1 unused configuration paths:
[2025-03-12T09:55:14.216+0000] {subprocess.py:93} INFO - - models.playstudio_project.example
[2025-03-12T09:55:14.227+0000] {subprocess.py:93} INFO - [0m09:55:14  Found 3 models, 2 sources, 0 exposures, 0 metrics, 401 macros, 0 groups, 0 semantic models
[2025-03-12T09:55:14.228+0000] {subprocess.py:93} INFO - [0m09:55:14
[2025-03-12T09:55:14.312+0000] {subprocess.py:93} INFO - [0m09:55:14  Concurrency: 1 threads (target='prod')
[2025-03-12T09:55:14.313+0000] {subprocess.py:93} INFO - [0m09:55:14
[2025-03-12T09:55:14.319+0000] {subprocess.py:93} INFO - [0m09:55:14  1 of 1 START sql incremental model silver_layer.silver_purchases ............... [RUN]
[2025-03-12T09:55:14.437+0000] {subprocess.py:93} INFO - [0m09:55:14  1 of 1 OK created sql incremental model silver_layer.silver_purchases .......... [[32mINSERT 0 36[0m in 0.12s]
[2025-03-12T09:55:14.444+0000] {subprocess.py:93} INFO - [0m09:55:14
[2025-03-12T09:55:14.445+0000] {subprocess.py:93} INFO - [0m09:55:14  Finished running 1 incremental model in 0 hours 0 minutes and 0.22 seconds (0.22s).
[2025-03-12T09:55:14.450+0000] {subprocess.py:93} INFO - [0m09:55:14
[2025-03-12T09:55:14.451+0000] {subprocess.py:93} INFO - [0m09:55:14  [32mCompleted successfully[0m
[2025-03-12T09:55:14.451+0000] {subprocess.py:93} INFO - [0m09:55:14
[2025-03-12T09:55:14.452+0000] {subprocess.py:93} INFO - [0m09:55:14  Done. PASS=1 WARN=0 ERROR=0 SKIP=0 TOTAL=1
[2025-03-12T09:55:16.135+0000] {subprocess.py:97} INFO - Command exited with return code 0
[2025-03-12T09:55:16.183+0000] {taskinstance.py:1400} INFO - Marking task as SUCCESS. dag_id=process_bronze_and_silver_layer, task_id=transform_silver_5mins_incremental, execution_date=20250312T095000, start_date=20250312T095511, end_date=20250312T095516
[2025-03-12T09:55:16.237+0000] {local_task_job_runner.py:228} INFO - Task exited with return code 0
[2025-03-12T09:55:16.309+0000] {taskinstance.py:2778} INFO - 1 downstream tasks scheduled from follow-on schedule check
