[2025-03-12T15:19:54.645+0000] {taskinstance.py:1159} INFO - Dependencies all met for dep_context=non-requeueable deps ti=<TaskInstance: process_bronze_and_silver_layer.transform_silver_full_refresh manual__2025-03-12T15:19:41+00:00 [queued]>
[2025-03-12T15:19:54.650+0000] {taskinstance.py:1159} INFO - Dependencies all met for dep_context=requeueable deps ti=<TaskInstance: process_bronze_and_silver_layer.transform_silver_full_refresh manual__2025-03-12T15:19:41+00:00 [queued]>
[2025-03-12T15:19:54.650+0000] {taskinstance.py:1361} INFO - Starting attempt 1 of 1
[2025-03-12T15:19:54.774+0000] {taskinstance.py:1382} INFO - Executing <Task(BashOperator): transform_silver_full_refresh> on 2025-03-12 15:19:41+00:00
[2025-03-12T15:19:54.779+0000] {standard_task_runner.py:57} INFO - Started process 39021 to run task
[2025-03-12T15:19:54.781+0000] {standard_task_runner.py:84} INFO - Running: ['***', 'tasks', 'run', 'process_bronze_and_silver_layer', 'transform_silver_full_refresh', 'manual__2025-03-12T15:19:41+00:00', '--job-id', '2940', '--raw', '--subdir', 'DAGS_FOLDER/5mins_processing_pipeline.py', '--cfg-path', '/tmp/tmp92bjou_c']
[2025-03-12T15:19:54.783+0000] {standard_task_runner.py:85} INFO - Job 2940: Subtask transform_silver_full_refresh
[2025-03-12T15:19:54.808+0000] {task_command.py:416} INFO - Running <TaskInstance: process_bronze_and_silver_layer.transform_silver_full_refresh manual__2025-03-12T15:19:41+00:00 [running]> on host c8e526380ef3
[2025-03-12T15:19:54.842+0000] {taskinstance.py:1662} INFO - Exporting env vars: AIRFLOW_CTX_DAG_OWNER='Andrew Tran' AIRFLOW_CTX_DAG_ID='process_bronze_and_silver_layer' AIRFLOW_CTX_TASK_ID='transform_silver_full_refresh' AIRFLOW_CTX_EXECUTION_DATE='2025-03-12T15:19:41+00:00' AIRFLOW_CTX_TRY_NUMBER='1' AIRFLOW_CTX_DAG_RUN_ID='manual__2025-03-12T15:19:41+00:00'
[2025-03-12T15:19:54.843+0000] {subprocess.py:63} INFO - Tmp dir root location: /tmp
[2025-03-12T15:19:54.843+0000] {subprocess.py:75} INFO - Running command: ['/bin/bash', '-c', 'cd /opt/***/dbt/playstudio_project && export WAREHOUSE_HOST=None && export WAREHOUSE_PASSWORD=None && export WAREHOUSE_USER=None && dbt run --select tag:silver_5mins_incremental --target prod --full-refresh']
[2025-03-12T15:19:54.851+0000] {subprocess.py:86} INFO - Output:
[2025-03-12T15:19:58.587+0000] {subprocess.py:93} INFO - [0m15:19:58  Running with dbt=1.7.18
[2025-03-12T15:19:58.694+0000] {subprocess.py:93} INFO - [0m15:19:58  Registered adapter: postgres=1.7.18
[2025-03-12T15:19:58.755+0000] {subprocess.py:93} INFO - [0m15:19:58  [[33mWARNING[0m]: Configuration paths exist in your dbt_project.yml file which do not apply to any resources.
[2025-03-12T15:19:58.756+0000] {subprocess.py:93} INFO - There are 1 unused configuration paths:
[2025-03-12T15:19:58.756+0000] {subprocess.py:93} INFO - - models.playstudio_project.bronze_layer
[2025-03-12T15:19:58.772+0000] {subprocess.py:93} INFO - [0m15:19:58  Found 3 models, 2 sources, 0 exposures, 0 metrics, 402 macros, 0 groups, 0 semantic models
[2025-03-12T15:19:58.773+0000] {subprocess.py:93} INFO - [0m15:19:58
[2025-03-12T15:19:58.853+0000] {subprocess.py:93} INFO - [0m15:19:58  Concurrency: 1 threads (target='prod')
[2025-03-12T15:19:58.853+0000] {subprocess.py:93} INFO - [0m15:19:58
[2025-03-12T15:19:58.859+0000] {subprocess.py:93} INFO - [0m15:19:58  1 of 1 START sql incremental model silver_layer.silver_purchases ............... [RUN]
[2025-03-12T15:19:58.961+0000] {subprocess.py:93} INFO - [0m15:19:58  1 of 1 OK created sql incremental model silver_layer.silver_purchases .......... [[32mSELECT 36[0m in 0.10s]
[2025-03-12T15:19:58.979+0000] {subprocess.py:93} INFO - [0m15:19:58
[2025-03-12T15:19:58.984+0000] {subprocess.py:93} INFO - [0m15:19:58  Finished running 1 incremental model in 0 hours 0 minutes and 0.21 seconds (0.21s).
[2025-03-12T15:19:58.990+0000] {subprocess.py:93} INFO - [0m15:19:58
[2025-03-12T15:19:58.991+0000] {subprocess.py:93} INFO - [0m15:19:58  [32mCompleted successfully[0m
[2025-03-12T15:19:58.993+0000] {subprocess.py:93} INFO - [0m15:19:58
[2025-03-12T15:19:58.994+0000] {subprocess.py:93} INFO - [0m15:19:58  Done. PASS=1 WARN=0 ERROR=0 SKIP=0 TOTAL=1
[2025-03-12T15:20:00.484+0000] {subprocess.py:97} INFO - Command exited with return code 0
[2025-03-12T15:20:00.520+0000] {taskinstance.py:1400} INFO - Marking task as SUCCESS. dag_id=process_bronze_and_silver_layer, task_id=transform_silver_full_refresh, execution_date=20250312T151941, start_date=20250312T151954, end_date=20250312T152000
[2025-03-12T15:20:00.545+0000] {local_task_job_runner.py:228} INFO - Task exited with return code 0
[2025-03-12T15:20:00.586+0000] {taskinstance.py:2778} INFO - 1 downstream tasks scheduled from follow-on schedule check
