[2025-03-13T17:08:32.087+0000] {taskinstance.py:1159} INFO - Dependencies all met for dep_context=non-requeueable deps ti=<TaskInstance: hourly_processing_pipeline.aggregate_final_table_incremental manual__2025-03-13T17:08:05.473264+00:00 [queued]>
[2025-03-13T17:08:32.091+0000] {taskinstance.py:1159} INFO - Dependencies all met for dep_context=requeueable deps ti=<TaskInstance: hourly_processing_pipeline.aggregate_final_table_incremental manual__2025-03-13T17:08:05.473264+00:00 [queued]>
[2025-03-13T17:08:32.091+0000] {taskinstance.py:1361} INFO - Starting attempt 1 of 1
[2025-03-13T17:08:32.098+0000] {taskinstance.py:1382} INFO - Executing <Task(BashOperator): aggregate_final_table_incremental> on 2025-03-13 17:08:05.473264+00:00
[2025-03-13T17:08:32.101+0000] {standard_task_runner.py:57} INFO - Started process 76540 to run task
[2025-03-13T17:08:32.105+0000] {standard_task_runner.py:84} INFO - Running: ['***', 'tasks', 'run', 'hourly_processing_pipeline', 'aggregate_final_table_incremental', 'manual__2025-03-13T17:08:05.473264+00:00', '--job-id', '3618', '--raw', '--subdir', 'DAGS_FOLDER/hourly_processing_pipeline.py', '--cfg-path', '/tmp/tmpz6tldgm_']
[2025-03-13T17:08:32.108+0000] {standard_task_runner.py:85} INFO - Job 3618: Subtask aggregate_final_table_incremental
[2025-03-13T17:08:32.152+0000] {task_command.py:416} INFO - Running <TaskInstance: hourly_processing_pipeline.aggregate_final_table_incremental manual__2025-03-13T17:08:05.473264+00:00 [running]> on host c8e526380ef3
[2025-03-13T17:08:32.215+0000] {taskinstance.py:1662} INFO - Exporting env vars: AIRFLOW_CTX_DAG_OWNER='Andrew Tran' AIRFLOW_CTX_DAG_ID='hourly_processing_pipeline' AIRFLOW_CTX_TASK_ID='aggregate_final_table_incremental' AIRFLOW_CTX_EXECUTION_DATE='2025-03-13T17:08:05.473264+00:00' AIRFLOW_CTX_TRY_NUMBER='1' AIRFLOW_CTX_DAG_RUN_ID='manual__2025-03-13T17:08:05.473264+00:00'
[2025-03-13T17:08:32.217+0000] {subprocess.py:63} INFO - Tmp dir root location: /tmp
[2025-03-13T17:08:32.217+0000] {subprocess.py:75} INFO - Running command: ['/bin/bash', '-c', 'cd /opt/***/dbt/playstudio_project && export WAREHOUSE_HOST=None && export WAREHOUSE_PASSWORD=None && export WAREHOUSE_USER=None && dbt deps && dbt run --select tag:gold_layer --target prod']
[2025-03-13T17:08:32.228+0000] {subprocess.py:86} INFO - Output:
[2025-03-13T17:08:33.729+0000] {subprocess.py:93} INFO - [0m17:08:33  Running with dbt=1.7.18
[2025-03-13T17:08:34.127+0000] {subprocess.py:93} INFO - [0m17:08:34  Installing dbt-labs/dbt_utils
[2025-03-13T17:08:34.751+0000] {subprocess.py:93} INFO - [0m17:08:34  Installed from version 1.1.1
[2025-03-13T17:08:34.754+0000] {subprocess.py:93} INFO - [0m17:08:34  Updated version available: 1.3.0
[2025-03-13T17:08:34.754+0000] {subprocess.py:93} INFO - [0m17:08:34  Installing metaplane/dbt_expectations
[2025-03-13T17:08:37.527+0000] {subprocess.py:93} INFO - [0m17:08:37  Installed from version 0.10.8
[2025-03-13T17:08:37.532+0000] {subprocess.py:93} INFO - [0m17:08:37  Up to date!
[2025-03-13T17:08:37.532+0000] {subprocess.py:93} INFO - [0m17:08:37  Installing godatadriven/dbt_date
[2025-03-13T17:08:38.155+0000] {subprocess.py:93} INFO - [0m17:08:38  Installed from version 0.11.0
[2025-03-13T17:08:38.157+0000] {subprocess.py:93} INFO - [0m17:08:38  Up to date!
[2025-03-13T17:08:38.157+0000] {subprocess.py:93} INFO - [0m17:08:38
[2025-03-13T17:08:38.157+0000] {subprocess.py:93} INFO - [0m17:08:38  Updates available for packages: ['dbt-labs/dbt_utils']
[2025-03-13T17:08:38.157+0000] {subprocess.py:93} INFO - Update your versions in packages.yml, then run dbt deps
[2025-03-13T17:08:42.197+0000] {subprocess.py:93} INFO - [0m17:08:42  Running with dbt=1.7.18
[2025-03-13T17:08:42.424+0000] {subprocess.py:93} INFO - [0m17:08:42  Registered adapter: postgres=1.7.18
[2025-03-13T17:08:42.632+0000] {subprocess.py:93} INFO - [0m17:08:42  [[33mWARNING[0m]: Configuration paths exist in your dbt_project.yml file which do not apply to any resources.
[2025-03-13T17:08:42.633+0000] {subprocess.py:93} INFO - There are 1 unused configuration paths:
[2025-03-13T17:08:42.633+0000] {subprocess.py:93} INFO - - models.playstudio_project.bronze_layer
[2025-03-13T17:08:42.657+0000] {subprocess.py:93} INFO - [0m17:08:42  Found 3 models, 67 tests, 2 sources, 0 exposures, 0 metrics, 783 macros, 0 groups, 0 semantic models
[2025-03-13T17:08:42.660+0000] {subprocess.py:93} INFO - [0m17:08:42
[2025-03-13T17:08:42.727+0000] {subprocess.py:93} INFO - [0m17:08:42  Concurrency: 1 threads (target='prod')
[2025-03-13T17:08:42.728+0000] {subprocess.py:93} INFO - [0m17:08:42
[2025-03-13T17:08:42.734+0000] {subprocess.py:93} INFO - [0m17:08:42  1 of 1 START sql incremental model gold_layer.aggregated_final_table ........... [RUN]
[2025-03-13T17:08:42.844+0000] {subprocess.py:93} INFO - [0m17:08:42  1 of 1 OK created sql incremental model gold_layer.aggregated_final_table ...... [[32mINSERT 0 1[0m in 0.11s]
[2025-03-13T17:08:42.853+0000] {subprocess.py:93} INFO - [0m17:08:42
[2025-03-13T17:08:42.854+0000] {subprocess.py:93} INFO - [0m17:08:42  Finished running 1 incremental model in 0 hours 0 minutes and 0.19 seconds (0.19s).
[2025-03-13T17:08:42.864+0000] {subprocess.py:93} INFO - [0m17:08:42
[2025-03-13T17:08:42.864+0000] {subprocess.py:93} INFO - [0m17:08:42  [32mCompleted successfully[0m
[2025-03-13T17:08:42.866+0000] {subprocess.py:93} INFO - [0m17:08:42
[2025-03-13T17:08:42.866+0000] {subprocess.py:93} INFO - [0m17:08:42  Done. PASS=1 WARN=0 ERROR=0 SKIP=0 TOTAL=1
[2025-03-13T17:08:44.659+0000] {subprocess.py:97} INFO - Command exited with return code 0
[2025-03-13T17:08:44.755+0000] {taskinstance.py:1400} INFO - Marking task as SUCCESS. dag_id=hourly_processing_pipeline, task_id=aggregate_final_table_incremental, execution_date=20250313T170805, start_date=20250313T170832, end_date=20250313T170844
[2025-03-13T17:08:44.801+0000] {local_task_job_runner.py:228} INFO - Task exited with return code 0
[2025-03-13T17:08:44.842+0000] {taskinstance.py:2778} INFO - 0 downstream tasks scheduled from follow-on schedule check
