[2025-03-11T16:25:16.840+0000] {taskinstance.py:1159} INFO - Dependencies all met for dep_context=non-requeueable deps ti=<TaskInstance: ingest_bronze_layer_dag.check_refresh_mode manual__2025-03-11T16:25:04+00:00 [queued]>
[2025-03-11T16:25:16.845+0000] {taskinstance.py:1159} INFO - Dependencies all met for dep_context=requeueable deps ti=<TaskInstance: ingest_bronze_layer_dag.check_refresh_mode manual__2025-03-11T16:25:04+00:00 [queued]>
[2025-03-11T16:25:16.845+0000] {taskinstance.py:1361} INFO - Starting attempt 1 of 1
[2025-03-11T16:25:16.855+0000] {taskinstance.py:1382} INFO - Executing <Task(_PythonDecoratedOperator): check_refresh_mode> on 2025-03-11 16:25:04+00:00
[2025-03-11T16:25:16.859+0000] {standard_task_runner.py:57} INFO - Started process 1036 to run task
[2025-03-11T16:25:16.862+0000] {standard_task_runner.py:84} INFO - Running: ['***', 'tasks', 'run', 'ingest_bronze_layer_dag', 'check_refresh_mode', 'manual__2025-03-11T16:25:04+00:00', '--job-id', '645', '--raw', '--subdir', 'DAGS_FOLDER/ingesting_pipeline.py', '--cfg-path', '/tmp/tmpwd0vgjlg']
[2025-03-11T16:25:16.864+0000] {standard_task_runner.py:85} INFO - Job 645: Subtask check_refresh_mode
[2025-03-11T16:25:16.896+0000] {task_command.py:416} INFO - Running <TaskInstance: ingest_bronze_layer_dag.check_refresh_mode manual__2025-03-11T16:25:04+00:00 [running]> on host c8e526380ef3
[2025-03-11T16:25:17.304+0000] {taskinstance.py:1662} INFO - Exporting env vars: AIRFLOW_CTX_DAG_OWNER='Andrew Tran' AIRFLOW_CTX_DAG_ID='ingest_bronze_layer_dag' AIRFLOW_CTX_TASK_ID='check_refresh_mode' AIRFLOW_CTX_EXECUTION_DATE='2025-03-11T16:25:04+00:00' AIRFLOW_CTX_TRY_NUMBER='1' AIRFLOW_CTX_DAG_RUN_ID='manual__2025-03-11T16:25:04+00:00'
[2025-03-11T16:25:17.305+0000] {ingesting_pipeline.py:199} INFO - Refresh mode: Incremental
[2025-03-11T16:25:17.305+0000] {ingesting_pipeline.py:121} INFO - Getting latest updated_at from bronze_layer.bronze_purchases
[2025-03-11T16:25:17.305+0000] {ingesting_pipeline.py:94} INFO - Executing query: SELECT MAX(updated_at) FROM bronze_layer.bronze_purchases
[2025-03-11T16:25:17.312+0000] {base.py:73} INFO - Using connection ID 'postgres_warehouse_db' for task execution.
[2025-03-11T16:25:17.321+0000] {warnings.py:109} WARNING - /opt/***/dags/ingesting_pipeline.py:97: UserWarning: pandas only supports SQLAlchemy connectable (engine/connection) or database string URI or sqlite3 DBAPI2 connection. Other DBAPI2 objects are not tested. Please consider using SQLAlchemy.
  df = pd.read_sql(query, conn)

[2025-03-11T16:25:17.325+0000] {ingesting_pipeline.py:98} INFO - Query executed successfully. Retrieved 1 rows.
[2025-03-11T16:25:17.326+0000] {ingesting_pipeline.py:129} INFO - Latest updated_at: 2025-03-11 05:11:10.736496
[2025-03-11T16:25:17.326+0000] {python.py:194} INFO - Done. Returned value was: {'is_full_refresh': False, 'latest_updated_at': '2025-03-11 05:11:10.736496', 'is_first_run': False}
[2025-03-11T16:25:17.353+0000] {taskinstance.py:1400} INFO - Marking task as SUCCESS. dag_id=ingest_bronze_layer_dag, task_id=check_refresh_mode, execution_date=20250311T162504, start_date=20250311T162516, end_date=20250311T162517
[2025-03-11T16:25:17.377+0000] {local_task_job_runner.py:228} INFO - Task exited with return code 0
[2025-03-11T16:25:17.740+0000] {taskinstance.py:2778} INFO - 1 downstream tasks scheduled from follow-on schedule check
