[2025-03-11T16:20:05.623+0000] {taskinstance.py:1159} INFO - Dependencies all met for dep_context=non-requeueable deps ti=<TaskInstance: ingest_bronze_layer_dag.transform_silver_5mins_incremental scheduled__2025-03-11T16:15:00+00:00 [queued]>
[2025-03-11T16:20:05.627+0000] {taskinstance.py:1159} INFO - Dependencies all met for dep_context=requeueable deps ti=<TaskInstance: ingest_bronze_layer_dag.transform_silver_5mins_incremental scheduled__2025-03-11T16:15:00+00:00 [queued]>
[2025-03-11T16:20:05.627+0000] {taskinstance.py:1361} INFO - Starting attempt 1 of 1
[2025-03-11T16:20:05.634+0000] {taskinstance.py:1382} INFO - Executing <Task(BashOperator): transform_silver_5mins_incremental> on 2025-03-11 16:15:00+00:00
[2025-03-11T16:20:05.636+0000] {standard_task_runner.py:57} INFO - Started process 806 to run task
[2025-03-11T16:20:05.638+0000] {standard_task_runner.py:84} INFO - Running: ['***', 'tasks', 'run', 'ingest_bronze_layer_dag', 'transform_silver_5mins_incremental', 'scheduled__2025-03-11T16:15:00+00:00', '--job-id', '638', '--raw', '--subdir', 'DAGS_FOLDER/ingesting_pipeline.py', '--cfg-path', '/tmp/tmpfgdrwznj']
[2025-03-11T16:20:05.731+0000] {standard_task_runner.py:85} INFO - Job 638: Subtask transform_silver_5mins_incremental
[2025-03-11T16:20:05.748+0000] {task_command.py:416} INFO - Running <TaskInstance: ingest_bronze_layer_dag.transform_silver_5mins_incremental scheduled__2025-03-11T16:15:00+00:00 [running]> on host c8e526380ef3
[2025-03-11T16:20:05.776+0000] {taskinstance.py:1662} INFO - Exporting env vars: AIRFLOW_CTX_DAG_OWNER='Andrew Tran' AIRFLOW_CTX_DAG_ID='ingest_bronze_layer_dag' AIRFLOW_CTX_TASK_ID='transform_silver_5mins_incremental' AIRFLOW_CTX_EXECUTION_DATE='2025-03-11T16:15:00+00:00' AIRFLOW_CTX_TRY_NUMBER='1' AIRFLOW_CTX_DAG_RUN_ID='scheduled__2025-03-11T16:15:00+00:00'
[2025-03-11T16:20:05.776+0000] {subprocess.py:63} INFO - Tmp dir root location: /tmp
[2025-03-11T16:20:05.777+0000] {subprocess.py:75} INFO - Running command: ['/bin/bash', '-c', 'cd /opt/***/dbt/playstudio_project && export WAREHOUSE_HOST=None && export WAREHOUSE_PASSWORD=None && export WAREHOUSE_USER=None && dbt run --select tag:silver_5mins_incremental --target prod']
[2025-03-11T16:20:05.783+0000] {subprocess.py:86} INFO - Output:
[2025-03-11T16:20:07.077+0000] {subprocess.py:93} INFO - [0m16:20:07  Running with dbt=1.7.18
[2025-03-11T16:20:07.180+0000] {subprocess.py:93} INFO - [0m16:20:07  Registered adapter: postgres=1.7.18
[2025-03-11T16:20:07.200+0000] {subprocess.py:93} INFO - [0m16:20:07  [[33mWARNING[0m]: Configuration paths exist in your dbt_project.yml file which do not apply to any resources.
[2025-03-11T16:20:07.200+0000] {subprocess.py:93} INFO - There are 1 unused configuration paths:
[2025-03-11T16:20:07.200+0000] {subprocess.py:93} INFO - - models.playstudio_project.example
[2025-03-11T16:20:07.209+0000] {subprocess.py:93} INFO - [0m16:20:07  Found 1 model, 2 sources, 0 exposures, 0 metrics, 401 macros, 0 groups, 0 semantic models
[2025-03-11T16:20:07.210+0000] {subprocess.py:93} INFO - [0m16:20:07
[2025-03-11T16:20:07.270+0000] {subprocess.py:93} INFO - [0m16:20:07  Concurrency: 1 threads (target='prod')
[2025-03-11T16:20:07.270+0000] {subprocess.py:93} INFO - [0m16:20:07
[2025-03-11T16:20:07.274+0000] {subprocess.py:93} INFO - [0m16:20:07  1 of 1 START sql incremental model silver_layer.silver_purchases ............... [RUN]
[2025-03-11T16:20:07.361+0000] {subprocess.py:93} INFO - [0m16:20:07  1 of 1 OK created sql incremental model silver_layer.silver_purchases .......... [[32mINSERT 0 0[0m in 0.09s]
[2025-03-11T16:20:07.367+0000] {subprocess.py:93} INFO - [0m16:20:07
[2025-03-11T16:20:07.369+0000] {subprocess.py:93} INFO - [0m16:20:07  Finished running 1 incremental model in 0 hours 0 minutes and 0.16 seconds (0.16s).
[2025-03-11T16:20:07.373+0000] {subprocess.py:93} INFO - [0m16:20:07
[2025-03-11T16:20:07.373+0000] {subprocess.py:93} INFO - [0m16:20:07  [32mCompleted successfully[0m
[2025-03-11T16:20:07.373+0000] {subprocess.py:93} INFO - [0m16:20:07
[2025-03-11T16:20:07.373+0000] {subprocess.py:93} INFO - [0m16:20:07  Done. PASS=1 WARN=0 ERROR=0 SKIP=0 TOTAL=1
[2025-03-11T16:20:09.237+0000] {subprocess.py:97} INFO - Command exited with return code 0
[2025-03-11T16:20:09.252+0000] {taskinstance.py:1400} INFO - Marking task as SUCCESS. dag_id=ingest_bronze_layer_dag, task_id=transform_silver_5mins_incremental, execution_date=20250311T161500, start_date=20250311T162005, end_date=20250311T162009
[2025-03-11T16:20:09.286+0000] {local_task_job_runner.py:228} INFO - Task exited with return code 0
[2025-03-11T16:20:09.385+0000] {taskinstance.py:2778} INFO - 0 downstream tasks scheduled from follow-on schedule check
