[2025-03-12T16:53:57.647+0000] {taskinstance.py:1159} INFO - Dependencies all met for dep_context=non-requeueable deps ti=<TaskInstance: hourly_processing_pipeline.transform_silver_full_refresh manual__2025-03-12T16:53:52.174689+00:00 [queued]>
[2025-03-12T16:53:57.652+0000] {taskinstance.py:1159} INFO - Dependencies all met for dep_context=requeueable deps ti=<TaskInstance: hourly_processing_pipeline.transform_silver_full_refresh manual__2025-03-12T16:53:52.174689+00:00 [queued]>
[2025-03-12T16:53:57.652+0000] {taskinstance.py:1361} INFO - Starting attempt 1 of 1
[2025-03-12T16:53:57.842+0000] {taskinstance.py:1382} INFO - Executing <Task(BashOperator): transform_silver_full_refresh> on 2025-03-12 16:53:52.174689+00:00
[2025-03-12T16:53:57.847+0000] {standard_task_runner.py:57} INFO - Started process 44215 to run task
[2025-03-12T16:53:57.851+0000] {standard_task_runner.py:84} INFO - Running: ['***', 'tasks', 'run', 'hourly_processing_pipeline', 'transform_silver_full_refresh', 'manual__2025-03-12T16:53:52.174689+00:00', '--job-id', '3308', '--raw', '--subdir', 'DAGS_FOLDER/hourly_processing_pipeline.py', '--cfg-path', '/tmp/tmpzrpio_9h']
[2025-03-12T16:53:57.857+0000] {standard_task_runner.py:85} INFO - Job 3308: Subtask transform_silver_full_refresh
[2025-03-12T16:53:57.891+0000] {task_command.py:416} INFO - Running <TaskInstance: hourly_processing_pipeline.transform_silver_full_refresh manual__2025-03-12T16:53:52.174689+00:00 [running]> on host c8e526380ef3
[2025-03-12T16:53:57.985+0000] {taskinstance.py:1662} INFO - Exporting env vars: AIRFLOW_CTX_DAG_OWNER='Andrew Tran' AIRFLOW_CTX_DAG_ID='hourly_processing_pipeline' AIRFLOW_CTX_TASK_ID='transform_silver_full_refresh' AIRFLOW_CTX_EXECUTION_DATE='2025-03-12T16:53:52.174689+00:00' AIRFLOW_CTX_TRY_NUMBER='1' AIRFLOW_CTX_DAG_RUN_ID='manual__2025-03-12T16:53:52.174689+00:00'
[2025-03-12T16:53:57.989+0000] {subprocess.py:63} INFO - Tmp dir root location: /tmp
[2025-03-12T16:53:57.991+0000] {subprocess.py:75} INFO - Running command: ['/bin/bash', '-c', 'cd /opt/***/dbt/playstudio_project && export WAREHOUSE_HOST=None && export WAREHOUSE_PASSWORD=None && export WAREHOUSE_USER=None && dbt run --select tag:silver_hourly_incremental --target prod --full-refresh']
[2025-03-12T16:53:57.998+0000] {subprocess.py:86} INFO - Output:
[2025-03-12T16:53:59.486+0000] {subprocess.py:93} INFO - [0m16:53:59  Running with dbt=1.7.18
[2025-03-12T16:53:59.606+0000] {subprocess.py:93} INFO - [0m16:53:59  Registered adapter: postgres=1.7.18
[2025-03-12T16:53:59.627+0000] {subprocess.py:93} INFO - [0m16:53:59  [[33mWARNING[0m]: Configuration paths exist in your dbt_project.yml file which do not apply to any resources.
[2025-03-12T16:53:59.627+0000] {subprocess.py:93} INFO - There are 1 unused configuration paths:
[2025-03-12T16:53:59.627+0000] {subprocess.py:93} INFO - - models.playstudio_project.bronze_layer
[2025-03-12T16:53:59.638+0000] {subprocess.py:93} INFO - [0m16:53:59  Found 3 models, 2 sources, 0 exposures, 0 metrics, 402 macros, 0 groups, 0 semantic models
[2025-03-12T16:53:59.638+0000] {subprocess.py:93} INFO - [0m16:53:59
[2025-03-12T16:53:59.706+0000] {subprocess.py:93} INFO - [0m16:53:59  Concurrency: 1 threads (target='prod')
[2025-03-12T16:53:59.707+0000] {subprocess.py:93} INFO - [0m16:53:59
[2025-03-12T16:53:59.711+0000] {subprocess.py:93} INFO - [0m16:53:59  1 of 1 START sql incremental model silver_layer.silver_spins_hourly ............ [RUN]
[2025-03-12T16:53:59.815+0000] {subprocess.py:93} INFO - [0m16:53:59  1 of 1 OK created sql incremental model silver_layer.silver_spins_hourly ....... [[32mSELECT 42[0m in 0.10s]
[2025-03-12T16:53:59.820+0000] {subprocess.py:93} INFO - [0m16:53:59
[2025-03-12T16:53:59.821+0000] {subprocess.py:93} INFO - [0m16:53:59  Finished running 1 incremental model in 0 hours 0 minutes and 0.18 seconds (0.18s).
[2025-03-12T16:53:59.826+0000] {subprocess.py:93} INFO - [0m16:53:59
[2025-03-12T16:53:59.826+0000] {subprocess.py:93} INFO - [0m16:53:59  [32mCompleted successfully[0m
[2025-03-12T16:53:59.826+0000] {subprocess.py:93} INFO - [0m16:53:59
[2025-03-12T16:53:59.827+0000] {subprocess.py:93} INFO - [0m16:53:59  Done. PASS=1 WARN=0 ERROR=0 SKIP=0 TOTAL=1
[2025-03-12T16:54:01.454+0000] {subprocess.py:97} INFO - Command exited with return code 0
[2025-03-12T16:54:01.477+0000] {taskinstance.py:1400} INFO - Marking task as SUCCESS. dag_id=hourly_processing_pipeline, task_id=transform_silver_full_refresh, execution_date=20250312T165352, start_date=20250312T165357, end_date=20250312T165401
[2025-03-12T16:54:01.513+0000] {local_task_job_runner.py:228} INFO - Task exited with return code 0
[2025-03-12T16:54:01.552+0000] {taskinstance.py:2778} INFO - 1 downstream tasks scheduled from follow-on schedule check
