[2025-03-11T07:00:02.572+0000] {taskinstance.py:1159} INFO - Dependencies all met for dep_context=non-requeueable deps ti=<TaskInstance: ingest_bronze_layer_dag.dbt_incremental_loading_silver_purchases scheduled__2025-03-11T06:55:00+00:00 [queued]>
[2025-03-11T07:00:02.575+0000] {taskinstance.py:1159} INFO - Dependencies all met for dep_context=requeueable deps ti=<TaskInstance: ingest_bronze_layer_dag.dbt_incremental_loading_silver_purchases scheduled__2025-03-11T06:55:00+00:00 [queued]>
[2025-03-11T07:00:02.575+0000] {taskinstance.py:1361} INFO - Starting attempt 1 of 1
[2025-03-11T07:00:02.581+0000] {taskinstance.py:1382} INFO - Executing <Task(BashOperator): dbt_incremental_loading_silver_purchases> on 2025-03-11 06:55:00+00:00
[2025-03-11T07:00:02.583+0000] {standard_task_runner.py:57} INFO - Started process 2391 to run task
[2025-03-11T07:00:02.585+0000] {standard_task_runner.py:84} INFO - Running: ['***', 'tasks', 'run', 'ingest_bronze_layer_dag', 'dbt_incremental_loading_silver_purchases', 'scheduled__2025-03-11T06:55:00+00:00', '--job-id', '102', '--raw', '--subdir', 'DAGS_FOLDER/ingesting_pipeline.py', '--cfg-path', '/tmp/tmp891hlviw']
[2025-03-11T07:00:02.586+0000] {standard_task_runner.py:85} INFO - Job 102: Subtask dbt_incremental_loading_silver_purchases
[2025-03-11T07:00:02.711+0000] {task_command.py:416} INFO - Running <TaskInstance: ingest_bronze_layer_dag.dbt_incremental_loading_silver_purchases scheduled__2025-03-11T06:55:00+00:00 [running]> on host 41ccd9d1769c
[2025-03-11T07:00:02.741+0000] {taskinstance.py:1662} INFO - Exporting env vars: AIRFLOW_CTX_DAG_OWNER='Andrew Tran' AIRFLOW_CTX_DAG_ID='ingest_bronze_layer_dag' AIRFLOW_CTX_TASK_ID='dbt_incremental_loading_silver_purchases' AIRFLOW_CTX_EXECUTION_DATE='2025-03-11T06:55:00+00:00' AIRFLOW_CTX_TRY_NUMBER='1' AIRFLOW_CTX_DAG_RUN_ID='scheduled__2025-03-11T06:55:00+00:00'
[2025-03-11T07:00:02.742+0000] {subprocess.py:63} INFO - Tmp dir root location: /tmp
[2025-03-11T07:00:02.742+0000] {subprocess.py:75} INFO - Running command: ['/bin/bash', '-c', 'dbt run --select silver_layer.silver_purchases']
[2025-03-11T07:00:02.752+0000] {subprocess.py:86} INFO - Output:
[2025-03-11T07:00:04.129+0000] {subprocess.py:93} INFO - Usage: dbt run [OPTIONS]
[2025-03-11T07:00:04.129+0000] {subprocess.py:93} INFO - Try 'dbt run -h' for help.
[2025-03-11T07:00:04.129+0000] {subprocess.py:93} INFO - 
[2025-03-11T07:00:04.130+0000] {subprocess.py:93} INFO - Error: Invalid value for '--profiles-dir': Path '/home/***/.dbt' does not exist.
[2025-03-11T07:00:04.230+0000] {subprocess.py:97} INFO - Command exited with return code 2
[2025-03-11T07:00:04.236+0000] {taskinstance.py:1937} ERROR - Task failed with exception
Traceback (most recent call last):
  File "/home/airflow/.local/lib/python3.10/site-packages/airflow/operators/bash.py", line 210, in execute
    raise AirflowException(
airflow.exceptions.AirflowException: Bash command failed. The command returned a non-zero exit code 2.
[2025-03-11T07:00:04.238+0000] {taskinstance.py:1400} INFO - Marking task as FAILED. dag_id=ingest_bronze_layer_dag, task_id=dbt_incremental_loading_silver_purchases, execution_date=20250311T065500, start_date=20250311T070002, end_date=20250311T070004
[2025-03-11T07:00:04.249+0000] {standard_task_runner.py:104} ERROR - Failed to execute job 102 for task dbt_incremental_loading_silver_purchases (Bash command failed. The command returned a non-zero exit code 2.; 2391)
[2025-03-11T07:00:04.256+0000] {local_task_job_runner.py:228} INFO - Task exited with return code 1
[2025-03-11T07:00:04.268+0000] {taskinstance.py:2778} INFO - 0 downstream tasks scheduled from follow-on schedule check
