[2025-03-13T17:30:40.838+0000] {taskinstance.py:1159} INFO - Dependencies all met for dep_context=non-requeueable deps ti=<TaskInstance: hourly_processing_pipeline.aggregate_final_table_incremental manual__2025-03-13T17:30:24.530571+00:00 [queued]>
[2025-03-13T17:30:40.846+0000] {taskinstance.py:1159} INFO - Dependencies all met for dep_context=requeueable deps ti=<TaskInstance: hourly_processing_pipeline.aggregate_final_table_incremental manual__2025-03-13T17:30:24.530571+00:00 [queued]>
[2025-03-13T17:30:40.847+0000] {taskinstance.py:1361} INFO - Starting attempt 1 of 1
[2025-03-13T17:30:40.853+0000] {taskinstance.py:1382} INFO - Executing <Task(BashOperator): aggregate_final_table_incremental> on 2025-03-13 17:30:24.530571+00:00
[2025-03-13T17:30:40.855+0000] {standard_task_runner.py:57} INFO - Started process 77712 to run task
[2025-03-13T17:30:40.858+0000] {standard_task_runner.py:84} INFO - Running: ['***', 'tasks', 'run', 'hourly_processing_pipeline', 'aggregate_final_table_incremental', 'manual__2025-03-13T17:30:24.530571+00:00', '--job-id', '3688', '--raw', '--subdir', 'DAGS_FOLDER/hourly_processing_pipeline.py', '--cfg-path', '/tmp/tmpy96wmlda']
[2025-03-13T17:30:40.859+0000] {standard_task_runner.py:85} INFO - Job 3688: Subtask aggregate_final_table_incremental
[2025-03-13T17:30:40.883+0000] {task_command.py:416} INFO - Running <TaskInstance: hourly_processing_pipeline.aggregate_final_table_incremental manual__2025-03-13T17:30:24.530571+00:00 [running]> on host c8e526380ef3
[2025-03-13T17:30:40.915+0000] {taskinstance.py:1662} INFO - Exporting env vars: AIRFLOW_CTX_DAG_OWNER='Andrew Tran' AIRFLOW_CTX_DAG_ID='hourly_processing_pipeline' AIRFLOW_CTX_TASK_ID='aggregate_final_table_incremental' AIRFLOW_CTX_EXECUTION_DATE='2025-03-13T17:30:24.530571+00:00' AIRFLOW_CTX_TRY_NUMBER='1' AIRFLOW_CTX_DAG_RUN_ID='manual__2025-03-13T17:30:24.530571+00:00'
[2025-03-13T17:30:40.916+0000] {subprocess.py:63} INFO - Tmp dir root location: /tmp
[2025-03-13T17:30:40.916+0000] {subprocess.py:75} INFO - Running command: ['/bin/bash', '-c', 'cd /opt/***/dbt/playstudio_project && export WAREHOUSE_HOST=None && export WAREHOUSE_PASSWORD=None && export WAREHOUSE_USER=None && dbt deps && dbt run --select tag:gold_layer --target prod']
[2025-03-13T17:30:40.921+0000] {subprocess.py:86} INFO - Output:
[2025-03-13T17:30:42.699+0000] {subprocess.py:93} INFO - [0m17:30:42  Running with dbt=1.7.18
[2025-03-13T17:30:43.093+0000] {subprocess.py:93} INFO - [0m17:30:43  Installing dbt-labs/dbt_utils
[2025-03-13T17:30:43.766+0000] {subprocess.py:93} INFO - [0m17:30:43  Installed from version 1.1.1
[2025-03-13T17:30:43.767+0000] {subprocess.py:93} INFO - [0m17:30:43  Updated version available: 1.3.0
[2025-03-13T17:30:43.769+0000] {subprocess.py:93} INFO - [0m17:30:43  Installing metaplane/dbt_expectations
[2025-03-13T17:30:44.843+0000] {subprocess.py:93} INFO - [0m17:30:44  Installed from version 0.10.8
[2025-03-13T17:30:44.844+0000] {subprocess.py:93} INFO - [0m17:30:44  Up to date!
[2025-03-13T17:30:44.844+0000] {subprocess.py:93} INFO - [0m17:30:44  Installing godatadriven/dbt_date
[2025-03-13T17:30:45.457+0000] {subprocess.py:93} INFO - [0m17:30:45  Installed from version 0.11.0
[2025-03-13T17:30:45.458+0000] {subprocess.py:93} INFO - [0m17:30:45  Up to date!
[2025-03-13T17:30:45.459+0000] {subprocess.py:93} INFO - [0m17:30:45
[2025-03-13T17:30:45.459+0000] {subprocess.py:93} INFO - [0m17:30:45  Updates available for packages: ['dbt-labs/dbt_utils']
[2025-03-13T17:30:45.460+0000] {subprocess.py:93} INFO - Update your versions in packages.yml, then run dbt deps
[2025-03-13T17:30:48.059+0000] {subprocess.py:93} INFO - [0m17:30:48  Running with dbt=1.7.18
[2025-03-13T17:30:48.155+0000] {subprocess.py:93} INFO - [0m17:30:48  Registered adapter: postgres=1.7.18
[2025-03-13T17:30:48.227+0000] {subprocess.py:93} INFO - [0m17:30:48  [[33mWARNING[0m]: Configuration paths exist in your dbt_project.yml file which do not apply to any resources.
[2025-03-13T17:30:48.228+0000] {subprocess.py:93} INFO - There are 1 unused configuration paths:
[2025-03-13T17:30:48.228+0000] {subprocess.py:93} INFO - - models.playstudio_project.bronze_layer
[2025-03-13T17:30:48.246+0000] {subprocess.py:93} INFO - [0m17:30:48  Found 67 tests, 3 models, 2 sources, 0 exposures, 0 metrics, 783 macros, 0 groups, 0 semantic models
[2025-03-13T17:30:48.248+0000] {subprocess.py:93} INFO - [0m17:30:48
[2025-03-13T17:30:48.287+0000] {subprocess.py:93} INFO - [0m17:30:48  Concurrency: 1 threads (target='prod')
[2025-03-13T17:30:48.287+0000] {subprocess.py:93} INFO - [0m17:30:48
[2025-03-13T17:30:48.291+0000] {subprocess.py:93} INFO - [0m17:30:48  1 of 1 START sql incremental model gold_layer.aggregated_final_table ........... [RUN]
[2025-03-13T17:30:48.386+0000] {subprocess.py:93} INFO - [0m17:30:48  1 of 1 OK created sql incremental model gold_layer.aggregated_final_table ...... [[32mINSERT 0 1[0m in 0.09s]
[2025-03-13T17:30:48.393+0000] {subprocess.py:93} INFO - [0m17:30:48
[2025-03-13T17:30:48.393+0000] {subprocess.py:93} INFO - [0m17:30:48  Finished running 1 incremental model in 0 hours 0 minutes and 0.15 seconds (0.15s).
[2025-03-13T17:30:48.403+0000] {subprocess.py:93} INFO - [0m17:30:48
[2025-03-13T17:30:48.403+0000] {subprocess.py:93} INFO - [0m17:30:48  [32mCompleted successfully[0m
[2025-03-13T17:30:48.403+0000] {subprocess.py:93} INFO - [0m17:30:48
[2025-03-13T17:30:48.405+0000] {subprocess.py:93} INFO - [0m17:30:48  Done. PASS=1 WARN=0 ERROR=0 SKIP=0 TOTAL=1
[2025-03-13T17:30:50.108+0000] {subprocess.py:97} INFO - Command exited with return code 0
[2025-03-13T17:30:50.150+0000] {taskinstance.py:1400} INFO - Marking task as SUCCESS. dag_id=hourly_processing_pipeline, task_id=aggregate_final_table_incremental, execution_date=20250313T173024, start_date=20250313T173040, end_date=20250313T173050
[2025-03-13T17:30:50.170+0000] {local_task_job_runner.py:228} INFO - Task exited with return code 0
[2025-03-13T17:30:50.203+0000] {taskinstance.py:2778} INFO - 0 downstream tasks scheduled from follow-on schedule check
