[2025-03-11T15:49:56.734+0000] {taskinstance.py:1159} INFO - Dependencies all met for dep_context=non-requeueable deps ti=<TaskInstance: ingest_bronze_layer_dag.extract_and_load_purchases manual__2025-03-11T15:49:48+00:00 [queued]>
[2025-03-11T15:49:56.738+0000] {taskinstance.py:1159} INFO - Dependencies all met for dep_context=requeueable deps ti=<TaskInstance: ingest_bronze_layer_dag.extract_and_load_purchases manual__2025-03-11T15:49:48+00:00 [queued]>
[2025-03-11T15:49:56.738+0000] {taskinstance.py:1361} INFO - Starting attempt 1 of 1
[2025-03-11T15:49:56.744+0000] {taskinstance.py:1382} INFO - Executing <Task(_PythonDecoratedOperator): extract_and_load_purchases> on 2025-03-11 15:49:48+00:00
[2025-03-11T15:49:56.747+0000] {standard_task_runner.py:57} INFO - Started process 19705 to run task
[2025-03-11T15:49:56.748+0000] {standard_task_runner.py:84} INFO - Running: ['***', 'tasks', 'run', 'ingest_bronze_layer_dag', 'extract_and_load_purchases', 'manual__2025-03-11T15:49:48+00:00', '--job-id', '563', '--raw', '--subdir', 'DAGS_FOLDER/ingesting_pipeline.py', '--cfg-path', '/tmp/tmpupd0ex9b']
[2025-03-11T15:49:56.749+0000] {standard_task_runner.py:85} INFO - Job 563: Subtask extract_and_load_purchases
[2025-03-11T15:49:56.846+0000] {task_command.py:416} INFO - Running <TaskInstance: ingest_bronze_layer_dag.extract_and_load_purchases manual__2025-03-11T15:49:48+00:00 [running]> on host 41ccd9d1769c
[2025-03-11T15:49:56.878+0000] {taskinstance.py:1662} INFO - Exporting env vars: AIRFLOW_CTX_DAG_OWNER='Andrew Tran' AIRFLOW_CTX_DAG_ID='ingest_bronze_layer_dag' AIRFLOW_CTX_TASK_ID='extract_and_load_purchases' AIRFLOW_CTX_EXECUTION_DATE='2025-03-11T15:49:48+00:00' AIRFLOW_CTX_TRY_NUMBER='1' AIRFLOW_CTX_DAG_RUN_ID='manual__2025-03-11T15:49:48+00:00'
[2025-03-11T15:49:56.881+0000] {ingesting_pipeline.py:354} INFO - Running extract_and_load_purchases in incremental mode
[2025-03-11T15:49:56.889+0000] {ingesting_pipeline.py:379} INFO - Incremental mode - fetching data updated after: 1970-01-01 00:00:00
[2025-03-11T15:49:56.889+0000] {ingesting_pipeline.py:139} INFO - Executing query: 
            SELECT *, NOW() as extracted_at
            FROM app_source.purchases_data
            WHERE updated_at > '1970-01-01 00:00:00'
            ORDER BY updated_at
        
[2025-03-11T15:49:56.892+0000] {base.py:73} INFO - Using connection ID 'postgres_source_db' for task execution.
[2025-03-11T15:49:56.895+0000] {warnings.py:109} WARNING - /opt/***/dags/ingesting_pipeline.py:142: UserWarning: pandas only supports SQLAlchemy connectable (engine/connection) or database string URI or sqlite3 DBAPI2 connection. Other DBAPI2 objects are not tested. Please consider using SQLAlchemy.
  df = pd.read_sql(query, conn)

[2025-03-11T15:49:56.899+0000] {ingesting_pipeline.py:143} INFO - Query executed successfully. Retrieved 76 rows.
[2025-03-11T15:49:56.900+0000] {ingesting_pipeline.py:394} INFO - Retrieved 76 rows of data
[2025-03-11T15:49:56.901+0000] {ingesting_pipeline.py:398} INFO - Date range in result: 2025-03-11 04:47:08.748501 to 2025-03-11 05:11:10.736496
[2025-03-11T15:49:56.901+0000] {ingesting_pipeline.py:196} INFO - Loading 76 rows into bronze_layer.bronze_purchases
[2025-03-11T15:49:56.902+0000] {base.py:73} INFO - Using connection ID 'postgres_warehouse_db' for task execution.
[2025-03-11T15:49:56.911+0000] {ingesting_pipeline.py:207} INFO - Successfully loaded 76 rows into bronze_layer.bronze_purchases
[2025-03-11T15:49:56.911+0000] {ingesting_pipeline.py:412} INFO - Inserted 76 rows into bronze_layer.bronze_purchases
[2025-03-11T15:49:56.911+0000] {python.py:194} INFO - Done. Returned value was: Inserted 76 rows into bronze_layer.bronze_purchases
[2025-03-11T15:49:56.919+0000] {taskinstance.py:1400} INFO - Marking task as SUCCESS. dag_id=ingest_bronze_layer_dag, task_id=extract_and_load_purchases, execution_date=20250311T154948, start_date=20250311T154956, end_date=20250311T154956
[2025-03-11T15:49:56.944+0000] {local_task_job_runner.py:228} INFO - Task exited with return code 0
[2025-03-11T15:49:57.032+0000] {taskinstance.py:2778} INFO - 1 downstream tasks scheduled from follow-on schedule check
