[2025-03-11T15:58:43.730+0000] {taskinstance.py:1159} INFO - Dependencies all met for dep_context=non-requeueable deps ti=<TaskInstance: ingest_bronze_layer_dag.branch_to_transform_task manual__2025-03-11T15:58:33+00:00 [queued]>
[2025-03-11T15:58:43.738+0000] {taskinstance.py:1159} INFO - Dependencies all met for dep_context=requeueable deps ti=<TaskInstance: ingest_bronze_layer_dag.branch_to_transform_task manual__2025-03-11T15:58:33+00:00 [queued]>
[2025-03-11T15:58:43.738+0000] {taskinstance.py:1361} INFO - Starting attempt 1 of 1
[2025-03-11T15:58:43.746+0000] {taskinstance.py:1382} INFO - Executing <Task(BranchPythonOperator): branch_to_transform_task> on 2025-03-11 15:58:33+00:00
[2025-03-11T15:58:43.753+0000] {standard_task_runner.py:57} INFO - Started process 20116 to run task
[2025-03-11T15:58:43.756+0000] {standard_task_runner.py:84} INFO - Running: ['***', 'tasks', 'run', 'ingest_bronze_layer_dag', 'branch_to_transform_task', 'manual__2025-03-11T15:58:33+00:00', '--job-id', '589', '--raw', '--subdir', 'DAGS_FOLDER/ingesting_pipeline.py', '--cfg-path', '/tmp/tmp4g3_pscj']
[2025-03-11T15:58:43.758+0000] {standard_task_runner.py:85} INFO - Job 589: Subtask branch_to_transform_task
[2025-03-11T15:58:44.003+0000] {task_command.py:416} INFO - Running <TaskInstance: ingest_bronze_layer_dag.branch_to_transform_task manual__2025-03-11T15:58:33+00:00 [running]> on host 41ccd9d1769c
[2025-03-11T15:58:44.097+0000] {taskinstance.py:1662} INFO - Exporting env vars: AIRFLOW_CTX_DAG_OWNER='Andrew Tran' AIRFLOW_CTX_DAG_ID='ingest_bronze_layer_dag' AIRFLOW_CTX_TASK_ID='branch_to_transform_task' AIRFLOW_CTX_EXECUTION_DATE='2025-03-11T15:58:33+00:00' AIRFLOW_CTX_TRY_NUMBER='1' AIRFLOW_CTX_DAG_RUN_ID='manual__2025-03-11T15:58:33+00:00'
[2025-03-11T15:58:44.118+0000] {ingesting_pipeline.py:342} INFO - Selected transform task: transform_silver_incremental
[2025-03-11T15:58:44.119+0000] {python.py:194} INFO - Done. Returned value was: transform_silver_incremental
[2025-03-11T15:58:44.120+0000] {python.py:227} INFO - Branch callable return transform_silver_incremental
[2025-03-11T15:58:44.120+0000] {skipmixin.py:173} INFO - Following branch transform_silver_incremental
[2025-03-11T15:58:44.135+0000] {taskinstance.py:1937} ERROR - Task failed with exception
Traceback (most recent call last):
  File "/home/airflow/.local/lib/python3.10/site-packages/airflow/operators/python.py", line 228, in execute
    self.skip_all_except(context["ti"], branch)
  File "/home/airflow/.local/lib/python3.10/site-packages/airflow/models/skipmixin.py", line 208, in skip_all_except
    raise AirflowException(
airflow.exceptions.AirflowException: 'branch_task_ids' must contain only valid task_ids. Invalid tasks found: {'transform_silver_incremental'}.
[2025-03-11T15:58:44.141+0000] {taskinstance.py:1400} INFO - Marking task as FAILED. dag_id=ingest_bronze_layer_dag, task_id=branch_to_transform_task, execution_date=20250311T155833, start_date=20250311T155843, end_date=20250311T155844
[2025-03-11T15:58:44.200+0000] {standard_task_runner.py:104} ERROR - Failed to execute job 589 for task branch_to_transform_task ('branch_task_ids' must contain only valid task_ids. Invalid tasks found: {'transform_silver_incremental'}.; 20116)
[2025-03-11T15:58:44.263+0000] {local_task_job_runner.py:228} INFO - Task exited with return code 1
[2025-03-11T15:58:44.565+0000] {taskinstance.py:2778} INFO - 0 downstream tasks scheduled from follow-on schedule check
