[2025-03-12T08:20:00.321+0000] {taskinstance.py:1159} INFO - Dependencies all met for dep_context=non-requeueable deps ti=<TaskInstance: hourly_processing_pipeline.transform_silver_hourly_incremental manual__2025-03-12T08:19:44.252911+00:00 [queued]>
[2025-03-12T08:20:00.326+0000] {taskinstance.py:1159} INFO - Dependencies all met for dep_context=requeueable deps ti=<TaskInstance: hourly_processing_pipeline.transform_silver_hourly_incremental manual__2025-03-12T08:19:44.252911+00:00 [queued]>
[2025-03-12T08:20:00.326+0000] {taskinstance.py:1361} INFO - Starting attempt 1 of 1
[2025-03-12T08:20:00.445+0000] {taskinstance.py:1382} INFO - Executing <Task(BashOperator): transform_silver_hourly_incremental> on 2025-03-12 08:19:44.252911+00:00
[2025-03-12T08:20:00.451+0000] {standard_task_runner.py:57} INFO - Started process 23163 to run task
[2025-03-12T08:20:00.452+0000] {standard_task_runner.py:84} INFO - Running: ['***', 'tasks', 'run', 'hourly_processing_pipeline', 'transform_silver_hourly_incremental', 'manual__2025-03-12T08:19:44.252911+00:00', '--job-id', '1926', '--raw', '--subdir', 'DAGS_FOLDER/hourly_processing_pipeline.py', '--cfg-path', '/tmp/tmpy80a6pzf']
[2025-03-12T08:20:00.454+0000] {standard_task_runner.py:85} INFO - Job 1926: Subtask transform_silver_hourly_incremental
[2025-03-12T08:20:00.476+0000] {task_command.py:416} INFO - Running <TaskInstance: hourly_processing_pipeline.transform_silver_hourly_incremental manual__2025-03-12T08:19:44.252911+00:00 [running]> on host c8e526380ef3
[2025-03-12T08:20:05.582+0000] {taskinstance.py:1662} INFO - Exporting env vars: AIRFLOW_CTX_DAG_OWNER='Andrew Tran' AIRFLOW_CTX_DAG_ID='hourly_processing_pipeline' AIRFLOW_CTX_TASK_ID='transform_silver_hourly_incremental' AIRFLOW_CTX_EXECUTION_DATE='2025-03-12T08:19:44.252911+00:00' AIRFLOW_CTX_TRY_NUMBER='1' AIRFLOW_CTX_DAG_RUN_ID='manual__2025-03-12T08:19:44.252911+00:00'
[2025-03-12T08:20:05.584+0000] {subprocess.py:63} INFO - Tmp dir root location: /tmp
[2025-03-12T08:20:05.585+0000] {subprocess.py:75} INFO - Running command: ['/bin/bash', '-c', 'cd /opt/***/dbt/playstudio_project && export WAREHOUSE_HOST=None && export WAREHOUSE_PASSWORD=None && export WAREHOUSE_USER=None && dbt run --select tag:silver_hourly_incremental --target prod']
[2025-03-12T08:20:05.592+0000] {subprocess.py:86} INFO - Output:
[2025-03-12T08:20:06.883+0000] {subprocess.py:93} INFO - [0m08:20:06  Running with dbt=1.7.18
[2025-03-12T08:20:06.979+0000] {subprocess.py:93} INFO - [0m08:20:06  Registered adapter: postgres=1.7.18
[2025-03-12T08:20:06.997+0000] {subprocess.py:93} INFO - [0m08:20:06  [[33mWARNING[0m]: Configuration paths exist in your dbt_project.yml file which do not apply to any resources.
[2025-03-12T08:20:06.997+0000] {subprocess.py:93} INFO - There are 1 unused configuration paths:
[2025-03-12T08:20:06.997+0000] {subprocess.py:93} INFO - - models.playstudio_project.example
[2025-03-12T08:20:07.007+0000] {subprocess.py:93} INFO - [0m08:20:07  Found 2 models, 2 sources, 0 exposures, 0 metrics, 401 macros, 0 groups, 0 semantic models
[2025-03-12T08:20:07.008+0000] {subprocess.py:93} INFO - [0m08:20:07
[2025-03-12T08:20:07.068+0000] {subprocess.py:93} INFO - [0m08:20:07  Concurrency: 1 threads (target='prod')
[2025-03-12T08:20:07.071+0000] {subprocess.py:93} INFO - [0m08:20:07
[2025-03-12T08:20:07.072+0000] {subprocess.py:93} INFO - [0m08:20:07  1 of 1 START sql incremental model silver_layer.silver_spins_hourly ............ [RUN]
[2025-03-12T08:20:07.163+0000] {subprocess.py:93} INFO - [0m08:20:07  1 of 1 OK created sql incremental model silver_layer.silver_spins_hourly ....... [[32mINSERT 0 42[0m in 0.09s]
[2025-03-12T08:20:07.169+0000] {subprocess.py:93} INFO - [0m08:20:07
[2025-03-12T08:20:07.170+0000] {subprocess.py:93} INFO - [0m08:20:07  Finished running 1 incremental model in 0 hours 0 minutes and 0.16 seconds (0.16s).
[2025-03-12T08:20:07.175+0000] {subprocess.py:93} INFO - [0m08:20:07
[2025-03-12T08:20:07.175+0000] {subprocess.py:93} INFO - [0m08:20:07  [32mCompleted successfully[0m
[2025-03-12T08:20:07.175+0000] {subprocess.py:93} INFO - [0m08:20:07
[2025-03-12T08:20:07.176+0000] {subprocess.py:93} INFO - [0m08:20:07  Done. PASS=1 WARN=0 ERROR=0 SKIP=0 TOTAL=1
[2025-03-12T08:20:08.382+0000] {subprocess.py:97} INFO - Command exited with return code 0
[2025-03-12T08:20:08.398+0000] {taskinstance.py:1400} INFO - Marking task as SUCCESS. dag_id=hourly_processing_pipeline, task_id=transform_silver_hourly_incremental, execution_date=20250312T081944, start_date=20250312T082000, end_date=20250312T082008
[2025-03-12T08:20:08.429+0000] {local_task_job_runner.py:228} INFO - Task exited with return code 0
[2025-03-12T08:20:08.442+0000] {taskinstance.py:2778} INFO - 0 downstream tasks scheduled from follow-on schedule check
