[2025-03-11T16:25:24.061+0000] {taskinstance.py:1159} INFO - Dependencies all met for dep_context=non-requeueable deps ti=<TaskInstance: ingest_bronze_layer_dag.transform_silver_5mins_incremental manual__2025-03-11T16:25:04+00:00 [queued]>
[2025-03-11T16:25:24.064+0000] {taskinstance.py:1159} INFO - Dependencies all met for dep_context=requeueable deps ti=<TaskInstance: ingest_bronze_layer_dag.transform_silver_5mins_incremental manual__2025-03-11T16:25:04+00:00 [queued]>
[2025-03-11T16:25:24.064+0000] {taskinstance.py:1361} INFO - Starting attempt 1 of 1
[2025-03-11T16:25:24.072+0000] {taskinstance.py:1382} INFO - Executing <Task(BashOperator): transform_silver_5mins_incremental> on 2025-03-11 16:25:04+00:00
[2025-03-11T16:25:24.074+0000] {standard_task_runner.py:57} INFO - Started process 1058 to run task
[2025-03-11T16:25:24.076+0000] {standard_task_runner.py:84} INFO - Running: ['***', 'tasks', 'run', 'ingest_bronze_layer_dag', 'transform_silver_5mins_incremental', 'manual__2025-03-11T16:25:04+00:00', '--job-id', '650', '--raw', '--subdir', 'DAGS_FOLDER/ingesting_pipeline.py', '--cfg-path', '/tmp/tmp8q_c367t']
[2025-03-11T16:25:24.175+0000] {standard_task_runner.py:85} INFO - Job 650: Subtask transform_silver_5mins_incremental
[2025-03-11T16:25:24.194+0000] {task_command.py:416} INFO - Running <TaskInstance: ingest_bronze_layer_dag.transform_silver_5mins_incremental manual__2025-03-11T16:25:04+00:00 [running]> on host c8e526380ef3
[2025-03-11T16:25:24.221+0000] {taskinstance.py:1662} INFO - Exporting env vars: AIRFLOW_CTX_DAG_OWNER='Andrew Tran' AIRFLOW_CTX_DAG_ID='ingest_bronze_layer_dag' AIRFLOW_CTX_TASK_ID='transform_silver_5mins_incremental' AIRFLOW_CTX_EXECUTION_DATE='2025-03-11T16:25:04+00:00' AIRFLOW_CTX_TRY_NUMBER='1' AIRFLOW_CTX_DAG_RUN_ID='manual__2025-03-11T16:25:04+00:00'
[2025-03-11T16:25:24.222+0000] {subprocess.py:63} INFO - Tmp dir root location: /tmp
[2025-03-11T16:25:24.223+0000] {subprocess.py:75} INFO - Running command: ['/bin/bash', '-c', 'cd /opt/***/dbt/playstudio_project && export WAREHOUSE_HOST=None && export WAREHOUSE_PASSWORD=None && export WAREHOUSE_USER=None && dbt run --select tag:silver_5mins_incremental --target prod']
[2025-03-11T16:25:24.228+0000] {subprocess.py:86} INFO - Output:
[2025-03-11T16:25:25.514+0000] {subprocess.py:93} INFO - [0m16:25:25  Running with dbt=1.7.18
[2025-03-11T16:25:25.642+0000] {subprocess.py:93} INFO - [0m16:25:25  Registered adapter: postgres=1.7.18
[2025-03-11T16:25:25.661+0000] {subprocess.py:93} INFO - [0m16:25:25  [[33mWARNING[0m]: Configuration paths exist in your dbt_project.yml file which do not apply to any resources.
[2025-03-11T16:25:25.661+0000] {subprocess.py:93} INFO - There are 1 unused configuration paths:
[2025-03-11T16:25:25.661+0000] {subprocess.py:93} INFO - - models.playstudio_project.example
[2025-03-11T16:25:25.672+0000] {subprocess.py:93} INFO - [0m16:25:25  Found 1 model, 2 sources, 0 exposures, 0 metrics, 401 macros, 0 groups, 0 semantic models
[2025-03-11T16:25:25.672+0000] {subprocess.py:93} INFO - [0m16:25:25
[2025-03-11T16:25:25.730+0000] {subprocess.py:93} INFO - [0m16:25:25  Concurrency: 1 threads (target='prod')
[2025-03-11T16:25:25.733+0000] {subprocess.py:93} INFO - [0m16:25:25
[2025-03-11T16:25:25.735+0000] {subprocess.py:93} INFO - [0m16:25:25  1 of 1 START sql incremental model silver_layer.silver_purchases ............... [RUN]
[2025-03-11T16:25:25.832+0000] {subprocess.py:93} INFO - [0m16:25:25  1 of 1 OK created sql incremental model silver_layer.silver_purchases .......... [[32mINSERT 0 0[0m in 0.10s]
[2025-03-11T16:25:25.854+0000] {subprocess.py:93} INFO - [0m16:25:25
[2025-03-11T16:25:25.854+0000] {subprocess.py:93} INFO - [0m16:25:25  Finished running 1 incremental model in 0 hours 0 minutes and 0.18 seconds (0.18s).
[2025-03-11T16:25:25.868+0000] {subprocess.py:93} INFO - [0m16:25:25
[2025-03-11T16:25:25.868+0000] {subprocess.py:93} INFO - [0m16:25:25  [32mCompleted successfully[0m
[2025-03-11T16:25:25.868+0000] {subprocess.py:93} INFO - [0m16:25:25
[2025-03-11T16:25:25.868+0000] {subprocess.py:93} INFO - [0m16:25:25  Done. PASS=1 WARN=0 ERROR=0 SKIP=0 TOTAL=1
[2025-03-11T16:25:27.480+0000] {subprocess.py:97} INFO - Command exited with return code 0
[2025-03-11T16:25:27.503+0000] {taskinstance.py:1400} INFO - Marking task as SUCCESS. dag_id=ingest_bronze_layer_dag, task_id=transform_silver_5mins_incremental, execution_date=20250311T162504, start_date=20250311T162524, end_date=20250311T162527
[2025-03-11T16:25:27.530+0000] {local_task_job_runner.py:228} INFO - Task exited with return code 0
[2025-03-11T16:25:27.632+0000] {taskinstance.py:2778} INFO - 0 downstream tasks scheduled from follow-on schedule check
