[2025-03-13T17:25:42.767+0000] {taskinstance.py:1159} INFO - Dependencies all met for dep_context=non-requeueable deps ti=<TaskInstance: hourly_processing_pipeline.extract_and_load_spins_hourly manual__2025-03-13T17:25:32.800614+00:00 [queued]>
[2025-03-13T17:25:42.771+0000] {taskinstance.py:1159} INFO - Dependencies all met for dep_context=requeueable deps ti=<TaskInstance: hourly_processing_pipeline.extract_and_load_spins_hourly manual__2025-03-13T17:25:32.800614+00:00 [queued]>
[2025-03-13T17:25:42.771+0000] {taskinstance.py:1361} INFO - Starting attempt 1 of 1
[2025-03-13T17:25:42.777+0000] {taskinstance.py:1382} INFO - Executing <Task(_PythonDecoratedOperator): extract_and_load_spins_hourly> on 2025-03-13 17:25:32.800614+00:00
[2025-03-13T17:25:42.781+0000] {standard_task_runner.py:57} INFO - Started process 77434 to run task
[2025-03-13T17:25:42.794+0000] {standard_task_runner.py:84} INFO - Running: ['***', 'tasks', 'run', 'hourly_processing_pipeline', 'extract_and_load_spins_hourly', 'manual__2025-03-13T17:25:32.800614+00:00', '--job-id', '3671', '--raw', '--subdir', 'DAGS_FOLDER/hourly_processing_pipeline.py', '--cfg-path', '/tmp/tmpr95y4wt7']
[2025-03-13T17:25:42.801+0000] {standard_task_runner.py:85} INFO - Job 3671: Subtask extract_and_load_spins_hourly
[2025-03-13T17:25:42.857+0000] {task_command.py:416} INFO - Running <TaskInstance: hourly_processing_pipeline.extract_and_load_spins_hourly manual__2025-03-13T17:25:32.800614+00:00 [running]> on host c8e526380ef3
[2025-03-13T17:25:42.908+0000] {taskinstance.py:1662} INFO - Exporting env vars: AIRFLOW_CTX_DAG_OWNER='Andrew Tran' AIRFLOW_CTX_DAG_ID='hourly_processing_pipeline' AIRFLOW_CTX_TASK_ID='extract_and_load_spins_hourly' AIRFLOW_CTX_EXECUTION_DATE='2025-03-13T17:25:32.800614+00:00' AIRFLOW_CTX_TRY_NUMBER='1' AIRFLOW_CTX_DAG_RUN_ID='manual__2025-03-13T17:25:32.800614+00:00'
[2025-03-13T17:25:42.913+0000] {hourly_processing_pipeline.py:199} INFO - Running extract_and_load_spins_hourly in incremental mode
[2025-03-13T17:25:47.955+0000] {hourly_processing_pipeline.py:218} INFO - Incremental mode - fetching data updated after: 2025-03-13 08:27:13.163469
[2025-03-13T17:25:47.956+0000] {pipeline_utils.py:126} INFO - Executing query: 
            SELECT *, NOW() as extracted_at
            FROM app_source.spins_data_hourly
            WHERE timestamp > '2025-03-13 08:27:13.163469'
        
[2025-03-13T17:25:47.964+0000] {base.py:73} INFO - Using connection ID 'postgres_source_db' for task execution.
[2025-03-13T17:25:47.974+0000] {warnings.py:109} WARNING - /opt/***/dags/utils/pipeline_utils.py:130: UserWarning: pandas only supports SQLAlchemy connectable (engine/connection) or database string URI or sqlite3 DBAPI2 connection. Other DBAPI2 objects are not tested. Please consider using SQLAlchemy.
  df = pd.read_sql(query, conn)

[2025-03-13T17:25:47.984+0000] {pipeline_utils.py:131} INFO - Query executed successfully. Retrieved 0 rows.
[2025-03-13T17:25:47.989+0000] {hourly_processing_pipeline.py:232} INFO - Retrieved 0 rows of data
[2025-03-13T17:25:47.990+0000] {pipeline_utils.py:195} INFO - No data to insert into bronze_layer.bronze_spins_hourly
[2025-03-13T17:25:47.990+0000] {hourly_processing_pipeline.py:250} INFO - Inserted 0 rows into bronze_layer.bronze_spins_hourly
[2025-03-13T17:25:47.990+0000] {python.py:194} INFO - Done. Returned value was: Inserted 0 rows into bronze_layer.bronze_spins_hourly
[2025-03-13T17:25:48.020+0000] {taskinstance.py:1400} INFO - Marking task as SUCCESS. dag_id=hourly_processing_pipeline, task_id=extract_and_load_spins_hourly, execution_date=20250313T172532, start_date=20250313T172542, end_date=20250313T172548
[2025-03-13T17:25:48.056+0000] {local_task_job_runner.py:228} INFO - Task exited with return code 0
[2025-03-13T17:25:48.087+0000] {taskinstance.py:2778} INFO - 1 downstream tasks scheduled from follow-on schedule check
