[2025-03-13T17:40:14.741+0000] {taskinstance.py:1159} INFO - Dependencies all met for dep_context=non-requeueable deps ti=<TaskInstance: five_mins_processing_pipeline.transform_silver_5mins_incremental scheduled__2025-03-13T17:35:00+00:00 [queued]>
[2025-03-13T17:40:14.745+0000] {taskinstance.py:1159} INFO - Dependencies all met for dep_context=requeueable deps ti=<TaskInstance: five_mins_processing_pipeline.transform_silver_5mins_incremental scheduled__2025-03-13T17:35:00+00:00 [queued]>
[2025-03-13T17:40:14.745+0000] {taskinstance.py:1361} INFO - Starting attempt 1 of 1
[2025-03-13T17:40:14.754+0000] {taskinstance.py:1382} INFO - Executing <Task(BashOperator): transform_silver_5mins_incremental> on 2025-03-13 17:35:00+00:00
[2025-03-13T17:40:14.757+0000] {standard_task_runner.py:57} INFO - Started process 78163 to run task
[2025-03-13T17:40:14.760+0000] {standard_task_runner.py:84} INFO - Running: ['***', 'tasks', 'run', 'five_mins_processing_pipeline', 'transform_silver_5mins_incremental', 'scheduled__2025-03-13T17:35:00+00:00', '--job-id', '3707', '--raw', '--subdir', 'DAGS_FOLDER/five_mins_processing_pipeline.py', '--cfg-path', '/tmp/tmpuue9yk4z']
[2025-03-13T17:40:14.762+0000] {standard_task_runner.py:85} INFO - Job 3707: Subtask transform_silver_5mins_incremental
[2025-03-13T17:40:14.789+0000] {task_command.py:416} INFO - Running <TaskInstance: five_mins_processing_pipeline.transform_silver_5mins_incremental scheduled__2025-03-13T17:35:00+00:00 [running]> on host c8e526380ef3
[2025-03-13T17:40:14.919+0000] {taskinstance.py:1662} INFO - Exporting env vars: AIRFLOW_CTX_DAG_OWNER='Andrew Tran' AIRFLOW_CTX_DAG_ID='five_mins_processing_pipeline' AIRFLOW_CTX_TASK_ID='transform_silver_5mins_incremental' AIRFLOW_CTX_EXECUTION_DATE='2025-03-13T17:35:00+00:00' AIRFLOW_CTX_TRY_NUMBER='1' AIRFLOW_CTX_DAG_RUN_ID='scheduled__2025-03-13T17:35:00+00:00'
[2025-03-13T17:40:14.920+0000] {subprocess.py:63} INFO - Tmp dir root location: /tmp
[2025-03-13T17:40:14.920+0000] {subprocess.py:75} INFO - Running command: ['/bin/bash', '-c', 'cd /opt/***/dbt/playstudio_project && export WAREHOUSE_HOST=None && export WAREHOUSE_PASSWORD=None && export WAREHOUSE_USER=None && dbt deps && dbt run --select tag:silver_5mins_incremental --target prod']
[2025-03-13T17:40:14.932+0000] {subprocess.py:86} INFO - Output:
[2025-03-13T17:40:20.143+0000] {subprocess.py:93} INFO - [0m17:40:20  Running with dbt=1.7.18
[2025-03-13T17:40:21.767+0000] {subprocess.py:93} INFO - [0m17:40:21  Installing dbt-labs/dbt_utils
[2025-03-13T17:40:22.480+0000] {subprocess.py:93} INFO - [0m17:40:22  Installed from version 1.1.1
[2025-03-13T17:40:22.480+0000] {subprocess.py:93} INFO - [0m17:40:22  Updated version available: 1.3.0
[2025-03-13T17:40:22.481+0000] {subprocess.py:93} INFO - [0m17:40:22  Installing metaplane/dbt_expectations
[2025-03-13T17:40:23.828+0000] {subprocess.py:93} INFO - [0m17:40:23  Installed from version 0.10.8
[2025-03-13T17:40:23.834+0000] {subprocess.py:93} INFO - [0m17:40:23  Up to date!
[2025-03-13T17:40:23.835+0000] {subprocess.py:93} INFO - [0m17:40:23  Installing godatadriven/dbt_date
[2025-03-13T17:40:24.411+0000] {subprocess.py:93} INFO - [0m17:40:24  Installed from version 0.11.0
[2025-03-13T17:40:24.412+0000] {subprocess.py:93} INFO - [0m17:40:24  Up to date!
[2025-03-13T17:40:24.412+0000] {subprocess.py:93} INFO - [0m17:40:24
[2025-03-13T17:40:24.412+0000] {subprocess.py:93} INFO - [0m17:40:24  Updates available for packages: ['dbt-labs/dbt_utils']
[2025-03-13T17:40:24.412+0000] {subprocess.py:93} INFO - Update your versions in packages.yml, then run dbt deps
[2025-03-13T17:40:31.985+0000] {subprocess.py:93} INFO - [0m17:40:31  Running with dbt=1.7.18
[2025-03-13T17:40:32.100+0000] {subprocess.py:93} INFO - [0m17:40:32  Registered adapter: postgres=1.7.18
[2025-03-13T17:40:32.253+0000] {subprocess.py:93} INFO - [0m17:40:32  [[33mWARNING[0m]: Configuration paths exist in your dbt_project.yml file which do not apply to any resources.
[2025-03-13T17:40:32.253+0000] {subprocess.py:93} INFO - There are 1 unused configuration paths:
[2025-03-13T17:40:32.254+0000] {subprocess.py:93} INFO - - models.playstudio_project.bronze_layer
[2025-03-13T17:40:32.280+0000] {subprocess.py:93} INFO - [0m17:40:32  Found 67 tests, 3 models, 2 sources, 0 exposures, 0 metrics, 783 macros, 0 groups, 0 semantic models
[2025-03-13T17:40:32.281+0000] {subprocess.py:93} INFO - [0m17:40:32
[2025-03-13T17:40:32.351+0000] {subprocess.py:93} INFO - [0m17:40:32  Concurrency: 1 threads (target='prod')
[2025-03-13T17:40:32.351+0000] {subprocess.py:93} INFO - [0m17:40:32
[2025-03-13T17:40:32.356+0000] {subprocess.py:93} INFO - [0m17:40:32  1 of 1 START sql incremental model silver_layer.silver_purchases ............... [RUN]
[2025-03-13T17:40:32.496+0000] {subprocess.py:93} INFO - [0m17:40:32  1 of 1 OK created sql incremental model silver_layer.silver_purchases .......... [[32mINSERT 0 1[0m in 0.14s]
[2025-03-13T17:40:32.505+0000] {subprocess.py:93} INFO - [0m17:40:32
[2025-03-13T17:40:32.505+0000] {subprocess.py:93} INFO - [0m17:40:32  Finished running 1 incremental model in 0 hours 0 minutes and 0.23 seconds (0.23s).
[2025-03-13T17:40:32.521+0000] {subprocess.py:93} INFO - [0m17:40:32
[2025-03-13T17:40:32.522+0000] {subprocess.py:93} INFO - [0m17:40:32  [32mCompleted successfully[0m
[2025-03-13T17:40:32.522+0000] {subprocess.py:93} INFO - [0m17:40:32
[2025-03-13T17:40:32.522+0000] {subprocess.py:93} INFO - [0m17:40:32  Done. PASS=1 WARN=0 ERROR=0 SKIP=0 TOTAL=1
[2025-03-13T17:40:33.908+0000] {subprocess.py:97} INFO - Command exited with return code 0
[2025-03-13T17:40:33.942+0000] {taskinstance.py:1400} INFO - Marking task as SUCCESS. dag_id=five_mins_processing_pipeline, task_id=transform_silver_5mins_incremental, execution_date=20250313T173500, start_date=20250313T174014, end_date=20250313T174033
[2025-03-13T17:40:34.011+0000] {local_task_job_runner.py:228} INFO - Task exited with return code 0
[2025-03-13T17:40:34.304+0000] {taskinstance.py:2778} INFO - 1 downstream tasks scheduled from follow-on schedule check
