[2025-03-14T03:00:12.697+0000] {taskinstance.py:1159} INFO - Dependencies all met for dep_context=non-requeueable deps ti=<TaskInstance: five_mins_processing_pipeline.transform_silver_5mins_incremental scheduled__2025-03-14T02:55:00+00:00 [queued]>
[2025-03-14T03:00:12.701+0000] {taskinstance.py:1159} INFO - Dependencies all met for dep_context=requeueable deps ti=<TaskInstance: five_mins_processing_pipeline.transform_silver_5mins_incremental scheduled__2025-03-14T02:55:00+00:00 [queued]>
[2025-03-14T03:00:12.701+0000] {taskinstance.py:1361} INFO - Starting attempt 1 of 1
[2025-03-14T03:00:12.707+0000] {taskinstance.py:1382} INFO - Executing <Task(BashOperator): transform_silver_5mins_incremental> on 2025-03-14 02:55:00+00:00
[2025-03-14T03:00:12.710+0000] {standard_task_runner.py:57} INFO - Started process 78535 to run task
[2025-03-14T03:00:12.711+0000] {standard_task_runner.py:84} INFO - Running: ['***', 'tasks', 'run', 'five_mins_processing_pipeline', 'transform_silver_5mins_incremental', 'scheduled__2025-03-14T02:55:00+00:00', '--job-id', '3749', '--raw', '--subdir', 'DAGS_FOLDER/five_mins_processing_pipeline.py', '--cfg-path', '/tmp/tmp7k73sc6o']
[2025-03-14T03:00:12.713+0000] {standard_task_runner.py:85} INFO - Job 3749: Subtask transform_silver_5mins_incremental
[2025-03-14T03:00:12.735+0000] {task_command.py:416} INFO - Running <TaskInstance: five_mins_processing_pipeline.transform_silver_5mins_incremental scheduled__2025-03-14T02:55:00+00:00 [running]> on host c8e526380ef3
[2025-03-14T03:00:12.853+0000] {taskinstance.py:1662} INFO - Exporting env vars: AIRFLOW_CTX_DAG_OWNER='Andrew Tran' AIRFLOW_CTX_DAG_ID='five_mins_processing_pipeline' AIRFLOW_CTX_TASK_ID='transform_silver_5mins_incremental' AIRFLOW_CTX_EXECUTION_DATE='2025-03-14T02:55:00+00:00' AIRFLOW_CTX_TRY_NUMBER='1' AIRFLOW_CTX_DAG_RUN_ID='scheduled__2025-03-14T02:55:00+00:00'
[2025-03-14T03:00:12.854+0000] {subprocess.py:63} INFO - Tmp dir root location: /tmp
[2025-03-14T03:00:12.854+0000] {subprocess.py:75} INFO - Running command: ['/bin/bash', '-c', 'cd /opt/***/dbt/playstudio_project && export WAREHOUSE_HOST=None && export WAREHOUSE_PASSWORD=None && export WAREHOUSE_USER=None && dbt deps && dbt run --select tag:silver_5mins_incremental --target prod']
[2025-03-14T03:00:12.860+0000] {subprocess.py:86} INFO - Output:
[2025-03-14T03:00:14.161+0000] {subprocess.py:93} INFO - [0m03:00:14  Running with dbt=1.7.18
[2025-03-14T03:00:16.164+0000] {subprocess.py:93} INFO - [0m03:00:16  Installing dbt-labs/dbt_utils
[2025-03-14T03:00:16.856+0000] {subprocess.py:93} INFO - [0m03:00:16  Installed from version 1.1.1
[2025-03-14T03:00:16.859+0000] {subprocess.py:93} INFO - [0m03:00:16  Updated version available: 1.3.0
[2025-03-14T03:00:16.859+0000] {subprocess.py:93} INFO - [0m03:00:16  Installing metaplane/dbt_expectations
[2025-03-14T03:00:17.885+0000] {subprocess.py:93} INFO - [0m03:00:17  Installed from version 0.10.8
[2025-03-14T03:00:17.885+0000] {subprocess.py:93} INFO - [0m03:00:17  Up to date!
[2025-03-14T03:00:17.885+0000] {subprocess.py:93} INFO - [0m03:00:17  Installing godatadriven/dbt_date
[2025-03-14T03:00:18.450+0000] {subprocess.py:93} INFO - [0m03:00:18  Installed from version 0.11.0
[2025-03-14T03:00:18.454+0000] {subprocess.py:93} INFO - [0m03:00:18  Up to date!
[2025-03-14T03:00:18.454+0000] {subprocess.py:93} INFO - [0m03:00:18
[2025-03-14T03:00:18.454+0000] {subprocess.py:93} INFO - [0m03:00:18  Updates available for packages: ['dbt-labs/dbt_utils']
[2025-03-14T03:00:18.454+0000] {subprocess.py:93} INFO - Update your versions in packages.yml, then run dbt deps
[2025-03-14T03:00:21.688+0000] {subprocess.py:93} INFO - [0m03:00:21  Running with dbt=1.7.18
[2025-03-14T03:00:21.878+0000] {subprocess.py:93} INFO - [0m03:00:21  Registered adapter: postgres=1.7.18
[2025-03-14T03:00:22.007+0000] {subprocess.py:93} INFO - [0m03:00:22  [[33mWARNING[0m]: Configuration paths exist in your dbt_project.yml file which do not apply to any resources.
[2025-03-14T03:00:22.008+0000] {subprocess.py:93} INFO - There are 1 unused configuration paths:
[2025-03-14T03:00:22.008+0000] {subprocess.py:93} INFO - - models.playstudio_project.bronze_layer
[2025-03-14T03:00:22.036+0000] {subprocess.py:93} INFO - [0m03:00:22  Found 67 tests, 3 models, 2 sources, 0 exposures, 0 metrics, 783 macros, 0 groups, 0 semantic models
[2025-03-14T03:00:22.041+0000] {subprocess.py:93} INFO - [0m03:00:22
[2025-03-14T03:00:22.117+0000] {subprocess.py:93} INFO - [0m03:00:22  Concurrency: 1 threads (target='prod')
[2025-03-14T03:00:22.118+0000] {subprocess.py:93} INFO - [0m03:00:22
[2025-03-14T03:00:22.124+0000] {subprocess.py:93} INFO - [0m03:00:22  1 of 1 START sql incremental model silver_layer.silver_purchases ............... [RUN]
[2025-03-14T03:00:22.260+0000] {subprocess.py:93} INFO - [0m03:00:22  1 of 1 OK created sql incremental model silver_layer.silver_purchases .......... [[32mINSERT 0 1[0m in 0.13s]
[2025-03-14T03:00:22.275+0000] {subprocess.py:93} INFO - [0m03:00:22
[2025-03-14T03:00:22.275+0000] {subprocess.py:93} INFO - [0m03:00:22  Finished running 1 incremental model in 0 hours 0 minutes and 0.23 seconds (0.23s).
[2025-03-14T03:00:22.286+0000] {subprocess.py:93} INFO - [0m03:00:22
[2025-03-14T03:00:22.287+0000] {subprocess.py:93} INFO - [0m03:00:22  [32mCompleted successfully[0m
[2025-03-14T03:00:22.287+0000] {subprocess.py:93} INFO - [0m03:00:22
[2025-03-14T03:00:22.287+0000] {subprocess.py:93} INFO - [0m03:00:22  Done. PASS=1 WARN=0 ERROR=0 SKIP=0 TOTAL=1
[2025-03-14T03:00:23.999+0000] {subprocess.py:97} INFO - Command exited with return code 0
[2025-03-14T03:00:24.050+0000] {taskinstance.py:1400} INFO - Marking task as SUCCESS. dag_id=five_mins_processing_pipeline, task_id=transform_silver_5mins_incremental, execution_date=20250314T025500, start_date=20250314T030012, end_date=20250314T030024
[2025-03-14T03:00:24.097+0000] {local_task_job_runner.py:228} INFO - Task exited with return code 0
[2025-03-14T03:00:24.338+0000] {taskinstance.py:2778} INFO - 1 downstream tasks scheduled from follow-on schedule check
