[2025-03-12T15:20:22.565+0000] {taskinstance.py:1159} INFO - Dependencies all met for dep_context=non-requeueable deps ti=<TaskInstance: hourly_processing_pipeline.transform_silver_full_refresh manual__2025-03-12T15:20:07.097195+00:00 [queued]>
[2025-03-12T15:20:22.586+0000] {taskinstance.py:1159} INFO - Dependencies all met for dep_context=requeueable deps ti=<TaskInstance: hourly_processing_pipeline.transform_silver_full_refresh manual__2025-03-12T15:20:07.097195+00:00 [queued]>
[2025-03-12T15:20:22.586+0000] {taskinstance.py:1361} INFO - Starting attempt 1 of 1
[2025-03-12T15:20:22.810+0000] {taskinstance.py:1382} INFO - Executing <Task(BashOperator): transform_silver_full_refresh> on 2025-03-12 15:20:07.097195+00:00
[2025-03-12T15:20:22.819+0000] {standard_task_runner.py:57} INFO - Started process 39086 to run task
[2025-03-12T15:20:22.823+0000] {standard_task_runner.py:84} INFO - Running: ['***', 'tasks', 'run', 'hourly_processing_pipeline', 'transform_silver_full_refresh', 'manual__2025-03-12T15:20:07.097195+00:00', '--job-id', '2954', '--raw', '--subdir', 'DAGS_FOLDER/hourly_processing_pipeline.py', '--cfg-path', '/tmp/tmpfbn2r8xe']
[2025-03-12T15:20:22.837+0000] {standard_task_runner.py:85} INFO - Job 2954: Subtask transform_silver_full_refresh
[2025-03-12T15:20:23.113+0000] {task_command.py:416} INFO - Running <TaskInstance: hourly_processing_pipeline.transform_silver_full_refresh manual__2025-03-12T15:20:07.097195+00:00 [running]> on host c8e526380ef3
[2025-03-12T15:20:23.197+0000] {taskinstance.py:1662} INFO - Exporting env vars: AIRFLOW_CTX_DAG_OWNER='Andrew Tran' AIRFLOW_CTX_DAG_ID='hourly_processing_pipeline' AIRFLOW_CTX_TASK_ID='transform_silver_full_refresh' AIRFLOW_CTX_EXECUTION_DATE='2025-03-12T15:20:07.097195+00:00' AIRFLOW_CTX_TRY_NUMBER='1' AIRFLOW_CTX_DAG_RUN_ID='manual__2025-03-12T15:20:07.097195+00:00'
[2025-03-12T15:20:23.199+0000] {subprocess.py:63} INFO - Tmp dir root location: /tmp
[2025-03-12T15:20:23.200+0000] {subprocess.py:75} INFO - Running command: ['/bin/bash', '-c', 'cd /opt/***/dbt/playstudio_project && export WAREHOUSE_HOST=None && export WAREHOUSE_PASSWORD=None && export WAREHOUSE_USER=None && dbt run --select tag:silver_hourly_incremental --target prod --full-refresh']
[2025-03-12T15:20:23.211+0000] {subprocess.py:86} INFO - Output:
[2025-03-12T15:20:25.931+0000] {subprocess.py:93} INFO - [0m15:20:25  Running with dbt=1.7.18
[2025-03-12T15:20:26.939+0000] {subprocess.py:93} INFO - [0m15:20:26  Registered adapter: postgres=1.7.18
[2025-03-12T15:20:27.090+0000] {subprocess.py:93} INFO - [0m15:20:27  [[33mWARNING[0m]: Configuration paths exist in your dbt_project.yml file which do not apply to any resources.
[2025-03-12T15:20:27.090+0000] {subprocess.py:93} INFO - There are 1 unused configuration paths:
[2025-03-12T15:20:27.090+0000] {subprocess.py:93} INFO - - models.playstudio_project.bronze_layer
[2025-03-12T15:20:27.137+0000] {subprocess.py:93} INFO - [0m15:20:27  Found 3 models, 2 sources, 0 exposures, 0 metrics, 402 macros, 0 groups, 0 semantic models
[2025-03-12T15:20:27.143+0000] {subprocess.py:93} INFO - [0m15:20:27
[2025-03-12T15:20:27.506+0000] {subprocess.py:93} INFO - [0m15:20:27  Concurrency: 1 threads (target='prod')
[2025-03-12T15:20:27.506+0000] {subprocess.py:93} INFO - [0m15:20:27
[2025-03-12T15:20:27.521+0000] {subprocess.py:93} INFO - [0m15:20:27  1 of 1 START sql incremental model silver_layer.silver_spins_hourly ............ [RUN]
[2025-03-12T15:20:27.689+0000] {subprocess.py:93} INFO - [0m15:20:27  1 of 1 OK created sql incremental model silver_layer.silver_spins_hourly ....... [[32mSELECT 42[0m in 0.17s]
[2025-03-12T15:20:27.715+0000] {subprocess.py:93} INFO - [0m15:20:27
[2025-03-12T15:20:27.715+0000] {subprocess.py:93} INFO - [0m15:20:27  Finished running 1 incremental model in 0 hours 0 minutes and 0.57 seconds (0.57s).
[2025-03-12T15:20:27.725+0000] {subprocess.py:93} INFO - [0m15:20:27
[2025-03-12T15:20:27.726+0000] {subprocess.py:93} INFO - [0m15:20:27  [32mCompleted successfully[0m
[2025-03-12T15:20:27.727+0000] {subprocess.py:93} INFO - [0m15:20:27
[2025-03-12T15:20:27.728+0000] {subprocess.py:93} INFO - [0m15:20:27  Done. PASS=1 WARN=0 ERROR=0 SKIP=0 TOTAL=1
[2025-03-12T15:20:29.165+0000] {subprocess.py:97} INFO - Command exited with return code 0
[2025-03-12T15:20:29.194+0000] {taskinstance.py:1400} INFO - Marking task as SUCCESS. dag_id=hourly_processing_pipeline, task_id=transform_silver_full_refresh, execution_date=20250312T152007, start_date=20250312T152022, end_date=20250312T152029
[2025-03-12T15:20:29.206+0000] {local_task_job_runner.py:228} INFO - Task exited with return code 0
[2025-03-12T15:20:29.232+0000] {taskinstance.py:2778} INFO - 1 downstream tasks scheduled from follow-on schedule check
