[2025-03-14T03:05:39.281+0000] {taskinstance.py:1159} INFO - Dependencies all met for dep_context=non-requeueable deps ti=<TaskInstance: hourly_processing_pipeline.transform_silver_hourly_incremental manual__2025-03-14T03:05:27.224371+00:00 [queued]>
[2025-03-14T03:05:39.285+0000] {taskinstance.py:1159} INFO - Dependencies all met for dep_context=requeueable deps ti=<TaskInstance: hourly_processing_pipeline.transform_silver_hourly_incremental manual__2025-03-14T03:05:27.224371+00:00 [queued]>
[2025-03-14T03:05:39.285+0000] {taskinstance.py:1361} INFO - Starting attempt 1 of 1
[2025-03-14T03:05:39.291+0000] {taskinstance.py:1382} INFO - Executing <Task(BashOperator): transform_silver_hourly_incremental> on 2025-03-14 03:05:27.224371+00:00
[2025-03-14T03:05:39.294+0000] {standard_task_runner.py:57} INFO - Started process 78841 to run task
[2025-03-14T03:05:39.296+0000] {standard_task_runner.py:84} INFO - Running: ['***', 'tasks', 'run', 'hourly_processing_pipeline', 'transform_silver_hourly_incremental', 'manual__2025-03-14T03:05:27.224371+00:00', '--job-id', '3771', '--raw', '--subdir', 'DAGS_FOLDER/hourly_processing_pipeline.py', '--cfg-path', '/tmp/tmpnhzc5z5e']
[2025-03-14T03:05:39.297+0000] {standard_task_runner.py:85} INFO - Job 3771: Subtask transform_silver_hourly_incremental
[2025-03-14T03:05:39.317+0000] {task_command.py:416} INFO - Running <TaskInstance: hourly_processing_pipeline.transform_silver_hourly_incremental manual__2025-03-14T03:05:27.224371+00:00 [running]> on host c8e526380ef3
[2025-03-14T03:05:39.349+0000] {taskinstance.py:1662} INFO - Exporting env vars: AIRFLOW_CTX_DAG_OWNER='Andrew Tran' AIRFLOW_CTX_DAG_ID='hourly_processing_pipeline' AIRFLOW_CTX_TASK_ID='transform_silver_hourly_incremental' AIRFLOW_CTX_EXECUTION_DATE='2025-03-14T03:05:27.224371+00:00' AIRFLOW_CTX_TRY_NUMBER='1' AIRFLOW_CTX_DAG_RUN_ID='manual__2025-03-14T03:05:27.224371+00:00'
[2025-03-14T03:05:39.349+0000] {subprocess.py:63} INFO - Tmp dir root location: /tmp
[2025-03-14T03:05:39.350+0000] {subprocess.py:75} INFO - Running command: ['/bin/bash', '-c', 'cd /opt/***/dbt/playstudio_project && export WAREHOUSE_HOST=None && export WAREHOUSE_PASSWORD=None && export WAREHOUSE_USER=None && dbt deps && dbt run --select tag:silver_hourly_incremental --target prod']
[2025-03-14T03:05:39.354+0000] {subprocess.py:86} INFO - Output:
[2025-03-14T03:05:40.750+0000] {subprocess.py:93} INFO - [0m03:05:40  Running with dbt=1.7.18
[2025-03-14T03:05:41.208+0000] {subprocess.py:93} INFO - [0m03:05:41  Installing dbt-labs/dbt_utils
[2025-03-14T03:05:41.862+0000] {subprocess.py:93} INFO - [0m03:05:41  Installed from version 1.1.1
[2025-03-14T03:05:41.863+0000] {subprocess.py:93} INFO - [0m03:05:41  Updated version available: 1.3.0
[2025-03-14T03:05:41.863+0000] {subprocess.py:93} INFO - [0m03:05:41  Installing metaplane/dbt_expectations
[2025-03-14T03:05:42.945+0000] {subprocess.py:93} INFO - [0m03:05:42  Installed from version 0.10.8
[2025-03-14T03:05:42.946+0000] {subprocess.py:93} INFO - [0m03:05:42  Up to date!
[2025-03-14T03:05:42.946+0000] {subprocess.py:93} INFO - [0m03:05:42  Installing godatadriven/dbt_date
[2025-03-14T03:05:43.572+0000] {subprocess.py:93} INFO - [0m03:05:43  Installed from version 0.11.0
[2025-03-14T03:05:43.572+0000] {subprocess.py:93} INFO - [0m03:05:43  Up to date!
[2025-03-14T03:05:43.576+0000] {subprocess.py:93} INFO - [0m03:05:43
[2025-03-14T03:05:43.576+0000] {subprocess.py:93} INFO - [0m03:05:43  Updates available for packages: ['dbt-labs/dbt_utils']
[2025-03-14T03:05:43.576+0000] {subprocess.py:93} INFO - Update your versions in packages.yml, then run dbt deps
[2025-03-14T03:05:48.364+0000] {subprocess.py:93} INFO - [0m03:05:48  Running with dbt=1.7.18
[2025-03-14T03:05:48.519+0000] {subprocess.py:93} INFO - [0m03:05:48  Registered adapter: postgres=1.7.18
[2025-03-14T03:05:48.761+0000] {subprocess.py:93} INFO - [0m03:05:48  [[33mWARNING[0m]: Configuration paths exist in your dbt_project.yml file which do not apply to any resources.
[2025-03-14T03:05:48.764+0000] {subprocess.py:93} INFO - There are 1 unused configuration paths:
[2025-03-14T03:05:48.764+0000] {subprocess.py:93} INFO - - models.playstudio_project.bronze_layer
[2025-03-14T03:05:48.941+0000] {subprocess.py:93} INFO - [0m03:05:48  Found 67 tests, 3 models, 2 sources, 0 exposures, 0 metrics, 783 macros, 0 groups, 0 semantic models
[2025-03-14T03:05:48.949+0000] {subprocess.py:93} INFO - [0m03:05:48
[2025-03-14T03:05:49.291+0000] {subprocess.py:93} INFO - [0m03:05:49  Concurrency: 1 threads (target='prod')
[2025-03-14T03:05:49.291+0000] {subprocess.py:93} INFO - [0m03:05:49
[2025-03-14T03:05:49.305+0000] {subprocess.py:93} INFO - [0m03:05:49  1 of 1 START sql incremental model silver_layer.silver_spins_hourly ............ [RUN]
[2025-03-14T03:05:49.650+0000] {subprocess.py:93} INFO - [0m03:05:49  1 of 1 OK created sql incremental model silver_layer.silver_spins_hourly ....... [[32mINSERT 0 2[0m in 0.34s]
[2025-03-14T03:05:49.700+0000] {subprocess.py:93} INFO - [0m03:05:49
[2025-03-14T03:05:49.701+0000] {subprocess.py:93} INFO - [0m03:05:49  Finished running 1 incremental model in 0 hours 0 minutes and 0.74 seconds (0.74s).
[2025-03-14T03:05:49.799+0000] {subprocess.py:93} INFO - [0m03:05:49
[2025-03-14T03:05:49.802+0000] {subprocess.py:93} INFO - [0m03:05:49  [32mCompleted successfully[0m
[2025-03-14T03:05:49.806+0000] {subprocess.py:93} INFO - [0m03:05:49
[2025-03-14T03:05:49.807+0000] {subprocess.py:93} INFO - [0m03:05:49  Done. PASS=1 WARN=0 ERROR=0 SKIP=0 TOTAL=1
[2025-03-14T03:05:51.877+0000] {subprocess.py:97} INFO - Command exited with return code 0
[2025-03-14T03:05:52.013+0000] {taskinstance.py:1400} INFO - Marking task as SUCCESS. dag_id=hourly_processing_pipeline, task_id=transform_silver_hourly_incremental, execution_date=20250314T030527, start_date=20250314T030539, end_date=20250314T030552
[2025-03-14T03:05:52.141+0000] {local_task_job_runner.py:228} INFO - Task exited with return code 0
[2025-03-14T03:05:52.334+0000] {taskinstance.py:2778} INFO - 1 downstream tasks scheduled from follow-on schedule check
