[2025-03-11T16:00:02.798+0000] {taskinstance.py:1159} INFO - Dependencies all met for dep_context=non-requeueable deps ti=<TaskInstance: ingest_bronze_layer_dag.prepare_dag_execution scheduled__2025-03-11T15:55:00+00:00 [queued]>
[2025-03-11T16:00:02.802+0000] {taskinstance.py:1159} INFO - Dependencies all met for dep_context=requeueable deps ti=<TaskInstance: ingest_bronze_layer_dag.prepare_dag_execution scheduled__2025-03-11T15:55:00+00:00 [queued]>
[2025-03-11T16:00:02.802+0000] {taskinstance.py:1361} INFO - Starting attempt 1 of 1
[2025-03-11T16:00:02.812+0000] {taskinstance.py:1382} INFO - Executing <Task(PythonOperator): prepare_dag_execution> on 2025-03-11 15:55:00+00:00
[2025-03-11T16:00:02.817+0000] {standard_task_runner.py:57} INFO - Started process 20177 to run task
[2025-03-11T16:00:02.819+0000] {standard_task_runner.py:84} INFO - Running: ['***', 'tasks', 'run', 'ingest_bronze_layer_dag', 'prepare_dag_execution', 'scheduled__2025-03-11T15:55:00+00:00', '--job-id', '595', '--raw', '--subdir', 'DAGS_FOLDER/ingesting_pipeline.py', '--cfg-path', '/tmp/tmpj7su_87_']
[2025-03-11T16:00:02.826+0000] {standard_task_runner.py:85} INFO - Job 595: Subtask prepare_dag_execution
[2025-03-11T16:00:03.031+0000] {task_command.py:416} INFO - Running <TaskInstance: ingest_bronze_layer_dag.prepare_dag_execution scheduled__2025-03-11T15:55:00+00:00 [running]> on host 41ccd9d1769c
[2025-03-11T16:00:03.063+0000] {taskinstance.py:1662} INFO - Exporting env vars: AIRFLOW_CTX_DAG_OWNER='Andrew Tran' AIRFLOW_CTX_DAG_ID='ingest_bronze_layer_dag' AIRFLOW_CTX_TASK_ID='prepare_dag_execution' AIRFLOW_CTX_EXECUTION_DATE='2025-03-11T15:55:00+00:00' AIRFLOW_CTX_TRY_NUMBER='1' AIRFLOW_CTX_DAG_RUN_ID='scheduled__2025-03-11T15:55:00+00:00'
[2025-03-11T16:00:03.063+0000] {ingesting_pipeline.py:252} INFO - Starting DAG run: scheduled__2025-03-11T15:55:00+00:00
[2025-03-11T16:00:03.063+0000] {ingesting_pipeline.py:253} INFO - Parameters: {'is_full_refresh': False, 'backfill_start_date': None, 'backfill_end_date': None, 'template_date': '2025-03-11 00:00:00'}
[2025-03-11T16:00:03.063+0000] {ingesting_pipeline.py:257} INFO - Refresh mode: Incremental
[2025-03-11T16:00:03.071+0000] {ingesting_pipeline.py:169} INFO - Getting latest updated_at from bronze_layer.bronze_purchases
[2025-03-11T16:00:03.072+0000] {ingesting_pipeline.py:142} INFO - Executing query: SELECT MAX(updated_at) FROM bronze_layer.bronze_purchases
[2025-03-11T16:00:03.074+0000] {base.py:73} INFO - Using connection ID 'postgres_warehouse_db' for task execution.
[2025-03-11T16:00:03.078+0000] {warnings.py:109} WARNING - /opt/***/dags/ingesting_pipeline.py:145: UserWarning: pandas only supports SQLAlchemy connectable (engine/connection) or database string URI or sqlite3 DBAPI2 connection. Other DBAPI2 objects are not tested. Please consider using SQLAlchemy.
  df = pd.read_sql(query, conn)

[2025-03-11T16:00:03.080+0000] {ingesting_pipeline.py:146} INFO - Query executed successfully. Retrieved 1 rows.
[2025-03-11T16:00:03.080+0000] {ingesting_pipeline.py:178} INFO - Latest updated_at: 2025-03-11 05:11:10.736496
[2025-03-11T16:00:03.084+0000] {ingesting_pipeline.py:286} INFO - Incremental mode - using timestamp: 2025-03-11 05:11:10.736496
[2025-03-11T16:00:03.084+0000] {ingesting_pipeline.py:322} INFO - Execution plan: {'next_task': 'extract_and_load_purchases', 'transform_task': 'transform_silver_5mins_incremental'}
[2025-03-11T16:00:03.084+0000] {python.py:194} INFO - Done. Returned value was: {'next_task': 'extract_and_load_purchases', 'transform_task': 'transform_silver_5mins_incremental'}
[2025-03-11T16:00:03.092+0000] {taskinstance.py:1400} INFO - Marking task as SUCCESS. dag_id=ingest_bronze_layer_dag, task_id=prepare_dag_execution, execution_date=20250311T155500, start_date=20250311T160002, end_date=20250311T160003
[2025-03-11T16:00:03.142+0000] {local_task_job_runner.py:228} INFO - Task exited with return code 0
[2025-03-11T16:00:03.236+0000] {taskinstance.py:2778} INFO - 1 downstream tasks scheduled from follow-on schedule check
