[2025-03-12T16:35:26.108+0000] {taskinstance.py:1159} INFO - Dependencies all met for dep_context=non-requeueable deps ti=<TaskInstance: hourly_processing_pipeline.transform_silver_hourly_incremental manual__2025-03-12T16:35:19.827290+00:00 [queued]>
[2025-03-12T16:35:26.113+0000] {taskinstance.py:1159} INFO - Dependencies all met for dep_context=requeueable deps ti=<TaskInstance: hourly_processing_pipeline.transform_silver_hourly_incremental manual__2025-03-12T16:35:19.827290+00:00 [queued]>
[2025-03-12T16:35:26.114+0000] {taskinstance.py:1361} INFO - Starting attempt 1 of 1
[2025-03-12T16:35:26.219+0000] {taskinstance.py:1382} INFO - Executing <Task(BashOperator): transform_silver_hourly_incremental> on 2025-03-12 16:35:19.827290+00:00
[2025-03-12T16:35:26.222+0000] {standard_task_runner.py:57} INFO - Started process 43266 to run task
[2025-03-12T16:35:26.224+0000] {standard_task_runner.py:84} INFO - Running: ['***', 'tasks', 'run', 'hourly_processing_pipeline', 'transform_silver_hourly_incremental', 'manual__2025-03-12T16:35:19.827290+00:00', '--job-id', '3252', '--raw', '--subdir', 'DAGS_FOLDER/hourly_processing_pipeline.py', '--cfg-path', '/tmp/tmpq82ynu0k']
[2025-03-12T16:35:26.226+0000] {standard_task_runner.py:85} INFO - Job 3252: Subtask transform_silver_hourly_incremental
[2025-03-12T16:35:26.250+0000] {task_command.py:416} INFO - Running <TaskInstance: hourly_processing_pipeline.transform_silver_hourly_incremental manual__2025-03-12T16:35:19.827290+00:00 [running]> on host c8e526380ef3
[2025-03-12T16:35:26.292+0000] {taskinstance.py:1662} INFO - Exporting env vars: AIRFLOW_CTX_DAG_OWNER='Andrew Tran' AIRFLOW_CTX_DAG_ID='hourly_processing_pipeline' AIRFLOW_CTX_TASK_ID='transform_silver_hourly_incremental' AIRFLOW_CTX_EXECUTION_DATE='2025-03-12T16:35:19.827290+00:00' AIRFLOW_CTX_TRY_NUMBER='1' AIRFLOW_CTX_DAG_RUN_ID='manual__2025-03-12T16:35:19.827290+00:00'
[2025-03-12T16:35:26.292+0000] {subprocess.py:63} INFO - Tmp dir root location: /tmp
[2025-03-12T16:35:26.293+0000] {subprocess.py:75} INFO - Running command: ['/bin/bash', '-c', 'cd /opt/***/dbt/playstudio_project && export WAREHOUSE_HOST=None && export WAREHOUSE_PASSWORD=None && export WAREHOUSE_USER=None && dbt run --select tag:silver_hourly_incremental --target prod']
[2025-03-12T16:35:26.299+0000] {subprocess.py:86} INFO - Output:
[2025-03-12T16:35:27.838+0000] {subprocess.py:93} INFO - [0m16:35:27  Running with dbt=1.7.18
[2025-03-12T16:35:27.948+0000] {subprocess.py:93} INFO - [0m16:35:27  Registered adapter: postgres=1.7.18
[2025-03-12T16:35:27.968+0000] {subprocess.py:93} INFO - [0m16:35:27  [[33mWARNING[0m]: Configuration paths exist in your dbt_project.yml file which do not apply to any resources.
[2025-03-12T16:35:27.968+0000] {subprocess.py:93} INFO - There are 1 unused configuration paths:
[2025-03-12T16:35:27.968+0000] {subprocess.py:93} INFO - - models.playstudio_project.bronze_layer
[2025-03-12T16:35:27.979+0000] {subprocess.py:93} INFO - [0m16:35:27  Found 3 models, 2 sources, 0 exposures, 0 metrics, 402 macros, 0 groups, 0 semantic models
[2025-03-12T16:35:27.979+0000] {subprocess.py:93} INFO - [0m16:35:27
[2025-03-12T16:35:28.066+0000] {subprocess.py:93} INFO - [0m16:35:28  Concurrency: 1 threads (target='prod')
[2025-03-12T16:35:28.067+0000] {subprocess.py:93} INFO - [0m16:35:28
[2025-03-12T16:35:28.071+0000] {subprocess.py:93} INFO - [0m16:35:28  1 of 1 START sql incremental model silver_layer.silver_spins_hourly ............ [RUN]
[2025-03-12T16:35:28.162+0000] {subprocess.py:93} INFO - [0m16:35:28  1 of 1 OK created sql incremental model silver_layer.silver_spins_hourly ....... [[32mINSERT 0 42[0m in 0.09s]
[2025-03-12T16:35:28.169+0000] {subprocess.py:93} INFO - [0m16:35:28
[2025-03-12T16:35:28.170+0000] {subprocess.py:93} INFO - [0m16:35:28  Finished running 1 incremental model in 0 hours 0 minutes and 0.19 seconds (0.19s).
[2025-03-12T16:35:28.174+0000] {subprocess.py:93} INFO - [0m16:35:28
[2025-03-12T16:35:28.175+0000] {subprocess.py:93} INFO - [0m16:35:28  [32mCompleted successfully[0m
[2025-03-12T16:35:28.175+0000] {subprocess.py:93} INFO - [0m16:35:28
[2025-03-12T16:35:28.175+0000] {subprocess.py:93} INFO - [0m16:35:28  Done. PASS=1 WARN=0 ERROR=0 SKIP=0 TOTAL=1
[2025-03-12T16:35:29.804+0000] {subprocess.py:97} INFO - Command exited with return code 0
[2025-03-12T16:35:29.832+0000] {taskinstance.py:1400} INFO - Marking task as SUCCESS. dag_id=hourly_processing_pipeline, task_id=transform_silver_hourly_incremental, execution_date=20250312T163519, start_date=20250312T163526, end_date=20250312T163529
[2025-03-12T16:35:29.862+0000] {local_task_job_runner.py:228} INFO - Task exited with return code 0
[2025-03-12T16:35:29.881+0000] {taskinstance.py:2778} INFO - 1 downstream tasks scheduled from follow-on schedule check
