[2025-03-13T14:55:38.392+0000] {taskinstance.py:1159} INFO - Dependencies all met for dep_context=non-requeueable deps ti=<TaskInstance: hourly_processing_pipeline.aggregate_final_table_incremental manual__2025-03-13T14:55:20.469238+00:00 [queued]>
[2025-03-13T14:55:38.397+0000] {taskinstance.py:1159} INFO - Dependencies all met for dep_context=requeueable deps ti=<TaskInstance: hourly_processing_pipeline.aggregate_final_table_incremental manual__2025-03-13T14:55:20.469238+00:00 [queued]>
[2025-03-13T14:55:38.397+0000] {taskinstance.py:1361} INFO - Starting attempt 1 of 1
[2025-03-13T14:55:38.404+0000] {taskinstance.py:1382} INFO - Executing <Task(BashOperator): aggregate_final_table_incremental> on 2025-03-13 14:55:20.469238+00:00
[2025-03-13T14:55:38.407+0000] {standard_task_runner.py:57} INFO - Started process 70895 to run task
[2025-03-13T14:55:38.410+0000] {standard_task_runner.py:84} INFO - Running: ['***', 'tasks', 'run', 'hourly_processing_pipeline', 'aggregate_final_table_incremental', 'manual__2025-03-13T14:55:20.469238+00:00', '--job-id', '3464', '--raw', '--subdir', 'DAGS_FOLDER/hourly_processing_pipeline.py', '--cfg-path', '/tmp/tmp_8vla4_h']
[2025-03-13T14:55:38.413+0000] {standard_task_runner.py:85} INFO - Job 3464: Subtask aggregate_final_table_incremental
[2025-03-13T14:55:38.573+0000] {task_command.py:416} INFO - Running <TaskInstance: hourly_processing_pipeline.aggregate_final_table_incremental manual__2025-03-13T14:55:20.469238+00:00 [running]> on host c8e526380ef3
[2025-03-13T14:55:38.609+0000] {taskinstance.py:1662} INFO - Exporting env vars: AIRFLOW_CTX_DAG_OWNER='Andrew Tran' AIRFLOW_CTX_DAG_ID='hourly_processing_pipeline' AIRFLOW_CTX_TASK_ID='aggregate_final_table_incremental' AIRFLOW_CTX_EXECUTION_DATE='2025-03-13T14:55:20.469238+00:00' AIRFLOW_CTX_TRY_NUMBER='1' AIRFLOW_CTX_DAG_RUN_ID='manual__2025-03-13T14:55:20.469238+00:00'
[2025-03-13T14:55:38.610+0000] {subprocess.py:63} INFO - Tmp dir root location: /tmp
[2025-03-13T14:55:38.611+0000] {subprocess.py:75} INFO - Running command: ['/bin/bash', '-c', 'cd /opt/***/dbt/playstudio_project && export WAREHOUSE_HOST=None && export WAREHOUSE_PASSWORD=None && export WAREHOUSE_USER=None && dbt run --select tag:gold_layer --target prod']
[2025-03-13T14:55:38.618+0000] {subprocess.py:86} INFO - Output:
[2025-03-13T14:55:40.090+0000] {subprocess.py:93} INFO - [0m14:55:40  Running with dbt=1.7.18
[2025-03-13T14:55:40.199+0000] {subprocess.py:93} INFO - [0m14:55:40  Registered adapter: postgres=1.7.18
[2025-03-13T14:55:40.289+0000] {subprocess.py:93} INFO - [0m14:55:40  [[33mWARNING[0m]: Configuration paths exist in your dbt_project.yml file which do not apply to any resources.
[2025-03-13T14:55:40.290+0000] {subprocess.py:93} INFO - There are 1 unused configuration paths:
[2025-03-13T14:55:40.290+0000] {subprocess.py:93} INFO - - models.playstudio_project.bronze_layer
[2025-03-13T14:55:40.310+0000] {subprocess.py:93} INFO - [0m14:55:40  Found 3 models, 21 tests, 2 sources, 0 exposures, 0 metrics, 783 macros, 0 groups, 0 semantic models
[2025-03-13T14:55:40.312+0000] {subprocess.py:93} INFO - [0m14:55:40
[2025-03-13T14:55:40.361+0000] {subprocess.py:93} INFO - [0m14:55:40  Concurrency: 1 threads (target='prod')
[2025-03-13T14:55:40.361+0000] {subprocess.py:93} INFO - [0m14:55:40
[2025-03-13T14:55:40.365+0000] {subprocess.py:93} INFO - [0m14:55:40  1 of 1 START sql incremental model gold_layer.aggregated_final_table ........... [RUN]
[2025-03-13T14:55:40.460+0000] {subprocess.py:93} INFO - [0m14:55:40  1 of 1 OK created sql incremental model gold_layer.aggregated_final_table ...... [[32mINSERT 0 1[0m in 0.09s]
[2025-03-13T14:55:40.467+0000] {subprocess.py:93} INFO - [0m14:55:40
[2025-03-13T14:55:40.467+0000] {subprocess.py:93} INFO - [0m14:55:40  Finished running 1 incremental model in 0 hours 0 minutes and 0.15 seconds (0.15s).
[2025-03-13T14:55:40.475+0000] {subprocess.py:93} INFO - [0m14:55:40
[2025-03-13T14:55:40.476+0000] {subprocess.py:93} INFO - [0m14:55:40  [32mCompleted successfully[0m
[2025-03-13T14:55:40.476+0000] {subprocess.py:93} INFO - [0m14:55:40
[2025-03-13T14:55:40.476+0000] {subprocess.py:93} INFO - [0m14:55:40  Done. PASS=1 WARN=0 ERROR=0 SKIP=0 TOTAL=1
[2025-03-13T14:55:42.386+0000] {subprocess.py:97} INFO - Command exited with return code 0
[2025-03-13T14:55:42.452+0000] {taskinstance.py:1400} INFO - Marking task as SUCCESS. dag_id=hourly_processing_pipeline, task_id=aggregate_final_table_incremental, execution_date=20250313T145520, start_date=20250313T145538, end_date=20250313T145542
[2025-03-13T14:55:42.526+0000] {local_task_job_runner.py:228} INFO - Task exited with return code 0
[2025-03-13T14:55:43.028+0000] {taskinstance.py:2778} INFO - 0 downstream tasks scheduled from follow-on schedule check
