[2025-03-13T16:33:42.774+0000] {taskinstance.py:1159} INFO - Dependencies all met for dep_context=non-requeueable deps ti=<TaskInstance: five_mins_processing_pipeline.extract_and_load_purchases scheduled__2025-03-13T16:25:00+00:00 [queued]>
[2025-03-13T16:33:42.779+0000] {taskinstance.py:1159} INFO - Dependencies all met for dep_context=requeueable deps ti=<TaskInstance: five_mins_processing_pipeline.extract_and_load_purchases scheduled__2025-03-13T16:25:00+00:00 [queued]>
[2025-03-13T16:33:42.779+0000] {taskinstance.py:1361} INFO - Starting attempt 1 of 1
[2025-03-13T16:33:42.974+0000] {taskinstance.py:1382} INFO - Executing <Task(_PythonDecoratedOperator): extract_and_load_purchases> on 2025-03-13 16:25:00+00:00
[2025-03-13T16:33:42.979+0000] {standard_task_runner.py:57} INFO - Started process 75063 to run task
[2025-03-13T16:33:42.981+0000] {standard_task_runner.py:84} INFO - Running: ['***', 'tasks', 'run', 'five_mins_processing_pipeline', 'extract_and_load_purchases', 'scheduled__2025-03-13T16:25:00+00:00', '--job-id', '3579', '--raw', '--subdir', 'DAGS_FOLDER/five_mins_processing_pipeline.py', '--cfg-path', '/tmp/tmp7p89tyaw']
[2025-03-13T16:33:42.986+0000] {standard_task_runner.py:85} INFO - Job 3579: Subtask extract_and_load_purchases
[2025-03-13T16:33:43.052+0000] {task_command.py:416} INFO - Running <TaskInstance: five_mins_processing_pipeline.extract_and_load_purchases scheduled__2025-03-13T16:25:00+00:00 [running]> on host c8e526380ef3
[2025-03-13T16:33:43.091+0000] {taskinstance.py:1662} INFO - Exporting env vars: AIRFLOW_CTX_DAG_OWNER='Andrew Tran' AIRFLOW_CTX_DAG_ID='five_mins_processing_pipeline' AIRFLOW_CTX_TASK_ID='extract_and_load_purchases' AIRFLOW_CTX_EXECUTION_DATE='2025-03-13T16:25:00+00:00' AIRFLOW_CTX_TRY_NUMBER='1' AIRFLOW_CTX_DAG_RUN_ID='scheduled__2025-03-13T16:25:00+00:00'
[2025-03-13T16:33:43.096+0000] {five_mins_processing_pipeline.py:311} INFO - Running extract_and_load_purchases in incremental mode
[2025-03-13T16:33:43.096+0000] {five_mins_processing_pipeline.py:333} INFO - Incremental mode - fetching data updated after: 2025-03-13 08:27:13.232441
[2025-03-13T16:33:43.096+0000] {pipeline_utils.py:98} INFO - Executing query: 
            SELECT *, NOW() as extracted_at
            FROM app_source.purchases_data
            WHERE timestamp > '2025-03-13 08:27:13.232441'
        
[2025-03-13T16:33:43.104+0000] {base.py:73} INFO - Using connection ID 'postgres_source_db' for task execution.
[2025-03-13T16:33:43.114+0000] {warnings.py:109} WARNING - /opt/***/dags/utils/pipeline_utils.py:102: UserWarning: pandas only supports SQLAlchemy connectable (engine/connection) or database string URI or sqlite3 DBAPI2 connection. Other DBAPI2 objects are not tested. Please consider using SQLAlchemy.
  df = pd.read_sql(query, conn)

[2025-03-13T16:33:43.123+0000] {pipeline_utils.py:103} INFO - Query executed successfully. Retrieved 0 rows.
[2025-03-13T16:33:43.124+0000] {five_mins_processing_pipeline.py:347} INFO - Retrieved 0 rows of data
[2025-03-13T16:33:43.124+0000] {pipeline_utils.py:167} INFO - No data to insert into bronze_layer.bronze_purchases
[2025-03-13T16:33:43.125+0000] {five_mins_processing_pipeline.py:365} INFO - Inserted 0 rows into bronze_layer.bronze_purchases
[2025-03-13T16:33:43.125+0000] {python.py:194} INFO - Done. Returned value was: Inserted 0 rows into bronze_layer.bronze_purchases
[2025-03-13T16:33:43.144+0000] {taskinstance.py:1400} INFO - Marking task as SUCCESS. dag_id=five_mins_processing_pipeline, task_id=extract_and_load_purchases, execution_date=20250313T162500, start_date=20250313T163342, end_date=20250313T163343
[2025-03-13T16:33:43.203+0000] {local_task_job_runner.py:228} INFO - Task exited with return code 0
[2025-03-13T16:33:43.217+0000] {taskinstance.py:2778} INFO - 1 downstream tasks scheduled from follow-on schedule check
