[2025-03-12T07:26:04.768+0000] {taskinstance.py:1159} INFO - Dependencies all met for dep_context=non-requeueable deps ti=<TaskInstance: process_bronze_and_silver_layer.extract_and_load_purchases manual__2025-03-12T07:25:58+00:00 [queued]>
[2025-03-12T07:26:04.773+0000] {taskinstance.py:1159} INFO - Dependencies all met for dep_context=requeueable deps ti=<TaskInstance: process_bronze_and_silver_layer.extract_and_load_purchases manual__2025-03-12T07:25:58+00:00 [queued]>
[2025-03-12T07:26:04.773+0000] {taskinstance.py:1361} INFO - Starting attempt 1 of 1
[2025-03-12T07:26:04.870+0000] {taskinstance.py:1382} INFO - Executing <Task(_PythonDecoratedOperator): extract_and_load_purchases> on 2025-03-12 07:25:58+00:00
[2025-03-12T07:26:04.872+0000] {standard_task_runner.py:57} INFO - Started process 19935 to run task
[2025-03-12T07:26:04.874+0000] {standard_task_runner.py:84} INFO - Running: ['***', 'tasks', 'run', 'process_bronze_and_silver_layer', 'extract_and_load_purchases', 'manual__2025-03-12T07:25:58+00:00', '--job-id', '1612', '--raw', '--subdir', 'DAGS_FOLDER/5mins_processing_pipeline.py', '--cfg-path', '/tmp/tmpx62ka4m7']
[2025-03-12T07:26:04.876+0000] {standard_task_runner.py:85} INFO - Job 1612: Subtask extract_and_load_purchases
[2025-03-12T07:26:04.899+0000] {task_command.py:416} INFO - Running <TaskInstance: process_bronze_and_silver_layer.extract_and_load_purchases manual__2025-03-12T07:25:58+00:00 [running]> on host c8e526380ef3
[2025-03-12T07:26:04.932+0000] {taskinstance.py:1662} INFO - Exporting env vars: AIRFLOW_CTX_DAG_OWNER='Andrew Tran' AIRFLOW_CTX_DAG_ID='process_bronze_and_silver_layer' AIRFLOW_CTX_TASK_ID='extract_and_load_purchases' AIRFLOW_CTX_EXECUTION_DATE='2025-03-12T07:25:58+00:00' AIRFLOW_CTX_TRY_NUMBER='1' AIRFLOW_CTX_DAG_RUN_ID='manual__2025-03-12T07:25:58+00:00'
[2025-03-12T07:26:04.936+0000] {5mins_processing_pipeline.py:532} INFO - Running extract_and_load_purchases in incremental mode
[2025-03-12T07:26:04.936+0000] {5mins_processing_pipeline.py:554} INFO - Incremental mode - fetching data updated after: 2025-03-11 17:53:01.583618
[2025-03-12T07:26:04.936+0000] {5mins_processing_pipeline.py:115} INFO - Executing query: 
            SELECT *, NOW() as extracted_at
            FROM app_source.purchases_data
            WHERE updated_at > '2025-03-11 17:53:01.583618'
            ORDER BY updated_at
        
[2025-03-12T07:26:04.939+0000] {base.py:73} INFO - Using connection ID 'postgres_source_db' for task execution.
[2025-03-12T07:26:04.943+0000] {warnings.py:109} WARNING - /opt/***/dags/5mins_processing_pipeline.py:119: UserWarning: pandas only supports SQLAlchemy connectable (engine/connection) or database string URI or sqlite3 DBAPI2 connection. Other DBAPI2 objects are not tested. Please consider using SQLAlchemy.
  df = pd.read_sql(query, conn)

[2025-03-12T07:26:04.948+0000] {5mins_processing_pipeline.py:120} INFO - Query executed successfully. Retrieved 0 rows.
[2025-03-12T07:26:04.948+0000] {5mins_processing_pipeline.py:569} INFO - Retrieved 0 rows of data
[2025-03-12T07:26:04.948+0000] {5mins_processing_pipeline.py:184} INFO - No data to insert into bronze_layer.bronze_purchases
[2025-03-12T07:26:04.948+0000] {5mins_processing_pipeline.py:587} INFO - Inserted 0 rows into bronze_layer.bronze_purchases
[2025-03-12T07:26:04.948+0000] {python.py:194} INFO - Done. Returned value was: Inserted 0 rows into bronze_layer.bronze_purchases
[2025-03-12T07:26:04.958+0000] {taskinstance.py:1400} INFO - Marking task as SUCCESS. dag_id=process_bronze_and_silver_layer, task_id=extract_and_load_purchases, execution_date=20250312T072558, start_date=20250312T072604, end_date=20250312T072604
[2025-03-12T07:26:04.973+0000] {local_task_job_runner.py:228} INFO - Task exited with return code 0
[2025-03-12T07:26:04.986+0000] {taskinstance.py:2778} INFO - 1 downstream tasks scheduled from follow-on schedule check
