[2025-03-11T08:11:25.037+0000] {taskinstance.py:1159} INFO - Dependencies all met for dep_context=non-requeueable deps ti=<TaskInstance: ingest_bronze_layer_dag.get_task_instance_info manual__2025-03-11T08:11:18+00:00 [queued]>
[2025-03-11T08:11:25.050+0000] {taskinstance.py:1159} INFO - Dependencies all met for dep_context=requeueable deps ti=<TaskInstance: ingest_bronze_layer_dag.get_task_instance_info manual__2025-03-11T08:11:18+00:00 [queued]>
[2025-03-11T08:11:25.051+0000] {taskinstance.py:1361} INFO - Starting attempt 1 of 1
[2025-03-11T08:11:25.078+0000] {taskinstance.py:1382} INFO - Executing <Task(_PythonDecoratedOperator): get_task_instance_info> on 2025-03-11 08:11:18+00:00
[2025-03-11T08:11:25.095+0000] {standard_task_runner.py:57} INFO - Started process 5229 to run task
[2025-03-11T08:11:25.101+0000] {standard_task_runner.py:84} INFO - Running: ['***', 'tasks', 'run', 'ingest_bronze_layer_dag', 'get_task_instance_info', 'manual__2025-03-11T08:11:18+00:00', '--job-id', '152', '--raw', '--subdir', 'DAGS_FOLDER/ingesting_pipeline.py', '--cfg-path', '/tmp/tmpgvrt03oq']
[2025-03-11T08:11:25.106+0000] {standard_task_runner.py:85} INFO - Job 152: Subtask get_task_instance_info
[2025-03-11T08:11:25.186+0000] {task_command.py:416} INFO - Running <TaskInstance: ingest_bronze_layer_dag.get_task_instance_info manual__2025-03-11T08:11:18+00:00 [running]> on host 41ccd9d1769c
[2025-03-11T08:11:25.559+0000] {taskinstance.py:1662} INFO - Exporting env vars: AIRFLOW_CTX_DAG_OWNER='Andrew Tran' AIRFLOW_CTX_DAG_ID='ingest_bronze_layer_dag' AIRFLOW_CTX_TASK_ID='get_task_instance_info' AIRFLOW_CTX_EXECUTION_DATE='2025-03-11T08:11:18+00:00' AIRFLOW_CTX_TRY_NUMBER='1' AIRFLOW_CTX_DAG_RUN_ID='manual__2025-03-11T08:11:18+00:00'
[2025-03-11T08:11:25.560+0000] {warnings.py:109} WARNING - /home/***/.local/lib/python3.10/site-packages/***/utils/context.py:314: AirflowContextDeprecationWarning: Accessing 'execution_date' from the template is deprecated and will be removed in a future version. Please use 'data_interval_start' or 'logical_date' instead.
  warnings.warn(_create_deprecation_warning(k, replacements))

[2025-03-11T08:11:25.568+0000] {taskinstance.py:1937} ERROR - Task failed with exception
Traceback (most recent call last):
  File "/home/airflow/.local/lib/python3.10/site-packages/airflow/decorators/base.py", line 221, in execute
    return_value = super().execute(context)
  File "/home/airflow/.local/lib/python3.10/site-packages/airflow/operators/python.py", line 192, in execute
    return_value = self.execute_callable()
  File "/home/airflow/.local/lib/python3.10/site-packages/airflow/operators/python.py", line 209, in execute_callable
    return self.python_callable(*self.op_args, **self.op_kwargs)
  File "/opt/airflow/dags/ingesting_pipeline.py", line 90, in task_a_function
    running_task_a_info = get_running_task_a_params(dag_id, current_execution_date)
  File "/home/airflow/.local/lib/python3.10/site-packages/airflow/utils/session.py", line 79, in wrapper
    return func(*args, session=session, **kwargs)
  File "/opt/airflow/dags/ingesting_pipeline.py", line 80, in get_running_task_a_params
    return [(ti.execution_date, ti.params) for ti in running_tasks] if running_tasks else []
  File "/opt/airflow/dags/ingesting_pipeline.py", line 80, in <listcomp>
    return [(ti.execution_date, ti.params) for ti in running_tasks] if running_tasks else []
AttributeError: 'TaskInstance' object has no attribute 'params'
[2025-03-11T08:11:25.575+0000] {taskinstance.py:1400} INFO - Marking task as FAILED. dag_id=ingest_bronze_layer_dag, task_id=get_task_instance_info, execution_date=20250311T081118, start_date=20250311T081125, end_date=20250311T081125
[2025-03-11T08:11:25.585+0000] {standard_task_runner.py:104} ERROR - Failed to execute job 152 for task get_task_instance_info ('TaskInstance' object has no attribute 'params'; 5229)
[2025-03-11T08:11:25.607+0000] {local_task_job_runner.py:228} INFO - Task exited with return code 1
[2025-03-11T08:11:25.623+0000] {taskinstance.py:2778} INFO - 0 downstream tasks scheduled from follow-on schedule check
