[2025-03-12T07:02:09.580+0000] {taskinstance.py:1159} INFO - Dependencies all met for dep_context=non-requeueable deps ti=<TaskInstance: process_bronze_and_silver_layer.extract_and_load_purchases manual__2025-03-12T07:02:04+00:00 [queued]>
[2025-03-12T07:02:09.587+0000] {taskinstance.py:1159} INFO - Dependencies all met for dep_context=requeueable deps ti=<TaskInstance: process_bronze_and_silver_layer.extract_and_load_purchases manual__2025-03-12T07:02:04+00:00 [queued]>
[2025-03-12T07:02:09.588+0000] {taskinstance.py:1361} INFO - Starting attempt 1 of 1
[2025-03-12T07:02:09.748+0000] {taskinstance.py:1382} INFO - Executing <Task(_PythonDecoratedOperator): extract_and_load_purchases> on 2025-03-12 07:02:04+00:00
[2025-03-12T07:02:09.754+0000] {standard_task_runner.py:57} INFO - Started process 18632 to run task
[2025-03-12T07:02:09.757+0000] {standard_task_runner.py:84} INFO - Running: ['***', 'tasks', 'run', 'process_bronze_and_silver_layer', 'extract_and_load_purchases', 'manual__2025-03-12T07:02:04+00:00', '--job-id', '1503', '--raw', '--subdir', 'DAGS_FOLDER/5mins_processing_pipeline.py', '--cfg-path', '/tmp/tmpclwizmev']
[2025-03-12T07:02:09.759+0000] {standard_task_runner.py:85} INFO - Job 1503: Subtask extract_and_load_purchases
[2025-03-12T07:02:09.798+0000] {task_command.py:416} INFO - Running <TaskInstance: process_bronze_and_silver_layer.extract_and_load_purchases manual__2025-03-12T07:02:04+00:00 [running]> on host c8e526380ef3
[2025-03-12T07:02:09.871+0000] {taskinstance.py:1662} INFO - Exporting env vars: AIRFLOW_CTX_DAG_OWNER='Andrew Tran' AIRFLOW_CTX_DAG_ID='process_bronze_and_silver_layer' AIRFLOW_CTX_TASK_ID='extract_and_load_purchases' AIRFLOW_CTX_EXECUTION_DATE='2025-03-12T07:02:04+00:00' AIRFLOW_CTX_TRY_NUMBER='1' AIRFLOW_CTX_DAG_RUN_ID='manual__2025-03-12T07:02:04+00:00'
[2025-03-12T07:02:09.878+0000] {5mins_processing_pipeline.py:526} INFO - Running extract_and_load_purchases in incremental mode
[2025-03-12T07:02:09.878+0000] {5mins_processing_pipeline.py:548} INFO - Incremental mode - fetching data updated after: 2025-03-11 17:53:01.583618
[2025-03-12T07:02:09.879+0000] {5mins_processing_pipeline.py:115} INFO - Executing query: 
            SELECT *, NOW() as extracted_at
            FROM app_source.purchases_data
            WHERE updated_at > '2025-03-11 17:53:01.583618'
            ORDER BY updated_at
        
[2025-03-12T07:02:09.884+0000] {base.py:73} INFO - Using connection ID 'postgres_source_db' for task execution.
[2025-03-12T07:02:09.891+0000] {warnings.py:109} WARNING - /opt/***/dags/5mins_processing_pipeline.py:119: UserWarning: pandas only supports SQLAlchemy connectable (engine/connection) or database string URI or sqlite3 DBAPI2 connection. Other DBAPI2 objects are not tested. Please consider using SQLAlchemy.
  df = pd.read_sql(query, conn)

[2025-03-12T07:02:09.896+0000] {5mins_processing_pipeline.py:120} INFO - Query executed successfully. Retrieved 0 rows.
[2025-03-12T07:02:09.897+0000] {5mins_processing_pipeline.py:563} INFO - Retrieved 0 rows of data
[2025-03-12T07:02:09.898+0000] {5mins_processing_pipeline.py:184} INFO - No data to insert into bronze_layer.bronze_purchases
[2025-03-12T07:02:09.898+0000] {5mins_processing_pipeline.py:581} INFO - Inserted 0 rows into bronze_layer.bronze_purchases
[2025-03-12T07:02:09.898+0000] {python.py:194} INFO - Done. Returned value was: Inserted 0 rows into bronze_layer.bronze_purchases
[2025-03-12T07:02:09.915+0000] {taskinstance.py:1400} INFO - Marking task as SUCCESS. dag_id=process_bronze_and_silver_layer, task_id=extract_and_load_purchases, execution_date=20250312T070204, start_date=20250312T070209, end_date=20250312T070209
[2025-03-12T07:02:09.943+0000] {local_task_job_runner.py:228} INFO - Task exited with return code 0
[2025-03-12T07:02:09.989+0000] {taskinstance.py:2778} INFO - 1 downstream tasks scheduled from follow-on schedule check
