[2025-03-11T16:51:56.518+0000] {taskinstance.py:1159} INFO - Dependencies all met for dep_context=non-requeueable deps ti=<TaskInstance: process_bronze_and_silver_layer.transform_silver_5mins_incremental manual__2025-03-11T16:51:46+00:00 [queued]>
[2025-03-11T16:51:56.523+0000] {taskinstance.py:1159} INFO - Dependencies all met for dep_context=requeueable deps ti=<TaskInstance: process_bronze_and_silver_layer.transform_silver_5mins_incremental manual__2025-03-11T16:51:46+00:00 [queued]>
[2025-03-11T16:51:56.523+0000] {taskinstance.py:1361} INFO - Starting attempt 1 of 1
[2025-03-11T16:51:56.530+0000] {taskinstance.py:1382} INFO - Executing <Task(BashOperator): transform_silver_5mins_incremental> on 2025-03-11 16:51:46+00:00
[2025-03-11T16:51:56.532+0000] {standard_task_runner.py:57} INFO - Started process 2282 to run task
[2025-03-11T16:51:56.534+0000] {standard_task_runner.py:84} INFO - Running: ['***', 'tasks', 'run', 'process_bronze_and_silver_layer', 'transform_silver_5mins_incremental', 'manual__2025-03-11T16:51:46+00:00', '--job-id', '707', '--raw', '--subdir', 'DAGS_FOLDER/5mins_processing_pipeline.py', '--cfg-path', '/tmp/tmpv90m334j']
[2025-03-11T16:51:56.650+0000] {standard_task_runner.py:85} INFO - Job 707: Subtask transform_silver_5mins_incremental
[2025-03-11T16:51:56.703+0000] {task_command.py:416} INFO - Running <TaskInstance: process_bronze_and_silver_layer.transform_silver_5mins_incremental manual__2025-03-11T16:51:46+00:00 [running]> on host c8e526380ef3
[2025-03-11T16:51:56.805+0000] {taskinstance.py:1662} INFO - Exporting env vars: AIRFLOW_CTX_DAG_OWNER='Andrew Tran' AIRFLOW_CTX_DAG_ID='process_bronze_and_silver_layer' AIRFLOW_CTX_TASK_ID='transform_silver_5mins_incremental' AIRFLOW_CTX_EXECUTION_DATE='2025-03-11T16:51:46+00:00' AIRFLOW_CTX_TRY_NUMBER='1' AIRFLOW_CTX_DAG_RUN_ID='manual__2025-03-11T16:51:46+00:00'
[2025-03-11T16:51:56.806+0000] {subprocess.py:63} INFO - Tmp dir root location: /tmp
[2025-03-11T16:51:56.807+0000] {subprocess.py:75} INFO - Running command: ['/bin/bash', '-c', 'cd /opt/***/dbt/playstudio_project && export WAREHOUSE_HOST=None && export WAREHOUSE_PASSWORD=None && export WAREHOUSE_USER=None && dbt run --select tag:silver_5mins_incremental --target prod']
[2025-03-11T16:51:56.815+0000] {subprocess.py:86} INFO - Output:
[2025-03-11T16:51:59.641+0000] {subprocess.py:93} INFO - [0m16:51:59  Running with dbt=1.7.18
[2025-03-11T16:51:59.953+0000] {subprocess.py:93} INFO - [0m16:51:59  Registered adapter: postgres=1.7.18
[2025-03-11T16:52:00.034+0000] {subprocess.py:93} INFO - [0m16:52:00  [[33mWARNING[0m]: Configuration paths exist in your dbt_project.yml file which do not apply to any resources.
[2025-03-11T16:52:00.035+0000] {subprocess.py:93} INFO - There are 1 unused configuration paths:
[2025-03-11T16:52:00.035+0000] {subprocess.py:93} INFO - - models.playstudio_project.example
[2025-03-11T16:52:00.089+0000] {subprocess.py:93} INFO - [0m16:52:00  Found 1 model, 2 sources, 0 exposures, 0 metrics, 401 macros, 0 groups, 0 semantic models
[2025-03-11T16:52:00.091+0000] {subprocess.py:93} INFO - [0m16:52:00
[2025-03-11T16:52:00.540+0000] {subprocess.py:93} INFO - [0m16:52:00  Concurrency: 1 threads (target='prod')
[2025-03-11T16:52:00.540+0000] {subprocess.py:93} INFO - [0m16:52:00
[2025-03-11T16:52:00.578+0000] {subprocess.py:93} INFO - [0m16:52:00  1 of 1 START sql incremental model silver_layer.silver_purchases ............... [RUN]
[2025-03-11T16:52:00.830+0000] {subprocess.py:93} INFO - [0m16:52:00  1 of 1 OK created sql incremental model silver_layer.silver_purchases .......... [[32mINSERT 0 36[0m in 0.25s]
[2025-03-11T16:52:00.892+0000] {subprocess.py:93} INFO - [0m16:52:00
[2025-03-11T16:52:00.892+0000] {subprocess.py:93} INFO - [0m16:52:00  Finished running 1 incremental model in 0 hours 0 minutes and 0.80 seconds (0.80s).
[2025-03-11T16:52:00.908+0000] {subprocess.py:93} INFO - [0m16:52:00
[2025-03-11T16:52:00.908+0000] {subprocess.py:93} INFO - [0m16:52:00  [32mCompleted successfully[0m
[2025-03-11T16:52:00.908+0000] {subprocess.py:93} INFO - [0m16:52:00
[2025-03-11T16:52:00.908+0000] {subprocess.py:93} INFO - [0m16:52:00  Done. PASS=1 WARN=0 ERROR=0 SKIP=0 TOTAL=1
[2025-03-11T16:52:02.781+0000] {subprocess.py:97} INFO - Command exited with return code 0
[2025-03-11T16:52:02.812+0000] {taskinstance.py:1400} INFO - Marking task as SUCCESS. dag_id=process_bronze_and_silver_layer, task_id=transform_silver_5mins_incremental, execution_date=20250311T165146, start_date=20250311T165156, end_date=20250311T165202
[2025-03-11T16:52:02.866+0000] {local_task_job_runner.py:228} INFO - Task exited with return code 0
[2025-03-11T16:52:02.877+0000] {taskinstance.py:2778} INFO - 0 downstream tasks scheduled from follow-on schedule check
