[2025-03-13T17:20:40.473+0000] {taskinstance.py:1159} INFO - Dependencies all met for dep_context=non-requeueable deps ti=<TaskInstance: hourly_processing_pipeline.transform_silver_hourly_incremental manual__2025-03-13T17:20:28.372625+00:00 [queued]>
[2025-03-13T17:20:40.477+0000] {taskinstance.py:1159} INFO - Dependencies all met for dep_context=requeueable deps ti=<TaskInstance: hourly_processing_pipeline.transform_silver_hourly_incremental manual__2025-03-13T17:20:28.372625+00:00 [queued]>
[2025-03-13T17:20:40.477+0000] {taskinstance.py:1361} INFO - Starting attempt 1 of 1
[2025-03-13T17:20:40.483+0000] {taskinstance.py:1382} INFO - Executing <Task(BashOperator): transform_silver_hourly_incremental> on 2025-03-13 17:20:28.372625+00:00
[2025-03-13T17:20:40.487+0000] {standard_task_runner.py:57} INFO - Started process 77186 to run task
[2025-03-13T17:20:40.489+0000] {standard_task_runner.py:84} INFO - Running: ['***', 'tasks', 'run', 'hourly_processing_pipeline', 'transform_silver_hourly_incremental', 'manual__2025-03-13T17:20:28.372625+00:00', '--job-id', '3659', '--raw', '--subdir', 'DAGS_FOLDER/hourly_processing_pipeline.py', '--cfg-path', '/tmp/tmpqrp66tsj']
[2025-03-13T17:20:40.492+0000] {standard_task_runner.py:85} INFO - Job 3659: Subtask transform_silver_hourly_incremental
[2025-03-13T17:20:40.521+0000] {task_command.py:416} INFO - Running <TaskInstance: hourly_processing_pipeline.transform_silver_hourly_incremental manual__2025-03-13T17:20:28.372625+00:00 [running]> on host c8e526380ef3
[2025-03-13T17:20:40.558+0000] {taskinstance.py:1662} INFO - Exporting env vars: AIRFLOW_CTX_DAG_OWNER='Andrew Tran' AIRFLOW_CTX_DAG_ID='hourly_processing_pipeline' AIRFLOW_CTX_TASK_ID='transform_silver_hourly_incremental' AIRFLOW_CTX_EXECUTION_DATE='2025-03-13T17:20:28.372625+00:00' AIRFLOW_CTX_TRY_NUMBER='1' AIRFLOW_CTX_DAG_RUN_ID='manual__2025-03-13T17:20:28.372625+00:00'
[2025-03-13T17:20:40.559+0000] {subprocess.py:63} INFO - Tmp dir root location: /tmp
[2025-03-13T17:20:40.559+0000] {subprocess.py:75} INFO - Running command: ['/bin/bash', '-c', 'cd /opt/***/dbt/playstudio_project && export WAREHOUSE_HOST=None && export WAREHOUSE_PASSWORD=None && export WAREHOUSE_USER=None && dbt deps && dbt run --select tag:silver_hourly_incremental --target prod']
[2025-03-13T17:20:40.565+0000] {subprocess.py:86} INFO - Output:
[2025-03-13T17:20:43.400+0000] {subprocess.py:93} INFO - [0m17:20:43  Running with dbt=1.7.18
[2025-03-13T17:20:44.005+0000] {subprocess.py:93} INFO - [0m17:20:44  Installing dbt-labs/dbt_utils
[2025-03-13T17:20:45.596+0000] {subprocess.py:93} INFO - [0m17:20:45  Installed from version 1.1.1
[2025-03-13T17:20:45.597+0000] {subprocess.py:93} INFO - [0m17:20:45  Updated version available: 1.3.0
[2025-03-13T17:20:45.597+0000] {subprocess.py:93} INFO - [0m17:20:45  Installing metaplane/dbt_expectations
[2025-03-13T17:20:48.390+0000] {subprocess.py:93} INFO - [0m17:20:48  Installed from version 0.10.8
[2025-03-13T17:20:48.392+0000] {subprocess.py:93} INFO - [0m17:20:48  Up to date!
[2025-03-13T17:20:48.392+0000] {subprocess.py:93} INFO - [0m17:20:48  Installing godatadriven/dbt_date
[2025-03-13T17:20:48.955+0000] {subprocess.py:93} INFO - [0m17:20:48  Installed from version 0.11.0
[2025-03-13T17:20:48.956+0000] {subprocess.py:93} INFO - [0m17:20:48  Up to date!
[2025-03-13T17:20:48.956+0000] {subprocess.py:93} INFO - [0m17:20:48
[2025-03-13T17:20:48.956+0000] {subprocess.py:93} INFO - [0m17:20:48  Updates available for packages: ['dbt-labs/dbt_utils']
[2025-03-13T17:20:48.956+0000] {subprocess.py:93} INFO - Update your versions in packages.yml, then run dbt deps
[2025-03-13T17:20:53.410+0000] {subprocess.py:93} INFO - [0m17:20:53  Running with dbt=1.7.18
[2025-03-13T17:20:53.792+0000] {subprocess.py:93} INFO - [0m17:20:53  Registered adapter: postgres=1.7.18
[2025-03-13T17:20:53.913+0000] {subprocess.py:93} INFO - [0m17:20:53  [[33mWARNING[0m]: Configuration paths exist in your dbt_project.yml file which do not apply to any resources.
[2025-03-13T17:20:53.914+0000] {subprocess.py:93} INFO - There are 1 unused configuration paths:
[2025-03-13T17:20:53.914+0000] {subprocess.py:93} INFO - - models.playstudio_project.bronze_layer
[2025-03-13T17:20:53.937+0000] {subprocess.py:93} INFO - [0m17:20:53  Found 67 tests, 3 models, 2 sources, 0 exposures, 0 metrics, 783 macros, 0 groups, 0 semantic models
[2025-03-13T17:20:53.939+0000] {subprocess.py:93} INFO - [0m17:20:53
[2025-03-13T17:20:54.006+0000] {subprocess.py:93} INFO - [0m17:20:54  Concurrency: 1 threads (target='prod')
[2025-03-13T17:20:54.006+0000] {subprocess.py:93} INFO - [0m17:20:54
[2025-03-13T17:20:54.012+0000] {subprocess.py:93} INFO - [0m17:20:54  1 of 1 START sql incremental model silver_layer.silver_spins_hourly ............ [RUN]
[2025-03-13T17:20:54.147+0000] {subprocess.py:93} INFO - [0m17:20:54  1 of 1 OK created sql incremental model silver_layer.silver_spins_hourly ....... [[32mINSERT 0 2[0m in 0.13s]
[2025-03-13T17:20:54.157+0000] {subprocess.py:93} INFO - [0m17:20:54
[2025-03-13T17:20:54.157+0000] {subprocess.py:93} INFO - [0m17:20:54  Finished running 1 incremental model in 0 hours 0 minutes and 0.22 seconds (0.22s).
[2025-03-13T17:20:54.168+0000] {subprocess.py:93} INFO - [0m17:20:54
[2025-03-13T17:20:54.169+0000] {subprocess.py:93} INFO - [0m17:20:54  [32mCompleted successfully[0m
[2025-03-13T17:20:54.169+0000] {subprocess.py:93} INFO - [0m17:20:54
[2025-03-13T17:20:54.169+0000] {subprocess.py:93} INFO - [0m17:20:54  Done. PASS=1 WARN=0 ERROR=0 SKIP=0 TOTAL=1
[2025-03-13T17:20:55.834+0000] {subprocess.py:97} INFO - Command exited with return code 0
[2025-03-13T17:20:55.950+0000] {taskinstance.py:1400} INFO - Marking task as SUCCESS. dag_id=hourly_processing_pipeline, task_id=transform_silver_hourly_incremental, execution_date=20250313T172028, start_date=20250313T172040, end_date=20250313T172055
[2025-03-13T17:20:56.057+0000] {local_task_job_runner.py:228} INFO - Task exited with return code 0
[2025-03-13T17:20:56.085+0000] {taskinstance.py:2778} INFO - 1 downstream tasks scheduled from follow-on schedule check
