[2025-03-12T08:40:28.481+0000] {taskinstance.py:1159} INFO - Dependencies all met for dep_context=non-requeueable deps ti=<TaskInstance: hourly_processing_pipeline.extract_and_load_spins_hourly manual__2025-03-12T08:40:18.428180+00:00 [queued]>
[2025-03-12T08:40:28.487+0000] {taskinstance.py:1159} INFO - Dependencies all met for dep_context=requeueable deps ti=<TaskInstance: hourly_processing_pipeline.extract_and_load_spins_hourly manual__2025-03-12T08:40:18.428180+00:00 [queued]>
[2025-03-12T08:40:28.487+0000] {taskinstance.py:1361} INFO - Starting attempt 1 of 1
[2025-03-12T08:40:28.719+0000] {taskinstance.py:1382} INFO - Executing <Task(_PythonDecoratedOperator): extract_and_load_spins_hourly> on 2025-03-12 08:40:18.428180+00:00
[2025-03-12T08:40:28.725+0000] {standard_task_runner.py:57} INFO - Started process 24387 to run task
[2025-03-12T08:40:28.728+0000] {standard_task_runner.py:84} INFO - Running: ['***', 'tasks', 'run', 'hourly_processing_pipeline', 'extract_and_load_spins_hourly', 'manual__2025-03-12T08:40:18.428180+00:00', '--job-id', '2041', '--raw', '--subdir', 'DAGS_FOLDER/hourly_processing_pipeline.py', '--cfg-path', '/tmp/tmp6fire4xb']
[2025-03-12T08:40:28.730+0000] {standard_task_runner.py:85} INFO - Job 2041: Subtask extract_and_load_spins_hourly
[2025-03-12T08:40:28.777+0000] {task_command.py:416} INFO - Running <TaskInstance: hourly_processing_pipeline.extract_and_load_spins_hourly manual__2025-03-12T08:40:18.428180+00:00 [running]> on host c8e526380ef3
[2025-03-12T08:40:28.844+0000] {taskinstance.py:1662} INFO - Exporting env vars: AIRFLOW_CTX_DAG_OWNER='Andrew Tran' AIRFLOW_CTX_DAG_ID='hourly_processing_pipeline' AIRFLOW_CTX_TASK_ID='extract_and_load_spins_hourly' AIRFLOW_CTX_EXECUTION_DATE='2025-03-12T08:40:18.428180+00:00' AIRFLOW_CTX_TRY_NUMBER='1' AIRFLOW_CTX_DAG_RUN_ID='manual__2025-03-12T08:40:18.428180+00:00'
[2025-03-12T08:40:28.851+0000] {hourly_processing_pipeline.py:342} INFO - Running extract_and_load_spins_hourly in full refresh mode
[2025-03-12T08:40:28.856+0000] {taskinstance.py:1937} ERROR - Task failed with exception
Traceback (most recent call last):
  File "/home/airflow/.local/lib/python3.10/site-packages/airflow/decorators/base.py", line 221, in execute
    return_value = super().execute(context)
  File "/home/airflow/.local/lib/python3.10/site-packages/airflow/operators/python.py", line 192, in execute
    return_value = self.execute_callable()
  File "/home/airflow/.local/lib/python3.10/site-packages/airflow/operators/python.py", line 209, in execute_callable
    return self.python_callable(*self.op_args, **self.op_kwargs)
  File "/opt/airflow/dags/hourly_processing_pipeline.py", line 353, in extract_and_load_spins_hourly
    backfill_start_date = date_validation["start_date"]
KeyError: 'start_date'
[2025-03-12T08:40:28.862+0000] {taskinstance.py:1400} INFO - Marking task as FAILED. dag_id=hourly_processing_pipeline, task_id=extract_and_load_spins_hourly, execution_date=20250312T084018, start_date=20250312T084028, end_date=20250312T084028
[2025-03-12T08:40:28.869+0000] {standard_task_runner.py:104} ERROR - Failed to execute job 2041 for task extract_and_load_spins_hourly ('start_date'; 24387)
[2025-03-12T08:40:28.903+0000] {local_task_job_runner.py:228} INFO - Task exited with return code 1
[2025-03-12T08:40:28.919+0000] {taskinstance.py:2778} INFO - 0 downstream tasks scheduled from follow-on schedule check
