[2025-03-13T14:30:06.315+0000] {taskinstance.py:1159} INFO - Dependencies all met for dep_context=non-requeueable deps ti=<TaskInstance: process_bronze_and_silver_layer.transform_silver_5mins_incremental scheduled__2025-03-13T14:25:00+00:00 [queued]>
[2025-03-13T14:30:06.319+0000] {taskinstance.py:1159} INFO - Dependencies all met for dep_context=requeueable deps ti=<TaskInstance: process_bronze_and_silver_layer.transform_silver_5mins_incremental scheduled__2025-03-13T14:25:00+00:00 [queued]>
[2025-03-13T14:30:06.320+0000] {taskinstance.py:1361} INFO - Starting attempt 1 of 1
[2025-03-13T14:30:06.399+0000] {taskinstance.py:1382} INFO - Executing <Task(BashOperator): transform_silver_5mins_incremental> on 2025-03-13 14:25:00+00:00
[2025-03-13T14:30:06.402+0000] {standard_task_runner.py:57} INFO - Started process 69596 to run task
[2025-03-13T14:30:06.404+0000] {standard_task_runner.py:84} INFO - Running: ['***', 'tasks', 'run', 'process_bronze_and_silver_layer', 'transform_silver_5mins_incremental', 'scheduled__2025-03-13T14:25:00+00:00', '--job-id', '3385', '--raw', '--subdir', 'DAGS_FOLDER/5mins_processing_pipeline.py', '--cfg-path', '/tmp/tmpxagh2fqh']
[2025-03-13T14:30:06.405+0000] {standard_task_runner.py:85} INFO - Job 3385: Subtask transform_silver_5mins_incremental
[2025-03-13T14:30:06.426+0000] {task_command.py:416} INFO - Running <TaskInstance: process_bronze_and_silver_layer.transform_silver_5mins_incremental scheduled__2025-03-13T14:25:00+00:00 [running]> on host c8e526380ef3
[2025-03-13T14:30:06.460+0000] {taskinstance.py:1662} INFO - Exporting env vars: AIRFLOW_CTX_DAG_OWNER='Andrew Tran' AIRFLOW_CTX_DAG_ID='process_bronze_and_silver_layer' AIRFLOW_CTX_TASK_ID='transform_silver_5mins_incremental' AIRFLOW_CTX_EXECUTION_DATE='2025-03-13T14:25:00+00:00' AIRFLOW_CTX_TRY_NUMBER='1' AIRFLOW_CTX_DAG_RUN_ID='scheduled__2025-03-13T14:25:00+00:00'
[2025-03-13T14:30:06.461+0000] {subprocess.py:63} INFO - Tmp dir root location: /tmp
[2025-03-13T14:30:06.462+0000] {subprocess.py:75} INFO - Running command: ['/bin/bash', '-c', 'cd /opt/***/dbt/playstudio_project && export WAREHOUSE_HOST=None && export WAREHOUSE_PASSWORD=None && export WAREHOUSE_USER=None && dbt run --select tag:silver_5mins_incremental --target prod']
[2025-03-13T14:30:06.468+0000] {subprocess.py:86} INFO - Output:
[2025-03-13T14:30:07.799+0000] {subprocess.py:93} INFO - [0m14:30:07  Running with dbt=1.7.18
[2025-03-13T14:30:07.905+0000] {subprocess.py:93} INFO - [0m14:30:07  Registered adapter: postgres=1.7.18
[2025-03-13T14:30:07.949+0000] {subprocess.py:93} INFO - [0m14:30:07  Unable to do partial parsing because of a version mismatch
[2025-03-13T14:30:08.954+0000] {subprocess.py:93} INFO - [0m14:30:08  [[33mWARNING[0m]: Configuration paths exist in your dbt_project.yml file which do not apply to any resources.
[2025-03-13T14:30:08.955+0000] {subprocess.py:93} INFO - There are 1 unused configuration paths:
[2025-03-13T14:30:08.955+0000] {subprocess.py:93} INFO - - models.playstudio_project.bronze_layer
[2025-03-13T14:30:08.971+0000] {subprocess.py:93} INFO - [0m14:30:08  Found 3 models, 20 tests, 2 sources, 0 exposures, 0 metrics, 783 macros, 0 groups, 0 semantic models
[2025-03-13T14:30:08.973+0000] {subprocess.py:93} INFO - [0m14:30:08
[2025-03-13T14:30:09.025+0000] {subprocess.py:93} INFO - [0m14:30:09  Concurrency: 1 threads (target='prod')
[2025-03-13T14:30:09.026+0000] {subprocess.py:93} INFO - [0m14:30:09
[2025-03-13T14:30:09.030+0000] {subprocess.py:93} INFO - [0m14:30:09  1 of 1 START sql incremental model silver.silver_purchases ..................... [RUN]
[2025-03-13T14:30:09.121+0000] {subprocess.py:93} INFO - [0m14:30:09  1 of 1 OK created sql incremental model silver.silver_purchases ................ [[32mINSERT 0 1[0m in 0.09s]
[2025-03-13T14:30:09.127+0000] {subprocess.py:93} INFO - [0m14:30:09
[2025-03-13T14:30:09.127+0000] {subprocess.py:93} INFO - [0m14:30:09  Finished running 1 incremental model in 0 hours 0 minutes and 0.15 seconds (0.15s).
[2025-03-13T14:30:09.135+0000] {subprocess.py:93} INFO - [0m14:30:09
[2025-03-13T14:30:09.136+0000] {subprocess.py:93} INFO - [0m14:30:09  [32mCompleted successfully[0m
[2025-03-13T14:30:09.139+0000] {subprocess.py:93} INFO - [0m14:30:09
[2025-03-13T14:30:09.139+0000] {subprocess.py:93} INFO - [0m14:30:09  Done. PASS=1 WARN=0 ERROR=0 SKIP=0 TOTAL=1
[2025-03-13T14:30:13.044+0000] {subprocess.py:97} INFO - Command exited with return code 0
[2025-03-13T14:30:13.078+0000] {taskinstance.py:1400} INFO - Marking task as SUCCESS. dag_id=process_bronze_and_silver_layer, task_id=transform_silver_5mins_incremental, execution_date=20250313T142500, start_date=20250313T143006, end_date=20250313T143013
[2025-03-13T14:30:13.126+0000] {local_task_job_runner.py:228} INFO - Task exited with return code 0
[2025-03-13T14:30:13.147+0000] {taskinstance.py:2778} INFO - 1 downstream tasks scheduled from follow-on schedule check
