[2025-03-11T15:50:22.737+0000] {taskinstance.py:1159} INFO - Dependencies all met for dep_context=non-requeueable deps ti=<TaskInstance: ingest_bronze_layer_dag.prepare_dag_execution manual__2025-03-11T15:50:18+00:00 [queued]>
[2025-03-11T15:50:22.743+0000] {taskinstance.py:1159} INFO - Dependencies all met for dep_context=requeueable deps ti=<TaskInstance: ingest_bronze_layer_dag.prepare_dag_execution manual__2025-03-11T15:50:18+00:00 [queued]>
[2025-03-11T15:50:22.743+0000] {taskinstance.py:1361} INFO - Starting attempt 1 of 1
[2025-03-11T15:50:22.752+0000] {taskinstance.py:1382} INFO - Executing <Task(PythonOperator): prepare_dag_execution> on 2025-03-11 15:50:18+00:00
[2025-03-11T15:50:22.757+0000] {standard_task_runner.py:57} INFO - Started process 19729 to run task
[2025-03-11T15:50:22.760+0000] {standard_task_runner.py:84} INFO - Running: ['***', 'tasks', 'run', 'ingest_bronze_layer_dag', 'prepare_dag_execution', 'manual__2025-03-11T15:50:18+00:00', '--job-id', '566', '--raw', '--subdir', 'DAGS_FOLDER/ingesting_pipeline.py', '--cfg-path', '/tmp/tmpf65mytv5']
[2025-03-11T15:50:22.763+0000] {standard_task_runner.py:85} INFO - Job 566: Subtask prepare_dag_execution
[2025-03-11T15:50:22.817+0000] {task_command.py:416} INFO - Running <TaskInstance: ingest_bronze_layer_dag.prepare_dag_execution manual__2025-03-11T15:50:18+00:00 [running]> on host 41ccd9d1769c
[2025-03-11T15:50:23.344+0000] {taskinstance.py:1662} INFO - Exporting env vars: AIRFLOW_CTX_DAG_OWNER='Andrew Tran' AIRFLOW_CTX_DAG_ID='ingest_bronze_layer_dag' AIRFLOW_CTX_TASK_ID='prepare_dag_execution' AIRFLOW_CTX_EXECUTION_DATE='2025-03-11T15:50:18+00:00' AIRFLOW_CTX_TRY_NUMBER='1' AIRFLOW_CTX_DAG_RUN_ID='manual__2025-03-11T15:50:18+00:00'
[2025-03-11T15:50:23.345+0000] {ingesting_pipeline.py:249} INFO - Starting DAG run: manual__2025-03-11T15:50:18+00:00
[2025-03-11T15:50:23.345+0000] {ingesting_pipeline.py:250} INFO - Parameters: {'is_full_refresh': False, 'backfill_start_date': None, 'backfill_end_date': None, 'template_date': '2025-03-11 00:00:00'}
[2025-03-11T15:50:23.345+0000] {ingesting_pipeline.py:254} INFO - Refresh mode: Incremental
[2025-03-11T15:50:23.357+0000] {ingesting_pipeline.py:166} INFO - Getting latest updated_at from bronze_layer.bronze_purchases
[2025-03-11T15:50:23.357+0000] {ingesting_pipeline.py:139} INFO - Executing query: SELECT MAX(updated_at) FROM bronze_layer.bronze_purchases
[2025-03-11T15:50:23.371+0000] {base.py:73} INFO - Using connection ID 'postgres_warehouse_db' for task execution.
[2025-03-11T15:50:23.381+0000] {warnings.py:109} WARNING - /opt/***/dags/ingesting_pipeline.py:142: UserWarning: pandas only supports SQLAlchemy connectable (engine/connection) or database string URI or sqlite3 DBAPI2 connection. Other DBAPI2 objects are not tested. Please consider using SQLAlchemy.
  df = pd.read_sql(query, conn)

[2025-03-11T15:50:23.386+0000] {ingesting_pipeline.py:143} INFO - Query executed successfully. Retrieved 1 rows.
[2025-03-11T15:50:23.387+0000] {ingesting_pipeline.py:175} INFO - Latest updated_at: 2025-03-11 05:11:10.736496
[2025-03-11T15:50:23.395+0000] {ingesting_pipeline.py:283} INFO - Incremental mode - using timestamp: 2025-03-11 05:11:10.736496
[2025-03-11T15:50:23.395+0000] {ingesting_pipeline.py:319} INFO - Execution plan: {'next_task': 'extract_and_load_purchases', 'transform_task': 'transform_silver_incremental'}
[2025-03-11T15:50:23.395+0000] {python.py:194} INFO - Done. Returned value was: {'next_task': 'extract_and_load_purchases', 'transform_task': 'transform_silver_incremental'}
[2025-03-11T15:50:23.406+0000] {taskinstance.py:1400} INFO - Marking task as SUCCESS. dag_id=ingest_bronze_layer_dag, task_id=prepare_dag_execution, execution_date=20250311T155018, start_date=20250311T155022, end_date=20250311T155023
[2025-03-11T15:50:23.442+0000] {local_task_job_runner.py:228} INFO - Task exited with return code 0
[2025-03-11T15:50:23.556+0000] {taskinstance.py:2778} INFO - 1 downstream tasks scheduled from follow-on schedule check
