[2025-03-11T15:59:56.876+0000] {taskinstance.py:1159} INFO - Dependencies all met for dep_context=non-requeueable deps ti=<TaskInstance: ingest_bronze_layer_dag.extract_and_load_purchases manual__2025-03-11T15:59:49+00:00 [queued]>
[2025-03-11T15:59:56.880+0000] {taskinstance.py:1159} INFO - Dependencies all met for dep_context=requeueable deps ti=<TaskInstance: ingest_bronze_layer_dag.extract_and_load_purchases manual__2025-03-11T15:59:49+00:00 [queued]>
[2025-03-11T15:59:56.880+0000] {taskinstance.py:1361} INFO - Starting attempt 1 of 1
[2025-03-11T15:59:56.999+0000] {taskinstance.py:1382} INFO - Executing <Task(_PythonDecoratedOperator): extract_and_load_purchases> on 2025-03-11 15:59:49+00:00
[2025-03-11T15:59:57.014+0000] {standard_task_runner.py:57} INFO - Started process 20167 to run task
[2025-03-11T15:59:57.018+0000] {standard_task_runner.py:84} INFO - Running: ['***', 'tasks', 'run', 'ingest_bronze_layer_dag', 'extract_and_load_purchases', 'manual__2025-03-11T15:59:49+00:00', '--job-id', '592', '--raw', '--subdir', 'DAGS_FOLDER/ingesting_pipeline.py', '--cfg-path', '/tmp/tmplb97p2si']
[2025-03-11T15:59:57.021+0000] {standard_task_runner.py:85} INFO - Job 592: Subtask extract_and_load_purchases
[2025-03-11T15:59:57.057+0000] {task_command.py:416} INFO - Running <TaskInstance: ingest_bronze_layer_dag.extract_and_load_purchases manual__2025-03-11T15:59:49+00:00 [running]> on host 41ccd9d1769c
[2025-03-11T15:59:57.144+0000] {taskinstance.py:1662} INFO - Exporting env vars: AIRFLOW_CTX_DAG_OWNER='Andrew Tran' AIRFLOW_CTX_DAG_ID='ingest_bronze_layer_dag' AIRFLOW_CTX_TASK_ID='extract_and_load_purchases' AIRFLOW_CTX_EXECUTION_DATE='2025-03-11T15:59:49+00:00' AIRFLOW_CTX_TRY_NUMBER='1' AIRFLOW_CTX_DAG_RUN_ID='manual__2025-03-11T15:59:49+00:00'
[2025-03-11T15:59:57.169+0000] {ingesting_pipeline.py:357} INFO - Running extract_and_load_purchases in incremental mode
[2025-03-11T15:59:57.201+0000] {ingesting_pipeline.py:382} INFO - Incremental mode - fetching data updated after: 2025-03-11 05:11:10.736496
[2025-03-11T15:59:57.201+0000] {ingesting_pipeline.py:142} INFO - Executing query: 
            SELECT *, NOW() as extracted_at
            FROM app_source.purchases_data
            WHERE updated_at > '2025-03-11 05:11:10.736496'
            ORDER BY updated_at
        
[2025-03-11T15:59:57.214+0000] {base.py:73} INFO - Using connection ID 'postgres_source_db' for task execution.
[2025-03-11T15:59:57.242+0000] {warnings.py:109} WARNING - /opt/***/dags/ingesting_pipeline.py:145: UserWarning: pandas only supports SQLAlchemy connectable (engine/connection) or database string URI or sqlite3 DBAPI2 connection. Other DBAPI2 objects are not tested. Please consider using SQLAlchemy.
  df = pd.read_sql(query, conn)

[2025-03-11T15:59:57.260+0000] {ingesting_pipeline.py:146} INFO - Query executed successfully. Retrieved 0 rows.
[2025-03-11T15:59:57.261+0000] {ingesting_pipeline.py:397} INFO - Retrieved 0 rows of data
[2025-03-11T15:59:57.261+0000] {ingesting_pipeline.py:196} INFO - No data to insert into bronze_layer.bronze_purchases
[2025-03-11T15:59:57.262+0000] {ingesting_pipeline.py:415} INFO - Inserted 0 rows into bronze_layer.bronze_purchases
[2025-03-11T15:59:57.262+0000] {python.py:194} INFO - Done. Returned value was: Inserted 0 rows into bronze_layer.bronze_purchases
[2025-03-11T15:59:57.284+0000] {taskinstance.py:1400} INFO - Marking task as SUCCESS. dag_id=ingest_bronze_layer_dag, task_id=extract_and_load_purchases, execution_date=20250311T155949, start_date=20250311T155956, end_date=20250311T155957
[2025-03-11T15:59:57.316+0000] {local_task_job_runner.py:228} INFO - Task exited with return code 0
[2025-03-11T15:59:57.344+0000] {taskinstance.py:2778} INFO - 0 downstream tasks scheduled from follow-on schedule check
