[2025-03-11T18:30:06.069+0000] {taskinstance.py:1159} INFO - Dependencies all met for dep_context=non-requeueable deps ti=<TaskInstance: process_bronze_and_silver_layer.transform_silver_5mins_incremental scheduled__2025-03-11T18:25:00+00:00 [queued]>
[2025-03-11T18:30:06.073+0000] {taskinstance.py:1159} INFO - Dependencies all met for dep_context=requeueable deps ti=<TaskInstance: process_bronze_and_silver_layer.transform_silver_5mins_incremental scheduled__2025-03-11T18:25:00+00:00 [queued]>
[2025-03-11T18:30:06.074+0000] {taskinstance.py:1361} INFO - Starting attempt 1 of 1
[2025-03-11T18:30:06.080+0000] {taskinstance.py:1382} INFO - Executing <Task(BashOperator): transform_silver_5mins_incremental> on 2025-03-11 18:25:00+00:00
[2025-03-11T18:30:06.083+0000] {standard_task_runner.py:57} INFO - Started process 6662 to run task
[2025-03-11T18:30:06.084+0000] {standard_task_runner.py:84} INFO - Running: ['***', 'tasks', 'run', 'process_bronze_and_silver_layer', 'transform_silver_5mins_incremental', 'scheduled__2025-03-11T18:25:00+00:00', '--job-id', '873', '--raw', '--subdir', 'DAGS_FOLDER/5mins_processing_pipeline.py', '--cfg-path', '/tmp/tmpcbm23lae']
[2025-03-11T18:30:06.174+0000] {standard_task_runner.py:85} INFO - Job 873: Subtask transform_silver_5mins_incremental
[2025-03-11T18:30:06.192+0000] {task_command.py:416} INFO - Running <TaskInstance: process_bronze_and_silver_layer.transform_silver_5mins_incremental scheduled__2025-03-11T18:25:00+00:00 [running]> on host c8e526380ef3
[2025-03-11T18:30:06.220+0000] {taskinstance.py:1662} INFO - Exporting env vars: AIRFLOW_CTX_DAG_OWNER='Andrew Tran' AIRFLOW_CTX_DAG_ID='process_bronze_and_silver_layer' AIRFLOW_CTX_TASK_ID='transform_silver_5mins_incremental' AIRFLOW_CTX_EXECUTION_DATE='2025-03-11T18:25:00+00:00' AIRFLOW_CTX_TRY_NUMBER='1' AIRFLOW_CTX_DAG_RUN_ID='scheduled__2025-03-11T18:25:00+00:00'
[2025-03-11T18:30:06.221+0000] {subprocess.py:63} INFO - Tmp dir root location: /tmp
[2025-03-11T18:30:06.221+0000] {subprocess.py:75} INFO - Running command: ['/bin/bash', '-c', 'cd /opt/***/dbt/playstudio_project && export WAREHOUSE_HOST=None && export WAREHOUSE_PASSWORD=None && export WAREHOUSE_USER=None && dbt run --select tag:silver_5mins_incremental --target prod']
[2025-03-11T18:30:06.226+0000] {subprocess.py:86} INFO - Output:
[2025-03-11T18:30:07.639+0000] {subprocess.py:93} INFO - [0m18:30:07  Running with dbt=1.7.18
[2025-03-11T18:30:07.762+0000] {subprocess.py:93} INFO - [0m18:30:07  Registered adapter: postgres=1.7.18
[2025-03-11T18:30:07.785+0000] {subprocess.py:93} INFO - [0m18:30:07  [[33mWARNING[0m]: Configuration paths exist in your dbt_project.yml file which do not apply to any resources.
[2025-03-11T18:30:07.785+0000] {subprocess.py:93} INFO - There are 1 unused configuration paths:
[2025-03-11T18:30:07.785+0000] {subprocess.py:93} INFO - - models.playstudio_project.example
[2025-03-11T18:30:07.797+0000] {subprocess.py:93} INFO - [0m18:30:07  Found 2 models, 2 sources, 0 exposures, 0 metrics, 401 macros, 0 groups, 0 semantic models
[2025-03-11T18:30:07.799+0000] {subprocess.py:93} INFO - [0m18:30:07
[2025-03-11T18:30:07.875+0000] {subprocess.py:93} INFO - [0m18:30:07  Concurrency: 1 threads (target='prod')
[2025-03-11T18:30:07.876+0000] {subprocess.py:93} INFO - [0m18:30:07
[2025-03-11T18:30:07.881+0000] {subprocess.py:93} INFO - [0m18:30:07  1 of 1 START sql incremental model silver_layer.silver_purchases ............... [RUN]
[2025-03-11T18:30:08.010+0000] {subprocess.py:93} INFO - [0m18:30:08  1 of 1 OK created sql incremental model silver_layer.silver_purchases .......... [[32mINSERT 0 36[0m in 0.13s]
[2025-03-11T18:30:08.018+0000] {subprocess.py:93} INFO - [0m18:30:08
[2025-03-11T18:30:08.020+0000] {subprocess.py:93} INFO - [0m18:30:08  Finished running 1 incremental model in 0 hours 0 minutes and 0.22 seconds (0.22s).
[2025-03-11T18:30:08.025+0000] {subprocess.py:93} INFO - [0m18:30:08
[2025-03-11T18:30:08.026+0000] {subprocess.py:93} INFO - [0m18:30:08  [32mCompleted successfully[0m
[2025-03-11T18:30:08.027+0000] {subprocess.py:93} INFO - [0m18:30:08
[2025-03-11T18:30:08.027+0000] {subprocess.py:93} INFO - [0m18:30:08  Done. PASS=1 WARN=0 ERROR=0 SKIP=0 TOTAL=1
[2025-03-11T18:30:09.704+0000] {subprocess.py:97} INFO - Command exited with return code 0
[2025-03-11T18:30:09.732+0000] {taskinstance.py:1400} INFO - Marking task as SUCCESS. dag_id=process_bronze_and_silver_layer, task_id=transform_silver_5mins_incremental, execution_date=20250311T182500, start_date=20250311T183006, end_date=20250311T183009
[2025-03-11T18:30:09.774+0000] {local_task_job_runner.py:228} INFO - Task exited with return code 0
[2025-03-11T18:30:09.949+0000] {taskinstance.py:2778} INFO - 0 downstream tasks scheduled from follow-on schedule check
