[2025-03-13T17:30:06.707+0000] {taskinstance.py:1159} INFO - Dependencies all met for dep_context=non-requeueable deps ti=<TaskInstance: five_mins_processing_pipeline.transform_silver_5mins_incremental scheduled__2025-03-13T17:25:00+00:00 [queued]>
[2025-03-13T17:30:06.713+0000] {taskinstance.py:1159} INFO - Dependencies all met for dep_context=requeueable deps ti=<TaskInstance: five_mins_processing_pipeline.transform_silver_5mins_incremental scheduled__2025-03-13T17:25:00+00:00 [queued]>
[2025-03-13T17:30:06.713+0000] {taskinstance.py:1361} INFO - Starting attempt 1 of 1
[2025-03-13T17:30:06.720+0000] {taskinstance.py:1382} INFO - Executing <Task(BashOperator): transform_silver_5mins_incremental> on 2025-03-13 17:25:00+00:00
[2025-03-13T17:30:06.725+0000] {standard_task_runner.py:57} INFO - Started process 77645 to run task
[2025-03-13T17:30:06.728+0000] {standard_task_runner.py:84} INFO - Running: ['***', 'tasks', 'run', 'five_mins_processing_pipeline', 'transform_silver_5mins_incremental', 'scheduled__2025-03-13T17:25:00+00:00', '--job-id', '3679', '--raw', '--subdir', 'DAGS_FOLDER/five_mins_processing_pipeline.py', '--cfg-path', '/tmp/tmpehpgt5sk']
[2025-03-13T17:30:06.730+0000] {standard_task_runner.py:85} INFO - Job 3679: Subtask transform_silver_5mins_incremental
[2025-03-13T17:30:06.759+0000] {task_command.py:416} INFO - Running <TaskInstance: five_mins_processing_pipeline.transform_silver_5mins_incremental scheduled__2025-03-13T17:25:00+00:00 [running]> on host c8e526380ef3
[2025-03-13T17:30:06.949+0000] {taskinstance.py:1662} INFO - Exporting env vars: AIRFLOW_CTX_DAG_OWNER='Andrew Tran' AIRFLOW_CTX_DAG_ID='five_mins_processing_pipeline' AIRFLOW_CTX_TASK_ID='transform_silver_5mins_incremental' AIRFLOW_CTX_EXECUTION_DATE='2025-03-13T17:25:00+00:00' AIRFLOW_CTX_TRY_NUMBER='1' AIRFLOW_CTX_DAG_RUN_ID='scheduled__2025-03-13T17:25:00+00:00'
[2025-03-13T17:30:06.950+0000] {subprocess.py:63} INFO - Tmp dir root location: /tmp
[2025-03-13T17:30:06.950+0000] {subprocess.py:75} INFO - Running command: ['/bin/bash', '-c', 'cd /opt/***/dbt/playstudio_project && export WAREHOUSE_HOST=None && export WAREHOUSE_PASSWORD=None && export WAREHOUSE_USER=None && dbt deps && dbt run --select tag:silver_5mins_incremental --target prod']
[2025-03-13T17:30:06.958+0000] {subprocess.py:86} INFO - Output:
[2025-03-13T17:30:08.286+0000] {subprocess.py:93} INFO - [0m17:30:08  Running with dbt=1.7.18
[2025-03-13T17:30:10.030+0000] {subprocess.py:93} INFO - [0m17:30:10  Installing dbt-labs/dbt_utils
[2025-03-13T17:30:11.214+0000] {subprocess.py:93} INFO - [0m17:30:11  Installed from version 1.1.1
[2025-03-13T17:30:11.215+0000] {subprocess.py:93} INFO - [0m17:30:11  Updated version available: 1.3.0
[2025-03-13T17:30:11.215+0000] {subprocess.py:93} INFO - [0m17:30:11  Installing metaplane/dbt_expectations
[2025-03-13T17:30:14.557+0000] {subprocess.py:93} INFO - [0m17:30:14  Installed from version 0.10.8
[2025-03-13T17:30:14.558+0000] {subprocess.py:93} INFO - [0m17:30:14  Up to date!
[2025-03-13T17:30:14.559+0000] {subprocess.py:93} INFO - [0m17:30:14  Installing godatadriven/dbt_date
[2025-03-13T17:30:15.134+0000] {subprocess.py:93} INFO - [0m17:30:15  Installed from version 0.11.0
[2025-03-13T17:30:15.135+0000] {subprocess.py:93} INFO - [0m17:30:15  Up to date!
[2025-03-13T17:30:15.136+0000] {subprocess.py:93} INFO - [0m17:30:15
[2025-03-13T17:30:15.136+0000] {subprocess.py:93} INFO - [0m17:30:15  Updates available for packages: ['dbt-labs/dbt_utils']
[2025-03-13T17:30:15.137+0000] {subprocess.py:93} INFO - Update your versions in packages.yml, then run dbt deps
[2025-03-13T17:30:17.933+0000] {subprocess.py:93} INFO - [0m17:30:17  Running with dbt=1.7.18
[2025-03-13T17:30:18.054+0000] {subprocess.py:93} INFO - [0m17:30:18  Registered adapter: postgres=1.7.18
[2025-03-13T17:30:18.173+0000] {subprocess.py:93} INFO - [0m17:30:18  [[33mWARNING[0m]: Configuration paths exist in your dbt_project.yml file which do not apply to any resources.
[2025-03-13T17:30:18.173+0000] {subprocess.py:93} INFO - There are 1 unused configuration paths:
[2025-03-13T17:30:18.173+0000] {subprocess.py:93} INFO - - models.playstudio_project.bronze_layer
[2025-03-13T17:30:18.202+0000] {subprocess.py:93} INFO - [0m17:30:18  Found 67 tests, 3 models, 2 sources, 0 exposures, 0 metrics, 783 macros, 0 groups, 0 semantic models
[2025-03-13T17:30:18.203+0000] {subprocess.py:93} INFO - [0m17:30:18
[2025-03-13T17:30:18.259+0000] {subprocess.py:93} INFO - [0m17:30:18  Concurrency: 1 threads (target='prod')
[2025-03-13T17:30:18.260+0000] {subprocess.py:93} INFO - [0m17:30:18
[2025-03-13T17:30:18.263+0000] {subprocess.py:93} INFO - [0m17:30:18  1 of 1 START sql incremental model silver_layer.silver_purchases ............... [RUN]
[2025-03-13T17:30:18.370+0000] {subprocess.py:93} INFO - [0m17:30:18  1 of 1 OK created sql incremental model silver_layer.silver_purchases .......... [[32mINSERT 0 1[0m in 0.11s]
[2025-03-13T17:30:18.379+0000] {subprocess.py:93} INFO - [0m17:30:18
[2025-03-13T17:30:18.379+0000] {subprocess.py:93} INFO - [0m17:30:18  Finished running 1 incremental model in 0 hours 0 minutes and 0.18 seconds (0.18s).
[2025-03-13T17:30:18.389+0000] {subprocess.py:93} INFO - [0m17:30:18
[2025-03-13T17:30:18.390+0000] {subprocess.py:93} INFO - [0m17:30:18  [32mCompleted successfully[0m
[2025-03-13T17:30:18.390+0000] {subprocess.py:93} INFO - [0m17:30:18
[2025-03-13T17:30:18.391+0000] {subprocess.py:93} INFO - [0m17:30:18  Done. PASS=1 WARN=0 ERROR=0 SKIP=0 TOTAL=1
[2025-03-13T17:30:20.225+0000] {subprocess.py:97} INFO - Command exited with return code 0
[2025-03-13T17:30:20.277+0000] {taskinstance.py:1400} INFO - Marking task as SUCCESS. dag_id=five_mins_processing_pipeline, task_id=transform_silver_5mins_incremental, execution_date=20250313T172500, start_date=20250313T173006, end_date=20250313T173020
[2025-03-13T17:30:20.327+0000] {local_task_job_runner.py:228} INFO - Task exited with return code 0
[2025-03-13T17:30:20.565+0000] {taskinstance.py:2778} INFO - 1 downstream tasks scheduled from follow-on schedule check
