[2025-03-14T02:57:09.909+0000] {taskinstance.py:1159} INFO - Dependencies all met for dep_context=non-requeueable deps ti=<TaskInstance: hourly_processing_pipeline.aggregate_final_table_incremental manual__2025-03-13T17:40:38.081128+00:00 [queued]>
[2025-03-14T02:57:09.914+0000] {taskinstance.py:1159} INFO - Dependencies all met for dep_context=requeueable deps ti=<TaskInstance: hourly_processing_pipeline.aggregate_final_table_incremental manual__2025-03-13T17:40:38.081128+00:00 [queued]>
[2025-03-14T02:57:09.914+0000] {taskinstance.py:1361} INFO - Starting attempt 1 of 1
[2025-03-14T02:57:09.935+0000] {taskinstance.py:1382} INFO - Executing <Task(BashOperator): aggregate_final_table_incremental> on 2025-03-13 17:40:38.081128+00:00
[2025-03-14T02:57:09.941+0000] {standard_task_runner.py:57} INFO - Started process 78258 to run task
[2025-03-14T02:57:09.944+0000] {standard_task_runner.py:84} INFO - Running: ['***', 'tasks', 'run', 'hourly_processing_pipeline', 'aggregate_final_table_incremental', 'manual__2025-03-13T17:40:38.081128+00:00', '--job-id', '3716', '--raw', '--subdir', 'DAGS_FOLDER/hourly_processing_pipeline.py', '--cfg-path', '/tmp/tmp9_tzxq8e']
[2025-03-14T02:57:09.948+0000] {standard_task_runner.py:85} INFO - Job 3716: Subtask aggregate_final_table_incremental
[2025-03-14T02:57:10.018+0000] {task_command.py:416} INFO - Running <TaskInstance: hourly_processing_pipeline.aggregate_final_table_incremental manual__2025-03-13T17:40:38.081128+00:00 [running]> on host c8e526380ef3
[2025-03-14T02:57:10.347+0000] {taskinstance.py:1662} INFO - Exporting env vars: AIRFLOW_CTX_DAG_OWNER='Andrew Tran' AIRFLOW_CTX_DAG_ID='hourly_processing_pipeline' AIRFLOW_CTX_TASK_ID='aggregate_final_table_incremental' AIRFLOW_CTX_EXECUTION_DATE='2025-03-13T17:40:38.081128+00:00' AIRFLOW_CTX_TRY_NUMBER='1' AIRFLOW_CTX_DAG_RUN_ID='manual__2025-03-13T17:40:38.081128+00:00'
[2025-03-14T02:57:10.353+0000] {subprocess.py:63} INFO - Tmp dir root location: /tmp
[2025-03-14T02:57:10.355+0000] {subprocess.py:75} INFO - Running command: ['/bin/bash', '-c', 'cd /opt/***/dbt/playstudio_project && export WAREHOUSE_HOST=None && export WAREHOUSE_PASSWORD=None && export WAREHOUSE_USER=None && dbt deps && dbt run --select tag:gold_layer --target prod']
[2025-03-14T02:57:10.380+0000] {subprocess.py:86} INFO - Output:
[2025-03-14T02:57:12.777+0000] {subprocess.py:93} INFO - [0m02:57:12  Running with dbt=1.7.18
[2025-03-14T02:57:14.360+0000] {subprocess.py:93} INFO - [0m02:57:14  Installing dbt-labs/dbt_utils
[2025-03-14T02:57:15.882+0000] {subprocess.py:93} INFO - [0m02:57:15  Installed from version 1.1.1
[2025-03-14T02:57:15.891+0000] {subprocess.py:93} INFO - [0m02:57:15  Updated version available: 1.3.0
[2025-03-14T02:57:15.891+0000] {subprocess.py:93} INFO - [0m02:57:15  Installing metaplane/dbt_expectations
[2025-03-14T02:57:17.831+0000] {subprocess.py:93} INFO - [0m02:57:17  Installed from version 0.10.8
[2025-03-14T02:57:17.856+0000] {subprocess.py:93} INFO - [0m02:57:17  Up to date!
[2025-03-14T02:57:17.857+0000] {subprocess.py:93} INFO - [0m02:57:17  Installing godatadriven/dbt_date
[2025-03-14T02:57:18.783+0000] {subprocess.py:93} INFO - [0m02:57:18  Installed from version 0.11.0
[2025-03-14T02:57:18.791+0000] {subprocess.py:93} INFO - [0m02:57:18  Up to date!
[2025-03-14T02:57:18.792+0000] {subprocess.py:93} INFO - [0m02:57:18
[2025-03-14T02:57:18.793+0000] {subprocess.py:93} INFO - [0m02:57:18  Updates available for packages: ['dbt-labs/dbt_utils']
[2025-03-14T02:57:18.793+0000] {subprocess.py:93} INFO - Update your versions in packages.yml, then run dbt deps
[2025-03-14T02:57:27.765+0000] {subprocess.py:93} INFO - [0m02:57:27  Running with dbt=1.7.18
[2025-03-14T02:57:28.057+0000] {subprocess.py:93} INFO - [0m02:57:28  Registered adapter: postgres=1.7.18
[2025-03-14T02:57:28.358+0000] {subprocess.py:93} INFO - [0m02:57:28  [[33mWARNING[0m]: Configuration paths exist in your dbt_project.yml file which do not apply to any resources.
[2025-03-14T02:57:28.359+0000] {subprocess.py:93} INFO - There are 1 unused configuration paths:
[2025-03-14T02:57:28.360+0000] {subprocess.py:93} INFO - - models.playstudio_project.bronze_layer
[2025-03-14T02:57:28.454+0000] {subprocess.py:93} INFO - [0m02:57:28  Found 67 tests, 3 models, 2 sources, 0 exposures, 0 metrics, 783 macros, 0 groups, 0 semantic models
[2025-03-14T02:57:28.454+0000] {subprocess.py:93} INFO - [0m02:57:28
[2025-03-14T02:57:28.677+0000] {subprocess.py:93} INFO - [0m02:57:28  Concurrency: 1 threads (target='prod')
[2025-03-14T02:57:28.679+0000] {subprocess.py:93} INFO - [0m02:57:28
[2025-03-14T02:57:28.687+0000] {subprocess.py:93} INFO - [0m02:57:28  1 of 1 START sql incremental model gold_layer.aggregated_final_table ........... [RUN]
[2025-03-14T02:57:28.847+0000] {subprocess.py:93} INFO - [0m02:57:28  1 of 1 OK created sql incremental model gold_layer.aggregated_final_table ...... [[32mINSERT 0 1[0m in 0.16s]
[2025-03-14T02:57:28.855+0000] {subprocess.py:93} INFO - [0m02:57:28
[2025-03-14T02:57:28.856+0000] {subprocess.py:93} INFO - [0m02:57:28  Finished running 1 incremental model in 0 hours 0 minutes and 0.40 seconds (0.40s).
[2025-03-14T02:57:28.870+0000] {subprocess.py:93} INFO - [0m02:57:28
[2025-03-14T02:57:28.871+0000] {subprocess.py:93} INFO - [0m02:57:28  [32mCompleted successfully[0m
[2025-03-14T02:57:28.872+0000] {subprocess.py:93} INFO - [0m02:57:28
[2025-03-14T02:57:28.872+0000] {subprocess.py:93} INFO - [0m02:57:28  Done. PASS=1 WARN=0 ERROR=0 SKIP=0 TOTAL=1
[2025-03-14T02:57:31.451+0000] {subprocess.py:97} INFO - Command exited with return code 0
[2025-03-14T02:57:31.537+0000] {taskinstance.py:1400} INFO - Marking task as SUCCESS. dag_id=hourly_processing_pipeline, task_id=aggregate_final_table_incremental, execution_date=20250313T174038, start_date=20250314T025709, end_date=20250314T025731
[2025-03-14T02:57:31.617+0000] {local_task_job_runner.py:228} INFO - Task exited with return code 0
[2025-03-14T02:57:31.709+0000] {taskinstance.py:2778} INFO - 0 downstream tasks scheduled from follow-on schedule check
