[2025-03-14T03:10:35.070+0000] {taskinstance.py:1159} INFO - Dependencies all met for dep_context=non-requeueable deps ti=<TaskInstance: hourly_processing_pipeline.transform_silver_hourly_incremental manual__2025-03-14T03:10:29.095571+00:00 [queued]>
[2025-03-14T03:10:35.075+0000] {taskinstance.py:1159} INFO - Dependencies all met for dep_context=requeueable deps ti=<TaskInstance: hourly_processing_pipeline.transform_silver_hourly_incremental manual__2025-03-14T03:10:29.095571+00:00 [queued]>
[2025-03-14T03:10:35.075+0000] {taskinstance.py:1361} INFO - Starting attempt 1 of 1
[2025-03-14T03:10:35.083+0000] {taskinstance.py:1382} INFO - Executing <Task(BashOperator): transform_silver_hourly_incremental> on 2025-03-14 03:10:29.095571+00:00
[2025-03-14T03:10:35.086+0000] {standard_task_runner.py:57} INFO - Started process 79095 to run task
[2025-03-14T03:10:35.088+0000] {standard_task_runner.py:84} INFO - Running: ['***', 'tasks', 'run', 'hourly_processing_pipeline', 'transform_silver_hourly_incremental', 'manual__2025-03-14T03:10:29.095571+00:00', '--job-id', '3785', '--raw', '--subdir', 'DAGS_FOLDER/hourly_processing_pipeline.py', '--cfg-path', '/tmp/tmp7s5dvjs6']
[2025-03-14T03:10:35.089+0000] {standard_task_runner.py:85} INFO - Job 3785: Subtask transform_silver_hourly_incremental
[2025-03-14T03:10:35.114+0000] {task_command.py:416} INFO - Running <TaskInstance: hourly_processing_pipeline.transform_silver_hourly_incremental manual__2025-03-14T03:10:29.095571+00:00 [running]> on host c8e526380ef3
[2025-03-14T03:10:35.160+0000] {taskinstance.py:1662} INFO - Exporting env vars: AIRFLOW_CTX_DAG_OWNER='Andrew Tran' AIRFLOW_CTX_DAG_ID='hourly_processing_pipeline' AIRFLOW_CTX_TASK_ID='transform_silver_hourly_incremental' AIRFLOW_CTX_EXECUTION_DATE='2025-03-14T03:10:29.095571+00:00' AIRFLOW_CTX_TRY_NUMBER='1' AIRFLOW_CTX_DAG_RUN_ID='manual__2025-03-14T03:10:29.095571+00:00'
[2025-03-14T03:10:35.161+0000] {subprocess.py:63} INFO - Tmp dir root location: /tmp
[2025-03-14T03:10:35.161+0000] {subprocess.py:75} INFO - Running command: ['/bin/bash', '-c', 'cd /opt/***/dbt/playstudio_project && export WAREHOUSE_HOST=None && export WAREHOUSE_PASSWORD=None && export WAREHOUSE_USER=None && dbt deps && dbt run --select tag:silver_hourly_incremental --target prod']
[2025-03-14T03:10:35.169+0000] {subprocess.py:86} INFO - Output:
[2025-03-14T03:10:36.565+0000] {subprocess.py:93} INFO - [0m03:10:36  Running with dbt=1.7.18
[2025-03-14T03:10:36.906+0000] {subprocess.py:93} INFO - [0m03:10:36  Installing dbt-labs/dbt_utils
[2025-03-14T03:10:37.572+0000] {subprocess.py:93} INFO - [0m03:10:37  Installed from version 1.1.1
[2025-03-14T03:10:37.572+0000] {subprocess.py:93} INFO - [0m03:10:37  Updated version available: 1.3.0
[2025-03-14T03:10:37.574+0000] {subprocess.py:93} INFO - [0m03:10:37  Installing metaplane/dbt_expectations
[2025-03-14T03:10:38.557+0000] {subprocess.py:93} INFO - [0m03:10:38  Installed from version 0.10.8
[2025-03-14T03:10:38.558+0000] {subprocess.py:93} INFO - [0m03:10:38  Up to date!
[2025-03-14T03:10:38.558+0000] {subprocess.py:93} INFO - [0m03:10:38  Installing godatadriven/dbt_date
[2025-03-14T03:10:39.117+0000] {subprocess.py:93} INFO - [0m03:10:39  Installed from version 0.11.0
[2025-03-14T03:10:39.117+0000] {subprocess.py:93} INFO - [0m03:10:39  Up to date!
[2025-03-14T03:10:39.117+0000] {subprocess.py:93} INFO - [0m03:10:39
[2025-03-14T03:10:39.117+0000] {subprocess.py:93} INFO - [0m03:10:39  Updates available for packages: ['dbt-labs/dbt_utils']
[2025-03-14T03:10:39.117+0000] {subprocess.py:93} INFO - Update your versions in packages.yml, then run dbt deps
[2025-03-14T03:10:41.800+0000] {subprocess.py:93} INFO - [0m03:10:41  Running with dbt=1.7.18
[2025-03-14T03:10:41.899+0000] {subprocess.py:93} INFO - [0m03:10:41  Registered adapter: postgres=1.7.18
[2025-03-14T03:10:41.970+0000] {subprocess.py:93} INFO - [0m03:10:41  [[33mWARNING[0m]: Configuration paths exist in your dbt_project.yml file which do not apply to any resources.
[2025-03-14T03:10:41.970+0000] {subprocess.py:93} INFO - There are 1 unused configuration paths:
[2025-03-14T03:10:41.970+0000] {subprocess.py:93} INFO - - models.playstudio_project.bronze_layer
[2025-03-14T03:10:41.989+0000] {subprocess.py:93} INFO - [0m03:10:41  Found 67 tests, 3 models, 2 sources, 0 exposures, 0 metrics, 783 macros, 0 groups, 0 semantic models
[2025-03-14T03:10:41.990+0000] {subprocess.py:93} INFO - [0m03:10:41
[2025-03-14T03:10:42.030+0000] {subprocess.py:93} INFO - [0m03:10:42  Concurrency: 1 threads (target='prod')
[2025-03-14T03:10:42.031+0000] {subprocess.py:93} INFO - [0m03:10:42
[2025-03-14T03:10:42.036+0000] {subprocess.py:93} INFO - [0m03:10:42  1 of 1 START sql incremental model silver_layer.silver_spins_hourly ............ [RUN]
[2025-03-14T03:10:42.136+0000] {subprocess.py:93} INFO - [0m03:10:42  1 of 1 OK created sql incremental model silver_layer.silver_spins_hourly ....... [[32mINSERT 0 2[0m in 0.10s]
[2025-03-14T03:10:42.144+0000] {subprocess.py:93} INFO - [0m03:10:42
[2025-03-14T03:10:42.144+0000] {subprocess.py:93} INFO - [0m03:10:42  Finished running 1 incremental model in 0 hours 0 minutes and 0.15 seconds (0.15s).
[2025-03-14T03:10:42.154+0000] {subprocess.py:93} INFO - [0m03:10:42
[2025-03-14T03:10:42.157+0000] {subprocess.py:93} INFO - [0m03:10:42  [32mCompleted successfully[0m
[2025-03-14T03:10:42.157+0000] {subprocess.py:93} INFO - [0m03:10:42
[2025-03-14T03:10:42.157+0000] {subprocess.py:93} INFO - [0m03:10:42  Done. PASS=1 WARN=0 ERROR=0 SKIP=0 TOTAL=1
[2025-03-14T03:10:43.814+0000] {subprocess.py:97} INFO - Command exited with return code 0
[2025-03-14T03:10:43.838+0000] {taskinstance.py:1400} INFO - Marking task as SUCCESS. dag_id=hourly_processing_pipeline, task_id=transform_silver_hourly_incremental, execution_date=20250314T031029, start_date=20250314T031035, end_date=20250314T031043
[2025-03-14T03:10:43.857+0000] {local_task_job_runner.py:228} INFO - Task exited with return code 0
[2025-03-14T03:10:43.876+0000] {taskinstance.py:2778} INFO - 1 downstream tasks scheduled from follow-on schedule check
