[2025-03-12T13:00:07.007+0000] {taskinstance.py:1159} INFO - Dependencies all met for dep_context=non-requeueable deps ti=<TaskInstance: process_bronze_and_silver_layer.transform_silver_5mins_incremental scheduled__2025-03-12T12:55:00+00:00 [queued]>
[2025-03-12T13:00:07.013+0000] {taskinstance.py:1159} INFO - Dependencies all met for dep_context=requeueable deps ti=<TaskInstance: process_bronze_and_silver_layer.transform_silver_5mins_incremental scheduled__2025-03-12T12:55:00+00:00 [queued]>
[2025-03-12T13:00:07.013+0000] {taskinstance.py:1361} INFO - Starting attempt 1 of 1
[2025-03-12T13:00:07.103+0000] {taskinstance.py:1382} INFO - Executing <Task(BashOperator): transform_silver_5mins_incremental> on 2025-03-12 12:55:00+00:00
[2025-03-12T13:00:07.106+0000] {standard_task_runner.py:57} INFO - Started process 32235 to run task
[2025-03-12T13:00:07.108+0000] {standard_task_runner.py:84} INFO - Running: ['***', 'tasks', 'run', 'process_bronze_and_silver_layer', 'transform_silver_5mins_incremental', 'scheduled__2025-03-12T12:55:00+00:00', '--job-id', '2539', '--raw', '--subdir', 'DAGS_FOLDER/5mins_processing_pipeline.py', '--cfg-path', '/tmp/tmpa5wb_apb']
[2025-03-12T13:00:07.110+0000] {standard_task_runner.py:85} INFO - Job 2539: Subtask transform_silver_5mins_incremental
[2025-03-12T13:00:07.140+0000] {task_command.py:416} INFO - Running <TaskInstance: process_bronze_and_silver_layer.transform_silver_5mins_incremental scheduled__2025-03-12T12:55:00+00:00 [running]> on host c8e526380ef3
[2025-03-12T13:00:07.188+0000] {taskinstance.py:1662} INFO - Exporting env vars: AIRFLOW_CTX_DAG_OWNER='Andrew Tran' AIRFLOW_CTX_DAG_ID='process_bronze_and_silver_layer' AIRFLOW_CTX_TASK_ID='transform_silver_5mins_incremental' AIRFLOW_CTX_EXECUTION_DATE='2025-03-12T12:55:00+00:00' AIRFLOW_CTX_TRY_NUMBER='1' AIRFLOW_CTX_DAG_RUN_ID='scheduled__2025-03-12T12:55:00+00:00'
[2025-03-12T13:00:07.189+0000] {subprocess.py:63} INFO - Tmp dir root location: /tmp
[2025-03-12T13:00:07.190+0000] {subprocess.py:75} INFO - Running command: ['/bin/bash', '-c', 'cd /opt/***/dbt/playstudio_project && export WAREHOUSE_HOST=None && export WAREHOUSE_PASSWORD=None && export WAREHOUSE_USER=None && dbt run --select tag:silver_5mins_incremental --target prod']
[2025-03-12T13:00:07.197+0000] {subprocess.py:86} INFO - Output:
[2025-03-12T13:00:08.744+0000] {subprocess.py:93} INFO - [0m13:00:08  Running with dbt=1.7.18
[2025-03-12T13:00:08.854+0000] {subprocess.py:93} INFO - [0m13:00:08  Registered adapter: postgres=1.7.18
[2025-03-12T13:00:08.874+0000] {subprocess.py:93} INFO - [0m13:00:08  [[33mWARNING[0m]: Configuration paths exist in your dbt_project.yml file which do not apply to any resources.
[2025-03-12T13:00:08.874+0000] {subprocess.py:93} INFO - There are 1 unused configuration paths:
[2025-03-12T13:00:08.874+0000] {subprocess.py:93} INFO - - models.playstudio_project.bronze_layer
[2025-03-12T13:00:08.884+0000] {subprocess.py:93} INFO - [0m13:00:08  Found 3 models, 2 sources, 0 exposures, 0 metrics, 402 macros, 0 groups, 0 semantic models
[2025-03-12T13:00:08.885+0000] {subprocess.py:93} INFO - [0m13:00:08
[2025-03-12T13:00:08.985+0000] {subprocess.py:93} INFO - [0m13:00:08  Concurrency: 1 threads (target='prod')
[2025-03-12T13:00:08.986+0000] {subprocess.py:93} INFO - [0m13:00:08
[2025-03-12T13:00:08.991+0000] {subprocess.py:93} INFO - [0m13:00:08  1 of 1 START sql incremental model silver_layer.silver_purchases ............... [RUN]
[2025-03-12T13:00:09.089+0000] {subprocess.py:93} INFO - [0m13:00:09  1 of 1 OK created sql incremental model silver_layer.silver_purchases .......... [[32mINSERT 0 36[0m in 0.10s]
[2025-03-12T13:00:09.097+0000] {subprocess.py:93} INFO - [0m13:00:09
[2025-03-12T13:00:09.097+0000] {subprocess.py:93} INFO - [0m13:00:09  Finished running 1 incremental model in 0 hours 0 minutes and 0.21 seconds (0.21s).
[2025-03-12T13:00:09.101+0000] {subprocess.py:93} INFO - [0m13:00:09
[2025-03-12T13:00:09.104+0000] {subprocess.py:93} INFO - [0m13:00:09  [32mCompleted successfully[0m
[2025-03-12T13:00:09.104+0000] {subprocess.py:93} INFO - [0m13:00:09
[2025-03-12T13:00:09.104+0000] {subprocess.py:93} INFO - [0m13:00:09  Done. PASS=1 WARN=0 ERROR=0 SKIP=0 TOTAL=1
[2025-03-12T13:00:10.635+0000] {subprocess.py:97} INFO - Command exited with return code 0
[2025-03-12T13:00:10.672+0000] {taskinstance.py:1400} INFO - Marking task as SUCCESS. dag_id=process_bronze_and_silver_layer, task_id=transform_silver_5mins_incremental, execution_date=20250312T125500, start_date=20250312T130007, end_date=20250312T130010
[2025-03-12T13:00:10.720+0000] {local_task_job_runner.py:228} INFO - Task exited with return code 0
[2025-03-12T13:00:10.751+0000] {taskinstance.py:2778} INFO - 1 downstream tasks scheduled from follow-on schedule check
