[2025-03-11T16:35:13.605+0000] {taskinstance.py:1159} INFO - Dependencies all met for dep_context=non-requeueable deps ti=<TaskInstance: process_bronze_and_silver_layer.transform_silver_5mins_incremental scheduled__2025-03-11T16:30:00+00:00 [queued]>
[2025-03-11T16:35:13.621+0000] {taskinstance.py:1159} INFO - Dependencies all met for dep_context=requeueable deps ti=<TaskInstance: process_bronze_and_silver_layer.transform_silver_5mins_incremental scheduled__2025-03-11T16:30:00+00:00 [queued]>
[2025-03-11T16:35:13.621+0000] {taskinstance.py:1361} INFO - Starting attempt 1 of 1
[2025-03-11T16:35:13.679+0000] {taskinstance.py:1382} INFO - Executing <Task(BashOperator): transform_silver_5mins_incremental> on 2025-03-11 16:30:00+00:00
[2025-03-11T16:35:13.693+0000] {standard_task_runner.py:57} INFO - Started process 1505 to run task
[2025-03-11T16:35:13.700+0000] {standard_task_runner.py:84} INFO - Running: ['***', 'tasks', 'run', 'process_bronze_and_silver_layer', 'transform_silver_5mins_incremental', 'scheduled__2025-03-11T16:30:00+00:00', '--job-id', '668', '--raw', '--subdir', 'DAGS_FOLDER/5mins_processing_pipeline.py', '--cfg-path', '/tmp/tmpz3q94p65']
[2025-03-11T16:35:15.244+0000] {standard_task_runner.py:85} INFO - Job 668: Subtask transform_silver_5mins_incremental
[2025-03-11T16:35:15.745+0000] {task_command.py:416} INFO - Running <TaskInstance: process_bronze_and_silver_layer.transform_silver_5mins_incremental scheduled__2025-03-11T16:30:00+00:00 [running]> on host c8e526380ef3
[2025-03-11T16:35:16.433+0000] {taskinstance.py:1662} INFO - Exporting env vars: AIRFLOW_CTX_DAG_OWNER='Andrew Tran' AIRFLOW_CTX_DAG_ID='process_bronze_and_silver_layer' AIRFLOW_CTX_TASK_ID='transform_silver_5mins_incremental' AIRFLOW_CTX_EXECUTION_DATE='2025-03-11T16:30:00+00:00' AIRFLOW_CTX_TRY_NUMBER='1' AIRFLOW_CTX_DAG_RUN_ID='scheduled__2025-03-11T16:30:00+00:00'
[2025-03-11T16:35:16.439+0000] {subprocess.py:63} INFO - Tmp dir root location: /tmp
[2025-03-11T16:35:16.440+0000] {subprocess.py:75} INFO - Running command: ['/bin/bash', '-c', 'cd /opt/***/dbt/playstudio_project && export WAREHOUSE_HOST=None && export WAREHOUSE_PASSWORD=None && export WAREHOUSE_USER=None && dbt run --select tag:silver_5mins_incremental --target prod']
[2025-03-11T16:35:16.505+0000] {subprocess.py:86} INFO - Output:
[2025-03-11T16:35:21.419+0000] {subprocess.py:93} INFO - [0m16:35:21  Running with dbt=1.7.18
[2025-03-11T16:35:21.600+0000] {subprocess.py:93} INFO - [0m16:35:21  Registered adapter: postgres=1.7.18
[2025-03-11T16:35:21.622+0000] {subprocess.py:93} INFO - [0m16:35:21  [[33mWARNING[0m]: Configuration paths exist in your dbt_project.yml file which do not apply to any resources.
[2025-03-11T16:35:21.622+0000] {subprocess.py:93} INFO - There are 1 unused configuration paths:
[2025-03-11T16:35:21.622+0000] {subprocess.py:93} INFO - - models.playstudio_project.example
[2025-03-11T16:35:21.636+0000] {subprocess.py:93} INFO - [0m16:35:21  Found 1 model, 2 sources, 0 exposures, 0 metrics, 401 macros, 0 groups, 0 semantic models
[2025-03-11T16:35:21.636+0000] {subprocess.py:93} INFO - [0m16:35:21
[2025-03-11T16:35:21.734+0000] {subprocess.py:93} INFO - [0m16:35:21  Concurrency: 1 threads (target='prod')
[2025-03-11T16:35:21.736+0000] {subprocess.py:93} INFO - [0m16:35:21
[2025-03-11T16:35:21.741+0000] {subprocess.py:93} INFO - [0m16:35:21  1 of 1 START sql incremental model silver_layer.silver_purchases ............... [RUN]
[2025-03-11T16:35:21.857+0000] {subprocess.py:93} INFO - [0m16:35:21  1 of 1 OK created sql incremental model silver_layer.silver_purchases .......... [[32mINSERT 0 0[0m in 0.11s]
[2025-03-11T16:35:21.868+0000] {subprocess.py:93} INFO - [0m16:35:21
[2025-03-11T16:35:21.868+0000] {subprocess.py:93} INFO - [0m16:35:21  Finished running 1 incremental model in 0 hours 0 minutes and 0.23 seconds (0.23s).
[2025-03-11T16:35:21.874+0000] {subprocess.py:93} INFO - [0m16:35:21
[2025-03-11T16:35:21.874+0000] {subprocess.py:93} INFO - [0m16:35:21  [32mCompleted successfully[0m
[2025-03-11T16:35:21.874+0000] {subprocess.py:93} INFO - [0m16:35:21
[2025-03-11T16:35:21.876+0000] {subprocess.py:93} INFO - [0m16:35:21  Done. PASS=1 WARN=0 ERROR=0 SKIP=0 TOTAL=1
[2025-03-11T16:35:23.698+0000] {subprocess.py:97} INFO - Command exited with return code 0
[2025-03-11T16:35:23.818+0000] {taskinstance.py:1400} INFO - Marking task as SUCCESS. dag_id=process_bronze_and_silver_layer, task_id=transform_silver_5mins_incremental, execution_date=20250311T163000, start_date=20250311T163513, end_date=20250311T163523
[2025-03-11T16:35:23.912+0000] {local_task_job_runner.py:228} INFO - Task exited with return code 0
[2025-03-11T16:35:24.012+0000] {taskinstance.py:2778} INFO - 0 downstream tasks scheduled from follow-on schedule check
