[2025-03-12T02:25:54.412+0000] {taskinstance.py:1159} INFO - Dependencies all met for dep_context=non-requeueable deps ti=<TaskInstance: process_bronze_and_silver_layer.transform_silver_5mins_incremental scheduled__2025-03-11T19:15:00+00:00 [queued]>
[2025-03-12T02:25:54.416+0000] {taskinstance.py:1159} INFO - Dependencies all met for dep_context=requeueable deps ti=<TaskInstance: process_bronze_and_silver_layer.transform_silver_5mins_incremental scheduled__2025-03-11T19:15:00+00:00 [queued]>
[2025-03-12T02:25:54.416+0000] {taskinstance.py:1361} INFO - Starting attempt 1 of 1
[2025-03-12T02:25:54.510+0000] {taskinstance.py:1382} INFO - Executing <Task(BashOperator): transform_silver_5mins_incremental> on 2025-03-11 19:15:00+00:00
[2025-03-12T02:25:54.513+0000] {standard_task_runner.py:57} INFO - Started process 8790 to run task
[2025-03-12T02:25:54.515+0000] {standard_task_runner.py:84} INFO - Running: ['***', 'tasks', 'run', 'process_bronze_and_silver_layer', 'transform_silver_5mins_incremental', 'scheduled__2025-03-11T19:15:00+00:00', '--job-id', '933', '--raw', '--subdir', 'DAGS_FOLDER/5mins_processing_pipeline.py', '--cfg-path', '/tmp/tmp4m1hjkbv']
[2025-03-12T02:25:54.517+0000] {standard_task_runner.py:85} INFO - Job 933: Subtask transform_silver_5mins_incremental
[2025-03-12T02:25:54.539+0000] {task_command.py:416} INFO - Running <TaskInstance: process_bronze_and_silver_layer.transform_silver_5mins_incremental scheduled__2025-03-11T19:15:00+00:00 [running]> on host c8e526380ef3
[2025-03-12T02:25:54.577+0000] {taskinstance.py:1662} INFO - Exporting env vars: AIRFLOW_CTX_DAG_OWNER='Andrew Tran' AIRFLOW_CTX_DAG_ID='process_bronze_and_silver_layer' AIRFLOW_CTX_TASK_ID='transform_silver_5mins_incremental' AIRFLOW_CTX_EXECUTION_DATE='2025-03-11T19:15:00+00:00' AIRFLOW_CTX_TRY_NUMBER='1' AIRFLOW_CTX_DAG_RUN_ID='scheduled__2025-03-11T19:15:00+00:00'
[2025-03-12T02:25:54.578+0000] {subprocess.py:63} INFO - Tmp dir root location: /tmp
[2025-03-12T02:25:54.582+0000] {subprocess.py:75} INFO - Running command: ['/bin/bash', '-c', 'cd /opt/***/dbt/playstudio_project && export WAREHOUSE_HOST=None && export WAREHOUSE_PASSWORD=None && export WAREHOUSE_USER=None && dbt run --select tag:silver_5mins_incremental --target prod']
[2025-03-12T02:25:54.600+0000] {subprocess.py:86} INFO - Output:
[2025-03-12T02:25:56.507+0000] {subprocess.py:93} INFO - [0m02:25:56  Running with dbt=1.7.18
[2025-03-12T02:25:56.648+0000] {subprocess.py:93} INFO - [0m02:25:56  Registered adapter: postgres=1.7.18
[2025-03-12T02:25:56.691+0000] {subprocess.py:93} INFO - [0m02:25:56  [[33mWARNING[0m]: Configuration paths exist in your dbt_project.yml file which do not apply to any resources.
[2025-03-12T02:25:56.691+0000] {subprocess.py:93} INFO - There are 1 unused configuration paths:
[2025-03-12T02:25:56.691+0000] {subprocess.py:93} INFO - - models.playstudio_project.example
[2025-03-12T02:25:56.703+0000] {subprocess.py:93} INFO - [0m02:25:56  Found 2 models, 2 sources, 0 exposures, 0 metrics, 401 macros, 0 groups, 0 semantic models
[2025-03-12T02:25:56.704+0000] {subprocess.py:93} INFO - [0m02:25:56
[2025-03-12T02:25:56.770+0000] {subprocess.py:93} INFO - [0m02:25:56  Concurrency: 1 threads (target='prod')
[2025-03-12T02:25:56.770+0000] {subprocess.py:93} INFO - [0m02:25:56
[2025-03-12T02:25:56.774+0000] {subprocess.py:93} INFO - [0m02:25:56  1 of 1 START sql incremental model silver_layer.silver_purchases ............... [RUN]
[2025-03-12T02:25:56.871+0000] {subprocess.py:93} INFO - [0m02:25:56  1 of 1 OK created sql incremental model silver_layer.silver_purchases .......... [[32mINSERT 0 36[0m in 0.10s]
[2025-03-12T02:25:56.877+0000] {subprocess.py:93} INFO - [0m02:25:56
[2025-03-12T02:25:56.877+0000] {subprocess.py:93} INFO - [0m02:25:56  Finished running 1 incremental model in 0 hours 0 minutes and 0.17 seconds (0.17s).
[2025-03-12T02:25:56.883+0000] {subprocess.py:93} INFO - [0m02:25:56
[2025-03-12T02:25:56.884+0000] {subprocess.py:93} INFO - [0m02:25:56  [32mCompleted successfully[0m
[2025-03-12T02:25:56.884+0000] {subprocess.py:93} INFO - [0m02:25:56
[2025-03-12T02:25:56.885+0000] {subprocess.py:93} INFO - [0m02:25:56  Done. PASS=1 WARN=0 ERROR=0 SKIP=0 TOTAL=1
[2025-03-12T02:25:58.884+0000] {subprocess.py:97} INFO - Command exited with return code 0
[2025-03-12T02:25:58.922+0000] {taskinstance.py:1400} INFO - Marking task as SUCCESS. dag_id=process_bronze_and_silver_layer, task_id=transform_silver_5mins_incremental, execution_date=20250311T191500, start_date=20250312T022554, end_date=20250312T022558
[2025-03-12T02:25:58.959+0000] {local_task_job_runner.py:228} INFO - Task exited with return code 0
[2025-03-12T02:25:58.975+0000] {taskinstance.py:2778} INFO - 0 downstream tasks scheduled from follow-on schedule check
