[2025-03-11T17:54:18.911+0000] {taskinstance.py:1159} INFO - Dependencies all met for dep_context=non-requeueable deps ti=<TaskInstance: hourly_processing_pipeline.transform_silver_full_refresh manual__2025-03-11T17:54:02+00:00 [queued]>
[2025-03-11T17:54:18.915+0000] {taskinstance.py:1159} INFO - Dependencies all met for dep_context=requeueable deps ti=<TaskInstance: hourly_processing_pipeline.transform_silver_full_refresh manual__2025-03-11T17:54:02+00:00 [queued]>
[2025-03-11T17:54:18.915+0000] {taskinstance.py:1361} INFO - Starting attempt 1 of 1
[2025-03-11T17:54:18.921+0000] {taskinstance.py:1382} INFO - Executing <Task(BashOperator): transform_silver_full_refresh> on 2025-03-11 17:54:02+00:00
[2025-03-11T17:54:18.923+0000] {standard_task_runner.py:57} INFO - Started process 5088 to run task
[2025-03-11T17:54:18.925+0000] {standard_task_runner.py:84} INFO - Running: ['***', 'tasks', 'run', 'hourly_processing_pipeline', 'transform_silver_full_refresh', 'manual__2025-03-11T17:54:02+00:00', '--job-id', '819', '--raw', '--subdir', 'DAGS_FOLDER/hourly_processing_pipeline.py', '--cfg-path', '/tmp/tmpywhm6awz']
[2025-03-11T17:54:18.927+0000] {standard_task_runner.py:85} INFO - Job 819: Subtask transform_silver_full_refresh
[2025-03-11T17:54:19.071+0000] {task_command.py:416} INFO - Running <TaskInstance: hourly_processing_pipeline.transform_silver_full_refresh manual__2025-03-11T17:54:02+00:00 [running]> on host c8e526380ef3
[2025-03-11T17:54:19.102+0000] {taskinstance.py:1662} INFO - Exporting env vars: AIRFLOW_CTX_DAG_OWNER='Andrew Tran' AIRFLOW_CTX_DAG_ID='hourly_processing_pipeline' AIRFLOW_CTX_TASK_ID='transform_silver_full_refresh' AIRFLOW_CTX_EXECUTION_DATE='2025-03-11T17:54:02+00:00' AIRFLOW_CTX_TRY_NUMBER='1' AIRFLOW_CTX_DAG_RUN_ID='manual__2025-03-11T17:54:02+00:00'
[2025-03-11T17:54:19.103+0000] {subprocess.py:63} INFO - Tmp dir root location: /tmp
[2025-03-11T17:54:19.103+0000] {subprocess.py:75} INFO - Running command: ['/bin/bash', '-c', 'cd /opt/***/dbt/playstudio_project && export WAREHOUSE_HOST=None && export WAREHOUSE_PASSWORD=None && export WAREHOUSE_USER=None && dbt run --select tag:silver_hourly_incremental --target prod --full-refresh']
[2025-03-11T17:54:19.109+0000] {subprocess.py:86} INFO - Output:
[2025-03-11T17:54:20.491+0000] {subprocess.py:93} INFO - [0m17:54:20  Running with dbt=1.7.18
[2025-03-11T17:54:20.597+0000] {subprocess.py:93} INFO - [0m17:54:20  Registered adapter: postgres=1.7.18
[2025-03-11T17:54:20.616+0000] {subprocess.py:93} INFO - [0m17:54:20  [[33mWARNING[0m]: Configuration paths exist in your dbt_project.yml file which do not apply to any resources.
[2025-03-11T17:54:20.616+0000] {subprocess.py:93} INFO - There are 1 unused configuration paths:
[2025-03-11T17:54:20.616+0000] {subprocess.py:93} INFO - - models.playstudio_project.example
[2025-03-11T17:54:20.627+0000] {subprocess.py:93} INFO - [0m17:54:20  Found 2 models, 2 sources, 0 exposures, 0 metrics, 401 macros, 0 groups, 0 semantic models
[2025-03-11T17:54:20.629+0000] {subprocess.py:93} INFO - [0m17:54:20
[2025-03-11T17:54:20.688+0000] {subprocess.py:93} INFO - [0m17:54:20  Concurrency: 1 threads (target='prod')
[2025-03-11T17:54:20.688+0000] {subprocess.py:93} INFO - [0m17:54:20
[2025-03-11T17:54:20.695+0000] {subprocess.py:93} INFO - [0m17:54:20  1 of 1 START sql incremental model silver_layer.silver_spins_hourly ............ [RUN]
[2025-03-11T17:54:20.734+0000] {subprocess.py:93} INFO - [0m17:54:20  1 of 1 ERROR creating sql incremental model silver_layer.silver_spins_hourly ... [[31mERROR[0m in 0.04s]
[2025-03-11T17:54:20.739+0000] {subprocess.py:93} INFO - [0m17:54:20
[2025-03-11T17:54:20.739+0000] {subprocess.py:93} INFO - [0m17:54:20  Finished running 1 incremental model in 0 hours 0 minutes and 0.11 seconds (0.11s).
[2025-03-11T17:54:20.744+0000] {subprocess.py:93} INFO - [0m17:54:20
[2025-03-11T17:54:20.748+0000] {subprocess.py:93} INFO - [0m17:54:20  [31mCompleted with 1 error and 0 warnings:[0m
[2025-03-11T17:54:20.748+0000] {subprocess.py:93} INFO - [0m17:54:20
[2025-03-11T17:54:20.748+0000] {subprocess.py:93} INFO - [0m17:54:20    Database Error in model silver_spins_hourly (models/silver_layer/silver_spins_hourly.sql)
[2025-03-11T17:54:20.748+0000] {subprocess.py:93} INFO -   column "transaction_id" does not exist
[2025-03-11T17:54:20.748+0000] {subprocess.py:93} INFO -   LINE 20:         CAST(transaction_id AS TEXT) AS transaction_id,
[2025-03-11T17:54:20.748+0000] {subprocess.py:93} INFO -                         ^
[2025-03-11T17:54:20.748+0000] {subprocess.py:93} INFO -   compiled Code at target/run/playstudio_project/models/silver_layer/silver_spins_hourly.sql
[2025-03-11T17:54:20.748+0000] {subprocess.py:93} INFO - [0m17:54:20
[2025-03-11T17:54:20.748+0000] {subprocess.py:93} INFO - [0m17:54:20  Done. PASS=0 WARN=0 ERROR=1 SKIP=0 TOTAL=1
[2025-03-11T17:54:22.468+0000] {subprocess.py:97} INFO - Command exited with return code 1
[2025-03-11T17:54:22.483+0000] {taskinstance.py:1937} ERROR - Task failed with exception
Traceback (most recent call last):
  File "/home/airflow/.local/lib/python3.10/site-packages/airflow/operators/bash.py", line 210, in execute
    raise AirflowException(
airflow.exceptions.AirflowException: Bash command failed. The command returned a non-zero exit code 1.
[2025-03-11T17:54:22.486+0000] {taskinstance.py:1400} INFO - Marking task as FAILED. dag_id=hourly_processing_pipeline, task_id=transform_silver_full_refresh, execution_date=20250311T175402, start_date=20250311T175418, end_date=20250311T175422
[2025-03-11T17:54:22.548+0000] {standard_task_runner.py:104} ERROR - Failed to execute job 819 for task transform_silver_full_refresh (Bash command failed. The command returned a non-zero exit code 1.; 5088)
[2025-03-11T17:54:22.564+0000] {local_task_job_runner.py:228} INFO - Task exited with return code 1
[2025-03-11T17:54:22.976+0000] {taskinstance.py:2778} INFO - 0 downstream tasks scheduled from follow-on schedule check
