[2025-03-12T07:38:38.753+0000] {taskinstance.py:1159} INFO - Dependencies all met for dep_context=non-requeueable deps ti=<TaskInstance: process_bronze_and_silver_layer.transform_silver_full_refresh manual__2025-03-12T07:38:26+00:00 [queued]>
[2025-03-12T07:38:38.763+0000] {taskinstance.py:1159} INFO - Dependencies all met for dep_context=requeueable deps ti=<TaskInstance: process_bronze_and_silver_layer.transform_silver_full_refresh manual__2025-03-12T07:38:26+00:00 [queued]>
[2025-03-12T07:38:38.764+0000] {taskinstance.py:1361} INFO - Starting attempt 1 of 1
[2025-03-12T07:38:39.258+0000] {taskinstance.py:1382} INFO - Executing <Task(BashOperator): transform_silver_full_refresh> on 2025-03-12 07:38:26+00:00
[2025-03-12T07:38:39.264+0000] {standard_task_runner.py:57} INFO - Started process 20831 to run task
[2025-03-12T07:38:39.267+0000] {standard_task_runner.py:84} INFO - Running: ['***', 'tasks', 'run', 'process_bronze_and_silver_layer', 'transform_silver_full_refresh', 'manual__2025-03-12T07:38:26+00:00', '--job-id', '1720', '--raw', '--subdir', 'DAGS_FOLDER/5mins_processing_pipeline.py', '--cfg-path', '/tmp/tmpy2wllx6j']
[2025-03-12T07:38:39.269+0000] {standard_task_runner.py:85} INFO - Job 1720: Subtask transform_silver_full_refresh
[2025-03-12T07:38:39.296+0000] {task_command.py:416} INFO - Running <TaskInstance: process_bronze_and_silver_layer.transform_silver_full_refresh manual__2025-03-12T07:38:26+00:00 [running]> on host c8e526380ef3
[2025-03-12T07:38:39.356+0000] {taskinstance.py:1662} INFO - Exporting env vars: AIRFLOW_CTX_DAG_OWNER='Andrew Tran' AIRFLOW_CTX_DAG_ID='process_bronze_and_silver_layer' AIRFLOW_CTX_TASK_ID='transform_silver_full_refresh' AIRFLOW_CTX_EXECUTION_DATE='2025-03-12T07:38:26+00:00' AIRFLOW_CTX_TRY_NUMBER='1' AIRFLOW_CTX_DAG_RUN_ID='manual__2025-03-12T07:38:26+00:00'
[2025-03-12T07:38:39.357+0000] {subprocess.py:63} INFO - Tmp dir root location: /tmp
[2025-03-12T07:38:39.357+0000] {subprocess.py:75} INFO - Running command: ['/bin/bash', '-c', 'cd /opt/***/dbt/playstudio_project && export WAREHOUSE_HOST=None && export WAREHOUSE_PASSWORD=None && export WAREHOUSE_USER=None && dbt run --select tag:silver_5mins_incremental --target prod --full-refresh']
[2025-03-12T07:38:39.367+0000] {subprocess.py:86} INFO - Output:
[2025-03-12T07:38:43.952+0000] {subprocess.py:93} INFO - [0m07:38:43  Running with dbt=1.7.18
[2025-03-12T07:38:44.163+0000] {subprocess.py:93} INFO - [0m07:38:44  Registered adapter: postgres=1.7.18
[2025-03-12T07:38:44.187+0000] {subprocess.py:93} INFO - [0m07:38:44  [[33mWARNING[0m]: Configuration paths exist in your dbt_project.yml file which do not apply to any resources.
[2025-03-12T07:38:44.187+0000] {subprocess.py:93} INFO - There are 1 unused configuration paths:
[2025-03-12T07:38:44.187+0000] {subprocess.py:93} INFO - - models.playstudio_project.example
[2025-03-12T07:38:44.200+0000] {subprocess.py:93} INFO - [0m07:38:44  Found 2 models, 2 sources, 0 exposures, 0 metrics, 401 macros, 0 groups, 0 semantic models
[2025-03-12T07:38:44.202+0000] {subprocess.py:93} INFO - [0m07:38:44
[2025-03-12T07:38:44.284+0000] {subprocess.py:93} INFO - [0m07:38:44  Concurrency: 1 threads (target='prod')
[2025-03-12T07:38:44.286+0000] {subprocess.py:93} INFO - [0m07:38:44
[2025-03-12T07:38:44.294+0000] {subprocess.py:93} INFO - [0m07:38:44  1 of 1 START sql incremental model silver_layer.silver_purchases ............... [RUN]
[2025-03-12T07:38:44.574+0000] {subprocess.py:93} INFO - [0m07:38:44  1 of 1 OK created sql incremental model silver_layer.silver_purchases .......... [[32mSELECT 36[0m in 0.28s]
[2025-03-12T07:38:44.598+0000] {subprocess.py:93} INFO - [0m07:38:44
[2025-03-12T07:38:44.599+0000] {subprocess.py:93} INFO - [0m07:38:44  Finished running 1 incremental model in 0 hours 0 minutes and 0.40 seconds (0.40s).
[2025-03-12T07:38:44.614+0000] {subprocess.py:93} INFO - [0m07:38:44
[2025-03-12T07:38:44.614+0000] {subprocess.py:93} INFO - [0m07:38:44  [32mCompleted successfully[0m
[2025-03-12T07:38:44.614+0000] {subprocess.py:93} INFO - [0m07:38:44
[2025-03-12T07:38:44.615+0000] {subprocess.py:93} INFO - [0m07:38:44  Done. PASS=1 WARN=0 ERROR=0 SKIP=0 TOTAL=1
[2025-03-12T07:38:46.493+0000] {subprocess.py:97} INFO - Command exited with return code 0
[2025-03-12T07:38:46.619+0000] {taskinstance.py:1400} INFO - Marking task as SUCCESS. dag_id=process_bronze_and_silver_layer, task_id=transform_silver_full_refresh, execution_date=20250312T073826, start_date=20250312T073838, end_date=20250312T073846
[2025-03-12T07:38:46.679+0000] {local_task_job_runner.py:228} INFO - Task exited with return code 0
[2025-03-12T07:38:46.728+0000] {taskinstance.py:2778} INFO - 1 downstream tasks scheduled from follow-on schedule check
