[2025-03-12T08:50:53.688+0000] {taskinstance.py:1159} INFO - Dependencies all met for dep_context=non-requeueable deps ti=<TaskInstance: hourly_processing_pipeline.transform_silver_full_refresh manual__2025-03-12T08:50:42.175012+00:00 [queued]>
[2025-03-12T08:50:53.692+0000] {taskinstance.py:1159} INFO - Dependencies all met for dep_context=requeueable deps ti=<TaskInstance: hourly_processing_pipeline.transform_silver_full_refresh manual__2025-03-12T08:50:42.175012+00:00 [queued]>
[2025-03-12T08:50:53.692+0000] {taskinstance.py:1361} INFO - Starting attempt 1 of 1
[2025-03-12T08:50:53.876+0000] {taskinstance.py:1382} INFO - Executing <Task(BashOperator): transform_silver_full_refresh> on 2025-03-12 08:50:42.175012+00:00
[2025-03-12T08:50:53.883+0000] {standard_task_runner.py:57} INFO - Started process 25027 to run task
[2025-03-12T08:50:53.887+0000] {standard_task_runner.py:84} INFO - Running: ['***', 'tasks', 'run', 'hourly_processing_pipeline', 'transform_silver_full_refresh', 'manual__2025-03-12T08:50:42.175012+00:00', '--job-id', '2106', '--raw', '--subdir', 'DAGS_FOLDER/hourly_processing_pipeline.py', '--cfg-path', '/tmp/tmpmklzjhc1']
[2025-03-12T08:50:53.890+0000] {standard_task_runner.py:85} INFO - Job 2106: Subtask transform_silver_full_refresh
[2025-03-12T08:50:53.925+0000] {task_command.py:416} INFO - Running <TaskInstance: hourly_processing_pipeline.transform_silver_full_refresh manual__2025-03-12T08:50:42.175012+00:00 [running]> on host c8e526380ef3
[2025-03-12T08:50:53.970+0000] {taskinstance.py:1662} INFO - Exporting env vars: AIRFLOW_CTX_DAG_OWNER='Andrew Tran' AIRFLOW_CTX_DAG_ID='hourly_processing_pipeline' AIRFLOW_CTX_TASK_ID='transform_silver_full_refresh' AIRFLOW_CTX_EXECUTION_DATE='2025-03-12T08:50:42.175012+00:00' AIRFLOW_CTX_TRY_NUMBER='1' AIRFLOW_CTX_DAG_RUN_ID='manual__2025-03-12T08:50:42.175012+00:00'
[2025-03-12T08:50:53.971+0000] {subprocess.py:63} INFO - Tmp dir root location: /tmp
[2025-03-12T08:50:53.972+0000] {subprocess.py:75} INFO - Running command: ['/bin/bash', '-c', 'cd /opt/***/dbt/playstudio_project && export WAREHOUSE_HOST=None && export WAREHOUSE_PASSWORD=None && export WAREHOUSE_USER=None && dbt run --select tag:silver_hourly_incremental --target prod --full-refresh']
[2025-03-12T08:50:53.981+0000] {subprocess.py:86} INFO - Output:
[2025-03-12T08:50:55.487+0000] {subprocess.py:93} INFO - [0m08:50:55  Running with dbt=1.7.18
[2025-03-12T08:50:55.598+0000] {subprocess.py:93} INFO - [0m08:50:55  Registered adapter: postgres=1.7.18
[2025-03-12T08:50:55.616+0000] {subprocess.py:93} INFO - [0m08:50:55  [[33mWARNING[0m]: Configuration paths exist in your dbt_project.yml file which do not apply to any resources.
[2025-03-12T08:50:55.616+0000] {subprocess.py:93} INFO - There are 1 unused configuration paths:
[2025-03-12T08:50:55.616+0000] {subprocess.py:93} INFO - - models.playstudio_project.example
[2025-03-12T08:50:55.627+0000] {subprocess.py:93} INFO - [0m08:50:55  Found 2 models, 2 sources, 0 exposures, 0 metrics, 401 macros, 0 groups, 0 semantic models
[2025-03-12T08:50:55.629+0000] {subprocess.py:93} INFO - [0m08:50:55
[2025-03-12T08:50:55.690+0000] {subprocess.py:93} INFO - [0m08:50:55  Concurrency: 1 threads (target='prod')
[2025-03-12T08:50:55.691+0000] {subprocess.py:93} INFO - [0m08:50:55
[2025-03-12T08:50:55.695+0000] {subprocess.py:93} INFO - [0m08:50:55  1 of 1 START sql incremental model silver_layer.silver_spins_hourly ............ [RUN]
[2025-03-12T08:50:55.774+0000] {subprocess.py:93} INFO - [0m08:50:55  1 of 1 OK created sql incremental model silver_layer.silver_spins_hourly ....... [[32mSELECT 42[0m in 0.08s]
[2025-03-12T08:50:55.779+0000] {subprocess.py:93} INFO - [0m08:50:55
[2025-03-12T08:50:55.781+0000] {subprocess.py:93} INFO - [0m08:50:55  Finished running 1 incremental model in 0 hours 0 minutes and 0.15 seconds (0.15s).
[2025-03-12T08:50:55.785+0000] {subprocess.py:93} INFO - [0m08:50:55
[2025-03-12T08:50:55.785+0000] {subprocess.py:93} INFO - [0m08:50:55  [32mCompleted successfully[0m
[2025-03-12T08:50:55.785+0000] {subprocess.py:93} INFO - [0m08:50:55
[2025-03-12T08:50:55.785+0000] {subprocess.py:93} INFO - [0m08:50:55  Done. PASS=1 WARN=0 ERROR=0 SKIP=0 TOTAL=1
[2025-03-12T08:50:57.165+0000] {subprocess.py:97} INFO - Command exited with return code 0
[2025-03-12T08:50:57.196+0000] {taskinstance.py:1400} INFO - Marking task as SUCCESS. dag_id=hourly_processing_pipeline, task_id=transform_silver_full_refresh, execution_date=20250312T085042, start_date=20250312T085053, end_date=20250312T085057
[2025-03-12T08:50:57.249+0000] {local_task_job_runner.py:228} INFO - Task exited with return code 0
[2025-03-12T08:50:57.280+0000] {taskinstance.py:2778} INFO - 0 downstream tasks scheduled from follow-on schedule check
