[2025-03-11T16:00:08.042+0000] {taskinstance.py:1159} INFO - Dependencies all met for dep_context=non-requeueable deps ti=<TaskInstance: ingest_bronze_layer_dag.transform_silver_5mins_incremental scheduled__2025-03-11T15:55:00+00:00 [queued]>
[2025-03-11T16:00:08.046+0000] {taskinstance.py:1159} INFO - Dependencies all met for dep_context=requeueable deps ti=<TaskInstance: ingest_bronze_layer_dag.transform_silver_5mins_incremental scheduled__2025-03-11T15:55:00+00:00 [queued]>
[2025-03-11T16:00:08.046+0000] {taskinstance.py:1361} INFO - Starting attempt 1 of 1
[2025-03-11T16:00:08.127+0000] {taskinstance.py:1382} INFO - Executing <Task(BashOperator): transform_silver_5mins_incremental> on 2025-03-11 15:55:00+00:00
[2025-03-11T16:00:08.129+0000] {standard_task_runner.py:57} INFO - Started process 20195 to run task
[2025-03-11T16:00:08.131+0000] {standard_task_runner.py:84} INFO - Running: ['***', 'tasks', 'run', 'ingest_bronze_layer_dag', 'transform_silver_5mins_incremental', 'scheduled__2025-03-11T15:55:00+00:00', '--job-id', '599', '--raw', '--subdir', 'DAGS_FOLDER/ingesting_pipeline.py', '--cfg-path', '/tmp/tmp6vlbug14']
[2025-03-11T16:00:08.132+0000] {standard_task_runner.py:85} INFO - Job 599: Subtask transform_silver_5mins_incremental
[2025-03-11T16:00:08.152+0000] {task_command.py:416} INFO - Running <TaskInstance: ingest_bronze_layer_dag.transform_silver_5mins_incremental scheduled__2025-03-11T15:55:00+00:00 [running]> on host 41ccd9d1769c
[2025-03-11T16:00:08.183+0000] {taskinstance.py:1662} INFO - Exporting env vars: AIRFLOW_CTX_DAG_OWNER='Andrew Tran' AIRFLOW_CTX_DAG_ID='ingest_bronze_layer_dag' AIRFLOW_CTX_TASK_ID='transform_silver_5mins_incremental' AIRFLOW_CTX_EXECUTION_DATE='2025-03-11T15:55:00+00:00' AIRFLOW_CTX_TRY_NUMBER='1' AIRFLOW_CTX_DAG_RUN_ID='scheduled__2025-03-11T15:55:00+00:00'
[2025-03-11T16:00:08.184+0000] {subprocess.py:63} INFO - Tmp dir root location: /tmp
[2025-03-11T16:00:08.184+0000] {subprocess.py:75} INFO - Running command: ['/bin/bash', '-c', 'cd /opt/***/dbt/playstudio_project && export WAREHOUSE_HOST=None && export WAREHOUSE_PASSWORD=None && export WAREHOUSE_USER=None && dbt run --select tag:silver_5mins_incremental --target prod']
[2025-03-11T16:00:08.190+0000] {subprocess.py:86} INFO - Output:
[2025-03-11T16:00:08.191+0000] {subprocess.py:93} INFO - /bin/bash: line 1: cd: /opt/***/dbt/playstudio_project: No such file or directory
[2025-03-11T16:00:08.191+0000] {subprocess.py:97} INFO - Command exited with return code 1
[2025-03-11T16:00:08.195+0000] {taskinstance.py:1937} ERROR - Task failed with exception
Traceback (most recent call last):
  File "/home/airflow/.local/lib/python3.10/site-packages/airflow/operators/bash.py", line 210, in execute
    raise AirflowException(
airflow.exceptions.AirflowException: Bash command failed. The command returned a non-zero exit code 1.
[2025-03-11T16:00:08.196+0000] {taskinstance.py:1400} INFO - Marking task as FAILED. dag_id=ingest_bronze_layer_dag, task_id=transform_silver_5mins_incremental, execution_date=20250311T155500, start_date=20250311T160008, end_date=20250311T160008
[2025-03-11T16:00:08.202+0000] {standard_task_runner.py:104} ERROR - Failed to execute job 599 for task transform_silver_5mins_incremental (Bash command failed. The command returned a non-zero exit code 1.; 20195)
[2025-03-11T16:00:08.229+0000] {local_task_job_runner.py:228} INFO - Task exited with return code 1
[2025-03-11T16:00:08.238+0000] {taskinstance.py:2778} INFO - 0 downstream tasks scheduled from follow-on schedule check
