[2025-03-14T02:58:16.448+0000] {taskinstance.py:1159} INFO - Dependencies all met for dep_context=non-requeueable deps ti=<TaskInstance: hourly_processing_pipeline.aggregate_final_table_incremental manual__2025-03-14T02:57:55.589522+00:00 [queued]>
[2025-03-14T02:58:16.454+0000] {taskinstance.py:1159} INFO - Dependencies all met for dep_context=requeueable deps ti=<TaskInstance: hourly_processing_pipeline.aggregate_final_table_incremental manual__2025-03-14T02:57:55.589522+00:00 [queued]>
[2025-03-14T02:58:16.454+0000] {taskinstance.py:1361} INFO - Starting attempt 1 of 1
[2025-03-14T02:58:16.466+0000] {taskinstance.py:1382} INFO - Executing <Task(BashOperator): aggregate_final_table_incremental> on 2025-03-14 02:57:55.589522+00:00
[2025-03-14T02:58:16.475+0000] {standard_task_runner.py:57} INFO - Started process 78394 to run task
[2025-03-14T02:58:16.488+0000] {standard_task_runner.py:84} INFO - Running: ['***', 'tasks', 'run', 'hourly_processing_pipeline', 'aggregate_final_table_incremental', 'manual__2025-03-14T02:57:55.589522+00:00', '--job-id', '3735', '--raw', '--subdir', 'DAGS_FOLDER/hourly_processing_pipeline.py', '--cfg-path', '/tmp/tmpg_r3n5gq']
[2025-03-14T02:58:16.494+0000] {standard_task_runner.py:85} INFO - Job 3735: Subtask aggregate_final_table_incremental
[2025-03-14T02:58:16.577+0000] {task_command.py:416} INFO - Running <TaskInstance: hourly_processing_pipeline.aggregate_final_table_incremental manual__2025-03-14T02:57:55.589522+00:00 [running]> on host c8e526380ef3
[2025-03-14T02:58:16.658+0000] {taskinstance.py:1662} INFO - Exporting env vars: AIRFLOW_CTX_DAG_OWNER='Andrew Tran' AIRFLOW_CTX_DAG_ID='hourly_processing_pipeline' AIRFLOW_CTX_TASK_ID='aggregate_final_table_incremental' AIRFLOW_CTX_EXECUTION_DATE='2025-03-14T02:57:55.589522+00:00' AIRFLOW_CTX_TRY_NUMBER='1' AIRFLOW_CTX_DAG_RUN_ID='manual__2025-03-14T02:57:55.589522+00:00'
[2025-03-14T02:58:16.659+0000] {subprocess.py:63} INFO - Tmp dir root location: /tmp
[2025-03-14T02:58:16.659+0000] {subprocess.py:75} INFO - Running command: ['/bin/bash', '-c', 'cd /opt/***/dbt/playstudio_project && export WAREHOUSE_HOST=None && export WAREHOUSE_PASSWORD=None && export WAREHOUSE_USER=None && dbt deps && dbt run --select tag:gold_layer --target prod']
[2025-03-14T02:58:16.669+0000] {subprocess.py:86} INFO - Output:
[2025-03-14T02:58:18.780+0000] {subprocess.py:93} INFO - [0m02:58:18  Running with dbt=1.7.18
[2025-03-14T02:58:20.048+0000] {subprocess.py:93} INFO - [0m02:58:20  Installing dbt-labs/dbt_utils
[2025-03-14T02:58:20.723+0000] {subprocess.py:93} INFO - [0m02:58:20  Installed from version 1.1.1
[2025-03-14T02:58:20.723+0000] {subprocess.py:93} INFO - [0m02:58:20  Updated version available: 1.3.0
[2025-03-14T02:58:20.723+0000] {subprocess.py:93} INFO - [0m02:58:20  Installing metaplane/dbt_expectations
[2025-03-14T02:58:21.691+0000] {subprocess.py:93} INFO - [0m02:58:21  Installed from version 0.10.8
[2025-03-14T02:58:21.696+0000] {subprocess.py:93} INFO - [0m02:58:21  Up to date!
[2025-03-14T02:58:21.696+0000] {subprocess.py:93} INFO - [0m02:58:21  Installing godatadriven/dbt_date
[2025-03-14T02:58:22.315+0000] {subprocess.py:93} INFO - [0m02:58:22  Installed from version 0.11.0
[2025-03-14T02:58:22.315+0000] {subprocess.py:93} INFO - [0m02:58:22  Up to date!
[2025-03-14T02:58:22.317+0000] {subprocess.py:93} INFO - [0m02:58:22
[2025-03-14T02:58:22.319+0000] {subprocess.py:93} INFO - [0m02:58:22  Updates available for packages: ['dbt-labs/dbt_utils']
[2025-03-14T02:58:22.319+0000] {subprocess.py:93} INFO - Update your versions in packages.yml, then run dbt deps
[2025-03-14T02:58:25.026+0000] {subprocess.py:93} INFO - [0m02:58:25  Running with dbt=1.7.18
[2025-03-14T02:58:25.151+0000] {subprocess.py:93} INFO - [0m02:58:25  Registered adapter: postgres=1.7.18
[2025-03-14T02:58:25.227+0000] {subprocess.py:93} INFO - [0m02:58:25  [[33mWARNING[0m]: Configuration paths exist in your dbt_project.yml file which do not apply to any resources.
[2025-03-14T02:58:25.227+0000] {subprocess.py:93} INFO - There are 1 unused configuration paths:
[2025-03-14T02:58:25.227+0000] {subprocess.py:93} INFO - - models.playstudio_project.bronze_layer
[2025-03-14T02:58:25.247+0000] {subprocess.py:93} INFO - [0m02:58:25  Found 67 tests, 3 models, 2 sources, 0 exposures, 0 metrics, 783 macros, 0 groups, 0 semantic models
[2025-03-14T02:58:25.248+0000] {subprocess.py:93} INFO - [0m02:58:25
[2025-03-14T02:58:25.291+0000] {subprocess.py:93} INFO - [0m02:58:25  Concurrency: 1 threads (target='prod')
[2025-03-14T02:58:25.291+0000] {subprocess.py:93} INFO - [0m02:58:25
[2025-03-14T02:58:25.296+0000] {subprocess.py:93} INFO - [0m02:58:25  1 of 1 START sql incremental model gold_layer.aggregated_final_table ........... [RUN]
[2025-03-14T02:58:25.400+0000] {subprocess.py:93} INFO - [0m02:58:25  1 of 1 OK created sql incremental model gold_layer.aggregated_final_table ...... [[32mINSERT 0 1[0m in 0.10s]
[2025-03-14T02:58:25.412+0000] {subprocess.py:93} INFO - [0m02:58:25
[2025-03-14T02:58:25.412+0000] {subprocess.py:93} INFO - [0m02:58:25  Finished running 1 incremental model in 0 hours 0 minutes and 0.16 seconds (0.16s).
[2025-03-14T02:58:25.428+0000] {subprocess.py:93} INFO - [0m02:58:25
[2025-03-14T02:58:25.428+0000] {subprocess.py:93} INFO - [0m02:58:25  [32mCompleted successfully[0m
[2025-03-14T02:58:25.428+0000] {subprocess.py:93} INFO - [0m02:58:25
[2025-03-14T02:58:25.428+0000] {subprocess.py:93} INFO - [0m02:58:25  Done. PASS=1 WARN=0 ERROR=0 SKIP=0 TOTAL=1
[2025-03-14T02:58:27.068+0000] {subprocess.py:97} INFO - Command exited with return code 0
[2025-03-14T02:58:27.118+0000] {taskinstance.py:1400} INFO - Marking task as SUCCESS. dag_id=hourly_processing_pipeline, task_id=aggregate_final_table_incremental, execution_date=20250314T025755, start_date=20250314T025816, end_date=20250314T025827
[2025-03-14T02:58:27.158+0000] {local_task_job_runner.py:228} INFO - Task exited with return code 0
[2025-03-14T02:58:27.181+0000] {taskinstance.py:2778} INFO - 0 downstream tasks scheduled from follow-on schedule check
