[2025-03-12T06:37:29.533+0000] {taskinstance.py:1159} INFO - Dependencies all met for dep_context=non-requeueable deps ti=<TaskInstance: process_bronze_and_silver_layer.transform_silver_5mins_incremental manual__2025-03-12T06:37:19+00:00 [queued]>
[2025-03-12T06:37:29.539+0000] {taskinstance.py:1159} INFO - Dependencies all met for dep_context=requeueable deps ti=<TaskInstance: process_bronze_and_silver_layer.transform_silver_5mins_incremental manual__2025-03-12T06:37:19+00:00 [queued]>
[2025-03-12T06:37:29.539+0000] {taskinstance.py:1361} INFO - Starting attempt 1 of 1
[2025-03-12T06:37:29.718+0000] {taskinstance.py:1382} INFO - Executing <Task(BashOperator): transform_silver_5mins_incremental> on 2025-03-12 06:37:19+00:00
[2025-03-12T06:37:29.721+0000] {standard_task_runner.py:57} INFO - Started process 17240 to run task
[2025-03-12T06:37:29.724+0000] {standard_task_runner.py:84} INFO - Running: ['***', 'tasks', 'run', 'process_bronze_and_silver_layer', 'transform_silver_5mins_incremental', 'manual__2025-03-12T06:37:19+00:00', '--job-id', '1386', '--raw', '--subdir', 'DAGS_FOLDER/5mins_processing_pipeline.py', '--cfg-path', '/tmp/tmprt6zpwus']
[2025-03-12T06:37:29.726+0000] {standard_task_runner.py:85} INFO - Job 1386: Subtask transform_silver_5mins_incremental
[2025-03-12T06:37:29.760+0000] {task_command.py:416} INFO - Running <TaskInstance: process_bronze_and_silver_layer.transform_silver_5mins_incremental manual__2025-03-12T06:37:19+00:00 [running]> on host c8e526380ef3
[2025-03-12T06:37:29.819+0000] {taskinstance.py:1662} INFO - Exporting env vars: AIRFLOW_CTX_DAG_OWNER='Andrew Tran' AIRFLOW_CTX_DAG_ID='process_bronze_and_silver_layer' AIRFLOW_CTX_TASK_ID='transform_silver_5mins_incremental' AIRFLOW_CTX_EXECUTION_DATE='2025-03-12T06:37:19+00:00' AIRFLOW_CTX_TRY_NUMBER='1' AIRFLOW_CTX_DAG_RUN_ID='manual__2025-03-12T06:37:19+00:00'
[2025-03-12T06:37:29.820+0000] {subprocess.py:63} INFO - Tmp dir root location: /tmp
[2025-03-12T06:37:29.820+0000] {subprocess.py:75} INFO - Running command: ['/bin/bash', '-c', 'cd /opt/***/dbt/playstudio_project && export WAREHOUSE_HOST=None && export WAREHOUSE_PASSWORD=None && export WAREHOUSE_USER=None && dbt run --select tag:silver_5mins_incremental --target prod']
[2025-03-12T06:37:29.826+0000] {subprocess.py:86} INFO - Output:
[2025-03-12T06:37:33.237+0000] {subprocess.py:93} INFO - [0m06:37:33  Running with dbt=1.7.18
[2025-03-12T06:37:33.581+0000] {subprocess.py:93} INFO - [0m06:37:33  Registered adapter: postgres=1.7.18
[2025-03-12T06:37:33.650+0000] {subprocess.py:93} INFO - [0m06:37:33  [[33mWARNING[0m]: Configuration paths exist in your dbt_project.yml file which do not apply to any resources.
[2025-03-12T06:37:33.650+0000] {subprocess.py:93} INFO - There are 1 unused configuration paths:
[2025-03-12T06:37:33.651+0000] {subprocess.py:93} INFO - - models.playstudio_project.example
[2025-03-12T06:37:33.675+0000] {subprocess.py:93} INFO - [0m06:37:33  Found 2 models, 2 sources, 0 exposures, 0 metrics, 401 macros, 0 groups, 0 semantic models
[2025-03-12T06:37:33.677+0000] {subprocess.py:93} INFO - [0m06:37:33
[2025-03-12T06:37:33.898+0000] {subprocess.py:93} INFO - [0m06:37:33  Concurrency: 1 threads (target='prod')
[2025-03-12T06:37:33.898+0000] {subprocess.py:93} INFO - [0m06:37:33
[2025-03-12T06:37:33.903+0000] {subprocess.py:93} INFO - [0m06:37:33  1 of 1 START sql incremental model silver_layer.silver_purchases ............... [RUN]
[2025-03-12T06:37:34.318+0000] {subprocess.py:93} INFO - [0m06:37:34  1 of 1 OK created sql incremental model silver_layer.silver_purchases .......... [[32mINSERT 0 36[0m in 0.41s]
[2025-03-12T06:37:34.337+0000] {subprocess.py:93} INFO - [0m06:37:34
[2025-03-12T06:37:34.337+0000] {subprocess.py:93} INFO - [0m06:37:34  Finished running 1 incremental model in 0 hours 0 minutes and 0.66 seconds (0.66s).
[2025-03-12T06:37:34.349+0000] {subprocess.py:93} INFO - [0m06:37:34
[2025-03-12T06:37:34.351+0000] {subprocess.py:93} INFO - [0m06:37:34  [32mCompleted successfully[0m
[2025-03-12T06:37:34.352+0000] {subprocess.py:93} INFO - [0m06:37:34
[2025-03-12T06:37:34.354+0000] {subprocess.py:93} INFO - [0m06:37:34  Done. PASS=1 WARN=0 ERROR=0 SKIP=0 TOTAL=1
[2025-03-12T06:37:35.946+0000] {subprocess.py:97} INFO - Command exited with return code 0
[2025-03-12T06:37:35.979+0000] {taskinstance.py:1400} INFO - Marking task as SUCCESS. dag_id=process_bronze_and_silver_layer, task_id=transform_silver_5mins_incremental, execution_date=20250312T063719, start_date=20250312T063729, end_date=20250312T063735
[2025-03-12T06:37:36.037+0000] {local_task_job_runner.py:228} INFO - Task exited with return code 0
[2025-03-12T06:37:36.061+0000] {taskinstance.py:2778} INFO - 1 downstream tasks scheduled from follow-on schedule check
