[2025-03-12T08:19:53.536+0000] {taskinstance.py:1159} INFO - Dependencies all met for dep_context=non-requeueable deps ti=<TaskInstance: hourly_processing_pipeline.extract_and_load_spins_hourly manual__2025-03-12T08:19:44.252911+00:00 [queued]>
[2025-03-12T08:19:53.541+0000] {taskinstance.py:1159} INFO - Dependencies all met for dep_context=requeueable deps ti=<TaskInstance: hourly_processing_pipeline.extract_and_load_spins_hourly manual__2025-03-12T08:19:44.252911+00:00 [queued]>
[2025-03-12T08:19:53.541+0000] {taskinstance.py:1361} INFO - Starting attempt 1 of 1
[2025-03-12T08:19:53.549+0000] {taskinstance.py:1382} INFO - Executing <Task(_PythonDecoratedOperator): extract_and_load_spins_hourly> on 2025-03-12 08:19:44.252911+00:00
[2025-03-12T08:19:53.553+0000] {standard_task_runner.py:57} INFO - Started process 23157 to run task
[2025-03-12T08:19:53.555+0000] {standard_task_runner.py:84} INFO - Running: ['***', 'tasks', 'run', 'hourly_processing_pipeline', 'extract_and_load_spins_hourly', 'manual__2025-03-12T08:19:44.252911+00:00', '--job-id', '1924', '--raw', '--subdir', 'DAGS_FOLDER/hourly_processing_pipeline.py', '--cfg-path', '/tmp/tmp07hzou4_']
[2025-03-12T08:19:53.556+0000] {standard_task_runner.py:85} INFO - Job 1924: Subtask extract_and_load_spins_hourly
[2025-03-12T08:19:53.701+0000] {task_command.py:416} INFO - Running <TaskInstance: hourly_processing_pipeline.extract_and_load_spins_hourly manual__2025-03-12T08:19:44.252911+00:00 [running]> on host c8e526380ef3
[2025-03-12T08:19:53.733+0000] {taskinstance.py:1662} INFO - Exporting env vars: AIRFLOW_CTX_DAG_OWNER='Andrew Tran' AIRFLOW_CTX_DAG_ID='hourly_processing_pipeline' AIRFLOW_CTX_TASK_ID='extract_and_load_spins_hourly' AIRFLOW_CTX_EXECUTION_DATE='2025-03-12T08:19:44.252911+00:00' AIRFLOW_CTX_TRY_NUMBER='1' AIRFLOW_CTX_DAG_RUN_ID='manual__2025-03-12T08:19:44.252911+00:00'
[2025-03-12T08:19:53.737+0000] {hourly_processing_pipeline.py:339} INFO - Running extract_and_load_spins_hourly in incremental mode
[2025-03-12T08:19:53.742+0000] {hourly_processing_pipeline.py:359} INFO - Incremental mode - fetching data updated after: 2025-03-11 17:53:01.567076
[2025-03-12T08:19:53.743+0000] {hourly_processing_pipeline.py:97} INFO - Executing query: 
            SELECT *, NOW() as extracted_at
            FROM app_source.spins_data_hourly
            WHERE updated_at > '2025-03-11 17:53:01.567076'
        
[2025-03-12T08:19:58.764+0000] {base.py:73} INFO - Using connection ID 'postgres_source_db' for task execution.
[2025-03-12T08:19:58.781+0000] {warnings.py:109} WARNING - /opt/***/dags/hourly_processing_pipeline.py:100: UserWarning: pandas only supports SQLAlchemy connectable (engine/connection) or database string URI or sqlite3 DBAPI2 connection. Other DBAPI2 objects are not tested. Please consider using SQLAlchemy.
  df = pd.read_sql(query, conn)

[2025-03-12T08:19:58.801+0000] {hourly_processing_pipeline.py:101} INFO - Query executed successfully. Retrieved 0 rows.
[2025-03-12T08:19:58.803+0000] {hourly_processing_pipeline.py:373} INFO - Retrieved 0 rows of data
[2025-03-12T08:19:58.803+0000] {hourly_processing_pipeline.py:150} INFO - No data to insert into bronze_layer.bronze_spins_hourly
[2025-03-12T08:19:58.803+0000] {hourly_processing_pipeline.py:391} INFO - Inserted 0 rows into bronze_layer.bronze_spins_hourly
[2025-03-12T08:19:58.804+0000] {python.py:194} INFO - Done. Returned value was: Inserted 0 rows into bronze_layer.bronze_spins_hourly
[2025-03-12T08:19:58.821+0000] {taskinstance.py:1400} INFO - Marking task as SUCCESS. dag_id=hourly_processing_pipeline, task_id=extract_and_load_spins_hourly, execution_date=20250312T081944, start_date=20250312T081953, end_date=20250312T081958
[2025-03-12T08:19:58.864+0000] {local_task_job_runner.py:228} INFO - Task exited with return code 0
[2025-03-12T08:19:58.880+0000] {taskinstance.py:2778} INFO - 1 downstream tasks scheduled from follow-on schedule check
