[2025-03-11T10:00:01.694+0000] {taskinstance.py:1159} INFO - Dependencies all met for dep_context=non-requeueable deps ti=<TaskInstance: ingest_bronze_layer_dag.branch_check_if_task_is_running_for_specific_time scheduled__2025-03-11T09:55:00+00:00 [queued]>
[2025-03-11T10:00:01.702+0000] {taskinstance.py:1159} INFO - Dependencies all met for dep_context=requeueable deps ti=<TaskInstance: ingest_bronze_layer_dag.branch_check_if_task_is_running_for_specific_time scheduled__2025-03-11T09:55:00+00:00 [queued]>
[2025-03-11T10:00:01.702+0000] {taskinstance.py:1361} INFO - Starting attempt 1 of 1
[2025-03-11T10:00:01.714+0000] {taskinstance.py:1382} INFO - Executing <Task(BranchPythonOperator): branch_check_if_task_is_running_for_specific_time> on 2025-03-11 09:55:00+00:00
[2025-03-11T10:00:01.716+0000] {standard_task_runner.py:57} INFO - Started process 9312 to run task
[2025-03-11T10:00:01.718+0000] {standard_task_runner.py:84} INFO - Running: ['***', 'tasks', 'run', 'ingest_bronze_layer_dag', 'branch_check_if_task_is_running_for_specific_time', 'scheduled__2025-03-11T09:55:00+00:00', '--job-id', '200', '--raw', '--subdir', 'DAGS_FOLDER/ingesting_pipeline.py', '--cfg-path', '/tmp/tmpy_fvwkwb']
[2025-03-11T10:00:01.720+0000] {standard_task_runner.py:85} INFO - Job 200: Subtask branch_check_if_task_is_running_for_specific_time
[2025-03-11T10:00:01.741+0000] {task_command.py:416} INFO - Running <TaskInstance: ingest_bronze_layer_dag.branch_check_if_task_is_running_for_specific_time scheduled__2025-03-11T09:55:00+00:00 [running]> on host 41ccd9d1769c
[2025-03-11T10:00:01.902+0000] {taskinstance.py:1662} INFO - Exporting env vars: AIRFLOW_CTX_DAG_OWNER='Andrew Tran' AIRFLOW_CTX_DAG_ID='ingest_bronze_layer_dag' AIRFLOW_CTX_TASK_ID='branch_check_if_task_is_running_for_specific_time' AIRFLOW_CTX_EXECUTION_DATE='2025-03-11T09:55:00+00:00' AIRFLOW_CTX_TRY_NUMBER='1' AIRFLOW_CTX_DAG_RUN_ID='scheduled__2025-03-11T09:55:00+00:00'
[2025-03-11T10:00:01.908+0000] {logging_mixin.py:154} INFO - ANDREW - task_id: fetch_purchases, state: running, dag_id: ingest_bronze_layer_dag, run_id: scheduled__2025-03-11T09:50:00+00:00, XCom: (incremental_time_processing: b'"2025-03-11 09:43:56"')
[2025-03-11T10:00:01.909+0000] {python.py:194} INFO - Done. Returned value was: fetch_purchases
[2025-03-11T10:00:01.909+0000] {python.py:227} INFO - Branch callable return fetch_purchases
[2025-03-11T10:00:01.909+0000] {skipmixin.py:173} INFO - Following branch fetch_purchases
[2025-03-11T10:00:01.913+0000] {skipmixin.py:239} INFO - Skipping tasks []
[2025-03-11T10:00:01.925+0000] {taskinstance.py:1400} INFO - Marking task as SUCCESS. dag_id=ingest_bronze_layer_dag, task_id=branch_check_if_task_is_running_for_specific_time, execution_date=20250311T095500, start_date=20250311T100001, end_date=20250311T100001
[2025-03-11T10:00:01.961+0000] {local_task_job_runner.py:228} INFO - Task exited with return code 0
[2025-03-11T10:00:02.048+0000] {taskinstance.py:2778} INFO - 1 downstream tasks scheduled from follow-on schedule check
[2025-03-11T10:02:14.467+0000] {taskinstance.py:1159} INFO - Dependencies all met for dep_context=non-requeueable deps ti=<TaskInstance: ingest_bronze_layer_dag.branch_check_if_task_is_running_for_specific_time scheduled__2025-03-11T09:55:00+00:00 [queued]>
[2025-03-11T10:02:14.471+0000] {taskinstance.py:1159} INFO - Dependencies all met for dep_context=requeueable deps ti=<TaskInstance: ingest_bronze_layer_dag.branch_check_if_task_is_running_for_specific_time scheduled__2025-03-11T09:55:00+00:00 [queued]>
[2025-03-11T10:02:14.471+0000] {taskinstance.py:1361} INFO - Starting attempt 1 of 1
[2025-03-11T10:02:14.476+0000] {taskinstance.py:1382} INFO - Executing <Task(BranchPythonOperator): branch_check_if_task_is_running_for_specific_time> on 2025-03-11 09:55:00+00:00
[2025-03-11T10:02:14.479+0000] {standard_task_runner.py:57} INFO - Started process 9402 to run task
[2025-03-11T10:02:14.480+0000] {standard_task_runner.py:84} INFO - Running: ['***', 'tasks', 'run', 'ingest_bronze_layer_dag', 'branch_check_if_task_is_running_for_specific_time', 'scheduled__2025-03-11T09:55:00+00:00', '--job-id', '202', '--raw', '--subdir', 'DAGS_FOLDER/ingesting_pipeline.py', '--cfg-path', '/tmp/tmp8_ku7fc5']
[2025-03-11T10:02:14.482+0000] {standard_task_runner.py:85} INFO - Job 202: Subtask branch_check_if_task_is_running_for_specific_time
[2025-03-11T10:02:14.505+0000] {task_command.py:416} INFO - Running <TaskInstance: ingest_bronze_layer_dag.branch_check_if_task_is_running_for_specific_time scheduled__2025-03-11T09:55:00+00:00 [running]> on host 41ccd9d1769c
[2025-03-11T10:02:14.698+0000] {taskinstance.py:1662} INFO - Exporting env vars: AIRFLOW_CTX_DAG_OWNER='Andrew Tran' AIRFLOW_CTX_DAG_ID='ingest_bronze_layer_dag' AIRFLOW_CTX_TASK_ID='branch_check_if_task_is_running_for_specific_time' AIRFLOW_CTX_EXECUTION_DATE='2025-03-11T09:55:00+00:00' AIRFLOW_CTX_TRY_NUMBER='1' AIRFLOW_CTX_DAG_RUN_ID='scheduled__2025-03-11T09:55:00+00:00'
[2025-03-11T10:02:14.704+0000] {logging_mixin.py:154} INFO - ANDREW - No running instances found for task_id: fetch_purchases
[2025-03-11T10:02:14.704+0000] {python.py:194} INFO - Done. Returned value was: fetch_purchases
[2025-03-11T10:02:14.704+0000] {python.py:227} INFO - Branch callable return fetch_purchases
[2025-03-11T10:02:14.705+0000] {skipmixin.py:173} INFO - Following branch fetch_purchases
[2025-03-11T10:02:14.711+0000] {skipmixin.py:239} INFO - Skipping tasks []
[2025-03-11T10:02:14.723+0000] {taskinstance.py:1400} INFO - Marking task as SUCCESS. dag_id=ingest_bronze_layer_dag, task_id=branch_check_if_task_is_running_for_specific_time, execution_date=20250311T095500, start_date=20250311T100214, end_date=20250311T100214
[2025-03-11T10:02:14.759+0000] {local_task_job_runner.py:228} INFO - Task exited with return code 0
[2025-03-11T10:02:14.864+0000] {taskinstance.py:2778} INFO - 1 downstream tasks scheduled from follow-on schedule check
