[2025-03-12T15:54:40.321+0000] {taskinstance.py:1159} INFO - Dependencies all met for dep_context=non-requeueable deps ti=<TaskInstance: hourly_processing_pipeline.extract_and_load_spins_hourly manual__2025-03-12T15:54:35.399577+00:00 [queued]>
[2025-03-12T15:54:40.327+0000] {taskinstance.py:1159} INFO - Dependencies all met for dep_context=requeueable deps ti=<TaskInstance: hourly_processing_pipeline.extract_and_load_spins_hourly manual__2025-03-12T15:54:35.399577+00:00 [queued]>
[2025-03-12T15:54:40.327+0000] {taskinstance.py:1361} INFO - Starting attempt 1 of 1
[2025-03-12T15:54:40.446+0000] {taskinstance.py:1382} INFO - Executing <Task(_PythonDecoratedOperator): extract_and_load_spins_hourly> on 2025-03-12 15:54:35.399577+00:00
[2025-03-12T15:54:40.451+0000] {standard_task_runner.py:57} INFO - Started process 41115 to run task
[2025-03-12T15:54:40.453+0000] {standard_task_runner.py:84} INFO - Running: ['***', 'tasks', 'run', 'hourly_processing_pipeline', 'extract_and_load_spins_hourly', 'manual__2025-03-12T15:54:35.399577+00:00', '--job-id', '3124', '--raw', '--subdir', 'DAGS_FOLDER/hourly_processing_pipeline.py', '--cfg-path', '/tmp/tmprmghqcku']
[2025-03-12T15:54:40.455+0000] {standard_task_runner.py:85} INFO - Job 3124: Subtask extract_and_load_spins_hourly
[2025-03-12T15:54:40.482+0000] {task_command.py:416} INFO - Running <TaskInstance: hourly_processing_pipeline.extract_and_load_spins_hourly manual__2025-03-12T15:54:35.399577+00:00 [running]> on host c8e526380ef3
[2025-03-12T15:54:40.848+0000] {taskinstance.py:1662} INFO - Exporting env vars: AIRFLOW_CTX_DAG_OWNER='Andrew Tran' AIRFLOW_CTX_DAG_ID='hourly_processing_pipeline' AIRFLOW_CTX_TASK_ID='extract_and_load_spins_hourly' AIRFLOW_CTX_EXECUTION_DATE='2025-03-12T15:54:35.399577+00:00' AIRFLOW_CTX_TRY_NUMBER='1' AIRFLOW_CTX_DAG_RUN_ID='manual__2025-03-12T15:54:35.399577+00:00'
[2025-03-12T15:54:40.855+0000] {hourly_processing_pipeline.py:197} INFO - Running extract_and_load_spins_hourly in full refresh mode
[2025-03-12T15:54:40.855+0000] {hourly_processing_pipeline.py:210} INFO - Full refresh with date range: 2025-03-11 00:00:00 to 2025-03-11 00:00:00
[2025-03-12T15:54:40.855+0000] {pipeline_utils.py:98} INFO - Executing query: 
            SELECT *, NOW() as extracted_at
            FROM app_source.spins_data_hourly
            WHERE updated_at >= '2025-03-11 00:00:00' AND updated_at <= '2025-03-11 00:00:00'
        
[2025-03-12T15:54:40.861+0000] {base.py:73} INFO - Using connection ID 'postgres_source_db' for task execution.
[2025-03-12T15:54:40.883+0000] {warnings.py:109} WARNING - /opt/***/dags/utils/pipeline_utils.py:102: UserWarning: pandas only supports SQLAlchemy connectable (engine/connection) or database string URI or sqlite3 DBAPI2 connection. Other DBAPI2 objects are not tested. Please consider using SQLAlchemy.
  df = pd.read_sql(query, conn)

[2025-03-12T15:54:40.893+0000] {pipeline_utils.py:103} INFO - Query executed successfully. Retrieved 0 rows.
[2025-03-12T15:54:40.893+0000] {hourly_processing_pipeline.py:230} INFO - Retrieved 0 rows of data
[2025-03-12T15:54:40.893+0000] {pipeline_utils.py:167} INFO - No data to insert into bronze_layer.bronze_spins_hourly
[2025-03-12T15:54:40.893+0000] {hourly_processing_pipeline.py:248} INFO - Inserted 0 rows into bronze_layer.bronze_spins_hourly
[2025-03-12T15:54:40.893+0000] {python.py:194} INFO - Done. Returned value was: Inserted 0 rows into bronze_layer.bronze_spins_hourly
[2025-03-12T15:54:40.935+0000] {taskinstance.py:1400} INFO - Marking task as SUCCESS. dag_id=hourly_processing_pipeline, task_id=extract_and_load_spins_hourly, execution_date=20250312T155435, start_date=20250312T155440, end_date=20250312T155440
[2025-03-12T15:54:41.024+0000] {local_task_job_runner.py:228} INFO - Task exited with return code 0
[2025-03-12T15:54:41.145+0000] {taskinstance.py:2778} INFO - 1 downstream tasks scheduled from follow-on schedule check
