[2025-03-11T16:17:56.303+0000] {taskinstance.py:1159} INFO - Dependencies all met for dep_context=non-requeueable deps ti=<TaskInstance: ingest_bronze_layer_dag.transform_silver_5mins_incremental manual__2025-03-11T16:17:42+00:00 [queued]>
[2025-03-11T16:17:56.307+0000] {taskinstance.py:1159} INFO - Dependencies all met for dep_context=requeueable deps ti=<TaskInstance: ingest_bronze_layer_dag.transform_silver_5mins_incremental manual__2025-03-11T16:17:42+00:00 [queued]>
[2025-03-11T16:17:56.307+0000] {taskinstance.py:1361} INFO - Starting attempt 1 of 1
[2025-03-11T16:17:56.314+0000] {taskinstance.py:1382} INFO - Executing <Task(BashOperator): transform_silver_5mins_incremental> on 2025-03-11 16:17:42+00:00
[2025-03-11T16:17:56.316+0000] {standard_task_runner.py:57} INFO - Started process 685 to run task
[2025-03-11T16:17:56.317+0000] {standard_task_runner.py:84} INFO - Running: ['***', 'tasks', 'run', 'ingest_bronze_layer_dag', 'transform_silver_5mins_incremental', 'manual__2025-03-11T16:17:42+00:00', '--job-id', '628', '--raw', '--subdir', 'DAGS_FOLDER/ingesting_pipeline.py', '--cfg-path', '/tmp/tmp6u_vjlq6']
[2025-03-11T16:17:56.319+0000] {standard_task_runner.py:85} INFO - Job 628: Subtask transform_silver_5mins_incremental
[2025-03-11T16:17:56.417+0000] {task_command.py:416} INFO - Running <TaskInstance: ingest_bronze_layer_dag.transform_silver_5mins_incremental manual__2025-03-11T16:17:42+00:00 [running]> on host c8e526380ef3
[2025-03-11T16:17:56.447+0000] {taskinstance.py:1662} INFO - Exporting env vars: AIRFLOW_CTX_DAG_OWNER='Andrew Tran' AIRFLOW_CTX_DAG_ID='ingest_bronze_layer_dag' AIRFLOW_CTX_TASK_ID='transform_silver_5mins_incremental' AIRFLOW_CTX_EXECUTION_DATE='2025-03-11T16:17:42+00:00' AIRFLOW_CTX_TRY_NUMBER='1' AIRFLOW_CTX_DAG_RUN_ID='manual__2025-03-11T16:17:42+00:00'
[2025-03-11T16:17:56.448+0000] {subprocess.py:63} INFO - Tmp dir root location: /tmp
[2025-03-11T16:17:56.448+0000] {subprocess.py:75} INFO - Running command: ['/bin/bash', '-c', 'cd /opt/***/dbt/playstudio_project && export WAREHOUSE_HOST=None && export WAREHOUSE_PASSWORD=None && export WAREHOUSE_USER=None && dbt run --select tag:silver_5mins_incremental --target prod']
[2025-03-11T16:17:56.454+0000] {subprocess.py:86} INFO - Output:
[2025-03-11T16:17:57.738+0000] {subprocess.py:93} INFO - [0m16:17:57  Running with dbt=1.7.18
[2025-03-11T16:17:57.842+0000] {subprocess.py:93} INFO - [0m16:17:57  Registered adapter: postgres=1.7.18
[2025-03-11T16:17:57.850+0000] {subprocess.py:93} INFO - [0m16:17:57  Unable to do partial parsing because profile has changed
[2025-03-11T16:17:58.320+0000] {subprocess.py:93} INFO - [0m16:17:58  [[33mWARNING[0m]: Configuration paths exist in your dbt_project.yml file which do not apply to any resources.
[2025-03-11T16:17:58.320+0000] {subprocess.py:93} INFO - There are 1 unused configuration paths:
[2025-03-11T16:17:58.320+0000] {subprocess.py:93} INFO - - models.playstudio_project.example
[2025-03-11T16:17:58.331+0000] {subprocess.py:93} INFO - [0m16:17:58  Found 1 model, 2 sources, 0 exposures, 0 metrics, 401 macros, 0 groups, 0 semantic models
[2025-03-11T16:17:58.332+0000] {subprocess.py:93} INFO - [0m16:17:58
[2025-03-11T16:17:58.372+0000] {subprocess.py:93} INFO - [0m16:17:58  Concurrency: 1 threads (target='prod')
[2025-03-11T16:17:58.372+0000] {subprocess.py:93} INFO - [0m16:17:58
[2025-03-11T16:17:58.376+0000] {subprocess.py:93} INFO - [0m16:17:58  1 of 1 START sql incremental model silver_layer.silver_purchases ............... [RUN]
[2025-03-11T16:17:58.493+0000] {subprocess.py:93} INFO - [0m16:17:58  1 of 1 OK created sql incremental model silver_layer.silver_purchases .......... [[32mINSERT 0 0[0m in 0.12s]
[2025-03-11T16:17:58.501+0000] {subprocess.py:93} INFO - [0m16:17:58
[2025-03-11T16:17:58.501+0000] {subprocess.py:93} INFO - [0m16:17:58  Finished running 1 incremental model in 0 hours 0 minutes and 0.17 seconds (0.17s).
[2025-03-11T16:17:58.506+0000] {subprocess.py:93} INFO - [0m16:17:58
[2025-03-11T16:17:58.508+0000] {subprocess.py:93} INFO - [0m16:17:58  [32mCompleted successfully[0m
[2025-03-11T16:17:58.508+0000] {subprocess.py:93} INFO - [0m16:17:58
[2025-03-11T16:17:58.508+0000] {subprocess.py:93} INFO - [0m16:17:58  Done. PASS=1 WARN=0 ERROR=0 SKIP=0 TOTAL=1
[2025-03-11T16:17:59.866+0000] {subprocess.py:97} INFO - Command exited with return code 0
[2025-03-11T16:17:59.883+0000] {taskinstance.py:1400} INFO - Marking task as SUCCESS. dag_id=ingest_bronze_layer_dag, task_id=transform_silver_5mins_incremental, execution_date=20250311T161742, start_date=20250311T161756, end_date=20250311T161759
[2025-03-11T16:17:59.901+0000] {local_task_job_runner.py:228} INFO - Task exited with return code 0
[2025-03-11T16:18:00.026+0000] {taskinstance.py:2778} INFO - 0 downstream tasks scheduled from follow-on schedule check
