[2025-03-11T17:54:10.555+0000] {taskinstance.py:1159} INFO - Dependencies all met for dep_context=non-requeueable deps ti=<TaskInstance: hourly_processing_pipeline.extract_and_load_spins_hourly manual__2025-03-11T17:54:02+00:00 [queued]>
[2025-03-11T17:54:10.565+0000] {taskinstance.py:1159} INFO - Dependencies all met for dep_context=requeueable deps ti=<TaskInstance: hourly_processing_pipeline.extract_and_load_spins_hourly manual__2025-03-11T17:54:02+00:00 [queued]>
[2025-03-11T17:54:10.568+0000] {taskinstance.py:1361} INFO - Starting attempt 1 of 1
[2025-03-11T17:54:10.586+0000] {taskinstance.py:1382} INFO - Executing <Task(_PythonDecoratedOperator): extract_and_load_spins_hourly> on 2025-03-11 17:54:02+00:00
[2025-03-11T17:54:10.600+0000] {standard_task_runner.py:57} INFO - Started process 5075 to run task
[2025-03-11T17:54:10.617+0000] {standard_task_runner.py:84} INFO - Running: ['***', 'tasks', 'run', 'hourly_processing_pipeline', 'extract_and_load_spins_hourly', 'manual__2025-03-11T17:54:02+00:00', '--job-id', '817', '--raw', '--subdir', 'DAGS_FOLDER/hourly_processing_pipeline.py', '--cfg-path', '/tmp/tmpl4dainq9']
[2025-03-11T17:54:10.623+0000] {standard_task_runner.py:85} INFO - Job 817: Subtask extract_and_load_spins_hourly
[2025-03-11T17:54:11.337+0000] {task_command.py:416} INFO - Running <TaskInstance: hourly_processing_pipeline.extract_and_load_spins_hourly manual__2025-03-11T17:54:02+00:00 [running]> on host c8e526380ef3
[2025-03-11T17:54:11.395+0000] {taskinstance.py:1662} INFO - Exporting env vars: AIRFLOW_CTX_DAG_OWNER='Andrew Tran' AIRFLOW_CTX_DAG_ID='hourly_processing_pipeline' AIRFLOW_CTX_TASK_ID='extract_and_load_spins_hourly' AIRFLOW_CTX_EXECUTION_DATE='2025-03-11T17:54:02+00:00' AIRFLOW_CTX_TRY_NUMBER='1' AIRFLOW_CTX_DAG_RUN_ID='manual__2025-03-11T17:54:02+00:00'
[2025-03-11T17:54:11.404+0000] {hourly_processing_pipeline.py:333} INFO - Running extract_and_load_spins_hourly in full refresh mode
[2025-03-11T17:54:11.404+0000] {hourly_processing_pipeline.py:340} INFO - First run - fetching all data
[2025-03-11T17:54:11.404+0000] {hourly_processing_pipeline.py:97} INFO - Executing query: 
            SELECT *, NOW() as extracted_at
            FROM app_source.spins_data_hourly
            WHERE 1=1
            ORDER BY updated_at
        
[2025-03-11T17:54:11.412+0000] {base.py:73} INFO - Using connection ID 'postgres_source_db' for task execution.
[2025-03-11T17:54:11.426+0000] {warnings.py:109} WARNING - /opt/***/dags/hourly_processing_pipeline.py:100: UserWarning: pandas only supports SQLAlchemy connectable (engine/connection) or database string URI or sqlite3 DBAPI2 connection. Other DBAPI2 objects are not tested. Please consider using SQLAlchemy.
  df = pd.read_sql(query, conn)

[2025-03-11T17:54:11.437+0000] {hourly_processing_pipeline.py:101} INFO - Query executed successfully. Retrieved 44 rows.
[2025-03-11T17:54:11.437+0000] {hourly_processing_pipeline.py:368} INFO - Retrieved 44 rows of data
[2025-03-11T17:54:11.440+0000] {hourly_processing_pipeline.py:372} INFO - Date range in result: 2025-03-11 17:53:01.567076 to 2025-03-11 17:53:01.567076
[2025-03-11T17:54:11.440+0000] {hourly_processing_pipeline.py:153} INFO - Loading 44 rows into bronze_layer.bronze_spins_hourly
[2025-03-11T17:54:11.448+0000] {base.py:73} INFO - Using connection ID 'postgres_warehouse_db' for task execution.
[2025-03-11T17:54:11.466+0000] {hourly_processing_pipeline.py:164} INFO - Successfully loaded 44 rows into bronze_layer.bronze_spins_hourly
[2025-03-11T17:54:11.467+0000] {hourly_processing_pipeline.py:386} INFO - Inserted 44 rows into bronze_layer.bronze_spins_hourly
[2025-03-11T17:54:11.467+0000] {python.py:194} INFO - Done. Returned value was: Inserted 44 rows into bronze_layer.bronze_spins_hourly
[2025-03-11T17:54:11.489+0000] {taskinstance.py:1400} INFO - Marking task as SUCCESS. dag_id=hourly_processing_pipeline, task_id=extract_and_load_spins_hourly, execution_date=20250311T175402, start_date=20250311T175410, end_date=20250311T175411
[2025-03-11T17:54:11.529+0000] {local_task_job_runner.py:228} INFO - Task exited with return code 0
[2025-03-11T17:54:11.702+0000] {taskinstance.py:2778} INFO - 1 downstream tasks scheduled from follow-on schedule check
