[2025-03-14T02:57:30.322+0000] {taskinstance.py:1159} INFO - Dependencies all met for dep_context=non-requeueable deps ti=<TaskInstance: five_mins_processing_pipeline.transform_silver_5mins_incremental scheduled__2025-03-13T17:40:00+00:00 [queued]>
[2025-03-14T02:57:30.327+0000] {taskinstance.py:1159} INFO - Dependencies all met for dep_context=requeueable deps ti=<TaskInstance: five_mins_processing_pipeline.transform_silver_5mins_incremental scheduled__2025-03-13T17:40:00+00:00 [queued]>
[2025-03-14T02:57:30.327+0000] {taskinstance.py:1361} INFO - Starting attempt 1 of 1
[2025-03-14T02:57:30.333+0000] {taskinstance.py:1382} INFO - Executing <Task(BashOperator): transform_silver_5mins_incremental> on 2025-03-13 17:40:00+00:00
[2025-03-14T02:57:30.360+0000] {standard_task_runner.py:57} INFO - Started process 78295 to run task
[2025-03-14T02:57:30.376+0000] {standard_task_runner.py:84} INFO - Running: ['***', 'tasks', 'run', 'five_mins_processing_pipeline', 'transform_silver_5mins_incremental', 'scheduled__2025-03-13T17:40:00+00:00', '--job-id', '3721', '--raw', '--subdir', 'DAGS_FOLDER/five_mins_processing_pipeline.py', '--cfg-path', '/tmp/tmpiz9gonmc']
[2025-03-14T02:57:30.382+0000] {standard_task_runner.py:85} INFO - Job 3721: Subtask transform_silver_5mins_incremental
[2025-03-14T02:57:30.609+0000] {task_command.py:416} INFO - Running <TaskInstance: five_mins_processing_pipeline.transform_silver_5mins_incremental scheduled__2025-03-13T17:40:00+00:00 [running]> on host c8e526380ef3
[2025-03-14T02:57:31.606+0000] {taskinstance.py:1662} INFO - Exporting env vars: AIRFLOW_CTX_DAG_OWNER='Andrew Tran' AIRFLOW_CTX_DAG_ID='five_mins_processing_pipeline' AIRFLOW_CTX_TASK_ID='transform_silver_5mins_incremental' AIRFLOW_CTX_EXECUTION_DATE='2025-03-13T17:40:00+00:00' AIRFLOW_CTX_TRY_NUMBER='1' AIRFLOW_CTX_DAG_RUN_ID='scheduled__2025-03-13T17:40:00+00:00'
[2025-03-14T02:57:31.608+0000] {subprocess.py:63} INFO - Tmp dir root location: /tmp
[2025-03-14T02:57:31.609+0000] {subprocess.py:75} INFO - Running command: ['/bin/bash', '-c', 'cd /opt/***/dbt/playstudio_project && export WAREHOUSE_HOST=None && export WAREHOUSE_PASSWORD=None && export WAREHOUSE_USER=None && dbt deps && dbt run --select tag:silver_5mins_incremental --target prod']
[2025-03-14T02:57:31.622+0000] {subprocess.py:86} INFO - Output:
[2025-03-14T02:57:34.045+0000] {subprocess.py:93} INFO - [0m02:57:33  Running with dbt=1.7.18
[2025-03-14T02:57:35.264+0000] {subprocess.py:93} INFO - [0m02:57:35  Installing dbt-labs/dbt_utils
[2025-03-14T02:57:35.929+0000] {subprocess.py:93} INFO - [0m02:57:35  Installed from version 1.1.1
[2025-03-14T02:57:35.933+0000] {subprocess.py:93} INFO - [0m02:57:35  Updated version available: 1.3.0
[2025-03-14T02:57:35.933+0000] {subprocess.py:93} INFO - [0m02:57:35  Installing metaplane/dbt_expectations
[2025-03-14T02:57:37.161+0000] {subprocess.py:93} INFO - [0m02:57:37  Installed from version 0.10.8
[2025-03-14T02:57:37.161+0000] {subprocess.py:93} INFO - [0m02:57:37  Up to date!
[2025-03-14T02:57:37.162+0000] {subprocess.py:93} INFO - [0m02:57:37  Installing godatadriven/dbt_date
[2025-03-14T02:57:38.625+0000] {subprocess.py:93} INFO - [0m02:57:38  Installed from version 0.11.0
[2025-03-14T02:57:38.633+0000] {subprocess.py:93} INFO - [0m02:57:38  Up to date!
[2025-03-14T02:57:38.633+0000] {subprocess.py:93} INFO - [0m02:57:38
[2025-03-14T02:57:38.633+0000] {subprocess.py:93} INFO - [0m02:57:38  Updates available for packages: ['dbt-labs/dbt_utils']
[2025-03-14T02:57:38.633+0000] {subprocess.py:93} INFO - Update your versions in packages.yml, then run dbt deps
[2025-03-14T02:57:42.123+0000] {subprocess.py:93} INFO - [0m02:57:42  Running with dbt=1.7.18
[2025-03-14T02:57:42.325+0000] {subprocess.py:93} INFO - [0m02:57:42  Registered adapter: postgres=1.7.18
[2025-03-14T02:57:42.472+0000] {subprocess.py:93} INFO - [0m02:57:42  [[33mWARNING[0m]: Configuration paths exist in your dbt_project.yml file which do not apply to any resources.
[2025-03-14T02:57:42.474+0000] {subprocess.py:93} INFO - There are 1 unused configuration paths:
[2025-03-14T02:57:42.474+0000] {subprocess.py:93} INFO - - models.playstudio_project.bronze_layer
[2025-03-14T02:57:42.680+0000] {subprocess.py:93} INFO - [0m02:57:42  Found 67 tests, 3 models, 2 sources, 0 exposures, 0 metrics, 783 macros, 0 groups, 0 semantic models
[2025-03-14T02:57:42.684+0000] {subprocess.py:93} INFO - [0m02:57:42
[2025-03-14T02:57:42.795+0000] {subprocess.py:93} INFO - [0m02:57:42  Concurrency: 1 threads (target='prod')
[2025-03-14T02:57:42.795+0000] {subprocess.py:93} INFO - [0m02:57:42
[2025-03-14T02:57:42.804+0000] {subprocess.py:93} INFO - [0m02:57:42  1 of 1 START sql incremental model silver_layer.silver_purchases ............... [RUN]
[2025-03-14T02:57:43.086+0000] {subprocess.py:93} INFO - [0m02:57:43  1 of 1 OK created sql incremental model silver_layer.silver_purchases .......... [[32mINSERT 0 1[0m in 0.28s]
[2025-03-14T02:57:43.106+0000] {subprocess.py:93} INFO - [0m02:57:43
[2025-03-14T02:57:43.112+0000] {subprocess.py:93} INFO - [0m02:57:43  Finished running 1 incremental model in 0 hours 0 minutes and 0.42 seconds (0.42s).
[2025-03-14T02:57:43.128+0000] {subprocess.py:93} INFO - [0m02:57:43
[2025-03-14T02:57:43.128+0000] {subprocess.py:93} INFO - [0m02:57:43  [32mCompleted successfully[0m
[2025-03-14T02:57:43.129+0000] {subprocess.py:93} INFO - [0m02:57:43
[2025-03-14T02:57:43.129+0000] {subprocess.py:93} INFO - [0m02:57:43  Done. PASS=1 WARN=0 ERROR=0 SKIP=0 TOTAL=1
[2025-03-14T02:57:45.206+0000] {subprocess.py:97} INFO - Command exited with return code 0
[2025-03-14T02:57:45.680+0000] {taskinstance.py:1400} INFO - Marking task as SUCCESS. dag_id=five_mins_processing_pipeline, task_id=transform_silver_5mins_incremental, execution_date=20250313T174000, start_date=20250314T025730, end_date=20250314T025745
[2025-03-14T02:57:45.825+0000] {local_task_job_runner.py:228} INFO - Task exited with return code 0
[2025-03-14T02:57:47.368+0000] {taskinstance.py:2778} INFO - 1 downstream tasks scheduled from follow-on schedule check
