[2025-03-14T02:57:08.048+0000] {processor.py:157} INFO - Started process (PID=83633) to work on /opt/airflow/dags/utils/slack_alert.py
[2025-03-14T02:57:08.049+0000] {processor.py:829} INFO - Processing file /opt/airflow/dags/utils/slack_alert.py for tasks to queue
[2025-03-14T02:57:08.050+0000] {logging_mixin.py:154} INFO - [2025-03-14T02:57:08.050+0000] {dagbag.py:536} INFO - Filling up the DagBag from /opt/airflow/dags/utils/slack_alert.py
[2025-03-14T02:57:08.069+0000] {processor.py:841} WARNING - No viable dags retrieved from /opt/airflow/dags/utils/slack_alert.py
[2025-03-14T02:57:08.085+0000] {processor.py:179} INFO - Processing /opt/airflow/dags/utils/slack_alert.py took 0.041 seconds
[2025-03-14T02:57:39.119+0000] {processor.py:157} INFO - Started process (PID=83661) to work on /opt/airflow/dags/utils/slack_alert.py
[2025-03-14T02:57:39.121+0000] {processor.py:829} INFO - Processing file /opt/airflow/dags/utils/slack_alert.py for tasks to queue
[2025-03-14T02:57:39.122+0000] {logging_mixin.py:154} INFO - [2025-03-14T02:57:39.122+0000] {dagbag.py:536} INFO - Filling up the DagBag from /opt/airflow/dags/utils/slack_alert.py
[2025-03-14T02:57:39.146+0000] {processor.py:841} WARNING - No viable dags retrieved from /opt/airflow/dags/utils/slack_alert.py
[2025-03-14T02:57:39.161+0000] {processor.py:179} INFO - Processing /opt/airflow/dags/utils/slack_alert.py took 0.044 seconds
[2025-03-14T02:58:09.235+0000] {processor.py:157} INFO - Started process (PID=83684) to work on /opt/airflow/dags/utils/slack_alert.py
[2025-03-14T02:58:09.236+0000] {processor.py:829} INFO - Processing file /opt/airflow/dags/utils/slack_alert.py for tasks to queue
[2025-03-14T02:58:09.236+0000] {logging_mixin.py:154} INFO - [2025-03-14T02:58:09.236+0000] {dagbag.py:536} INFO - Filling up the DagBag from /opt/airflow/dags/utils/slack_alert.py
[2025-03-14T02:58:09.247+0000] {processor.py:841} WARNING - No viable dags retrieved from /opt/airflow/dags/utils/slack_alert.py
[2025-03-14T02:58:09.255+0000] {processor.py:179} INFO - Processing /opt/airflow/dags/utils/slack_alert.py took 0.022 seconds
[2025-03-14T02:58:39.872+0000] {processor.py:157} INFO - Started process (PID=83713) to work on /opt/airflow/dags/utils/slack_alert.py
[2025-03-14T02:58:39.873+0000] {processor.py:829} INFO - Processing file /opt/airflow/dags/utils/slack_alert.py for tasks to queue
[2025-03-14T02:58:39.874+0000] {logging_mixin.py:154} INFO - [2025-03-14T02:58:39.873+0000] {dagbag.py:536} INFO - Filling up the DagBag from /opt/airflow/dags/utils/slack_alert.py
[2025-03-14T02:58:39.885+0000] {processor.py:841} WARNING - No viable dags retrieved from /opt/airflow/dags/utils/slack_alert.py
[2025-03-14T02:58:39.904+0000] {processor.py:179} INFO - Processing /opt/airflow/dags/utils/slack_alert.py took 0.035 seconds
[2025-03-14T02:59:10.496+0000] {processor.py:157} INFO - Started process (PID=83734) to work on /opt/airflow/dags/utils/slack_alert.py
[2025-03-14T02:59:10.497+0000] {processor.py:829} INFO - Processing file /opt/airflow/dags/utils/slack_alert.py for tasks to queue
[2025-03-14T02:59:10.498+0000] {logging_mixin.py:154} INFO - [2025-03-14T02:59:10.497+0000] {dagbag.py:536} INFO - Filling up the DagBag from /opt/airflow/dags/utils/slack_alert.py
[2025-03-14T02:59:10.508+0000] {processor.py:841} WARNING - No viable dags retrieved from /opt/airflow/dags/utils/slack_alert.py
[2025-03-14T02:59:10.514+0000] {processor.py:179} INFO - Processing /opt/airflow/dags/utils/slack_alert.py took 0.020 seconds
[2025-03-14T02:59:41.396+0000] {processor.py:157} INFO - Started process (PID=83762) to work on /opt/airflow/dags/utils/slack_alert.py
[2025-03-14T02:59:41.397+0000] {processor.py:829} INFO - Processing file /opt/airflow/dags/utils/slack_alert.py for tasks to queue
[2025-03-14T02:59:41.397+0000] {logging_mixin.py:154} INFO - [2025-03-14T02:59:41.397+0000] {dagbag.py:536} INFO - Filling up the DagBag from /opt/airflow/dags/utils/slack_alert.py
[2025-03-14T02:59:41.406+0000] {processor.py:841} WARNING - No viable dags retrieved from /opt/airflow/dags/utils/slack_alert.py
[2025-03-14T02:59:41.413+0000] {processor.py:179} INFO - Processing /opt/airflow/dags/utils/slack_alert.py took 0.019 seconds
[2025-03-14T03:00:11.960+0000] {processor.py:157} INFO - Started process (PID=83789) to work on /opt/airflow/dags/utils/slack_alert.py
[2025-03-14T03:00:11.961+0000] {processor.py:829} INFO - Processing file /opt/airflow/dags/utils/slack_alert.py for tasks to queue
[2025-03-14T03:00:11.961+0000] {logging_mixin.py:154} INFO - [2025-03-14T03:00:11.961+0000] {dagbag.py:536} INFO - Filling up the DagBag from /opt/airflow/dags/utils/slack_alert.py
[2025-03-14T03:00:11.973+0000] {processor.py:841} WARNING - No viable dags retrieved from /opt/airflow/dags/utils/slack_alert.py
[2025-03-14T03:00:11.981+0000] {processor.py:179} INFO - Processing /opt/airflow/dags/utils/slack_alert.py took 0.022 seconds
[2025-03-14T03:00:42.707+0000] {processor.py:157} INFO - Started process (PID=83809) to work on /opt/airflow/dags/utils/slack_alert.py
[2025-03-14T03:00:42.707+0000] {processor.py:829} INFO - Processing file /opt/airflow/dags/utils/slack_alert.py for tasks to queue
[2025-03-14T03:00:42.708+0000] {logging_mixin.py:154} INFO - [2025-03-14T03:00:42.708+0000] {dagbag.py:536} INFO - Filling up the DagBag from /opt/airflow/dags/utils/slack_alert.py
[2025-03-14T03:00:42.717+0000] {processor.py:841} WARNING - No viable dags retrieved from /opt/airflow/dags/utils/slack_alert.py
[2025-03-14T03:00:42.723+0000] {processor.py:179} INFO - Processing /opt/airflow/dags/utils/slack_alert.py took 0.019 seconds
[2025-03-14T03:01:13.452+0000] {processor.py:157} INFO - Started process (PID=83837) to work on /opt/airflow/dags/utils/slack_alert.py
[2025-03-14T03:01:13.452+0000] {processor.py:829} INFO - Processing file /opt/airflow/dags/utils/slack_alert.py for tasks to queue
[2025-03-14T03:01:13.452+0000] {logging_mixin.py:154} INFO - [2025-03-14T03:01:13.452+0000] {dagbag.py:536} INFO - Filling up the DagBag from /opt/airflow/dags/utils/slack_alert.py
[2025-03-14T03:01:13.461+0000] {processor.py:841} WARNING - No viable dags retrieved from /opt/airflow/dags/utils/slack_alert.py
[2025-03-14T03:01:13.468+0000] {processor.py:179} INFO - Processing /opt/airflow/dags/utils/slack_alert.py took 0.018 seconds
[2025-03-14T03:01:44.129+0000] {processor.py:157} INFO - Started process (PID=83865) to work on /opt/airflow/dags/utils/slack_alert.py
[2025-03-14T03:01:44.130+0000] {processor.py:829} INFO - Processing file /opt/airflow/dags/utils/slack_alert.py for tasks to queue
[2025-03-14T03:01:44.130+0000] {logging_mixin.py:154} INFO - [2025-03-14T03:01:44.130+0000] {dagbag.py:536} INFO - Filling up the DagBag from /opt/airflow/dags/utils/slack_alert.py
[2025-03-14T03:01:44.140+0000] {processor.py:841} WARNING - No viable dags retrieved from /opt/airflow/dags/utils/slack_alert.py
[2025-03-14T03:01:44.147+0000] {processor.py:179} INFO - Processing /opt/airflow/dags/utils/slack_alert.py took 0.020 seconds
[2025-03-14T03:02:14.927+0000] {processor.py:157} INFO - Started process (PID=83891) to work on /opt/airflow/dags/utils/slack_alert.py
[2025-03-14T03:02:14.928+0000] {processor.py:829} INFO - Processing file /opt/airflow/dags/utils/slack_alert.py for tasks to queue
[2025-03-14T03:02:14.929+0000] {logging_mixin.py:154} INFO - [2025-03-14T03:02:14.929+0000] {dagbag.py:536} INFO - Filling up the DagBag from /opt/airflow/dags/utils/slack_alert.py
[2025-03-14T03:02:14.940+0000] {processor.py:841} WARNING - No viable dags retrieved from /opt/airflow/dags/utils/slack_alert.py
[2025-03-14T03:02:14.947+0000] {processor.py:179} INFO - Processing /opt/airflow/dags/utils/slack_alert.py took 0.022 seconds
[2025-03-14T03:02:45.833+0000] {processor.py:157} INFO - Started process (PID=83912) to work on /opt/airflow/dags/utils/slack_alert.py
[2025-03-14T03:02:45.834+0000] {processor.py:829} INFO - Processing file /opt/airflow/dags/utils/slack_alert.py for tasks to queue
[2025-03-14T03:02:45.834+0000] {logging_mixin.py:154} INFO - [2025-03-14T03:02:45.834+0000] {dagbag.py:536} INFO - Filling up the DagBag from /opt/airflow/dags/utils/slack_alert.py
[2025-03-14T03:02:45.845+0000] {processor.py:841} WARNING - No viable dags retrieved from /opt/airflow/dags/utils/slack_alert.py
[2025-03-14T03:02:45.853+0000] {processor.py:179} INFO - Processing /opt/airflow/dags/utils/slack_alert.py took 0.022 seconds
[2025-03-14T03:03:16.773+0000] {processor.py:157} INFO - Started process (PID=83940) to work on /opt/airflow/dags/utils/slack_alert.py
[2025-03-14T03:03:16.773+0000] {processor.py:829} INFO - Processing file /opt/airflow/dags/utils/slack_alert.py for tasks to queue
[2025-03-14T03:03:16.774+0000] {logging_mixin.py:154} INFO - [2025-03-14T03:03:16.774+0000] {dagbag.py:536} INFO - Filling up the DagBag from /opt/airflow/dags/utils/slack_alert.py
[2025-03-14T03:03:16.786+0000] {processor.py:841} WARNING - No viable dags retrieved from /opt/airflow/dags/utils/slack_alert.py
[2025-03-14T03:03:16.796+0000] {processor.py:179} INFO - Processing /opt/airflow/dags/utils/slack_alert.py took 0.025 seconds
[2025-03-14T03:03:47.671+0000] {processor.py:157} INFO - Started process (PID=83968) to work on /opt/airflow/dags/utils/slack_alert.py
[2025-03-14T03:03:47.672+0000] {processor.py:829} INFO - Processing file /opt/airflow/dags/utils/slack_alert.py for tasks to queue
[2025-03-14T03:03:47.672+0000] {logging_mixin.py:154} INFO - [2025-03-14T03:03:47.672+0000] {dagbag.py:536} INFO - Filling up the DagBag from /opt/airflow/dags/utils/slack_alert.py
[2025-03-14T03:03:47.682+0000] {processor.py:841} WARNING - No viable dags retrieved from /opt/airflow/dags/utils/slack_alert.py
[2025-03-14T03:03:47.688+0000] {processor.py:179} INFO - Processing /opt/airflow/dags/utils/slack_alert.py took 0.018 seconds
[2025-03-14T03:04:18.709+0000] {processor.py:157} INFO - Started process (PID=83996) to work on /opt/airflow/dags/utils/slack_alert.py
[2025-03-14T03:04:18.710+0000] {processor.py:829} INFO - Processing file /opt/airflow/dags/utils/slack_alert.py for tasks to queue
[2025-03-14T03:04:18.710+0000] {logging_mixin.py:154} INFO - [2025-03-14T03:04:18.710+0000] {dagbag.py:536} INFO - Filling up the DagBag from /opt/airflow/dags/utils/slack_alert.py
[2025-03-14T03:04:18.731+0000] {processor.py:841} WARNING - No viable dags retrieved from /opt/airflow/dags/utils/slack_alert.py
[2025-03-14T03:04:18.800+0000] {processor.py:179} INFO - Processing /opt/airflow/dags/utils/slack_alert.py took 0.094 seconds
[2025-03-14T03:04:49.975+0000] {processor.py:157} INFO - Started process (PID=84017) to work on /opt/airflow/dags/utils/slack_alert.py
[2025-03-14T03:04:49.976+0000] {processor.py:829} INFO - Processing file /opt/airflow/dags/utils/slack_alert.py for tasks to queue
[2025-03-14T03:04:49.976+0000] {logging_mixin.py:154} INFO - [2025-03-14T03:04:49.976+0000] {dagbag.py:536} INFO - Filling up the DagBag from /opt/airflow/dags/utils/slack_alert.py
[2025-03-14T03:04:49.986+0000] {processor.py:841} WARNING - No viable dags retrieved from /opt/airflow/dags/utils/slack_alert.py
[2025-03-14T03:04:49.993+0000] {processor.py:179} INFO - Processing /opt/airflow/dags/utils/slack_alert.py took 0.020 seconds
[2025-03-14T03:05:20.829+0000] {processor.py:157} INFO - Started process (PID=84045) to work on /opt/airflow/dags/utils/slack_alert.py
[2025-03-14T03:05:20.830+0000] {processor.py:829} INFO - Processing file /opt/airflow/dags/utils/slack_alert.py for tasks to queue
[2025-03-14T03:05:20.831+0000] {logging_mixin.py:154} INFO - [2025-03-14T03:05:20.830+0000] {dagbag.py:536} INFO - Filling up the DagBag from /opt/airflow/dags/utils/slack_alert.py
[2025-03-14T03:05:20.842+0000] {processor.py:841} WARNING - No viable dags retrieved from /opt/airflow/dags/utils/slack_alert.py
[2025-03-14T03:05:20.850+0000] {processor.py:179} INFO - Processing /opt/airflow/dags/utils/slack_alert.py took 0.023 seconds
[2025-03-14T03:05:52.468+0000] {processor.py:157} INFO - Started process (PID=84072) to work on /opt/airflow/dags/utils/slack_alert.py
[2025-03-14T03:05:52.470+0000] {processor.py:829} INFO - Processing file /opt/airflow/dags/utils/slack_alert.py for tasks to queue
[2025-03-14T03:05:52.471+0000] {logging_mixin.py:154} INFO - [2025-03-14T03:05:52.471+0000] {dagbag.py:536} INFO - Filling up the DagBag from /opt/airflow/dags/utils/slack_alert.py
[2025-03-14T03:05:52.509+0000] {processor.py:841} WARNING - No viable dags retrieved from /opt/airflow/dags/utils/slack_alert.py
[2025-03-14T03:05:52.536+0000] {processor.py:179} INFO - Processing /opt/airflow/dags/utils/slack_alert.py took 0.091 seconds
[2025-03-14T03:06:23.725+0000] {processor.py:157} INFO - Started process (PID=84094) to work on /opt/airflow/dags/utils/slack_alert.py
[2025-03-14T03:06:23.726+0000] {processor.py:829} INFO - Processing file /opt/airflow/dags/utils/slack_alert.py for tasks to queue
[2025-03-14T03:06:23.726+0000] {logging_mixin.py:154} INFO - [2025-03-14T03:06:23.726+0000] {dagbag.py:536} INFO - Filling up the DagBag from /opt/airflow/dags/utils/slack_alert.py
[2025-03-14T03:06:23.738+0000] {processor.py:841} WARNING - No viable dags retrieved from /opt/airflow/dags/utils/slack_alert.py
[2025-03-14T03:06:23.746+0000] {processor.py:179} INFO - Processing /opt/airflow/dags/utils/slack_alert.py took 0.024 seconds
[2025-03-14T03:06:54.650+0000] {processor.py:157} INFO - Started process (PID=84124) to work on /opt/airflow/dags/utils/slack_alert.py
[2025-03-14T03:06:54.650+0000] {processor.py:829} INFO - Processing file /opt/airflow/dags/utils/slack_alert.py for tasks to queue
[2025-03-14T03:06:54.652+0000] {logging_mixin.py:154} INFO - [2025-03-14T03:06:54.652+0000] {dagbag.py:536} INFO - Filling up the DagBag from /opt/airflow/dags/utils/slack_alert.py
[2025-03-14T03:06:54.662+0000] {processor.py:841} WARNING - No viable dags retrieved from /opt/airflow/dags/utils/slack_alert.py
[2025-03-14T03:06:54.671+0000] {processor.py:179} INFO - Processing /opt/airflow/dags/utils/slack_alert.py took 0.023 seconds
[2025-03-14T03:07:25.499+0000] {processor.py:157} INFO - Started process (PID=84152) to work on /opt/airflow/dags/utils/slack_alert.py
[2025-03-14T03:07:25.499+0000] {processor.py:829} INFO - Processing file /opt/airflow/dags/utils/slack_alert.py for tasks to queue
[2025-03-14T03:07:25.500+0000] {logging_mixin.py:154} INFO - [2025-03-14T03:07:25.500+0000] {dagbag.py:536} INFO - Filling up the DagBag from /opt/airflow/dags/utils/slack_alert.py
[2025-03-14T03:07:25.512+0000] {processor.py:841} WARNING - No viable dags retrieved from /opt/airflow/dags/utils/slack_alert.py
[2025-03-14T03:07:25.518+0000] {processor.py:179} INFO - Processing /opt/airflow/dags/utils/slack_alert.py took 0.021 seconds
[2025-03-14T03:07:56.570+0000] {processor.py:157} INFO - Started process (PID=84180) to work on /opt/airflow/dags/utils/slack_alert.py
[2025-03-14T03:07:56.570+0000] {processor.py:829} INFO - Processing file /opt/airflow/dags/utils/slack_alert.py for tasks to queue
[2025-03-14T03:07:56.571+0000] {logging_mixin.py:154} INFO - [2025-03-14T03:07:56.570+0000] {dagbag.py:536} INFO - Filling up the DagBag from /opt/airflow/dags/utils/slack_alert.py
[2025-03-14T03:07:56.581+0000] {processor.py:841} WARNING - No viable dags retrieved from /opt/airflow/dags/utils/slack_alert.py
[2025-03-14T03:07:56.588+0000] {processor.py:179} INFO - Processing /opt/airflow/dags/utils/slack_alert.py took 0.020 seconds
[2025-03-14T03:08:27.390+0000] {processor.py:157} INFO - Started process (PID=84200) to work on /opt/airflow/dags/utils/slack_alert.py
[2025-03-14T03:08:27.391+0000] {processor.py:829} INFO - Processing file /opt/airflow/dags/utils/slack_alert.py for tasks to queue
[2025-03-14T03:08:27.391+0000] {logging_mixin.py:154} INFO - [2025-03-14T03:08:27.391+0000] {dagbag.py:536} INFO - Filling up the DagBag from /opt/airflow/dags/utils/slack_alert.py
[2025-03-14T03:08:27.401+0000] {processor.py:841} WARNING - No viable dags retrieved from /opt/airflow/dags/utils/slack_alert.py
[2025-03-14T03:08:27.407+0000] {processor.py:179} INFO - Processing /opt/airflow/dags/utils/slack_alert.py took 0.018 seconds
[2025-03-14T03:08:58.360+0000] {processor.py:157} INFO - Started process (PID=84228) to work on /opt/airflow/dags/utils/slack_alert.py
[2025-03-14T03:08:58.361+0000] {processor.py:829} INFO - Processing file /opt/airflow/dags/utils/slack_alert.py for tasks to queue
[2025-03-14T03:08:58.361+0000] {logging_mixin.py:154} INFO - [2025-03-14T03:08:58.361+0000] {dagbag.py:536} INFO - Filling up the DagBag from /opt/airflow/dags/utils/slack_alert.py
[2025-03-14T03:08:58.371+0000] {processor.py:841} WARNING - No viable dags retrieved from /opt/airflow/dags/utils/slack_alert.py
[2025-03-14T03:08:58.378+0000] {processor.py:179} INFO - Processing /opt/airflow/dags/utils/slack_alert.py took 0.019 seconds
[2025-03-14T03:09:29.808+0000] {processor.py:157} INFO - Started process (PID=84254) to work on /opt/airflow/dags/utils/slack_alert.py
[2025-03-14T03:09:29.820+0000] {processor.py:829} INFO - Processing file /opt/airflow/dags/utils/slack_alert.py for tasks to queue
[2025-03-14T03:09:29.822+0000] {logging_mixin.py:154} INFO - [2025-03-14T03:09:29.821+0000] {dagbag.py:536} INFO - Filling up the DagBag from /opt/airflow/dags/utils/slack_alert.py
[2025-03-14T03:09:29.864+0000] {processor.py:841} WARNING - No viable dags retrieved from /opt/airflow/dags/utils/slack_alert.py
[2025-03-14T03:09:29.882+0000] {processor.py:179} INFO - Processing /opt/airflow/dags/utils/slack_alert.py took 0.078 seconds
[2025-03-14T03:10:00.556+0000] {processor.py:157} INFO - Started process (PID=84275) to work on /opt/airflow/dags/utils/slack_alert.py
[2025-03-14T03:10:00.557+0000] {processor.py:829} INFO - Processing file /opt/airflow/dags/utils/slack_alert.py for tasks to queue
[2025-03-14T03:10:00.557+0000] {logging_mixin.py:154} INFO - [2025-03-14T03:10:00.557+0000] {dagbag.py:536} INFO - Filling up the DagBag from /opt/airflow/dags/utils/slack_alert.py
[2025-03-14T03:10:00.567+0000] {processor.py:841} WARNING - No viable dags retrieved from /opt/airflow/dags/utils/slack_alert.py
[2025-03-14T03:10:00.573+0000] {processor.py:179} INFO - Processing /opt/airflow/dags/utils/slack_alert.py took 0.019 seconds
[2025-03-14T03:10:31.992+0000] {processor.py:157} INFO - Started process (PID=84302) to work on /opt/airflow/dags/utils/slack_alert.py
[2025-03-14T03:10:31.992+0000] {processor.py:829} INFO - Processing file /opt/airflow/dags/utils/slack_alert.py for tasks to queue
[2025-03-14T03:10:31.993+0000] {logging_mixin.py:154} INFO - [2025-03-14T03:10:31.993+0000] {dagbag.py:536} INFO - Filling up the DagBag from /opt/airflow/dags/utils/slack_alert.py
[2025-03-14T03:10:32.024+0000] {processor.py:841} WARNING - No viable dags retrieved from /opt/airflow/dags/utils/slack_alert.py
[2025-03-14T03:10:32.038+0000] {processor.py:179} INFO - Processing /opt/airflow/dags/utils/slack_alert.py took 0.049 seconds
[2025-03-14T03:11:03.020+0000] {processor.py:157} INFO - Started process (PID=84330) to work on /opt/airflow/dags/utils/slack_alert.py
[2025-03-14T03:11:03.021+0000] {processor.py:829} INFO - Processing file /opt/airflow/dags/utils/slack_alert.py for tasks to queue
[2025-03-14T03:11:03.021+0000] {logging_mixin.py:154} INFO - [2025-03-14T03:11:03.021+0000] {dagbag.py:536} INFO - Filling up the DagBag from /opt/airflow/dags/utils/slack_alert.py
[2025-03-14T03:11:03.032+0000] {processor.py:841} WARNING - No viable dags retrieved from /opt/airflow/dags/utils/slack_alert.py
[2025-03-14T03:11:03.039+0000] {processor.py:179} INFO - Processing /opt/airflow/dags/utils/slack_alert.py took 0.021 seconds
[2025-03-14T03:11:34.275+0000] {processor.py:157} INFO - Started process (PID=84351) to work on /opt/airflow/dags/utils/slack_alert.py
[2025-03-14T03:11:34.277+0000] {processor.py:829} INFO - Processing file /opt/airflow/dags/utils/slack_alert.py for tasks to queue
[2025-03-14T03:11:34.277+0000] {logging_mixin.py:154} INFO - [2025-03-14T03:11:34.277+0000] {dagbag.py:536} INFO - Filling up the DagBag from /opt/airflow/dags/utils/slack_alert.py
[2025-03-14T03:11:34.293+0000] {processor.py:841} WARNING - No viable dags retrieved from /opt/airflow/dags/utils/slack_alert.py
[2025-03-14T03:11:34.301+0000] {processor.py:179} INFO - Processing /opt/airflow/dags/utils/slack_alert.py took 0.032 seconds
[2025-03-14T03:12:05.138+0000] {processor.py:157} INFO - Started process (PID=84379) to work on /opt/airflow/dags/utils/slack_alert.py
[2025-03-14T03:12:05.138+0000] {processor.py:829} INFO - Processing file /opt/airflow/dags/utils/slack_alert.py for tasks to queue
[2025-03-14T03:12:05.139+0000] {logging_mixin.py:154} INFO - [2025-03-14T03:12:05.138+0000] {dagbag.py:536} INFO - Filling up the DagBag from /opt/airflow/dags/utils/slack_alert.py
[2025-03-14T03:12:05.149+0000] {processor.py:841} WARNING - No viable dags retrieved from /opt/airflow/dags/utils/slack_alert.py
[2025-03-14T03:12:05.155+0000] {processor.py:179} INFO - Processing /opt/airflow/dags/utils/slack_alert.py took 0.019 seconds
[2025-03-14T03:12:35.702+0000] {processor.py:157} INFO - Started process (PID=84407) to work on /opt/airflow/dags/utils/slack_alert.py
[2025-03-14T03:12:35.703+0000] {processor.py:829} INFO - Processing file /opt/airflow/dags/utils/slack_alert.py for tasks to queue
[2025-03-14T03:12:35.703+0000] {logging_mixin.py:154} INFO - [2025-03-14T03:12:35.703+0000] {dagbag.py:536} INFO - Filling up the DagBag from /opt/airflow/dags/utils/slack_alert.py
[2025-03-14T03:12:35.714+0000] {processor.py:841} WARNING - No viable dags retrieved from /opt/airflow/dags/utils/slack_alert.py
[2025-03-14T03:12:35.720+0000] {processor.py:179} INFO - Processing /opt/airflow/dags/utils/slack_alert.py took 0.020 seconds
[2025-03-14T03:13:06.629+0000] {processor.py:157} INFO - Started process (PID=84428) to work on /opt/airflow/dags/utils/slack_alert.py
[2025-03-14T03:13:06.630+0000] {processor.py:829} INFO - Processing file /opt/airflow/dags/utils/slack_alert.py for tasks to queue
[2025-03-14T03:13:06.630+0000] {logging_mixin.py:154} INFO - [2025-03-14T03:13:06.630+0000] {dagbag.py:536} INFO - Filling up the DagBag from /opt/airflow/dags/utils/slack_alert.py
[2025-03-14T03:13:06.642+0000] {processor.py:841} WARNING - No viable dags retrieved from /opt/airflow/dags/utils/slack_alert.py
[2025-03-14T03:13:06.648+0000] {processor.py:179} INFO - Processing /opt/airflow/dags/utils/slack_alert.py took 0.021 seconds
[2025-03-14T03:13:37.512+0000] {processor.py:157} INFO - Started process (PID=84455) to work on /opt/airflow/dags/utils/slack_alert.py
[2025-03-14T03:13:37.513+0000] {processor.py:829} INFO - Processing file /opt/airflow/dags/utils/slack_alert.py for tasks to queue
[2025-03-14T03:13:37.513+0000] {logging_mixin.py:154} INFO - [2025-03-14T03:13:37.513+0000] {dagbag.py:536} INFO - Filling up the DagBag from /opt/airflow/dags/utils/slack_alert.py
[2025-03-14T03:13:37.523+0000] {processor.py:841} WARNING - No viable dags retrieved from /opt/airflow/dags/utils/slack_alert.py
[2025-03-14T03:13:37.529+0000] {processor.py:179} INFO - Processing /opt/airflow/dags/utils/slack_alert.py took 0.018 seconds
[2025-03-14T03:14:08.318+0000] {processor.py:157} INFO - Started process (PID=84482) to work on /opt/airflow/dags/utils/slack_alert.py
[2025-03-14T03:14:08.319+0000] {processor.py:829} INFO - Processing file /opt/airflow/dags/utils/slack_alert.py for tasks to queue
[2025-03-14T03:14:08.319+0000] {logging_mixin.py:154} INFO - [2025-03-14T03:14:08.319+0000] {dagbag.py:536} INFO - Filling up the DagBag from /opt/airflow/dags/utils/slack_alert.py
[2025-03-14T03:14:08.328+0000] {processor.py:841} WARNING - No viable dags retrieved from /opt/airflow/dags/utils/slack_alert.py
[2025-03-14T03:14:08.334+0000] {processor.py:179} INFO - Processing /opt/airflow/dags/utils/slack_alert.py took 0.018 seconds
[2025-03-14T03:14:39.297+0000] {processor.py:157} INFO - Started process (PID=84510) to work on /opt/airflow/dags/utils/slack_alert.py
[2025-03-14T03:14:39.298+0000] {processor.py:829} INFO - Processing file /opt/airflow/dags/utils/slack_alert.py for tasks to queue
[2025-03-14T03:14:39.299+0000] {logging_mixin.py:154} INFO - [2025-03-14T03:14:39.299+0000] {dagbag.py:536} INFO - Filling up the DagBag from /opt/airflow/dags/utils/slack_alert.py
[2025-03-14T03:14:39.316+0000] {processor.py:841} WARNING - No viable dags retrieved from /opt/airflow/dags/utils/slack_alert.py
[2025-03-14T03:14:39.324+0000] {processor.py:179} INFO - Processing /opt/airflow/dags/utils/slack_alert.py took 0.030 seconds
[2025-03-14T03:15:10.246+0000] {processor.py:157} INFO - Started process (PID=84531) to work on /opt/airflow/dags/utils/slack_alert.py
[2025-03-14T03:15:10.247+0000] {processor.py:829} INFO - Processing file /opt/airflow/dags/utils/slack_alert.py for tasks to queue
[2025-03-14T03:15:10.247+0000] {logging_mixin.py:154} INFO - [2025-03-14T03:15:10.247+0000] {dagbag.py:536} INFO - Filling up the DagBag from /opt/airflow/dags/utils/slack_alert.py
[2025-03-14T03:15:10.258+0000] {processor.py:841} WARNING - No viable dags retrieved from /opt/airflow/dags/utils/slack_alert.py
[2025-03-14T03:15:10.264+0000] {processor.py:179} INFO - Processing /opt/airflow/dags/utils/slack_alert.py took 0.020 seconds
