[2025-03-13T15:32:58.230+0000] {taskinstance.py:1159} INFO - Dependencies all met for dep_context=non-requeueable deps ti=<TaskInstance: hourly_processing_pipeline.aggregate_final_table_full_refresh manual__2025-03-13T15:32:48.150055+00:00 [queued]>
[2025-03-13T15:32:58.235+0000] {taskinstance.py:1159} INFO - Dependencies all met for dep_context=requeueable deps ti=<TaskInstance: hourly_processing_pipeline.aggregate_final_table_full_refresh manual__2025-03-13T15:32:48.150055+00:00 [queued]>
[2025-03-13T15:32:58.235+0000] {taskinstance.py:1361} INFO - Starting attempt 1 of 1
[2025-03-13T15:32:58.242+0000] {taskinstance.py:1382} INFO - Executing <Task(BashOperator): aggregate_final_table_full_refresh> on 2025-03-13 15:32:48.150055+00:00
[2025-03-13T15:32:58.245+0000] {standard_task_runner.py:57} INFO - Started process 72794 to run task
[2025-03-13T15:32:58.248+0000] {standard_task_runner.py:84} INFO - Running: ['***', 'tasks', 'run', 'hourly_processing_pipeline', 'aggregate_final_table_full_refresh', 'manual__2025-03-13T15:32:48.150055+00:00', '--job-id', '3576', '--raw', '--subdir', 'DAGS_FOLDER/hourly_processing_pipeline.py', '--cfg-path', '/tmp/tmpcnck7dpq']
[2025-03-13T15:32:58.249+0000] {standard_task_runner.py:85} INFO - Job 3576: Subtask aggregate_final_table_full_refresh
[2025-03-13T15:32:58.419+0000] {task_command.py:416} INFO - Running <TaskInstance: hourly_processing_pipeline.aggregate_final_table_full_refresh manual__2025-03-13T15:32:48.150055+00:00 [running]> on host c8e526380ef3
[2025-03-13T15:32:58.450+0000] {taskinstance.py:1662} INFO - Exporting env vars: AIRFLOW_CTX_DAG_OWNER='Andrew Tran' AIRFLOW_CTX_DAG_ID='hourly_processing_pipeline' AIRFLOW_CTX_TASK_ID='aggregate_final_table_full_refresh' AIRFLOW_CTX_EXECUTION_DATE='2025-03-13T15:32:48.150055+00:00' AIRFLOW_CTX_TRY_NUMBER='1' AIRFLOW_CTX_DAG_RUN_ID='manual__2025-03-13T15:32:48.150055+00:00'
[2025-03-13T15:32:58.451+0000] {subprocess.py:63} INFO - Tmp dir root location: /tmp
[2025-03-13T15:32:58.451+0000] {subprocess.py:75} INFO - Running command: ['/bin/bash', '-c', 'cd /opt/***/dbt/playstudio_project && export WAREHOUSE_HOST=None && export WAREHOUSE_PASSWORD=None && export WAREHOUSE_USER=None && dbt run --select tag:gold_layer --target prod --full-refresh']
[2025-03-13T15:32:58.456+0000] {subprocess.py:86} INFO - Output:
[2025-03-13T15:32:59.711+0000] {subprocess.py:93} INFO - [0m15:32:59  Running with dbt=1.7.18
[2025-03-13T15:32:59.809+0000] {subprocess.py:93} INFO - [0m15:32:59  Registered adapter: postgres=1.7.18
[2025-03-13T15:32:59.874+0000] {subprocess.py:93} INFO - [0m15:32:59  [[33mWARNING[0m]: Configuration paths exist in your dbt_project.yml file which do not apply to any resources.
[2025-03-13T15:32:59.874+0000] {subprocess.py:93} INFO - There are 1 unused configuration paths:
[2025-03-13T15:32:59.874+0000] {subprocess.py:93} INFO - - models.playstudio_project.bronze_layer
[2025-03-13T15:32:59.890+0000] {subprocess.py:93} INFO - [0m15:32:59  Found 3 models, 22 tests, 2 sources, 0 exposures, 0 metrics, 783 macros, 0 groups, 0 semantic models
[2025-03-13T15:32:59.890+0000] {subprocess.py:93} INFO - [0m15:32:59
[2025-03-13T15:32:59.938+0000] {subprocess.py:93} INFO - [0m15:32:59  Concurrency: 1 threads (target='prod')
[2025-03-13T15:32:59.938+0000] {subprocess.py:93} INFO - [0m15:32:59
[2025-03-13T15:32:59.940+0000] {subprocess.py:93} INFO - [0m15:32:59  1 of 1 START sql incremental model gold_layer.aggregated_final_table ........... [RUN]
[2025-03-13T15:33:00.022+0000] {subprocess.py:93} INFO - [0m15:33:00  1 of 1 OK created sql incremental model gold_layer.aggregated_final_table ...... [[32mSELECT 65[0m in 0.08s]
[2025-03-13T15:33:00.028+0000] {subprocess.py:93} INFO - [0m15:33:00
[2025-03-13T15:33:00.028+0000] {subprocess.py:93} INFO - [0m15:33:00  Finished running 1 incremental model in 0 hours 0 minutes and 0.14 seconds (0.14s).
[2025-03-13T15:33:00.039+0000] {subprocess.py:93} INFO - [0m15:33:00
[2025-03-13T15:33:00.040+0000] {subprocess.py:93} INFO - [0m15:33:00  [32mCompleted successfully[0m
[2025-03-13T15:33:00.040+0000] {subprocess.py:93} INFO - [0m15:33:00
[2025-03-13T15:33:00.040+0000] {subprocess.py:93} INFO - [0m15:33:00  Done. PASS=1 WARN=0 ERROR=0 SKIP=0 TOTAL=1
[2025-03-13T15:33:01.488+0000] {subprocess.py:97} INFO - Command exited with return code 0
[2025-03-13T15:33:01.518+0000] {taskinstance.py:1400} INFO - Marking task as SUCCESS. dag_id=hourly_processing_pipeline, task_id=aggregate_final_table_full_refresh, execution_date=20250313T153248, start_date=20250313T153258, end_date=20250313T153301
[2025-03-13T15:33:01.540+0000] {local_task_job_runner.py:228} INFO - Task exited with return code 0
[2025-03-13T15:33:01.693+0000] {taskinstance.py:2778} INFO - 0 downstream tasks scheduled from follow-on schedule check
