[2025-03-13T15:05:30.010+0000] {taskinstance.py:1159} INFO - Dependencies all met for dep_context=non-requeueable deps ti=<TaskInstance: hourly_processing_pipeline.aggregate_final_table_incremental manual__2025-03-13T15:05:19.041090+00:00 [queued]>
[2025-03-13T15:05:30.014+0000] {taskinstance.py:1159} INFO - Dependencies all met for dep_context=requeueable deps ti=<TaskInstance: hourly_processing_pipeline.aggregate_final_table_incremental manual__2025-03-13T15:05:19.041090+00:00 [queued]>
[2025-03-13T15:05:30.014+0000] {taskinstance.py:1361} INFO - Starting attempt 1 of 1
[2025-03-13T15:05:30.020+0000] {taskinstance.py:1382} INFO - Executing <Task(BashOperator): aggregate_final_table_incremental> on 2025-03-13 15:05:19.041090+00:00
[2025-03-13T15:05:30.023+0000] {standard_task_runner.py:57} INFO - Started process 71383 to run task
[2025-03-13T15:05:30.026+0000] {standard_task_runner.py:84} INFO - Running: ['***', 'tasks', 'run', 'hourly_processing_pipeline', 'aggregate_final_table_incremental', 'manual__2025-03-13T15:05:19.041090+00:00', '--job-id', '3492', '--raw', '--subdir', 'DAGS_FOLDER/hourly_processing_pipeline.py', '--cfg-path', '/tmp/tmp85wghjs9']
[2025-03-13T15:05:30.028+0000] {standard_task_runner.py:85} INFO - Job 3492: Subtask aggregate_final_table_incremental
[2025-03-13T15:05:30.220+0000] {task_command.py:416} INFO - Running <TaskInstance: hourly_processing_pipeline.aggregate_final_table_incremental manual__2025-03-13T15:05:19.041090+00:00 [running]> on host c8e526380ef3
[2025-03-13T15:05:30.257+0000] {taskinstance.py:1662} INFO - Exporting env vars: AIRFLOW_CTX_DAG_OWNER='Andrew Tran' AIRFLOW_CTX_DAG_ID='hourly_processing_pipeline' AIRFLOW_CTX_TASK_ID='aggregate_final_table_incremental' AIRFLOW_CTX_EXECUTION_DATE='2025-03-13T15:05:19.041090+00:00' AIRFLOW_CTX_TRY_NUMBER='1' AIRFLOW_CTX_DAG_RUN_ID='manual__2025-03-13T15:05:19.041090+00:00'
[2025-03-13T15:05:30.258+0000] {subprocess.py:63} INFO - Tmp dir root location: /tmp
[2025-03-13T15:05:30.259+0000] {subprocess.py:75} INFO - Running command: ['/bin/bash', '-c', 'cd /opt/***/dbt/playstudio_project && export WAREHOUSE_HOST=None && export WAREHOUSE_PASSWORD=None && export WAREHOUSE_USER=None && dbt run --select tag:gold_layer --target prod']
[2025-03-13T15:05:30.266+0000] {subprocess.py:86} INFO - Output:
[2025-03-13T15:05:31.760+0000] {subprocess.py:93} INFO - [0m15:05:31  Running with dbt=1.7.18
[2025-03-13T15:05:31.870+0000] {subprocess.py:93} INFO - [0m15:05:31  Registered adapter: postgres=1.7.18
[2025-03-13T15:05:31.950+0000] {subprocess.py:93} INFO - [0m15:05:31  [[33mWARNING[0m]: Configuration paths exist in your dbt_project.yml file which do not apply to any resources.
[2025-03-13T15:05:31.950+0000] {subprocess.py:93} INFO - There are 1 unused configuration paths:
[2025-03-13T15:05:31.950+0000] {subprocess.py:93} INFO - - models.playstudio_project.bronze_layer
[2025-03-13T15:05:31.967+0000] {subprocess.py:93} INFO - [0m15:05:31  Found 3 models, 21 tests, 2 sources, 0 exposures, 0 metrics, 783 macros, 0 groups, 0 semantic models
[2025-03-13T15:05:31.968+0000] {subprocess.py:93} INFO - [0m15:05:31
[2025-03-13T15:05:32.017+0000] {subprocess.py:93} INFO - [0m15:05:32  Concurrency: 1 threads (target='prod')
[2025-03-13T15:05:32.018+0000] {subprocess.py:93} INFO - [0m15:05:32
[2025-03-13T15:05:32.022+0000] {subprocess.py:93} INFO - [0m15:05:32  1 of 1 START sql incremental model gold_layer.aggregated_final_table ........... [RUN]
[2025-03-13T15:05:32.136+0000] {subprocess.py:93} INFO - [0m15:05:32  1 of 1 OK created sql incremental model gold_layer.aggregated_final_table ...... [[32mINSERT 0 1[0m in 0.11s]
[2025-03-13T15:05:32.143+0000] {subprocess.py:93} INFO - [0m15:05:32
[2025-03-13T15:05:32.143+0000] {subprocess.py:93} INFO - [0m15:05:32  Finished running 1 incremental model in 0 hours 0 minutes and 0.17 seconds (0.17s).
[2025-03-13T15:05:32.156+0000] {subprocess.py:93} INFO - [0m15:05:32
[2025-03-13T15:05:32.156+0000] {subprocess.py:93} INFO - [0m15:05:32  [32mCompleted successfully[0m
[2025-03-13T15:05:32.156+0000] {subprocess.py:93} INFO - [0m15:05:32
[2025-03-13T15:05:32.156+0000] {subprocess.py:93} INFO - [0m15:05:32  Done. PASS=1 WARN=0 ERROR=0 SKIP=0 TOTAL=1
[2025-03-13T15:05:33.445+0000] {subprocess.py:97} INFO - Command exited with return code 0
[2025-03-13T15:05:33.480+0000] {taskinstance.py:1400} INFO - Marking task as SUCCESS. dag_id=hourly_processing_pipeline, task_id=aggregate_final_table_incremental, execution_date=20250313T150519, start_date=20250313T150530, end_date=20250313T150533
[2025-03-13T15:05:33.514+0000] {local_task_job_runner.py:228} INFO - Task exited with return code 0
[2025-03-13T15:05:33.696+0000] {taskinstance.py:2778} INFO - 0 downstream tasks scheduled from follow-on schedule check
