[2025-03-11T15:51:04.489+0000] {taskinstance.py:1159} INFO - Dependencies all met for dep_context=non-requeueable deps ti=<TaskInstance: ingest_bronze_layer_dag.extract_and_load_purchases manual__2025-03-11T15:50:52+00:00 [queued]>
[2025-03-11T15:51:04.493+0000] {taskinstance.py:1159} INFO - Dependencies all met for dep_context=requeueable deps ti=<TaskInstance: ingest_bronze_layer_dag.extract_and_load_purchases manual__2025-03-11T15:50:52+00:00 [queued]>
[2025-03-11T15:51:04.494+0000] {taskinstance.py:1361} INFO - Starting attempt 1 of 1
[2025-03-11T15:51:04.596+0000] {taskinstance.py:1382} INFO - Executing <Task(_PythonDecoratedOperator): extract_and_load_purchases> on 2025-03-11 15:50:52+00:00
[2025-03-11T15:51:04.598+0000] {standard_task_runner.py:57} INFO - Started process 19779 to run task
[2025-03-11T15:51:04.600+0000] {standard_task_runner.py:84} INFO - Running: ['***', 'tasks', 'run', 'ingest_bronze_layer_dag', 'extract_and_load_purchases', 'manual__2025-03-11T15:50:52+00:00', '--job-id', '573', '--raw', '--subdir', 'DAGS_FOLDER/ingesting_pipeline.py', '--cfg-path', '/tmp/tmp8orces4u']
[2025-03-11T15:51:04.602+0000] {standard_task_runner.py:85} INFO - Job 573: Subtask extract_and_load_purchases
[2025-03-11T15:51:04.647+0000] {task_command.py:416} INFO - Running <TaskInstance: ingest_bronze_layer_dag.extract_and_load_purchases manual__2025-03-11T15:50:52+00:00 [running]> on host 41ccd9d1769c
[2025-03-11T15:51:04.731+0000] {taskinstance.py:1662} INFO - Exporting env vars: AIRFLOW_CTX_DAG_OWNER='Andrew Tran' AIRFLOW_CTX_DAG_ID='ingest_bronze_layer_dag' AIRFLOW_CTX_TASK_ID='extract_and_load_purchases' AIRFLOW_CTX_EXECUTION_DATE='2025-03-11T15:50:52+00:00' AIRFLOW_CTX_TRY_NUMBER='1' AIRFLOW_CTX_DAG_RUN_ID='manual__2025-03-11T15:50:52+00:00'
[2025-03-11T15:51:04.744+0000] {ingesting_pipeline.py:354} INFO - Running extract_and_load_purchases in full refresh mode
[2025-03-11T15:51:04.760+0000] {ingesting_pipeline.py:365} INFO - Full refresh with date range: 2025-03-11 00:00:00 to 2025-03-11 00:00:00
[2025-03-11T15:51:04.760+0000] {ingesting_pipeline.py:139} INFO - Executing query: 
            SELECT *, NOW() as extracted_at
            FROM app_source.purchases_data
            WHERE updated_at >= '2025-03-11 00:00:00' AND updated_at <= '2025-03-11 00:00:00'
            ORDER BY updated_at
        
[2025-03-11T15:51:04.774+0000] {base.py:73} INFO - Using connection ID 'postgres_source_db' for task execution.
[2025-03-11T15:51:04.788+0000] {warnings.py:109} WARNING - /opt/***/dags/ingesting_pipeline.py:142: UserWarning: pandas only supports SQLAlchemy connectable (engine/connection) or database string URI or sqlite3 DBAPI2 connection. Other DBAPI2 objects are not tested. Please consider using SQLAlchemy.
  df = pd.read_sql(query, conn)

[2025-03-11T15:51:04.798+0000] {ingesting_pipeline.py:143} INFO - Query executed successfully. Retrieved 0 rows.
[2025-03-11T15:51:04.799+0000] {ingesting_pipeline.py:394} INFO - Retrieved 0 rows of data
[2025-03-11T15:51:04.799+0000] {ingesting_pipeline.py:193} INFO - No data to insert into bronze_layer.bronze_purchases
[2025-03-11T15:51:04.799+0000] {ingesting_pipeline.py:412} INFO - Inserted 0 rows into bronze_layer.bronze_purchases
[2025-03-11T15:51:04.799+0000] {python.py:194} INFO - Done. Returned value was: Inserted 0 rows into bronze_layer.bronze_purchases
[2025-03-11T15:51:04.825+0000] {taskinstance.py:1400} INFO - Marking task as SUCCESS. dag_id=ingest_bronze_layer_dag, task_id=extract_and_load_purchases, execution_date=20250311T155052, start_date=20250311T155104, end_date=20250311T155104
[2025-03-11T15:51:04.865+0000] {local_task_job_runner.py:228} INFO - Task exited with return code 0
[2025-03-11T15:51:04.895+0000] {taskinstance.py:2778} INFO - 1 downstream tasks scheduled from follow-on schedule check
