[2025-03-12T08:36:59.961+0000] {taskinstance.py:1159} INFO - Dependencies all met for dep_context=non-requeueable deps ti=<TaskInstance: process_bronze_and_silver_layer.transform_silver_full_refresh manual__2025-03-12T08:36:39+00:00 [queued]>
[2025-03-12T08:36:59.966+0000] {taskinstance.py:1159} INFO - Dependencies all met for dep_context=requeueable deps ti=<TaskInstance: process_bronze_and_silver_layer.transform_silver_full_refresh manual__2025-03-12T08:36:39+00:00 [queued]>
[2025-03-12T08:36:59.967+0000] {taskinstance.py:1361} INFO - Starting attempt 1 of 1
[2025-03-12T08:37:00.082+0000] {taskinstance.py:1382} INFO - Executing <Task(BashOperator): transform_silver_full_refresh> on 2025-03-12 08:36:39+00:00
[2025-03-12T08:37:00.085+0000] {standard_task_runner.py:57} INFO - Started process 24115 to run task
[2025-03-12T08:37:00.087+0000] {standard_task_runner.py:84} INFO - Running: ['***', 'tasks', 'run', 'process_bronze_and_silver_layer', 'transform_silver_full_refresh', 'manual__2025-03-12T08:36:39+00:00', '--job-id', '2006', '--raw', '--subdir', 'DAGS_FOLDER/5mins_processing_pipeline.py', '--cfg-path', '/tmp/tmpp0bei12b']
[2025-03-12T08:37:00.090+0000] {standard_task_runner.py:85} INFO - Job 2006: Subtask transform_silver_full_refresh
[2025-03-12T08:37:00.119+0000] {task_command.py:416} INFO - Running <TaskInstance: process_bronze_and_silver_layer.transform_silver_full_refresh manual__2025-03-12T08:36:39+00:00 [running]> on host c8e526380ef3
[2025-03-12T08:37:00.168+0000] {taskinstance.py:1662} INFO - Exporting env vars: AIRFLOW_CTX_DAG_OWNER='Andrew Tran' AIRFLOW_CTX_DAG_ID='process_bronze_and_silver_layer' AIRFLOW_CTX_TASK_ID='transform_silver_full_refresh' AIRFLOW_CTX_EXECUTION_DATE='2025-03-12T08:36:39+00:00' AIRFLOW_CTX_TRY_NUMBER='1' AIRFLOW_CTX_DAG_RUN_ID='manual__2025-03-12T08:36:39+00:00'
[2025-03-12T08:37:00.169+0000] {subprocess.py:63} INFO - Tmp dir root location: /tmp
[2025-03-12T08:37:00.170+0000] {subprocess.py:75} INFO - Running command: ['/bin/bash', '-c', 'cd /opt/***/dbt/playstudio_project && export WAREHOUSE_HOST=None && export WAREHOUSE_PASSWORD=None && export WAREHOUSE_USER=None && dbt run --select tag:silver_5mins_incremental --target prod --full-refresh']
[2025-03-12T08:37:00.176+0000] {subprocess.py:86} INFO - Output:
[2025-03-12T08:37:01.640+0000] {subprocess.py:93} INFO - [0m08:37:01  Running with dbt=1.7.18
[2025-03-12T08:37:01.746+0000] {subprocess.py:93} INFO - [0m08:37:01  Registered adapter: postgres=1.7.18
[2025-03-12T08:37:01.765+0000] {subprocess.py:93} INFO - [0m08:37:01  [[33mWARNING[0m]: Configuration paths exist in your dbt_project.yml file which do not apply to any resources.
[2025-03-12T08:37:01.765+0000] {subprocess.py:93} INFO - There are 1 unused configuration paths:
[2025-03-12T08:37:01.766+0000] {subprocess.py:93} INFO - - models.playstudio_project.example
[2025-03-12T08:37:01.775+0000] {subprocess.py:93} INFO - [0m08:37:01  Found 2 models, 2 sources, 0 exposures, 0 metrics, 401 macros, 0 groups, 0 semantic models
[2025-03-12T08:37:01.776+0000] {subprocess.py:93} INFO - [0m08:37:01
[2025-03-12T08:37:01.853+0000] {subprocess.py:93} INFO - [0m08:37:01  Concurrency: 1 threads (target='prod')
[2025-03-12T08:37:01.853+0000] {subprocess.py:93} INFO - [0m08:37:01
[2025-03-12T08:37:01.861+0000] {subprocess.py:93} INFO - [0m08:37:01  1 of 1 START sql incremental model silver_layer.silver_purchases ............... [RUN]
[2025-03-12T08:37:01.935+0000] {subprocess.py:93} INFO - [0m08:37:01  1 of 1 OK created sql incremental model silver_layer.silver_purchases .......... [[32mSELECT 36[0m in 0.08s]
[2025-03-12T08:37:01.941+0000] {subprocess.py:93} INFO - [0m08:37:01
[2025-03-12T08:37:01.941+0000] {subprocess.py:93} INFO - [0m08:37:01  Finished running 1 incremental model in 0 hours 0 minutes and 0.17 seconds (0.17s).
[2025-03-12T08:37:01.946+0000] {subprocess.py:93} INFO - [0m08:37:01
[2025-03-12T08:37:01.946+0000] {subprocess.py:93} INFO - [0m08:37:01  [32mCompleted successfully[0m
[2025-03-12T08:37:01.947+0000] {subprocess.py:93} INFO - [0m08:37:01
[2025-03-12T08:37:01.947+0000] {subprocess.py:93} INFO - [0m08:37:01  Done. PASS=1 WARN=0 ERROR=0 SKIP=0 TOTAL=1
[2025-03-12T08:37:04.799+0000] {subprocess.py:97} INFO - Command exited with return code 0
[2025-03-12T08:37:04.821+0000] {taskinstance.py:1400} INFO - Marking task as SUCCESS. dag_id=process_bronze_and_silver_layer, task_id=transform_silver_full_refresh, execution_date=20250312T083639, start_date=20250312T083659, end_date=20250312T083704
[2025-03-12T08:37:04.845+0000] {local_task_job_runner.py:228} INFO - Task exited with return code 0
[2025-03-12T08:37:04.865+0000] {taskinstance.py:2778} INFO - 1 downstream tasks scheduled from follow-on schedule check
