[2025-03-11T16:25:08.026+0000] {taskinstance.py:1159} INFO - Dependencies all met for dep_context=non-requeueable deps ti=<TaskInstance: ingest_bronze_layer_dag.transform_silver_5mins_incremental scheduled__2025-03-11T16:20:00+00:00 [queued]>
[2025-03-11T16:25:08.030+0000] {taskinstance.py:1159} INFO - Dependencies all met for dep_context=requeueable deps ti=<TaskInstance: ingest_bronze_layer_dag.transform_silver_5mins_incremental scheduled__2025-03-11T16:20:00+00:00 [queued]>
[2025-03-11T16:25:08.030+0000] {taskinstance.py:1361} INFO - Starting attempt 1 of 1
[2025-03-11T16:25:08.037+0000] {taskinstance.py:1382} INFO - Executing <Task(BashOperator): transform_silver_5mins_incremental> on 2025-03-11 16:20:00+00:00
[2025-03-11T16:25:08.039+0000] {standard_task_runner.py:57} INFO - Started process 1019 to run task
[2025-03-11T16:25:08.042+0000] {standard_task_runner.py:84} INFO - Running: ['***', 'tasks', 'run', 'ingest_bronze_layer_dag', 'transform_silver_5mins_incremental', 'scheduled__2025-03-11T16:20:00+00:00', '--job-id', '644', '--raw', '--subdir', 'DAGS_FOLDER/ingesting_pipeline.py', '--cfg-path', '/tmp/tmpo3wvixaw']
[2025-03-11T16:25:08.184+0000] {standard_task_runner.py:85} INFO - Job 644: Subtask transform_silver_5mins_incremental
[2025-03-11T16:25:08.205+0000] {task_command.py:416} INFO - Running <TaskInstance: ingest_bronze_layer_dag.transform_silver_5mins_incremental scheduled__2025-03-11T16:20:00+00:00 [running]> on host c8e526380ef3
[2025-03-11T16:25:08.235+0000] {taskinstance.py:1662} INFO - Exporting env vars: AIRFLOW_CTX_DAG_OWNER='Andrew Tran' AIRFLOW_CTX_DAG_ID='ingest_bronze_layer_dag' AIRFLOW_CTX_TASK_ID='transform_silver_5mins_incremental' AIRFLOW_CTX_EXECUTION_DATE='2025-03-11T16:20:00+00:00' AIRFLOW_CTX_TRY_NUMBER='1' AIRFLOW_CTX_DAG_RUN_ID='scheduled__2025-03-11T16:20:00+00:00'
[2025-03-11T16:25:08.236+0000] {subprocess.py:63} INFO - Tmp dir root location: /tmp
[2025-03-11T16:25:08.236+0000] {subprocess.py:75} INFO - Running command: ['/bin/bash', '-c', 'cd /opt/***/dbt/playstudio_project && export WAREHOUSE_HOST=None && export WAREHOUSE_PASSWORD=None && export WAREHOUSE_USER=None && dbt run --select tag:silver_5mins_incremental --target prod']
[2025-03-11T16:25:08.242+0000] {subprocess.py:86} INFO - Output:
[2025-03-11T16:25:10.646+0000] {subprocess.py:93} INFO - [0m16:25:10  Running with dbt=1.7.18
[2025-03-11T16:25:10.774+0000] {subprocess.py:93} INFO - [0m16:25:10  Registered adapter: postgres=1.7.18
[2025-03-11T16:25:10.797+0000] {subprocess.py:93} INFO - [0m16:25:10  [[33mWARNING[0m]: Configuration paths exist in your dbt_project.yml file which do not apply to any resources.
[2025-03-11T16:25:10.797+0000] {subprocess.py:93} INFO - There are 1 unused configuration paths:
[2025-03-11T16:25:10.797+0000] {subprocess.py:93} INFO - - models.playstudio_project.example
[2025-03-11T16:25:10.810+0000] {subprocess.py:93} INFO - [0m16:25:10  Found 1 model, 2 sources, 0 exposures, 0 metrics, 401 macros, 0 groups, 0 semantic models
[2025-03-11T16:25:10.810+0000] {subprocess.py:93} INFO - [0m16:25:10
[2025-03-11T16:25:10.882+0000] {subprocess.py:93} INFO - [0m16:25:10  Concurrency: 1 threads (target='prod')
[2025-03-11T16:25:10.882+0000] {subprocess.py:93} INFO - [0m16:25:10
[2025-03-11T16:25:10.887+0000] {subprocess.py:93} INFO - [0m16:25:10  1 of 1 START sql incremental model silver_layer.silver_purchases ............... [RUN]
[2025-03-11T16:25:10.978+0000] {subprocess.py:93} INFO - [0m16:25:10  1 of 1 OK created sql incremental model silver_layer.silver_purchases .......... [[32mINSERT 0 0[0m in 0.09s]
[2025-03-11T16:25:10.985+0000] {subprocess.py:93} INFO - [0m16:25:10
[2025-03-11T16:25:10.985+0000] {subprocess.py:93} INFO - [0m16:25:10  Finished running 1 incremental model in 0 hours 0 minutes and 0.18 seconds (0.18s).
[2025-03-11T16:25:10.990+0000] {subprocess.py:93} INFO - [0m16:25:10
[2025-03-11T16:25:10.990+0000] {subprocess.py:93} INFO - [0m16:25:10  [32mCompleted successfully[0m
[2025-03-11T16:25:10.990+0000] {subprocess.py:93} INFO - [0m16:25:10
[2025-03-11T16:25:10.990+0000] {subprocess.py:93} INFO - [0m16:25:10  Done. PASS=1 WARN=0 ERROR=0 SKIP=0 TOTAL=1
[2025-03-11T16:25:12.853+0000] {subprocess.py:97} INFO - Command exited with return code 0
[2025-03-11T16:25:12.945+0000] {taskinstance.py:1400} INFO - Marking task as SUCCESS. dag_id=ingest_bronze_layer_dag, task_id=transform_silver_5mins_incremental, execution_date=20250311T162000, start_date=20250311T162508, end_date=20250311T162512
[2025-03-11T16:25:13.023+0000] {local_task_job_runner.py:228} INFO - Task exited with return code 0
[2025-03-11T16:25:13.484+0000] {taskinstance.py:2778} INFO - 0 downstream tasks scheduled from follow-on schedule check
