[2025-03-11T09:43:56.979+0000] {taskinstance.py:1159} INFO - Dependencies all met for dep_context=non-requeueable deps ti=<TaskInstance: ingest_bronze_layer_dag.fetch_purchases manual__2025-03-11T09:43:54+00:00 [queued]>
[2025-03-11T09:43:56.983+0000] {taskinstance.py:1159} INFO - Dependencies all met for dep_context=requeueable deps ti=<TaskInstance: ingest_bronze_layer_dag.fetch_purchases manual__2025-03-11T09:43:54+00:00 [queued]>
[2025-03-11T09:43:56.983+0000] {taskinstance.py:1361} INFO - Starting attempt 1 of 1
[2025-03-11T09:43:56.989+0000] {taskinstance.py:1382} INFO - Executing <Task(_PythonDecoratedOperator): fetch_purchases> on 2025-03-11 09:43:54+00:00
[2025-03-11T09:43:56.991+0000] {standard_task_runner.py:57} INFO - Started process 8668 to run task
[2025-03-11T09:43:56.993+0000] {standard_task_runner.py:84} INFO - Running: ['***', 'tasks', 'run', 'ingest_bronze_layer_dag', 'fetch_purchases', 'manual__2025-03-11T09:43:54+00:00', '--job-id', '191', '--raw', '--subdir', 'DAGS_FOLDER/ingesting_pipeline.py', '--cfg-path', '/tmp/tmpn75ozgrw']
[2025-03-11T09:43:56.995+0000] {standard_task_runner.py:85} INFO - Job 191: Subtask fetch_purchases
[2025-03-11T09:43:57.013+0000] {task_command.py:416} INFO - Running <TaskInstance: ingest_bronze_layer_dag.fetch_purchases manual__2025-03-11T09:43:54+00:00 [running]> on host 41ccd9d1769c
[2025-03-11T09:43:57.232+0000] {taskinstance.py:1662} INFO - Exporting env vars: AIRFLOW_CTX_DAG_OWNER='Andrew Tran' AIRFLOW_CTX_DAG_ID='ingest_bronze_layer_dag' AIRFLOW_CTX_TASK_ID='fetch_purchases' AIRFLOW_CTX_EXECUTION_DATE='2025-03-11T09:43:54+00:00' AIRFLOW_CTX_TRY_NUMBER='1' AIRFLOW_CTX_DAG_RUN_ID='manual__2025-03-11T09:43:54+00:00'
[2025-03-11T09:43:57.233+0000] {logging_mixin.py:154} INFO - ANDREW - task_id: {task_id}, current_run_id: {current_run_id}
[2025-03-11T09:43:57.236+0000] {logging_mixin.py:154} INFO - ANDREW - No running instances found for task_id: {task_id}
[2025-03-11T09:43:57.241+0000] {base.py:73} INFO - Using connection ID 'postgres_source_db' for task execution.
[2025-03-11T09:52:22.378+0000] {warnings.py:109} WARNING - /opt/***/dags/ingesting_pipeline.py:177: UserWarning: pandas only supports SQLAlchemy connectable (engine/connection) or database string URI or sqlite3 DBAPI2 connection. Other DBAPI2 objects are not tested. Please consider using SQLAlchemy.
  

[2025-03-11T09:52:22.414+0000] {logging_mixin.py:154} INFO - DataFrame:             timestamp  ...                     extracted_at
0 2022-04-01 22:53:05  ... 2025-03-11 09:52:22.385029+00:00
1 2022-04-01 22:53:05  ... 2025-03-11 09:52:22.385029+00:00
2 2022-04-01 19:03:22  ... 2025-03-11 09:52:22.385029+00:00
3 2022-04-03 17:17:38  ... 2025-03-11 09:52:22.385029+00:00
4 2022-04-02 11:53:15  ... 2025-03-11 09:52:22.385029+00:00

[5 rows x 7 columns]
[2025-03-11T09:52:22.424+0000] {base.py:73} INFO - Using connection ID 'postgres_warehouse_db' for task execution.
[2025-03-11T09:52:22.424+0000] {logging_mixin.py:154} INFO - URI: postgresql://***:***@postgres:5432/warehouse_db?__extra__=%7B%7D
[2025-03-11T09:52:22.431+0000] {base.py:73} INFO - Using connection ID 'postgres_warehouse_db' for task execution.
[2025-03-11T09:52:22.447+0000] {python.py:194} INFO - Done. Returned value was: Inserted 76 rows into bronze_purchases
[2025-03-11T09:52:22.462+0000] {taskinstance.py:1400} INFO - Marking task as SUCCESS. dag_id=ingest_bronze_layer_dag, task_id=fetch_purchases, execution_date=20250311T094354, start_date=20250311T094356, end_date=20250311T095222
[2025-03-11T09:52:22.521+0000] {local_task_job_runner.py:228} INFO - Task exited with return code 0
[2025-03-11T09:52:22.675+0000] {taskinstance.py:2778} INFO - 0 downstream tasks scheduled from follow-on schedule check
