[2025-03-13T17:07:44.309+0000] {taskinstance.py:1159} INFO - Dependencies all met for dep_context=non-requeueable deps ti=<TaskInstance: five_mins_processing_pipeline.transform_silver_5mins_incremental scheduled__2025-03-13T17:00:00+00:00 [queued]>
[2025-03-13T17:07:44.314+0000] {taskinstance.py:1159} INFO - Dependencies all met for dep_context=requeueable deps ti=<TaskInstance: five_mins_processing_pipeline.transform_silver_5mins_incremental scheduled__2025-03-13T17:00:00+00:00 [queued]>
[2025-03-13T17:07:44.314+0000] {taskinstance.py:1361} INFO - Starting attempt 1 of 1
[2025-03-13T17:07:44.320+0000] {taskinstance.py:1382} INFO - Executing <Task(BashOperator): transform_silver_5mins_incremental> on 2025-03-13 17:00:00+00:00
[2025-03-13T17:07:44.323+0000] {standard_task_runner.py:57} INFO - Started process 76466 to run task
[2025-03-13T17:07:44.324+0000] {standard_task_runner.py:84} INFO - Running: ['***', 'tasks', 'run', 'five_mins_processing_pipeline', 'transform_silver_5mins_incremental', 'scheduled__2025-03-13T17:00:00+00:00', '--job-id', '3609', '--raw', '--subdir', 'DAGS_FOLDER/five_mins_processing_pipeline.py', '--cfg-path', '/tmp/tmp7wcl3u9p']
[2025-03-13T17:07:44.326+0000] {standard_task_runner.py:85} INFO - Job 3609: Subtask transform_silver_5mins_incremental
[2025-03-13T17:07:44.354+0000] {task_command.py:416} INFO - Running <TaskInstance: five_mins_processing_pipeline.transform_silver_5mins_incremental scheduled__2025-03-13T17:00:00+00:00 [running]> on host c8e526380ef3
[2025-03-13T17:07:44.638+0000] {taskinstance.py:1662} INFO - Exporting env vars: AIRFLOW_CTX_DAG_OWNER='Andrew Tran' AIRFLOW_CTX_DAG_ID='five_mins_processing_pipeline' AIRFLOW_CTX_TASK_ID='transform_silver_5mins_incremental' AIRFLOW_CTX_EXECUTION_DATE='2025-03-13T17:00:00+00:00' AIRFLOW_CTX_TRY_NUMBER='1' AIRFLOW_CTX_DAG_RUN_ID='scheduled__2025-03-13T17:00:00+00:00'
[2025-03-13T17:07:44.640+0000] {subprocess.py:63} INFO - Tmp dir root location: /tmp
[2025-03-13T17:07:44.641+0000] {subprocess.py:75} INFO - Running command: ['/bin/bash', '-c', 'cd /opt/***/dbt/playstudio_project && export WAREHOUSE_HOST=None && export WAREHOUSE_PASSWORD=None && export WAREHOUSE_USER=None && dbt deps && dbt run --select tag:silver_5mins_incremental --target prod']
[2025-03-13T17:07:44.657+0000] {subprocess.py:86} INFO - Output:
[2025-03-13T17:07:47.899+0000] {subprocess.py:93} INFO - [0m17:07:47  Running with dbt=1.7.18
[2025-03-13T17:07:49.708+0000] {subprocess.py:93} INFO - [0m17:07:49  Installing dbt-labs/dbt_utils
[2025-03-13T17:07:50.482+0000] {subprocess.py:93} INFO - [0m17:07:50  Installed from version 1.1.1
[2025-03-13T17:07:50.483+0000] {subprocess.py:93} INFO - [0m17:07:50  Updated version available: 1.3.0
[2025-03-13T17:07:50.484+0000] {subprocess.py:93} INFO - [0m17:07:50  Installing metaplane/dbt_expectations
[2025-03-13T17:07:52.871+0000] {subprocess.py:93} INFO - [0m17:07:52  Installed from version 0.10.8
[2025-03-13T17:07:52.872+0000] {subprocess.py:93} INFO - [0m17:07:52  Up to date!
[2025-03-13T17:07:52.874+0000] {subprocess.py:93} INFO - [0m17:07:52  Installing godatadriven/dbt_date
[2025-03-13T17:07:54.299+0000] {subprocess.py:93} INFO - [0m17:07:54  Installed from version 0.11.0
[2025-03-13T17:07:54.300+0000] {subprocess.py:93} INFO - [0m17:07:54  Up to date!
[2025-03-13T17:07:54.300+0000] {subprocess.py:93} INFO - [0m17:07:54
[2025-03-13T17:07:54.300+0000] {subprocess.py:93} INFO - [0m17:07:54  Updates available for packages: ['dbt-labs/dbt_utils']
[2025-03-13T17:07:54.300+0000] {subprocess.py:93} INFO - Update your versions in packages.yml, then run dbt deps
[2025-03-13T17:07:57.218+0000] {subprocess.py:93} INFO - [0m17:07:57  Running with dbt=1.7.18
[2025-03-13T17:07:57.364+0000] {subprocess.py:93} INFO - [0m17:07:57  Registered adapter: postgres=1.7.18
[2025-03-13T17:07:57.436+0000] {subprocess.py:93} INFO - [0m17:07:57  Unable to do partial parsing because of a version mismatch
[2025-03-13T17:07:59.349+0000] {subprocess.py:93} INFO - [0m17:07:59  [[33mWARNING[0m]: Configuration paths exist in your dbt_project.yml file which do not apply to any resources.
[2025-03-13T17:07:59.351+0000] {subprocess.py:93} INFO - There are 1 unused configuration paths:
[2025-03-13T17:07:59.351+0000] {subprocess.py:93} INFO - - models.playstudio_project.bronze_layer
[2025-03-13T17:07:59.433+0000] {subprocess.py:93} INFO - [0m17:07:59  Found 3 models, 67 tests, 2 sources, 0 exposures, 0 metrics, 783 macros, 0 groups, 0 semantic models
[2025-03-13T17:07:59.438+0000] {subprocess.py:93} INFO - [0m17:07:59
[2025-03-13T17:07:59.654+0000] {subprocess.py:93} INFO - [0m17:07:59  Concurrency: 1 threads (target='prod')
[2025-03-13T17:07:59.656+0000] {subprocess.py:93} INFO - [0m17:07:59
[2025-03-13T17:07:59.663+0000] {subprocess.py:93} INFO - [0m17:07:59  1 of 1 START sql incremental model silver_layer.silver_purchases ............... [RUN]
[2025-03-13T17:08:00.039+0000] {subprocess.py:93} INFO - [0m17:08:00  1 of 1 OK created sql incremental model silver_layer.silver_purchases .......... [[32mINSERT 0 1[0m in 0.37s]
[2025-03-13T17:08:00.050+0000] {subprocess.py:93} INFO - [0m17:08:00
[2025-03-13T17:08:00.050+0000] {subprocess.py:93} INFO - [0m17:08:00  Finished running 1 incremental model in 0 hours 0 minutes and 0.61 seconds (0.61s).
[2025-03-13T17:08:00.066+0000] {subprocess.py:93} INFO - [0m17:08:00
[2025-03-13T17:08:00.068+0000] {subprocess.py:93} INFO - [0m17:08:00  [32mCompleted successfully[0m
[2025-03-13T17:08:00.069+0000] {subprocess.py:93} INFO - [0m17:08:00
[2025-03-13T17:08:00.069+0000] {subprocess.py:93} INFO - [0m17:08:00  Done. PASS=1 WARN=0 ERROR=0 SKIP=0 TOTAL=1
[2025-03-13T17:08:01.439+0000] {subprocess.py:97} INFO - Command exited with return code 0
[2025-03-13T17:08:01.495+0000] {taskinstance.py:1400} INFO - Marking task as SUCCESS. dag_id=five_mins_processing_pipeline, task_id=transform_silver_5mins_incremental, execution_date=20250313T170000, start_date=20250313T170744, end_date=20250313T170801
[2025-03-13T17:08:01.617+0000] {local_task_job_runner.py:228} INFO - Task exited with return code 0
[2025-03-13T17:08:01.951+0000] {taskinstance.py:2778} INFO - 1 downstream tasks scheduled from follow-on schedule check
