[2025-03-12T06:41:07.132+0000] {taskinstance.py:1159} INFO - Dependencies all met for dep_context=non-requeueable deps ti=<TaskInstance: process_bronze_and_silver_layer.check_hourly_data_freshness manual__2025-03-12T06:40:39+00:00 [queued]>
[2025-03-12T06:41:07.142+0000] {taskinstance.py:1159} INFO - Dependencies all met for dep_context=requeueable deps ti=<TaskInstance: process_bronze_and_silver_layer.check_hourly_data_freshness manual__2025-03-12T06:40:39+00:00 [queued]>
[2025-03-12T06:41:07.143+0000] {taskinstance.py:1361} INFO - Starting attempt 1 of 1
[2025-03-12T06:41:07.309+0000] {taskinstance.py:1382} INFO - Executing <Task(_PythonDecoratedOperator): check_hourly_data_freshness> on 2025-03-12 06:40:39+00:00
[2025-03-12T06:41:07.316+0000] {standard_task_runner.py:57} INFO - Started process 17540 to run task
[2025-03-12T06:41:07.320+0000] {standard_task_runner.py:84} INFO - Running: ['***', 'tasks', 'run', 'process_bronze_and_silver_layer', 'check_hourly_data_freshness', 'manual__2025-03-12T06:40:39+00:00', '--job-id', '1426', '--raw', '--subdir', 'DAGS_FOLDER/5mins_processing_pipeline.py', '--cfg-path', '/tmp/tmplnk5ki39']
[2025-03-12T06:41:07.323+0000] {standard_task_runner.py:85} INFO - Job 1426: Subtask check_hourly_data_freshness
[2025-03-12T06:41:07.383+0000] {task_command.py:416} INFO - Running <TaskInstance: process_bronze_and_silver_layer.check_hourly_data_freshness manual__2025-03-12T06:40:39+00:00 [running]> on host c8e526380ef3
[2025-03-12T06:41:07.450+0000] {taskinstance.py:1662} INFO - Exporting env vars: AIRFLOW_CTX_DAG_OWNER='Andrew Tran' AIRFLOW_CTX_DAG_ID='process_bronze_and_silver_layer' AIRFLOW_CTX_TASK_ID='check_hourly_data_freshness' AIRFLOW_CTX_EXECUTION_DATE='2025-03-12T06:40:39+00:00' AIRFLOW_CTX_TRY_NUMBER='1' AIRFLOW_CTX_DAG_RUN_ID='manual__2025-03-12T06:40:39+00:00'
[2025-03-12T06:41:07.462+0000] {5mins_processing_pipeline.py:128} INFO - Getting latest updated_at from bronze_layer.bronze_spins_hourly
[2025-03-12T06:41:07.462+0000] {5mins_processing_pipeline.py:101} INFO - Executing query: SELECT MAX(updated_at) FROM bronze_layer.bronze_spins_hourly
[2025-03-12T06:41:07.467+0000] {base.py:73} INFO - Using connection ID 'postgres_warehouse_db' for task execution.
[2025-03-12T06:41:07.473+0000] {warnings.py:109} WARNING - /opt/***/dags/5mins_processing_pipeline.py:104: UserWarning: pandas only supports SQLAlchemy connectable (engine/connection) or database string URI or sqlite3 DBAPI2 connection. Other DBAPI2 objects are not tested. Please consider using SQLAlchemy.
  df = pd.read_sql(query, conn)

[2025-03-12T06:41:07.479+0000] {5mins_processing_pipeline.py:105} INFO - Query executed successfully. Retrieved 1 rows.
[2025-03-12T06:41:07.481+0000] {5mins_processing_pipeline.py:136} INFO - Latest updated_at: 2025-03-11 17:53:01.567076
[2025-03-12T06:41:07.482+0000] {5mins_processing_pipeline.py:383} INFO - Hourly data is stale. Latest update: 2025-03-11 17:53:01.567076, Threshold: 2025-03-12 05:41:07.481548 - Will trigger with FULL REFRESH due to 5-min pipeline being in full refresh mode
[2025-03-12T06:41:07.482+0000] {logging_mixin.py:154} INFO - {'needs_hourly_refresh': True, 'is_full_refresh': True, 'latest_update': datetime.datetime(2025, 3, 11, 17, 53, 1, 567076)}
[2025-03-12T06:41:07.482+0000] {python.py:194} INFO - Done. Returned value was: {'needs_hourly_refresh': True, 'is_full_refresh': True, 'latest_update': datetime.datetime(2025, 3, 11, 17, 53, 1, 567076)}
[2025-03-12T06:41:07.508+0000] {taskinstance.py:1400} INFO - Marking task as SUCCESS. dag_id=process_bronze_and_silver_layer, task_id=check_hourly_data_freshness, execution_date=20250312T064039, start_date=20250312T064107, end_date=20250312T064107
[2025-03-12T06:41:07.586+0000] {local_task_job_runner.py:228} INFO - Task exited with return code 0
[2025-03-12T06:41:07.641+0000] {taskinstance.py:2778} INFO - 0 downstream tasks scheduled from follow-on schedule check
