[2025-03-11T09:30:00.504+0000] {taskinstance.py:1159} INFO - Dependencies all met for dep_context=non-requeueable deps ti=<TaskInstance: ingest_bronze_layer_dag.get_task_instance_info scheduled__2025-03-11T09:25:00+00:00 [queued]>
[2025-03-11T09:30:00.509+0000] {taskinstance.py:1159} INFO - Dependencies all met for dep_context=requeueable deps ti=<TaskInstance: ingest_bronze_layer_dag.get_task_instance_info scheduled__2025-03-11T09:25:00+00:00 [queued]>
[2025-03-11T09:30:00.509+0000] {taskinstance.py:1361} INFO - Starting attempt 1 of 1
[2025-03-11T09:30:00.519+0000] {taskinstance.py:1382} INFO - Executing <Task(_PythonDecoratedOperator): get_task_instance_info> on 2025-03-11 09:25:00+00:00
[2025-03-11T09:30:00.524+0000] {standard_task_runner.py:57} INFO - Started process 8132 to run task
[2025-03-11T09:30:00.541+0000] {standard_task_runner.py:84} INFO - Running: ['***', 'tasks', 'run', 'ingest_bronze_layer_dag', 'get_task_instance_info', 'scheduled__2025-03-11T09:25:00+00:00', '--job-id', '184', '--raw', '--subdir', 'DAGS_FOLDER/ingesting_pipeline.py', '--cfg-path', '/tmp/tmpc6tj922f']
[2025-03-11T09:30:00.564+0000] {standard_task_runner.py:85} INFO - Job 184: Subtask get_task_instance_info
[2025-03-11T09:30:00.599+0000] {task_command.py:416} INFO - Running <TaskInstance: ingest_bronze_layer_dag.get_task_instance_info scheduled__2025-03-11T09:25:00+00:00 [running]> on host 41ccd9d1769c
[2025-03-11T09:30:00.761+0000] {taskinstance.py:1662} INFO - Exporting env vars: AIRFLOW_CTX_DAG_OWNER='Andrew Tran' AIRFLOW_CTX_DAG_ID='ingest_bronze_layer_dag' AIRFLOW_CTX_TASK_ID='get_task_instance_info' AIRFLOW_CTX_EXECUTION_DATE='2025-03-11T09:25:00+00:00' AIRFLOW_CTX_TRY_NUMBER='1' AIRFLOW_CTX_DAG_RUN_ID='scheduled__2025-03-11T09:25:00+00:00'
[2025-03-11T09:30:00.762+0000] {taskinstance.py:1937} ERROR - Task failed with exception
Traceback (most recent call last):
  File "/home/airflow/.local/lib/python3.10/site-packages/airflow/decorators/base.py", line 221, in execute
    return_value = super().execute(context)
  File "/home/airflow/.local/lib/python3.10/site-packages/airflow/operators/python.py", line 192, in execute
    return_value = self.execute_callable()
  File "/home/airflow/.local/lib/python3.10/site-packages/airflow/operators/python.py", line 209, in execute_callable
    return self.python_callable(*self.op_args, **self.op_kwargs)
  File "/opt/airflow/dags/ingesting_pipeline.py", line 113, in task_a_function
    task_id = context['dag'].task_id
AttributeError: 'DAG' object has no attribute 'task_id'. Did you mean: 'task_ids'?
[2025-03-11T09:30:00.768+0000] {taskinstance.py:1400} INFO - Marking task as FAILED. dag_id=ingest_bronze_layer_dag, task_id=get_task_instance_info, execution_date=20250311T092500, start_date=20250311T093000, end_date=20250311T093000
[2025-03-11T09:30:00.773+0000] {standard_task_runner.py:104} ERROR - Failed to execute job 184 for task get_task_instance_info ('DAG' object has no attribute 'task_id'; 8132)
[2025-03-11T09:30:00.785+0000] {local_task_job_runner.py:228} INFO - Task exited with return code 1
[2025-03-11T09:30:00.794+0000] {taskinstance.py:2778} INFO - 0 downstream tasks scheduled from follow-on schedule check
