[2025-03-12T06:25:16.345+0000] {taskinstance.py:1159} INFO - Dependencies all met for dep_context=non-requeueable deps ti=<TaskInstance: process_bronze_and_silver_layer.transform_silver_5mins_incremental scheduled__2025-03-12T06:20:00+00:00 [queued]>
[2025-03-12T06:25:16.349+0000] {taskinstance.py:1159} INFO - Dependencies all met for dep_context=requeueable deps ti=<TaskInstance: process_bronze_and_silver_layer.transform_silver_5mins_incremental scheduled__2025-03-12T06:20:00+00:00 [queued]>
[2025-03-12T06:25:16.349+0000] {taskinstance.py:1361} INFO - Starting attempt 1 of 1
[2025-03-12T06:25:16.356+0000] {taskinstance.py:1382} INFO - Executing <Task(BashOperator): transform_silver_5mins_incremental> on 2025-03-12 06:20:00+00:00
[2025-03-12T06:25:16.359+0000] {standard_task_runner.py:57} INFO - Started process 16431 to run task
[2025-03-12T06:25:16.361+0000] {standard_task_runner.py:84} INFO - Running: ['***', 'tasks', 'run', 'process_bronze_and_silver_layer', 'transform_silver_5mins_incremental', 'scheduled__2025-03-12T06:20:00+00:00', '--job-id', '1287', '--raw', '--subdir', 'DAGS_FOLDER/5mins_processing_pipeline.py', '--cfg-path', '/tmp/tmp_0x5ipkn']
[2025-03-12T06:25:16.363+0000] {standard_task_runner.py:85} INFO - Job 1287: Subtask transform_silver_5mins_incremental
[2025-03-12T06:25:16.392+0000] {task_command.py:416} INFO - Running <TaskInstance: process_bronze_and_silver_layer.transform_silver_5mins_incremental scheduled__2025-03-12T06:20:00+00:00 [running]> on host c8e526380ef3
[2025-03-12T06:25:16.439+0000] {taskinstance.py:1662} INFO - Exporting env vars: AIRFLOW_CTX_DAG_OWNER='Andrew Tran' AIRFLOW_CTX_DAG_ID='process_bronze_and_silver_layer' AIRFLOW_CTX_TASK_ID='transform_silver_5mins_incremental' AIRFLOW_CTX_EXECUTION_DATE='2025-03-12T06:20:00+00:00' AIRFLOW_CTX_TRY_NUMBER='1' AIRFLOW_CTX_DAG_RUN_ID='scheduled__2025-03-12T06:20:00+00:00'
[2025-03-12T06:25:16.440+0000] {subprocess.py:63} INFO - Tmp dir root location: /tmp
[2025-03-12T06:25:16.440+0000] {subprocess.py:75} INFO - Running command: ['/bin/bash', '-c', 'cd /opt/***/dbt/playstudio_project && export WAREHOUSE_HOST=None && export WAREHOUSE_PASSWORD=None && export WAREHOUSE_USER=None && dbt run --select tag:silver_5mins_incremental --target prod']
[2025-03-12T06:25:16.449+0000] {subprocess.py:86} INFO - Output:
[2025-03-12T06:25:17.829+0000] {subprocess.py:93} INFO - [0m06:25:17  Running with dbt=1.7.18
[2025-03-12T06:25:17.935+0000] {subprocess.py:93} INFO - [0m06:25:17  Registered adapter: postgres=1.7.18
[2025-03-12T06:25:17.954+0000] {subprocess.py:93} INFO - [0m06:25:17  [[33mWARNING[0m]: Configuration paths exist in your dbt_project.yml file which do not apply to any resources.
[2025-03-12T06:25:17.954+0000] {subprocess.py:93} INFO - There are 1 unused configuration paths:
[2025-03-12T06:25:17.954+0000] {subprocess.py:93} INFO - - models.playstudio_project.example
[2025-03-12T06:25:17.965+0000] {subprocess.py:93} INFO - [0m06:25:17  Found 2 models, 2 sources, 0 exposures, 0 metrics, 401 macros, 0 groups, 0 semantic models
[2025-03-12T06:25:17.965+0000] {subprocess.py:93} INFO - [0m06:25:17
[2025-03-12T06:25:18.019+0000] {subprocess.py:93} INFO - [0m06:25:18  Concurrency: 1 threads (target='prod')
[2025-03-12T06:25:18.019+0000] {subprocess.py:93} INFO - [0m06:25:18
[2025-03-12T06:25:18.023+0000] {subprocess.py:93} INFO - [0m06:25:18  1 of 1 START sql incremental model silver_layer.silver_purchases ............... [RUN]
[2025-03-12T06:25:18.113+0000] {subprocess.py:93} INFO - [0m06:25:18  1 of 1 OK created sql incremental model silver_layer.silver_purchases .......... [[32mINSERT 0 36[0m in 0.09s]
[2025-03-12T06:25:18.119+0000] {subprocess.py:93} INFO - [0m06:25:18
[2025-03-12T06:25:18.119+0000] {subprocess.py:93} INFO - [0m06:25:18  Finished running 1 incremental model in 0 hours 0 minutes and 0.15 seconds (0.15s).
[2025-03-12T06:25:18.125+0000] {subprocess.py:93} INFO - [0m06:25:18
[2025-03-12T06:25:18.125+0000] {subprocess.py:93} INFO - [0m06:25:18  [32mCompleted successfully[0m
[2025-03-12T06:25:18.125+0000] {subprocess.py:93} INFO - [0m06:25:18
[2025-03-12T06:25:18.125+0000] {subprocess.py:93} INFO - [0m06:25:18  Done. PASS=1 WARN=0 ERROR=0 SKIP=0 TOTAL=1
[2025-03-12T06:25:20.241+0000] {subprocess.py:97} INFO - Command exited with return code 0
[2025-03-12T06:25:20.338+0000] {taskinstance.py:1400} INFO - Marking task as SUCCESS. dag_id=process_bronze_and_silver_layer, task_id=transform_silver_5mins_incremental, execution_date=20250312T062000, start_date=20250312T062516, end_date=20250312T062520
[2025-03-12T06:25:20.386+0000] {local_task_job_runner.py:228} INFO - Task exited with return code 0
[2025-03-12T06:25:20.401+0000] {taskinstance.py:2778} INFO - 1 downstream tasks scheduled from follow-on schedule check
