[2025-03-11T16:50:24.042+0000] {taskinstance.py:1159} INFO - Dependencies all met for dep_context=non-requeueable deps ti=<TaskInstance: process_bronze_and_silver_layer.transform_silver_5mins_incremental scheduled__2025-03-11T16:45:00+00:00 [queued]>
[2025-03-11T16:50:24.046+0000] {taskinstance.py:1159} INFO - Dependencies all met for dep_context=requeueable deps ti=<TaskInstance: process_bronze_and_silver_layer.transform_silver_5mins_incremental scheduled__2025-03-11T16:45:00+00:00 [queued]>
[2025-03-11T16:50:24.046+0000] {taskinstance.py:1361} INFO - Starting attempt 1 of 1
[2025-03-11T16:50:24.053+0000] {taskinstance.py:1382} INFO - Executing <Task(BashOperator): transform_silver_5mins_incremental> on 2025-03-11 16:45:00+00:00
[2025-03-11T16:50:24.056+0000] {standard_task_runner.py:57} INFO - Started process 2191 to run task
[2025-03-11T16:50:24.057+0000] {standard_task_runner.py:84} INFO - Running: ['***', 'tasks', 'run', 'process_bronze_and_silver_layer', 'transform_silver_5mins_incremental', 'scheduled__2025-03-11T16:45:00+00:00', '--job-id', '698', '--raw', '--subdir', 'DAGS_FOLDER/5mins_processing_pipeline.py', '--cfg-path', '/tmp/tmpu17vdy8u']
[2025-03-11T16:50:24.151+0000] {standard_task_runner.py:85} INFO - Job 698: Subtask transform_silver_5mins_incremental
[2025-03-11T16:50:24.169+0000] {task_command.py:416} INFO - Running <TaskInstance: process_bronze_and_silver_layer.transform_silver_5mins_incremental scheduled__2025-03-11T16:45:00+00:00 [running]> on host c8e526380ef3
[2025-03-11T16:50:24.203+0000] {taskinstance.py:1662} INFO - Exporting env vars: AIRFLOW_CTX_DAG_OWNER='Andrew Tran' AIRFLOW_CTX_DAG_ID='process_bronze_and_silver_layer' AIRFLOW_CTX_TASK_ID='transform_silver_5mins_incremental' AIRFLOW_CTX_EXECUTION_DATE='2025-03-11T16:45:00+00:00' AIRFLOW_CTX_TRY_NUMBER='1' AIRFLOW_CTX_DAG_RUN_ID='scheduled__2025-03-11T16:45:00+00:00'
[2025-03-11T16:50:24.204+0000] {subprocess.py:63} INFO - Tmp dir root location: /tmp
[2025-03-11T16:50:24.205+0000] {subprocess.py:75} INFO - Running command: ['/bin/bash', '-c', 'cd /opt/***/dbt/playstudio_project && export WAREHOUSE_HOST=None && export WAREHOUSE_PASSWORD=None && export WAREHOUSE_USER=None && dbt run --select tag:silver_5mins_incremental --target prod']
[2025-03-11T16:50:24.211+0000] {subprocess.py:86} INFO - Output:
[2025-03-11T16:50:25.619+0000] {subprocess.py:93} INFO - [0m16:50:25  Running with dbt=1.7.18
[2025-03-11T16:50:25.722+0000] {subprocess.py:93} INFO - [0m16:50:25  Registered adapter: postgres=1.7.18
[2025-03-11T16:50:25.739+0000] {subprocess.py:93} INFO - [0m16:50:25  [[33mWARNING[0m]: Configuration paths exist in your dbt_project.yml file which do not apply to any resources.
[2025-03-11T16:50:25.739+0000] {subprocess.py:93} INFO - There are 1 unused configuration paths:
[2025-03-11T16:50:25.739+0000] {subprocess.py:93} INFO - - models.playstudio_project.example
[2025-03-11T16:50:25.750+0000] {subprocess.py:93} INFO - [0m16:50:25  Found 1 model, 2 sources, 0 exposures, 0 metrics, 401 macros, 0 groups, 0 semantic models
[2025-03-11T16:50:25.750+0000] {subprocess.py:93} INFO - [0m16:50:25
[2025-03-11T16:50:25.807+0000] {subprocess.py:93} INFO - [0m16:50:25  Concurrency: 1 threads (target='prod')
[2025-03-11T16:50:25.808+0000] {subprocess.py:93} INFO - [0m16:50:25
[2025-03-11T16:50:25.812+0000] {subprocess.py:93} INFO - [0m16:50:25  1 of 1 START sql incremental model silver_layer.silver_purchases ............... [RUN]
[2025-03-11T16:50:25.904+0000] {subprocess.py:93} INFO - [0m16:50:25  1 of 1 OK created sql incremental model silver_layer.silver_purchases .......... [[32mINSERT 0 36[0m in 0.09s]
[2025-03-11T16:50:25.909+0000] {subprocess.py:93} INFO - [0m16:50:25
[2025-03-11T16:50:25.910+0000] {subprocess.py:93} INFO - [0m16:50:25  Finished running 1 incremental model in 0 hours 0 minutes and 0.16 seconds (0.16s).
[2025-03-11T16:50:25.916+0000] {subprocess.py:93} INFO - [0m16:50:25
[2025-03-11T16:50:25.916+0000] {subprocess.py:93} INFO - [0m16:50:25  [32mCompleted successfully[0m
[2025-03-11T16:50:25.916+0000] {subprocess.py:93} INFO - [0m16:50:25
[2025-03-11T16:50:25.916+0000] {subprocess.py:93} INFO - [0m16:50:25  Done. PASS=1 WARN=0 ERROR=0 SKIP=0 TOTAL=1
[2025-03-11T16:50:27.577+0000] {subprocess.py:97} INFO - Command exited with return code 0
[2025-03-11T16:50:27.593+0000] {taskinstance.py:1400} INFO - Marking task as SUCCESS. dag_id=process_bronze_and_silver_layer, task_id=transform_silver_5mins_incremental, execution_date=20250311T164500, start_date=20250311T165024, end_date=20250311T165027
[2025-03-11T16:50:27.613+0000] {local_task_job_runner.py:228} INFO - Task exited with return code 0
[2025-03-11T16:50:27.727+0000] {taskinstance.py:2778} INFO - 0 downstream tasks scheduled from follow-on schedule check
