[2025-03-12T06:37:41.541+0000] {taskinstance.py:1159} INFO - Dependencies all met for dep_context=non-requeueable deps ti=<TaskInstance: hourly_processing_pipeline.check_refresh_mode manual__2025-03-12T06:37:39.615854+00:00 [queued]>
[2025-03-12T06:37:41.545+0000] {taskinstance.py:1159} INFO - Dependencies all met for dep_context=requeueable deps ti=<TaskInstance: hourly_processing_pipeline.check_refresh_mode manual__2025-03-12T06:37:39.615854+00:00 [queued]>
[2025-03-12T06:37:41.545+0000] {taskinstance.py:1361} INFO - Starting attempt 1 of 1
[2025-03-12T06:37:41.554+0000] {taskinstance.py:1382} INFO - Executing <Task(_PythonDecoratedOperator): check_refresh_mode> on 2025-03-12 06:37:39.615854+00:00
[2025-03-12T06:37:41.556+0000] {standard_task_runner.py:57} INFO - Started process 17266 to run task
[2025-03-12T06:37:41.559+0000] {standard_task_runner.py:84} INFO - Running: ['***', 'tasks', 'run', 'hourly_processing_pipeline', 'check_refresh_mode', 'manual__2025-03-12T06:37:39.615854+00:00', '--job-id', '1390', '--raw', '--subdir', 'DAGS_FOLDER/hourly_processing_pipeline.py', '--cfg-path', '/tmp/tmpx9nvy4zm']
[2025-03-12T06:37:41.562+0000] {standard_task_runner.py:85} INFO - Job 1390: Subtask check_refresh_mode
[2025-03-12T06:37:41.730+0000] {task_command.py:416} INFO - Running <TaskInstance: hourly_processing_pipeline.check_refresh_mode manual__2025-03-12T06:37:39.615854+00:00 [running]> on host c8e526380ef3
[2025-03-12T06:37:41.777+0000] {taskinstance.py:1662} INFO - Exporting env vars: AIRFLOW_CTX_DAG_OWNER='Andrew Tran' AIRFLOW_CTX_DAG_ID='hourly_processing_pipeline' AIRFLOW_CTX_TASK_ID='check_refresh_mode' AIRFLOW_CTX_EXECUTION_DATE='2025-03-12T06:37:39.615854+00:00' AIRFLOW_CTX_TRY_NUMBER='1' AIRFLOW_CTX_DAG_RUN_ID='manual__2025-03-12T06:37:39.615854+00:00'
[2025-03-12T06:37:41.778+0000] {logging_mixin.py:154} INFO - andrew {'source': '5min_trigger', 'is_full_refresh': 'False'}
[2025-03-12T06:37:41.778+0000] {hourly_processing_pipeline.py:207} INFO - Using triggered conf: is_full_refresh=True
[2025-03-12T06:37:41.778+0000] {hourly_processing_pipeline.py:213} INFO - Refresh mode: Full Refresh
[2025-03-12T06:37:41.778+0000] {hourly_processing_pipeline.py:124} INFO - Getting latest updated_at from bronze_layer.bronze_spins_hourly
[2025-03-12T06:37:41.778+0000] {hourly_processing_pipeline.py:97} INFO - Executing query: SELECT MAX(updated_at) FROM bronze_layer.bronze_spins_hourly
[2025-03-12T06:37:41.781+0000] {base.py:73} INFO - Using connection ID 'postgres_warehouse_db' for task execution.
[2025-03-12T06:37:41.785+0000] {warnings.py:109} WARNING - /opt/***/dags/hourly_processing_pipeline.py:100: UserWarning: pandas only supports SQLAlchemy connectable (engine/connection) or database string URI or sqlite3 DBAPI2 connection. Other DBAPI2 objects are not tested. Please consider using SQLAlchemy.
  df = pd.read_sql(query, conn)

[2025-03-12T06:37:41.787+0000] {hourly_processing_pipeline.py:101} INFO - Query executed successfully. Retrieved 1 rows.
[2025-03-12T06:37:41.788+0000] {hourly_processing_pipeline.py:132} INFO - Latest updated_at: 2025-03-11 17:53:01.567076
[2025-03-12T06:37:41.788+0000] {python.py:194} INFO - Done. Returned value was: {'is_full_refresh': True, 'latest_updated_at': '2025-03-11 17:53:01.567076', 'is_first_run': False}
[2025-03-12T06:37:41.800+0000] {taskinstance.py:1400} INFO - Marking task as SUCCESS. dag_id=hourly_processing_pipeline, task_id=check_refresh_mode, execution_date=20250312T063739, start_date=20250312T063741, end_date=20250312T063741
[2025-03-12T06:37:41.835+0000] {local_task_job_runner.py:228} INFO - Task exited with return code 0
[2025-03-12T06:37:42.115+0000] {taskinstance.py:2778} INFO - 1 downstream tasks scheduled from follow-on schedule check
