[2025-03-13T17:15:08.847+0000] {taskinstance.py:1159} INFO - Dependencies all met for dep_context=non-requeueable deps ti=<TaskInstance: five_mins_processing_pipeline.transform_silver_5mins_incremental scheduled__2025-03-13T17:10:00+00:00 [queued]>
[2025-03-13T17:15:08.851+0000] {taskinstance.py:1159} INFO - Dependencies all met for dep_context=requeueable deps ti=<TaskInstance: five_mins_processing_pipeline.transform_silver_5mins_incremental scheduled__2025-03-13T17:10:00+00:00 [queued]>
[2025-03-13T17:15:08.851+0000] {taskinstance.py:1361} INFO - Starting attempt 1 of 1
[2025-03-13T17:15:08.858+0000] {taskinstance.py:1382} INFO - Executing <Task(BashOperator): transform_silver_5mins_incremental> on 2025-03-13 17:10:00+00:00
[2025-03-13T17:15:08.860+0000] {standard_task_runner.py:57} INFO - Started process 76881 to run task
[2025-03-13T17:15:08.862+0000] {standard_task_runner.py:84} INFO - Running: ['***', 'tasks', 'run', 'five_mins_processing_pipeline', 'transform_silver_5mins_incremental', 'scheduled__2025-03-13T17:10:00+00:00', '--job-id', '3637', '--raw', '--subdir', 'DAGS_FOLDER/five_mins_processing_pipeline.py', '--cfg-path', '/tmp/tmpbwxgzw1y']
[2025-03-13T17:15:08.864+0000] {standard_task_runner.py:85} INFO - Job 3637: Subtask transform_silver_5mins_incremental
[2025-03-13T17:15:08.887+0000] {task_command.py:416} INFO - Running <TaskInstance: five_mins_processing_pipeline.transform_silver_5mins_incremental scheduled__2025-03-13T17:10:00+00:00 [running]> on host c8e526380ef3
[2025-03-13T17:15:09.078+0000] {taskinstance.py:1662} INFO - Exporting env vars: AIRFLOW_CTX_DAG_OWNER='Andrew Tran' AIRFLOW_CTX_DAG_ID='five_mins_processing_pipeline' AIRFLOW_CTX_TASK_ID='transform_silver_5mins_incremental' AIRFLOW_CTX_EXECUTION_DATE='2025-03-13T17:10:00+00:00' AIRFLOW_CTX_TRY_NUMBER='1' AIRFLOW_CTX_DAG_RUN_ID='scheduled__2025-03-13T17:10:00+00:00'
[2025-03-13T17:15:09.080+0000] {subprocess.py:63} INFO - Tmp dir root location: /tmp
[2025-03-13T17:15:09.080+0000] {subprocess.py:75} INFO - Running command: ['/bin/bash', '-c', 'cd /opt/***/dbt/playstudio_project && export WAREHOUSE_HOST=None && export WAREHOUSE_PASSWORD=None && export WAREHOUSE_USER=None && dbt deps && dbt run --select tag:silver_5mins_incremental --target prod']
[2025-03-13T17:15:09.087+0000] {subprocess.py:86} INFO - Output:
[2025-03-13T17:15:10.746+0000] {subprocess.py:93} INFO - [0m17:15:10  Running with dbt=1.7.18
[2025-03-13T17:15:12.574+0000] {subprocess.py:93} INFO - [0m17:15:12  Installing dbt-labs/dbt_utils
[2025-03-13T17:15:13.267+0000] {subprocess.py:93} INFO - [0m17:15:13  Installed from version 1.1.1
[2025-03-13T17:15:13.267+0000] {subprocess.py:93} INFO - [0m17:15:13  Updated version available: 1.3.0
[2025-03-13T17:15:13.268+0000] {subprocess.py:93} INFO - [0m17:15:13  Installing metaplane/dbt_expectations
[2025-03-13T17:15:14.299+0000] {subprocess.py:93} INFO - [0m17:15:14  Installed from version 0.10.8
[2025-03-13T17:15:14.303+0000] {subprocess.py:93} INFO - [0m17:15:14  Up to date!
[2025-03-13T17:15:14.303+0000] {subprocess.py:93} INFO - [0m17:15:14  Installing godatadriven/dbt_date
[2025-03-13T17:15:14.945+0000] {subprocess.py:93} INFO - [0m17:15:14  Installed from version 0.11.0
[2025-03-13T17:15:14.954+0000] {subprocess.py:93} INFO - [0m17:15:14  Up to date!
[2025-03-13T17:15:14.954+0000] {subprocess.py:93} INFO - [0m17:15:14
[2025-03-13T17:15:14.955+0000] {subprocess.py:93} INFO - [0m17:15:14  Updates available for packages: ['dbt-labs/dbt_utils']
[2025-03-13T17:15:14.956+0000] {subprocess.py:93} INFO - Update your versions in packages.yml, then run dbt deps
[2025-03-13T17:15:20.134+0000] {subprocess.py:93} INFO - [0m17:15:20  Running with dbt=1.7.18
[2025-03-13T17:15:20.341+0000] {subprocess.py:93} INFO - [0m17:15:20  Registered adapter: postgres=1.7.18
[2025-03-13T17:15:20.481+0000] {subprocess.py:93} INFO - [0m17:15:20  [[33mWARNING[0m]: Configuration paths exist in your dbt_project.yml file which do not apply to any resources.
[2025-03-13T17:15:20.482+0000] {subprocess.py:93} INFO - There are 1 unused configuration paths:
[2025-03-13T17:15:20.482+0000] {subprocess.py:93} INFO - - models.playstudio_project.bronze_layer
[2025-03-13T17:15:20.504+0000] {subprocess.py:93} INFO - [0m17:15:20  Found 67 tests, 3 models, 2 sources, 0 exposures, 0 metrics, 783 macros, 0 groups, 0 semantic models
[2025-03-13T17:15:20.506+0000] {subprocess.py:93} INFO - [0m17:15:20
[2025-03-13T17:15:20.555+0000] {subprocess.py:93} INFO - [0m17:15:20  Concurrency: 1 threads (target='prod')
[2025-03-13T17:15:20.556+0000] {subprocess.py:93} INFO - [0m17:15:20
[2025-03-13T17:15:20.568+0000] {subprocess.py:93} INFO - [0m17:15:20  1 of 1 START sql incremental model silver_layer.silver_purchases ............... [RUN]
[2025-03-13T17:15:20.700+0000] {subprocess.py:93} INFO - [0m17:15:20  1 of 1 OK created sql incremental model silver_layer.silver_purchases .......... [[32mINSERT 0 1[0m in 0.13s]
[2025-03-13T17:15:20.707+0000] {subprocess.py:93} INFO - [0m17:15:20
[2025-03-13T17:15:20.707+0000] {subprocess.py:93} INFO - [0m17:15:20  Finished running 1 incremental model in 0 hours 0 minutes and 0.20 seconds (0.20s).
[2025-03-13T17:15:20.719+0000] {subprocess.py:93} INFO - [0m17:15:20
[2025-03-13T17:15:20.719+0000] {subprocess.py:93} INFO - [0m17:15:20  [32mCompleted successfully[0m
[2025-03-13T17:15:20.719+0000] {subprocess.py:93} INFO - [0m17:15:20
[2025-03-13T17:15:20.720+0000] {subprocess.py:93} INFO - [0m17:15:20  Done. PASS=1 WARN=0 ERROR=0 SKIP=0 TOTAL=1
[2025-03-13T17:15:22.369+0000] {subprocess.py:97} INFO - Command exited with return code 0
[2025-03-13T17:15:22.411+0000] {taskinstance.py:1400} INFO - Marking task as SUCCESS. dag_id=five_mins_processing_pipeline, task_id=transform_silver_5mins_incremental, execution_date=20250313T171000, start_date=20250313T171508, end_date=20250313T171522
[2025-03-13T17:15:22.472+0000] {local_task_job_runner.py:228} INFO - Task exited with return code 0
[2025-03-13T17:15:22.744+0000] {taskinstance.py:2778} INFO - 1 downstream tasks scheduled from follow-on schedule check
