[2025-03-12T02:40:04.235+0000] {taskinstance.py:1159} INFO - Dependencies all met for dep_context=non-requeueable deps ti=<TaskInstance: hourly_processing_pipeline.transform_silver_hourly_incremental manual__2025-03-12T02:39:49+00:00 [queued]>
[2025-03-12T02:40:04.239+0000] {taskinstance.py:1159} INFO - Dependencies all met for dep_context=requeueable deps ti=<TaskInstance: hourly_processing_pipeline.transform_silver_hourly_incremental manual__2025-03-12T02:39:49+00:00 [queued]>
[2025-03-12T02:40:04.239+0000] {taskinstance.py:1361} INFO - Starting attempt 1 of 1
[2025-03-12T02:40:04.249+0000] {taskinstance.py:1382} INFO - Executing <Task(BashOperator): transform_silver_hourly_incremental> on 2025-03-12 02:39:49+00:00
[2025-03-12T02:40:04.252+0000] {standard_task_runner.py:57} INFO - Started process 9432 to run task
[2025-03-12T02:40:04.256+0000] {standard_task_runner.py:84} INFO - Running: ['***', 'tasks', 'run', 'hourly_processing_pipeline', 'transform_silver_hourly_incremental', 'manual__2025-03-12T02:39:49+00:00', '--job-id', '960', '--raw', '--subdir', 'DAGS_FOLDER/hourly_processing_pipeline.py', '--cfg-path', '/tmp/tmpv4p4pbfg']
[2025-03-12T02:40:04.259+0000] {standard_task_runner.py:85} INFO - Job 960: Subtask transform_silver_hourly_incremental
[2025-03-12T02:40:04.404+0000] {task_command.py:416} INFO - Running <TaskInstance: hourly_processing_pipeline.transform_silver_hourly_incremental manual__2025-03-12T02:39:49+00:00 [running]> on host c8e526380ef3
[2025-03-12T02:40:04.438+0000] {taskinstance.py:1662} INFO - Exporting env vars: AIRFLOW_CTX_DAG_OWNER='Andrew Tran' AIRFLOW_CTX_DAG_ID='hourly_processing_pipeline' AIRFLOW_CTX_TASK_ID='transform_silver_hourly_incremental' AIRFLOW_CTX_EXECUTION_DATE='2025-03-12T02:39:49+00:00' AIRFLOW_CTX_TRY_NUMBER='1' AIRFLOW_CTX_DAG_RUN_ID='manual__2025-03-12T02:39:49+00:00'
[2025-03-12T02:40:04.439+0000] {subprocess.py:63} INFO - Tmp dir root location: /tmp
[2025-03-12T02:40:04.439+0000] {subprocess.py:75} INFO - Running command: ['/bin/bash', '-c', 'cd /opt/***/dbt/playstudio_project && export WAREHOUSE_HOST=None && export WAREHOUSE_PASSWORD=None && export WAREHOUSE_USER=None && dbt run --select tag:silver_hourly_incremental --target prod']
[2025-03-12T02:40:04.446+0000] {subprocess.py:86} INFO - Output:
[2025-03-12T02:40:06.081+0000] {subprocess.py:93} INFO - [0m02:40:06  Running with dbt=1.7.18
[2025-03-12T02:40:06.186+0000] {subprocess.py:93} INFO - [0m02:40:06  Registered adapter: postgres=1.7.18
[2025-03-12T02:40:06.294+0000] {subprocess.py:93} INFO - [0m02:40:06  [[33mWARNING[0m]: Configuration paths exist in your dbt_project.yml file which do not apply to any resources.
[2025-03-12T02:40:06.295+0000] {subprocess.py:93} INFO - There are 1 unused configuration paths:
[2025-03-12T02:40:06.295+0000] {subprocess.py:93} INFO - - models.playstudio_project.example
[2025-03-12T02:40:06.305+0000] {subprocess.py:93} INFO - [0m02:40:06  Found 2 models, 2 sources, 0 exposures, 0 metrics, 401 macros, 0 groups, 0 semantic models
[2025-03-12T02:40:06.307+0000] {subprocess.py:93} INFO - [0m02:40:06
[2025-03-12T02:40:06.340+0000] {subprocess.py:93} INFO - [0m02:40:06  Concurrency: 1 threads (target='prod')
[2025-03-12T02:40:06.343+0000] {subprocess.py:93} INFO - [0m02:40:06
[2025-03-12T02:40:06.348+0000] {subprocess.py:93} INFO - [0m02:40:06  1 of 1 START sql incremental model silver_layer.silver_spins_hourly ............ [RUN]
[2025-03-12T02:40:06.408+0000] {subprocess.py:93} INFO - [0m02:40:06  1 of 1 OK created sql incremental model silver_layer.silver_spins_hourly ....... [[32mSELECT 42[0m in 0.06s]
[2025-03-12T02:40:06.413+0000] {subprocess.py:93} INFO - [0m02:40:06
[2025-03-12T02:40:06.413+0000] {subprocess.py:93} INFO - [0m02:40:06  Finished running 1 incremental model in 0 hours 0 minutes and 0.11 seconds (0.11s).
[2025-03-12T02:40:06.418+0000] {subprocess.py:93} INFO - [0m02:40:06
[2025-03-12T02:40:06.418+0000] {subprocess.py:93} INFO - [0m02:40:06  [32mCompleted successfully[0m
[2025-03-12T02:40:06.419+0000] {subprocess.py:93} INFO - [0m02:40:06
[2025-03-12T02:40:06.419+0000] {subprocess.py:93} INFO - [0m02:40:06  Done. PASS=1 WARN=0 ERROR=0 SKIP=0 TOTAL=1
[2025-03-12T02:40:07.604+0000] {subprocess.py:97} INFO - Command exited with return code 0
[2025-03-12T02:40:07.623+0000] {taskinstance.py:1400} INFO - Marking task as SUCCESS. dag_id=hourly_processing_pipeline, task_id=transform_silver_hourly_incremental, execution_date=20250312T023949, start_date=20250312T024004, end_date=20250312T024007
[2025-03-12T02:40:07.676+0000] {local_task_job_runner.py:228} INFO - Task exited with return code 0
[2025-03-12T02:40:07.825+0000] {taskinstance.py:2778} INFO - 0 downstream tasks scheduled from follow-on schedule check
