[2025-03-12T06:20:05.425+0000] {taskinstance.py:1159} INFO - Dependencies all met for dep_context=non-requeueable deps ti=<TaskInstance: process_bronze_and_silver_layer.transform_silver_5mins_incremental scheduled__2025-03-12T06:15:00+00:00 [queued]>
[2025-03-12T06:20:05.429+0000] {taskinstance.py:1159} INFO - Dependencies all met for dep_context=requeueable deps ti=<TaskInstance: process_bronze_and_silver_layer.transform_silver_5mins_incremental scheduled__2025-03-12T06:15:00+00:00 [queued]>
[2025-03-12T06:20:05.429+0000] {taskinstance.py:1361} INFO - Starting attempt 1 of 1
[2025-03-12T06:20:05.436+0000] {taskinstance.py:1382} INFO - Executing <Task(BashOperator): transform_silver_5mins_incremental> on 2025-03-12 06:15:00+00:00
[2025-03-12T06:20:05.438+0000] {standard_task_runner.py:57} INFO - Started process 16196 to run task
[2025-03-12T06:20:05.440+0000] {standard_task_runner.py:84} INFO - Running: ['***', 'tasks', 'run', 'process_bronze_and_silver_layer', 'transform_silver_5mins_incremental', 'scheduled__2025-03-12T06:15:00+00:00', '--job-id', '1276', '--raw', '--subdir', 'DAGS_FOLDER/5mins_processing_pipeline.py', '--cfg-path', '/tmp/tmpsr0gz4i0']
[2025-03-12T06:20:05.441+0000] {standard_task_runner.py:85} INFO - Job 1276: Subtask transform_silver_5mins_incremental
[2025-03-12T06:20:05.461+0000] {task_command.py:416} INFO - Running <TaskInstance: process_bronze_and_silver_layer.transform_silver_5mins_incremental scheduled__2025-03-12T06:15:00+00:00 [running]> on host c8e526380ef3
[2025-03-12T06:20:05.495+0000] {taskinstance.py:1662} INFO - Exporting env vars: AIRFLOW_CTX_DAG_OWNER='Andrew Tran' AIRFLOW_CTX_DAG_ID='process_bronze_and_silver_layer' AIRFLOW_CTX_TASK_ID='transform_silver_5mins_incremental' AIRFLOW_CTX_EXECUTION_DATE='2025-03-12T06:15:00+00:00' AIRFLOW_CTX_TRY_NUMBER='1' AIRFLOW_CTX_DAG_RUN_ID='scheduled__2025-03-12T06:15:00+00:00'
[2025-03-12T06:20:05.495+0000] {subprocess.py:63} INFO - Tmp dir root location: /tmp
[2025-03-12T06:20:05.496+0000] {subprocess.py:75} INFO - Running command: ['/bin/bash', '-c', 'cd /opt/***/dbt/playstudio_project && export WAREHOUSE_HOST=None && export WAREHOUSE_PASSWORD=None && export WAREHOUSE_USER=None && dbt run --select tag:silver_5mins_incremental --target prod']
[2025-03-12T06:20:05.501+0000] {subprocess.py:86} INFO - Output:
[2025-03-12T06:20:07.000+0000] {subprocess.py:93} INFO - [0m06:20:06  Running with dbt=1.7.18
[2025-03-12T06:20:07.121+0000] {subprocess.py:93} INFO - [0m06:20:07  Registered adapter: postgres=1.7.18
[2025-03-12T06:20:07.140+0000] {subprocess.py:93} INFO - [0m06:20:07  [[33mWARNING[0m]: Configuration paths exist in your dbt_project.yml file which do not apply to any resources.
[2025-03-12T06:20:07.140+0000] {subprocess.py:93} INFO - There are 1 unused configuration paths:
[2025-03-12T06:20:07.140+0000] {subprocess.py:93} INFO - - models.playstudio_project.example
[2025-03-12T06:20:07.153+0000] {subprocess.py:93} INFO - [0m06:20:07  Found 2 models, 2 sources, 0 exposures, 0 metrics, 401 macros, 0 groups, 0 semantic models
[2025-03-12T06:20:07.153+0000] {subprocess.py:93} INFO - [0m06:20:07
[2025-03-12T06:20:07.210+0000] {subprocess.py:93} INFO - [0m06:20:07  Concurrency: 1 threads (target='prod')
[2025-03-12T06:20:07.211+0000] {subprocess.py:93} INFO - [0m06:20:07
[2025-03-12T06:20:07.215+0000] {subprocess.py:93} INFO - [0m06:20:07  1 of 1 START sql incremental model silver_layer.silver_purchases ............... [RUN]
[2025-03-12T06:20:07.307+0000] {subprocess.py:93} INFO - [0m06:20:07  1 of 1 OK created sql incremental model silver_layer.silver_purchases .......... [[32mINSERT 0 36[0m in 0.09s]
[2025-03-12T06:20:07.313+0000] {subprocess.py:93} INFO - [0m06:20:07
[2025-03-12T06:20:07.314+0000] {subprocess.py:93} INFO - [0m06:20:07  Finished running 1 incremental model in 0 hours 0 minutes and 0.16 seconds (0.16s).
[2025-03-12T06:20:07.320+0000] {subprocess.py:93} INFO - [0m06:20:07
[2025-03-12T06:20:07.320+0000] {subprocess.py:93} INFO - [0m06:20:07  [32mCompleted successfully[0m
[2025-03-12T06:20:07.320+0000] {subprocess.py:93} INFO - [0m06:20:07
[2025-03-12T06:20:07.320+0000] {subprocess.py:93} INFO - [0m06:20:07  Done. PASS=1 WARN=0 ERROR=0 SKIP=0 TOTAL=1
[2025-03-12T06:20:08.574+0000] {subprocess.py:97} INFO - Command exited with return code 0
[2025-03-12T06:20:08.733+0000] {taskinstance.py:1400} INFO - Marking task as SUCCESS. dag_id=process_bronze_and_silver_layer, task_id=transform_silver_5mins_incremental, execution_date=20250312T061500, start_date=20250312T062005, end_date=20250312T062008
[2025-03-12T06:20:08.772+0000] {local_task_job_runner.py:228} INFO - Task exited with return code 0
[2025-03-12T06:20:08.790+0000] {taskinstance.py:2778} INFO - 1 downstream tasks scheduled from follow-on schedule check
