[2025-03-13T14:45:32.665+0000] {taskinstance.py:1159} INFO - Dependencies all met for dep_context=non-requeueable deps ti=<TaskInstance: hourly_processing_pipeline.aggregate_final_table_incremental manual__2025-03-13T14:45:20.105190+00:00 [queued]>
[2025-03-13T14:45:32.669+0000] {taskinstance.py:1159} INFO - Dependencies all met for dep_context=requeueable deps ti=<TaskInstance: hourly_processing_pipeline.aggregate_final_table_incremental manual__2025-03-13T14:45:20.105190+00:00 [queued]>
[2025-03-13T14:45:32.669+0000] {taskinstance.py:1361} INFO - Starting attempt 1 of 1
[2025-03-13T14:45:32.677+0000] {taskinstance.py:1382} INFO - Executing <Task(BashOperator): aggregate_final_table_incremental> on 2025-03-13 14:45:20.105190+00:00
[2025-03-13T14:45:32.680+0000] {standard_task_runner.py:57} INFO - Started process 70401 to run task
[2025-03-13T14:45:32.688+0000] {standard_task_runner.py:84} INFO - Running: ['***', 'tasks', 'run', 'hourly_processing_pipeline', 'aggregate_final_table_incremental', 'manual__2025-03-13T14:45:20.105190+00:00', '--job-id', '3436', '--raw', '--subdir', 'DAGS_FOLDER/hourly_processing_pipeline.py', '--cfg-path', '/tmp/tmpvfkd_ldg']
[2025-03-13T14:45:32.701+0000] {standard_task_runner.py:85} INFO - Job 3436: Subtask aggregate_final_table_incremental
[2025-03-13T14:45:32.951+0000] {task_command.py:416} INFO - Running <TaskInstance: hourly_processing_pipeline.aggregate_final_table_incremental manual__2025-03-13T14:45:20.105190+00:00 [running]> on host c8e526380ef3
[2025-03-13T14:45:33.013+0000] {taskinstance.py:1662} INFO - Exporting env vars: AIRFLOW_CTX_DAG_OWNER='Andrew Tran' AIRFLOW_CTX_DAG_ID='hourly_processing_pipeline' AIRFLOW_CTX_TASK_ID='aggregate_final_table_incremental' AIRFLOW_CTX_EXECUTION_DATE='2025-03-13T14:45:20.105190+00:00' AIRFLOW_CTX_TRY_NUMBER='1' AIRFLOW_CTX_DAG_RUN_ID='manual__2025-03-13T14:45:20.105190+00:00'
[2025-03-13T14:45:33.014+0000] {subprocess.py:63} INFO - Tmp dir root location: /tmp
[2025-03-13T14:45:33.015+0000] {subprocess.py:75} INFO - Running command: ['/bin/bash', '-c', 'cd /opt/***/dbt/playstudio_project && export WAREHOUSE_HOST=None && export WAREHOUSE_PASSWORD=None && export WAREHOUSE_USER=None && dbt run --select tag:gold_layer --target prod']
[2025-03-13T14:45:33.024+0000] {subprocess.py:86} INFO - Output:
[2025-03-13T14:45:35.265+0000] {subprocess.py:93} INFO - [0m14:45:35  Running with dbt=1.7.18
[2025-03-13T14:45:35.533+0000] {subprocess.py:93} INFO - [0m14:45:35  Registered adapter: postgres=1.7.18
[2025-03-13T14:45:35.648+0000] {subprocess.py:93} INFO - [0m14:45:35  [[33mWARNING[0m]: Configuration paths exist in your dbt_project.yml file which do not apply to any resources.
[2025-03-13T14:45:35.648+0000] {subprocess.py:93} INFO - There are 1 unused configuration paths:
[2025-03-13T14:45:35.648+0000] {subprocess.py:93} INFO - - models.playstudio_project.bronze_layer
[2025-03-13T14:45:35.671+0000] {subprocess.py:93} INFO - [0m14:45:35  Found 3 models, 19 tests, 2 sources, 0 exposures, 0 metrics, 783 macros, 0 groups, 0 semantic models
[2025-03-13T14:45:35.674+0000] {subprocess.py:93} INFO - [0m14:45:35
[2025-03-13T14:45:35.782+0000] {subprocess.py:93} INFO - [0m14:45:35  Concurrency: 1 threads (target='prod')
[2025-03-13T14:45:35.782+0000] {subprocess.py:93} INFO - [0m14:45:35
[2025-03-13T14:45:35.788+0000] {subprocess.py:93} INFO - [0m14:45:35  1 of 1 START sql incremental model gold_layer.aggregated_final_table ........... [RUN]
[2025-03-13T14:45:35.973+0000] {subprocess.py:93} INFO - [0m14:45:35  1 of 1 OK created sql incremental model gold_layer.aggregated_final_table ...... [[32mINSERT 0 1[0m in 0.18s]
[2025-03-13T14:45:35.994+0000] {subprocess.py:93} INFO - [0m14:45:35
[2025-03-13T14:45:35.994+0000] {subprocess.py:93} INFO - [0m14:45:35  Finished running 1 incremental model in 0 hours 0 minutes and 0.32 seconds (0.32s).
[2025-03-13T14:45:36.015+0000] {subprocess.py:93} INFO - [0m14:45:36
[2025-03-13T14:45:36.016+0000] {subprocess.py:93} INFO - [0m14:45:36  [32mCompleted successfully[0m
[2025-03-13T14:45:36.016+0000] {subprocess.py:93} INFO - [0m14:45:36
[2025-03-13T14:45:36.017+0000] {subprocess.py:93} INFO - [0m14:45:36  Done. PASS=1 WARN=0 ERROR=0 SKIP=0 TOTAL=1
[2025-03-13T14:45:39.627+0000] {subprocess.py:97} INFO - Command exited with return code 0
[2025-03-13T14:45:39.697+0000] {taskinstance.py:1400} INFO - Marking task as SUCCESS. dag_id=hourly_processing_pipeline, task_id=aggregate_final_table_incremental, execution_date=20250313T144520, start_date=20250313T144532, end_date=20250313T144539
[2025-03-13T14:45:39.725+0000] {local_task_job_runner.py:228} INFO - Task exited with return code 0
[2025-03-13T14:45:39.740+0000] {taskinstance.py:2778} INFO - 0 downstream tasks scheduled from follow-on schedule check
