[2025-03-12T15:46:07.707+0000] {taskinstance.py:1159} INFO - Dependencies all met for dep_context=non-requeueable deps ti=<TaskInstance: hourly_processing_pipeline.aggregate_final_table_full_refresh manual__2025-03-12T15:45:42.755830+00:00 [queued]>
[2025-03-12T15:46:07.711+0000] {taskinstance.py:1159} INFO - Dependencies all met for dep_context=requeueable deps ti=<TaskInstance: hourly_processing_pipeline.aggregate_final_table_full_refresh manual__2025-03-12T15:45:42.755830+00:00 [queued]>
[2025-03-12T15:46:07.712+0000] {taskinstance.py:1361} INFO - Starting attempt 1 of 1
[2025-03-12T15:46:07.717+0000] {taskinstance.py:1382} INFO - Executing <Task(BashOperator): aggregate_final_table_full_refresh> on 2025-03-12 15:45:42.755830+00:00
[2025-03-12T15:46:07.720+0000] {standard_task_runner.py:57} INFO - Started process 40636 to run task
[2025-03-12T15:46:07.723+0000] {standard_task_runner.py:84} INFO - Running: ['***', 'tasks', 'run', 'hourly_processing_pipeline', 'aggregate_final_table_full_refresh', 'manual__2025-03-12T15:45:42.755830+00:00', '--job-id', '3085', '--raw', '--subdir', 'DAGS_FOLDER/hourly_processing_pipeline.py', '--cfg-path', '/tmp/tmprk4bi19s']
[2025-03-12T15:46:07.725+0000] {standard_task_runner.py:85} INFO - Job 3085: Subtask aggregate_final_table_full_refresh
[2025-03-12T15:46:07.902+0000] {task_command.py:416} INFO - Running <TaskInstance: hourly_processing_pipeline.aggregate_final_table_full_refresh manual__2025-03-12T15:45:42.755830+00:00 [running]> on host c8e526380ef3
[2025-03-12T15:46:07.933+0000] {taskinstance.py:1662} INFO - Exporting env vars: AIRFLOW_CTX_DAG_OWNER='Andrew Tran' AIRFLOW_CTX_DAG_ID='hourly_processing_pipeline' AIRFLOW_CTX_TASK_ID='aggregate_final_table_full_refresh' AIRFLOW_CTX_EXECUTION_DATE='2025-03-12T15:45:42.755830+00:00' AIRFLOW_CTX_TRY_NUMBER='1' AIRFLOW_CTX_DAG_RUN_ID='manual__2025-03-12T15:45:42.755830+00:00'
[2025-03-12T15:46:07.934+0000] {subprocess.py:63} INFO - Tmp dir root location: /tmp
[2025-03-12T15:46:07.934+0000] {subprocess.py:75} INFO - Running command: ['/bin/bash', '-c', 'cd /opt/***/dbt/playstudio_project && export WAREHOUSE_HOST=None && export WAREHOUSE_PASSWORD=None && export WAREHOUSE_USER=None && dbt run --select tag:gold_layer --target prod --full-refresh']
[2025-03-12T15:46:07.941+0000] {subprocess.py:86} INFO - Output:
[2025-03-12T15:46:11.313+0000] {subprocess.py:93} INFO - [0m15:46:11  Running with dbt=1.7.18
[2025-03-12T15:46:11.949+0000] {subprocess.py:93} INFO - [0m15:46:11  Registered adapter: postgres=1.7.18
[2025-03-12T15:46:11.977+0000] {subprocess.py:93} INFO - [0m15:46:11  [[33mWARNING[0m]: Configuration paths exist in your dbt_project.yml file which do not apply to any resources.
[2025-03-12T15:46:11.977+0000] {subprocess.py:93} INFO - There are 1 unused configuration paths:
[2025-03-12T15:46:11.977+0000] {subprocess.py:93} INFO - - models.playstudio_project.bronze_layer
[2025-03-12T15:46:12.006+0000] {subprocess.py:93} INFO - [0m15:46:12  Found 3 models, 2 sources, 0 exposures, 0 metrics, 402 macros, 0 groups, 0 semantic models
[2025-03-12T15:46:12.010+0000] {subprocess.py:93} INFO - [0m15:46:12
[2025-03-12T15:46:12.146+0000] {subprocess.py:93} INFO - [0m15:46:12  Concurrency: 1 threads (target='prod')
[2025-03-12T15:46:12.146+0000] {subprocess.py:93} INFO - [0m15:46:12
[2025-03-12T15:46:12.150+0000] {subprocess.py:93} INFO - [0m15:46:12  1 of 1 START sql incremental model gold_layer.aggregated_final_table ........... [RUN]
[2025-03-12T15:46:12.228+0000] {subprocess.py:93} INFO - [0m15:46:12  1 of 1 OK created sql incremental model gold_layer.aggregated_final_table ...... [[32mSELECT 34[0m in 0.08s]
[2025-03-12T15:46:12.238+0000] {subprocess.py:93} INFO - [0m15:46:12
[2025-03-12T15:46:12.238+0000] {subprocess.py:93} INFO - [0m15:46:12  Finished running 1 incremental model in 0 hours 0 minutes and 0.23 seconds (0.23s).
[2025-03-12T15:46:12.241+0000] {subprocess.py:93} INFO - [0m15:46:12
[2025-03-12T15:46:12.242+0000] {subprocess.py:93} INFO - [0m15:46:12  [32mCompleted successfully[0m
[2025-03-12T15:46:12.242+0000] {subprocess.py:93} INFO - [0m15:46:12
[2025-03-12T15:46:12.242+0000] {subprocess.py:93} INFO - [0m15:46:12  Done. PASS=1 WARN=0 ERROR=0 SKIP=0 TOTAL=1
[2025-03-12T15:46:14.188+0000] {subprocess.py:97} INFO - Command exited with return code 0
[2025-03-12T15:46:14.227+0000] {taskinstance.py:1400} INFO - Marking task as SUCCESS. dag_id=hourly_processing_pipeline, task_id=aggregate_final_table_full_refresh, execution_date=20250312T154542, start_date=20250312T154607, end_date=20250312T154614
[2025-03-12T15:46:14.316+0000] {local_task_job_runner.py:228} INFO - Task exited with return code 0
[2025-03-12T15:46:14.476+0000] {taskinstance.py:2778} INFO - 0 downstream tasks scheduled from follow-on schedule check
