[2025-03-11T05:48:53.979+0000] {taskinstance.py:1159} INFO - Dependencies all met for dep_context=non-requeueable deps ti=<TaskInstance: ingest_bronze_layer_dag.fetch_purchases manual__2025-03-11T05:48:46+00:00 [queued]>
[2025-03-11T05:48:53.982+0000] {taskinstance.py:1159} INFO - Dependencies all met for dep_context=requeueable deps ti=<TaskInstance: ingest_bronze_layer_dag.fetch_purchases manual__2025-03-11T05:48:46+00:00 [queued]>
[2025-03-11T05:48:53.982+0000] {taskinstance.py:1361} INFO - Starting attempt 1 of 1
[2025-03-11T05:48:53.988+0000] {taskinstance.py:1382} INFO - Executing <Task(_PythonDecoratedOperator): fetch_purchases> on 2025-03-11 05:48:46+00:00
[2025-03-11T05:48:53.990+0000] {standard_task_runner.py:57} INFO - Started process 1219 to run task
[2025-03-11T05:48:53.992+0000] {standard_task_runner.py:84} INFO - Running: ['***', 'tasks', 'run', 'ingest_bronze_layer_dag', 'fetch_purchases', 'manual__2025-03-11T05:48:46+00:00', '--job-id', '73', '--raw', '--subdir', 'DAGS_FOLDER/ingesting_pipeline.py', '--cfg-path', '/tmp/tmpmo_fm7_o']
[2025-03-11T05:48:53.994+0000] {standard_task_runner.py:85} INFO - Job 73: Subtask fetch_purchases
[2025-03-11T05:48:54.014+0000] {task_command.py:416} INFO - Running <TaskInstance: ingest_bronze_layer_dag.fetch_purchases manual__2025-03-11T05:48:46+00:00 [running]> on host 41ccd9d1769c
[2025-03-11T05:48:54.177+0000] {taskinstance.py:1662} INFO - Exporting env vars: AIRFLOW_CTX_DAG_OWNER='Andrew Tran' AIRFLOW_CTX_DAG_ID='ingest_bronze_layer_dag' AIRFLOW_CTX_TASK_ID='fetch_purchases' AIRFLOW_CTX_EXECUTION_DATE='2025-03-11T05:48:46+00:00' AIRFLOW_CTX_TRY_NUMBER='1' AIRFLOW_CTX_DAG_RUN_ID='manual__2025-03-11T05:48:46+00:00'
[2025-03-11T05:48:54.181+0000] {base.py:73} INFO - Using connection ID 'postgres_source_db' for task execution.
[2025-03-11T05:48:54.185+0000] {logging_mixin.py:154} INFO - Incremental time: 2025-03-11 05:48:08
[2025-03-11T05:48:54.187+0000] {warnings.py:109} WARNING - /opt/***/dags/ingesting_pipeline.py:61: UserWarning: pandas only supports SQLAlchemy connectable (engine/connection) or database string URI or sqlite3 DBAPI2 connection. Other DBAPI2 objects are not tested. Please consider using SQLAlchemy.
  df = pd.read_sql(query, conn)

[2025-03-11T05:48:54.191+0000] {logging_mixin.py:154} INFO - DataFrame: Empty DataFrame
Columns: [timestamp, user_id, revenue, transaction_id, created_at, updated_at, extracted_at]
Index: []
[2025-03-11T05:48:54.193+0000] {base.py:73} INFO - Using connection ID 'postgres_warehouse_db' for task execution.
[2025-03-11T05:48:54.193+0000] {logging_mixin.py:154} INFO - URI: postgresql://***:***@postgres:5432/warehouse_db?__extra__=%7B%7D
[2025-03-11T05:48:54.195+0000] {base.py:73} INFO - Using connection ID 'postgres_warehouse_db' for task execution.
[2025-03-11T05:48:54.196+0000] {python.py:194} INFO - Done. Returned value was: Inserted 0 rows into bronze_purchases
[2025-03-11T05:48:54.204+0000] {taskinstance.py:1400} INFO - Marking task as SUCCESS. dag_id=ingest_bronze_layer_dag, task_id=fetch_purchases, execution_date=20250311T054846, start_date=20250311T054853, end_date=20250311T054854
[2025-03-11T05:48:54.219+0000] {local_task_job_runner.py:228} INFO - Task exited with return code 0
[2025-03-11T05:48:54.225+0000] {taskinstance.py:2778} INFO - 0 downstream tasks scheduled from follow-on schedule check
