[2025-03-12T03:05:07.163+0000] {taskinstance.py:1159} INFO - Dependencies all met for dep_context=non-requeueable deps ti=<TaskInstance: process_bronze_and_silver_layer.transform_silver_5mins_incremental scheduled__2025-03-12T03:00:00+00:00 [queued]>
[2025-03-12T03:05:07.243+0000] {taskinstance.py:1159} INFO - Dependencies all met for dep_context=requeueable deps ti=<TaskInstance: process_bronze_and_silver_layer.transform_silver_5mins_incremental scheduled__2025-03-12T03:00:00+00:00 [queued]>
[2025-03-12T03:05:07.243+0000] {taskinstance.py:1361} INFO - Starting attempt 1 of 1
[2025-03-12T03:05:07.249+0000] {taskinstance.py:1382} INFO - Executing <Task(BashOperator): transform_silver_5mins_incremental> on 2025-03-12 03:00:00+00:00
[2025-03-12T03:05:07.252+0000] {standard_task_runner.py:57} INFO - Started process 10513 to run task
[2025-03-12T03:05:07.253+0000] {standard_task_runner.py:84} INFO - Running: ['***', 'tasks', 'run', 'process_bronze_and_silver_layer', 'transform_silver_5mins_incremental', 'scheduled__2025-03-12T03:00:00+00:00', '--job-id', '993', '--raw', '--subdir', 'DAGS_FOLDER/5mins_processing_pipeline.py', '--cfg-path', '/tmp/tmp8x1xb80m']
[2025-03-12T03:05:07.255+0000] {standard_task_runner.py:85} INFO - Job 993: Subtask transform_silver_5mins_incremental
[2025-03-12T03:05:07.276+0000] {task_command.py:416} INFO - Running <TaskInstance: process_bronze_and_silver_layer.transform_silver_5mins_incremental scheduled__2025-03-12T03:00:00+00:00 [running]> on host c8e526380ef3
[2025-03-12T03:05:07.312+0000] {taskinstance.py:1662} INFO - Exporting env vars: AIRFLOW_CTX_DAG_OWNER='Andrew Tran' AIRFLOW_CTX_DAG_ID='process_bronze_and_silver_layer' AIRFLOW_CTX_TASK_ID='transform_silver_5mins_incremental' AIRFLOW_CTX_EXECUTION_DATE='2025-03-12T03:00:00+00:00' AIRFLOW_CTX_TRY_NUMBER='1' AIRFLOW_CTX_DAG_RUN_ID='scheduled__2025-03-12T03:00:00+00:00'
[2025-03-12T03:05:07.312+0000] {subprocess.py:63} INFO - Tmp dir root location: /tmp
[2025-03-12T03:05:07.313+0000] {subprocess.py:75} INFO - Running command: ['/bin/bash', '-c', 'cd /opt/***/dbt/playstudio_project && export WAREHOUSE_HOST=None && export WAREHOUSE_PASSWORD=None && export WAREHOUSE_USER=None && dbt run --select tag:silver_5mins_incremental --target prod']
[2025-03-12T03:05:07.321+0000] {subprocess.py:86} INFO - Output:
[2025-03-12T03:05:08.906+0000] {subprocess.py:93} INFO - [0m03:05:08  Running with dbt=1.7.18
[2025-03-12T03:05:09.045+0000] {subprocess.py:93} INFO - [0m03:05:09  Registered adapter: postgres=1.7.18
[2025-03-12T03:05:09.066+0000] {subprocess.py:93} INFO - [0m03:05:09  [[33mWARNING[0m]: Configuration paths exist in your dbt_project.yml file which do not apply to any resources.
[2025-03-12T03:05:09.066+0000] {subprocess.py:93} INFO - There are 1 unused configuration paths:
[2025-03-12T03:05:09.066+0000] {subprocess.py:93} INFO - - models.playstudio_project.example
[2025-03-12T03:05:09.081+0000] {subprocess.py:93} INFO - [0m03:05:09  Found 2 models, 2 sources, 0 exposures, 0 metrics, 401 macros, 0 groups, 0 semantic models
[2025-03-12T03:05:09.081+0000] {subprocess.py:93} INFO - [0m03:05:09
[2025-03-12T03:05:09.172+0000] {subprocess.py:93} INFO - [0m03:05:09  Concurrency: 1 threads (target='prod')
[2025-03-12T03:05:09.173+0000] {subprocess.py:93} INFO - [0m03:05:09
[2025-03-12T03:05:09.180+0000] {subprocess.py:93} INFO - [0m03:05:09  1 of 1 START sql incremental model silver_layer.silver_purchases ............... [RUN]
[2025-03-12T03:05:09.290+0000] {subprocess.py:93} INFO - [0m03:05:09  1 of 1 OK created sql incremental model silver_layer.silver_purchases .......... [[32mINSERT 0 36[0m in 0.11s]
[2025-03-12T03:05:09.297+0000] {subprocess.py:93} INFO - [0m03:05:09
[2025-03-12T03:05:09.297+0000] {subprocess.py:93} INFO - [0m03:05:09  Finished running 1 incremental model in 0 hours 0 minutes and 0.21 seconds (0.21s).
[2025-03-12T03:05:09.302+0000] {subprocess.py:93} INFO - [0m03:05:09
[2025-03-12T03:05:09.302+0000] {subprocess.py:93} INFO - [0m03:05:09  [32mCompleted successfully[0m
[2025-03-12T03:05:09.303+0000] {subprocess.py:93} INFO - [0m03:05:09
[2025-03-12T03:05:09.303+0000] {subprocess.py:93} INFO - [0m03:05:09  Done. PASS=1 WARN=0 ERROR=0 SKIP=0 TOTAL=1
[2025-03-12T03:05:10.909+0000] {subprocess.py:97} INFO - Command exited with return code 0
[2025-03-12T03:05:10.930+0000] {taskinstance.py:1400} INFO - Marking task as SUCCESS. dag_id=process_bronze_and_silver_layer, task_id=transform_silver_5mins_incremental, execution_date=20250312T030000, start_date=20250312T030507, end_date=20250312T030510
[2025-03-12T03:05:10.973+0000] {local_task_job_runner.py:228} INFO - Task exited with return code 0
[2025-03-12T03:05:10.987+0000] {taskinstance.py:2778} INFO - 0 downstream tasks scheduled from follow-on schedule check
