[2025-03-13T14:25:28.994+0000] {taskinstance.py:1159} INFO - Dependencies all met for dep_context=non-requeueable deps ti=<TaskInstance: hourly_processing_pipeline.aggregate_final_table_incremental manual__2025-03-13T14:25:13.431492+00:00 [queued]>
[2025-03-13T14:25:28.999+0000] {taskinstance.py:1159} INFO - Dependencies all met for dep_context=requeueable deps ti=<TaskInstance: hourly_processing_pipeline.aggregate_final_table_incremental manual__2025-03-13T14:25:13.431492+00:00 [queued]>
[2025-03-13T14:25:29.000+0000] {taskinstance.py:1361} INFO - Starting attempt 1 of 1
[2025-03-13T14:25:29.008+0000] {taskinstance.py:1382} INFO - Executing <Task(BashOperator): aggregate_final_table_incremental> on 2025-03-13 14:25:13.431492+00:00
[2025-03-13T14:25:29.014+0000] {standard_task_runner.py:57} INFO - Started process 69405 to run task
[2025-03-13T14:25:29.022+0000] {standard_task_runner.py:84} INFO - Running: ['***', 'tasks', 'run', 'hourly_processing_pipeline', 'aggregate_final_table_incremental', 'manual__2025-03-13T14:25:13.431492+00:00', '--job-id', '3380', '--raw', '--subdir', 'DAGS_FOLDER/hourly_processing_pipeline.py', '--cfg-path', '/tmp/tmpjefu85kg']
[2025-03-13T14:25:29.032+0000] {standard_task_runner.py:85} INFO - Job 3380: Subtask aggregate_final_table_incremental
[2025-03-13T14:25:29.237+0000] {task_command.py:416} INFO - Running <TaskInstance: hourly_processing_pipeline.aggregate_final_table_incremental manual__2025-03-13T14:25:13.431492+00:00 [running]> on host c8e526380ef3
[2025-03-13T14:25:29.279+0000] {taskinstance.py:1662} INFO - Exporting env vars: AIRFLOW_CTX_DAG_OWNER='Andrew Tran' AIRFLOW_CTX_DAG_ID='hourly_processing_pipeline' AIRFLOW_CTX_TASK_ID='aggregate_final_table_incremental' AIRFLOW_CTX_EXECUTION_DATE='2025-03-13T14:25:13.431492+00:00' AIRFLOW_CTX_TRY_NUMBER='1' AIRFLOW_CTX_DAG_RUN_ID='manual__2025-03-13T14:25:13.431492+00:00'
[2025-03-13T14:25:29.280+0000] {subprocess.py:63} INFO - Tmp dir root location: /tmp
[2025-03-13T14:25:29.280+0000] {subprocess.py:75} INFO - Running command: ['/bin/bash', '-c', 'cd /opt/***/dbt/playstudio_project && export WAREHOUSE_HOST=None && export WAREHOUSE_PASSWORD=None && export WAREHOUSE_USER=None && dbt run --select tag:gold_layer --target prod']
[2025-03-13T14:25:29.287+0000] {subprocess.py:86} INFO - Output:
[2025-03-13T14:25:30.717+0000] {subprocess.py:93} INFO - [0m14:25:30  Running with dbt=1.7.18
[2025-03-13T14:25:30.818+0000] {subprocess.py:93} INFO - [0m14:25:30  Registered adapter: postgres=1.7.18
[2025-03-13T14:25:30.890+0000] {subprocess.py:93} INFO - [0m14:25:30  [[33mWARNING[0m]: Configuration paths exist in your dbt_project.yml file which do not apply to any resources.
[2025-03-13T14:25:30.890+0000] {subprocess.py:93} INFO - There are 1 unused configuration paths:
[2025-03-13T14:25:30.890+0000] {subprocess.py:93} INFO - - models.playstudio_project.bronze_layer
[2025-03-13T14:25:30.908+0000] {subprocess.py:93} INFO - [0m14:25:30  Found 3 models, 20 tests, 2 sources, 0 exposures, 0 metrics, 783 macros, 0 groups, 0 semantic models
[2025-03-13T14:25:30.908+0000] {subprocess.py:93} INFO - [0m14:25:30
[2025-03-13T14:25:30.957+0000] {subprocess.py:93} INFO - [0m14:25:30  Concurrency: 1 threads (target='prod')
[2025-03-13T14:25:30.958+0000] {subprocess.py:93} INFO - [0m14:25:30
[2025-03-13T14:25:30.963+0000] {subprocess.py:93} INFO - [0m14:25:30  1 of 1 START sql incremental model gold_layer.aggregated_final_table ........... [RUN]
[2025-03-13T14:25:31.084+0000] {subprocess.py:93} INFO - [0m14:25:31  1 of 1 OK created sql incremental model gold_layer.aggregated_final_table ...... [[32mINSERT 0 1[0m in 0.12s]
[2025-03-13T14:25:31.091+0000] {subprocess.py:93} INFO - [0m14:25:31
[2025-03-13T14:25:31.091+0000] {subprocess.py:93} INFO - [0m14:25:31  Finished running 1 incremental model in 0 hours 0 minutes and 0.18 seconds (0.18s).
[2025-03-13T14:25:31.105+0000] {subprocess.py:93} INFO - [0m14:25:31
[2025-03-13T14:25:31.105+0000] {subprocess.py:93} INFO - [0m14:25:31  [32mCompleted successfully[0m
[2025-03-13T14:25:31.105+0000] {subprocess.py:93} INFO - [0m14:25:31
[2025-03-13T14:25:31.105+0000] {subprocess.py:93} INFO - [0m14:25:31  Done. PASS=1 WARN=0 ERROR=0 SKIP=0 TOTAL=1
[2025-03-13T14:25:32.386+0000] {subprocess.py:97} INFO - Command exited with return code 0
[2025-03-13T14:25:32.405+0000] {taskinstance.py:1400} INFO - Marking task as SUCCESS. dag_id=hourly_processing_pipeline, task_id=aggregate_final_table_incremental, execution_date=20250313T142513, start_date=20250313T142528, end_date=20250313T142532
[2025-03-13T14:25:32.426+0000] {local_task_job_runner.py:228} INFO - Task exited with return code 0
[2025-03-13T14:25:32.554+0000] {taskinstance.py:2778} INFO - 0 downstream tasks scheduled from follow-on schedule check
