[2025-03-14T03:05:53.874+0000] {taskinstance.py:1159} INFO - Dependencies all met for dep_context=non-requeueable deps ti=<TaskInstance: hourly_processing_pipeline.aggregate_final_table_incremental manual__2025-03-14T03:05:27.224371+00:00 [queued]>
[2025-03-14T03:05:53.879+0000] {taskinstance.py:1159} INFO - Dependencies all met for dep_context=requeueable deps ti=<TaskInstance: hourly_processing_pipeline.aggregate_final_table_incremental manual__2025-03-14T03:05:27.224371+00:00 [queued]>
[2025-03-14T03:05:53.879+0000] {taskinstance.py:1361} INFO - Starting attempt 1 of 1
[2025-03-14T03:05:53.887+0000] {taskinstance.py:1382} INFO - Executing <Task(BashOperator): aggregate_final_table_incremental> on 2025-03-14 03:05:27.224371+00:00
[2025-03-14T03:05:53.892+0000] {standard_task_runner.py:57} INFO - Started process 78861 to run task
[2025-03-14T03:05:53.896+0000] {standard_task_runner.py:84} INFO - Running: ['***', 'tasks', 'run', 'hourly_processing_pipeline', 'aggregate_final_table_incremental', 'manual__2025-03-14T03:05:27.224371+00:00', '--job-id', '3772', '--raw', '--subdir', 'DAGS_FOLDER/hourly_processing_pipeline.py', '--cfg-path', '/tmp/tmpb47h59ea']
[2025-03-14T03:05:53.898+0000] {standard_task_runner.py:85} INFO - Job 3772: Subtask aggregate_final_table_incremental
[2025-03-14T03:05:53.925+0000] {task_command.py:416} INFO - Running <TaskInstance: hourly_processing_pipeline.aggregate_final_table_incremental manual__2025-03-14T03:05:27.224371+00:00 [running]> on host c8e526380ef3
[2025-03-14T03:05:54.021+0000] {taskinstance.py:1662} INFO - Exporting env vars: AIRFLOW_CTX_DAG_OWNER='Andrew Tran' AIRFLOW_CTX_DAG_ID='hourly_processing_pipeline' AIRFLOW_CTX_TASK_ID='aggregate_final_table_incremental' AIRFLOW_CTX_EXECUTION_DATE='2025-03-14T03:05:27.224371+00:00' AIRFLOW_CTX_TRY_NUMBER='1' AIRFLOW_CTX_DAG_RUN_ID='manual__2025-03-14T03:05:27.224371+00:00'
[2025-03-14T03:05:54.022+0000] {subprocess.py:63} INFO - Tmp dir root location: /tmp
[2025-03-14T03:05:54.028+0000] {subprocess.py:75} INFO - Running command: ['/bin/bash', '-c', 'cd /opt/***/dbt/playstudio_project && export WAREHOUSE_HOST=None && export WAREHOUSE_PASSWORD=None && export WAREHOUSE_USER=None && dbt deps && dbt run --select tag:gold_layer --target prod']
[2025-03-14T03:05:54.039+0000] {subprocess.py:86} INFO - Output:
[2025-03-14T03:05:55.784+0000] {subprocess.py:93} INFO - [0m03:05:55  Running with dbt=1.7.18
[2025-03-14T03:05:56.407+0000] {subprocess.py:93} INFO - [0m03:05:56  Installing dbt-labs/dbt_utils
[2025-03-14T03:05:57.066+0000] {subprocess.py:93} INFO - [0m03:05:57  Installed from version 1.1.1
[2025-03-14T03:05:57.067+0000] {subprocess.py:93} INFO - [0m03:05:57  Updated version available: 1.3.0
[2025-03-14T03:05:57.068+0000] {subprocess.py:93} INFO - [0m03:05:57  Installing metaplane/dbt_expectations
[2025-03-14T03:05:58.037+0000] {subprocess.py:93} INFO - [0m03:05:58  Installed from version 0.10.8
[2025-03-14T03:05:58.038+0000] {subprocess.py:93} INFO - [0m03:05:58  Up to date!
[2025-03-14T03:05:58.039+0000] {subprocess.py:93} INFO - [0m03:05:58  Installing godatadriven/dbt_date
[2025-03-14T03:05:58.579+0000] {subprocess.py:93} INFO - [0m03:05:58  Installed from version 0.11.0
[2025-03-14T03:05:58.580+0000] {subprocess.py:93} INFO - [0m03:05:58  Up to date!
[2025-03-14T03:05:58.581+0000] {subprocess.py:93} INFO - [0m03:05:58
[2025-03-14T03:05:58.582+0000] {subprocess.py:93} INFO - [0m03:05:58  Updates available for packages: ['dbt-labs/dbt_utils']
[2025-03-14T03:05:58.582+0000] {subprocess.py:93} INFO - Update your versions in packages.yml, then run dbt deps
[2025-03-14T03:06:01.475+0000] {subprocess.py:93} INFO - [0m03:06:01  Running with dbt=1.7.18
[2025-03-14T03:06:01.588+0000] {subprocess.py:93} INFO - [0m03:06:01  Registered adapter: postgres=1.7.18
[2025-03-14T03:06:01.663+0000] {subprocess.py:93} INFO - [0m03:06:01  [[33mWARNING[0m]: Configuration paths exist in your dbt_project.yml file which do not apply to any resources.
[2025-03-14T03:06:01.663+0000] {subprocess.py:93} INFO - There are 1 unused configuration paths:
[2025-03-14T03:06:01.663+0000] {subprocess.py:93} INFO - - models.playstudio_project.bronze_layer
[2025-03-14T03:06:01.682+0000] {subprocess.py:93} INFO - [0m03:06:01  Found 67 tests, 3 models, 2 sources, 0 exposures, 0 metrics, 783 macros, 0 groups, 0 semantic models
[2025-03-14T03:06:01.683+0000] {subprocess.py:93} INFO - [0m03:06:01
[2025-03-14T03:06:01.730+0000] {subprocess.py:93} INFO - [0m03:06:01  Concurrency: 1 threads (target='prod')
[2025-03-14T03:06:01.731+0000] {subprocess.py:93} INFO - [0m03:06:01
[2025-03-14T03:06:01.735+0000] {subprocess.py:93} INFO - [0m03:06:01  1 of 1 START sql incremental model gold_layer.aggregated_final_table ........... [RUN]
[2025-03-14T03:06:01.850+0000] {subprocess.py:93} INFO - [0m03:06:01  1 of 1 OK created sql incremental model gold_layer.aggregated_final_table ...... [[32mINSERT 0 1[0m in 0.11s]
[2025-03-14T03:06:01.862+0000] {subprocess.py:93} INFO - [0m03:06:01
[2025-03-14T03:06:01.862+0000] {subprocess.py:93} INFO - [0m03:06:01  Finished running 1 incremental model in 0 hours 0 minutes and 0.18 seconds (0.18s).
[2025-03-14T03:06:01.872+0000] {subprocess.py:93} INFO - [0m03:06:01
[2025-03-14T03:06:01.873+0000] {subprocess.py:93} INFO - [0m03:06:01  [32mCompleted successfully[0m
[2025-03-14T03:06:01.873+0000] {subprocess.py:93} INFO - [0m03:06:01
[2025-03-14T03:06:01.874+0000] {subprocess.py:93} INFO - [0m03:06:01  Done. PASS=1 WARN=0 ERROR=0 SKIP=0 TOTAL=1
[2025-03-14T03:06:03.578+0000] {subprocess.py:97} INFO - Command exited with return code 0
[2025-03-14T03:06:03.608+0000] {taskinstance.py:1400} INFO - Marking task as SUCCESS. dag_id=hourly_processing_pipeline, task_id=aggregate_final_table_incremental, execution_date=20250314T030527, start_date=20250314T030553, end_date=20250314T030603
[2025-03-14T03:06:03.626+0000] {local_task_job_runner.py:228} INFO - Task exited with return code 0
[2025-03-14T03:06:03.651+0000] {taskinstance.py:2778} INFO - 0 downstream tasks scheduled from follow-on schedule check
