[2025-03-13T17:30:30.516+0000] {taskinstance.py:1159} INFO - Dependencies all met for dep_context=non-requeueable deps ti=<TaskInstance: hourly_processing_pipeline.transform_silver_hourly_incremental manual__2025-03-13T17:30:24.530571+00:00 [queued]>
[2025-03-13T17:30:30.520+0000] {taskinstance.py:1159} INFO - Dependencies all met for dep_context=requeueable deps ti=<TaskInstance: hourly_processing_pipeline.transform_silver_hourly_incremental manual__2025-03-13T17:30:24.530571+00:00 [queued]>
[2025-03-13T17:30:30.520+0000] {taskinstance.py:1361} INFO - Starting attempt 1 of 1
[2025-03-13T17:30:30.527+0000] {taskinstance.py:1382} INFO - Executing <Task(BashOperator): transform_silver_hourly_incremental> on 2025-03-13 17:30:24.530571+00:00
[2025-03-13T17:30:30.529+0000] {standard_task_runner.py:57} INFO - Started process 77693 to run task
[2025-03-13T17:30:30.531+0000] {standard_task_runner.py:84} INFO - Running: ['***', 'tasks', 'run', 'hourly_processing_pipeline', 'transform_silver_hourly_incremental', 'manual__2025-03-13T17:30:24.530571+00:00', '--job-id', '3687', '--raw', '--subdir', 'DAGS_FOLDER/hourly_processing_pipeline.py', '--cfg-path', '/tmp/tmp_xtvcrol']
[2025-03-13T17:30:30.532+0000] {standard_task_runner.py:85} INFO - Job 3687: Subtask transform_silver_hourly_incremental
[2025-03-13T17:30:30.552+0000] {task_command.py:416} INFO - Running <TaskInstance: hourly_processing_pipeline.transform_silver_hourly_incremental manual__2025-03-13T17:30:24.530571+00:00 [running]> on host c8e526380ef3
[2025-03-13T17:30:30.583+0000] {taskinstance.py:1662} INFO - Exporting env vars: AIRFLOW_CTX_DAG_OWNER='Andrew Tran' AIRFLOW_CTX_DAG_ID='hourly_processing_pipeline' AIRFLOW_CTX_TASK_ID='transform_silver_hourly_incremental' AIRFLOW_CTX_EXECUTION_DATE='2025-03-13T17:30:24.530571+00:00' AIRFLOW_CTX_TRY_NUMBER='1' AIRFLOW_CTX_DAG_RUN_ID='manual__2025-03-13T17:30:24.530571+00:00'
[2025-03-13T17:30:30.584+0000] {subprocess.py:63} INFO - Tmp dir root location: /tmp
[2025-03-13T17:30:30.584+0000] {subprocess.py:75} INFO - Running command: ['/bin/bash', '-c', 'cd /opt/***/dbt/playstudio_project && export WAREHOUSE_HOST=None && export WAREHOUSE_PASSWORD=None && export WAREHOUSE_USER=None && dbt deps && dbt run --select tag:silver_hourly_incremental --target prod']
[2025-03-13T17:30:30.589+0000] {subprocess.py:86} INFO - Output:
[2025-03-13T17:30:31.868+0000] {subprocess.py:93} INFO - [0m17:30:31  Running with dbt=1.7.18
[2025-03-13T17:30:32.297+0000] {subprocess.py:93} INFO - [0m17:30:32  Installing dbt-labs/dbt_utils
[2025-03-13T17:30:32.996+0000] {subprocess.py:93} INFO - [0m17:30:32  Installed from version 1.1.1
[2025-03-13T17:30:32.998+0000] {subprocess.py:93} INFO - [0m17:30:32  Updated version available: 1.3.0
[2025-03-13T17:30:32.999+0000] {subprocess.py:93} INFO - [0m17:30:32  Installing metaplane/dbt_expectations
[2025-03-13T17:30:34.004+0000] {subprocess.py:93} INFO - [0m17:30:34  Installed from version 0.10.8
[2025-03-13T17:30:34.007+0000] {subprocess.py:93} INFO - [0m17:30:34  Up to date!
[2025-03-13T17:30:34.007+0000] {subprocess.py:93} INFO - [0m17:30:34  Installing godatadriven/dbt_date
[2025-03-13T17:30:34.588+0000] {subprocess.py:93} INFO - [0m17:30:34  Installed from version 0.11.0
[2025-03-13T17:30:34.589+0000] {subprocess.py:93} INFO - [0m17:30:34  Up to date!
[2025-03-13T17:30:34.590+0000] {subprocess.py:93} INFO - [0m17:30:34
[2025-03-13T17:30:34.591+0000] {subprocess.py:93} INFO - [0m17:30:34  Updates available for packages: ['dbt-labs/dbt_utils']
[2025-03-13T17:30:34.591+0000] {subprocess.py:93} INFO - Update your versions in packages.yml, then run dbt deps
[2025-03-13T17:30:37.199+0000] {subprocess.py:93} INFO - [0m17:30:37  Running with dbt=1.7.18
[2025-03-13T17:30:37.294+0000] {subprocess.py:93} INFO - [0m17:30:37  Registered adapter: postgres=1.7.18
[2025-03-13T17:30:37.368+0000] {subprocess.py:93} INFO - [0m17:30:37  [[33mWARNING[0m]: Configuration paths exist in your dbt_project.yml file which do not apply to any resources.
[2025-03-13T17:30:37.369+0000] {subprocess.py:93} INFO - There are 1 unused configuration paths:
[2025-03-13T17:30:37.369+0000] {subprocess.py:93} INFO - - models.playstudio_project.bronze_layer
[2025-03-13T17:30:37.388+0000] {subprocess.py:93} INFO - [0m17:30:37  Found 67 tests, 3 models, 2 sources, 0 exposures, 0 metrics, 783 macros, 0 groups, 0 semantic models
[2025-03-13T17:30:37.388+0000] {subprocess.py:93} INFO - [0m17:30:37
[2025-03-13T17:30:37.431+0000] {subprocess.py:93} INFO - [0m17:30:37  Concurrency: 1 threads (target='prod')
[2025-03-13T17:30:37.431+0000] {subprocess.py:93} INFO - [0m17:30:37
[2025-03-13T17:30:37.435+0000] {subprocess.py:93} INFO - [0m17:30:37  1 of 1 START sql incremental model silver_layer.silver_spins_hourly ............ [RUN]
[2025-03-13T17:30:37.528+0000] {subprocess.py:93} INFO - [0m17:30:37  1 of 1 OK created sql incremental model silver_layer.silver_spins_hourly ....... [[32mINSERT 0 2[0m in 0.09s]
[2025-03-13T17:30:37.534+0000] {subprocess.py:93} INFO - [0m17:30:37
[2025-03-13T17:30:37.534+0000] {subprocess.py:93} INFO - [0m17:30:37  Finished running 1 incremental model in 0 hours 0 minutes and 0.15 seconds (0.15s).
[2025-03-13T17:30:37.544+0000] {subprocess.py:93} INFO - [0m17:30:37
[2025-03-13T17:30:37.544+0000] {subprocess.py:93} INFO - [0m17:30:37  [32mCompleted successfully[0m
[2025-03-13T17:30:37.544+0000] {subprocess.py:93} INFO - [0m17:30:37
[2025-03-13T17:30:37.544+0000] {subprocess.py:93} INFO - [0m17:30:37  Done. PASS=1 WARN=0 ERROR=0 SKIP=0 TOTAL=1
[2025-03-13T17:30:39.271+0000] {subprocess.py:97} INFO - Command exited with return code 0
[2025-03-13T17:30:39.295+0000] {taskinstance.py:1400} INFO - Marking task as SUCCESS. dag_id=hourly_processing_pipeline, task_id=transform_silver_hourly_incremental, execution_date=20250313T173024, start_date=20250313T173030, end_date=20250313T173039
[2025-03-13T17:30:39.358+0000] {local_task_job_runner.py:228} INFO - Task exited with return code 0
[2025-03-13T17:30:39.384+0000] {taskinstance.py:2778} INFO - 1 downstream tasks scheduled from follow-on schedule check
