[2025-03-14T02:58:18.347+0000] {taskinstance.py:1159} INFO - Dependencies all met for dep_context=non-requeueable deps ti=<TaskInstance: five_mins_processing_pipeline.check_hourly_data_freshness scheduled__2025-03-14T02:50:00+00:00 [queued]>
[2025-03-14T02:58:18.354+0000] {taskinstance.py:1159} INFO - Dependencies all met for dep_context=requeueable deps ti=<TaskInstance: five_mins_processing_pipeline.check_hourly_data_freshness scheduled__2025-03-14T02:50:00+00:00 [queued]>
[2025-03-14T02:58:18.355+0000] {taskinstance.py:1361} INFO - Starting attempt 1 of 1
[2025-03-14T02:58:18.381+0000] {taskinstance.py:1382} INFO - Executing <Task(_PythonDecoratedOperator): check_hourly_data_freshness> on 2025-03-14 02:50:00+00:00
[2025-03-14T02:58:18.395+0000] {standard_task_runner.py:57} INFO - Started process 78399 to run task
[2025-03-14T02:58:18.401+0000] {standard_task_runner.py:84} INFO - Running: ['***', 'tasks', 'run', 'five_mins_processing_pipeline', 'check_hourly_data_freshness', 'scheduled__2025-03-14T02:50:00+00:00', '--job-id', '3736', '--raw', '--subdir', 'DAGS_FOLDER/five_mins_processing_pipeline.py', '--cfg-path', '/tmp/tmpps9vcy_4']
[2025-03-14T02:58:18.405+0000] {standard_task_runner.py:85} INFO - Job 3736: Subtask check_hourly_data_freshness
[2025-03-14T02:58:18.462+0000] {task_command.py:416} INFO - Running <TaskInstance: five_mins_processing_pipeline.check_hourly_data_freshness scheduled__2025-03-14T02:50:00+00:00 [running]> on host c8e526380ef3
[2025-03-14T02:58:18.678+0000] {taskinstance.py:1662} INFO - Exporting env vars: AIRFLOW_CTX_DAG_OWNER='Andrew Tran' AIRFLOW_CTX_DAG_ID='five_mins_processing_pipeline' AIRFLOW_CTX_TASK_ID='check_hourly_data_freshness' AIRFLOW_CTX_EXECUTION_DATE='2025-03-14T02:50:00+00:00' AIRFLOW_CTX_TRY_NUMBER='1' AIRFLOW_CTX_DAG_RUN_ID='scheduled__2025-03-14T02:50:00+00:00'
[2025-03-14T02:58:18.683+0000] {five_mins_processing_pipeline.py:199} INFO - 5 mins pipeline is in: Incremental mode
[2025-03-14T02:58:18.683+0000] {pipeline_utils.py:159} INFO - Getting latest updated_at from bronze_layer.bronze_spins_hourly
[2025-03-14T02:58:18.683+0000] {pipeline_utils.py:126} INFO - Executing query: SELECT MAX(updated_at) FROM bronze_layer.bronze_spins_hourly
[2025-03-14T02:58:18.686+0000] {base.py:73} INFO - Using connection ID 'postgres_warehouse_db' for task execution.
[2025-03-14T02:58:18.691+0000] {warnings.py:109} WARNING - /opt/***/dags/utils/pipeline_utils.py:130: UserWarning: pandas only supports SQLAlchemy connectable (engine/connection) or database string URI or sqlite3 DBAPI2 connection. Other DBAPI2 objects are not tested. Please consider using SQLAlchemy.
  df = pd.read_sql(query, conn)

[2025-03-14T02:58:18.693+0000] {pipeline_utils.py:131} INFO - Query executed successfully. Retrieved 1 rows.
[2025-03-14T02:58:18.694+0000] {pipeline_utils.py:167} INFO - Latest updated_at: 2025-03-13 08:27:13.163469
[2025-03-14T02:58:18.695+0000] {five_mins_processing_pipeline.py:256} INFO - Hourly data is stale. Latest update: 2025-03-13 08:27:13.163469, Threshold: 2025-03-14 01:58:18.694667
[2025-03-14T02:58:18.697+0000] {python.py:194} INFO - Done. Returned value was: {'needs_hourly_refresh': True, 'is_full_refresh': False, '5mins_is_full_refresh': False, '5mins_start_date': None, '5mins_end_date': None, 'latest_update': '2025-03-13 08:27:13.163469'}
[2025-03-14T02:58:18.793+0000] {taskinstance.py:1400} INFO - Marking task as SUCCESS. dag_id=five_mins_processing_pipeline, task_id=check_hourly_data_freshness, execution_date=20250314T025000, start_date=20250314T025818, end_date=20250314T025818
[2025-03-14T02:58:18.833+0000] {local_task_job_runner.py:228} INFO - Task exited with return code 0
[2025-03-14T02:58:19.038+0000] {taskinstance.py:2778} INFO - 0 downstream tasks scheduled from follow-on schedule check
