[2025-03-13T16:35:46.807+0000] {taskinstance.py:1159} INFO - Dependencies all met for dep_context=non-requeueable deps ti=<TaskInstance: hourly_processing_pipeline.aggregate_final_table_incremental manual__2025-03-13T16:35:29.676427+00:00 [queued]>
[2025-03-13T16:35:46.811+0000] {taskinstance.py:1159} INFO - Dependencies all met for dep_context=requeueable deps ti=<TaskInstance: hourly_processing_pipeline.aggregate_final_table_incremental manual__2025-03-13T16:35:29.676427+00:00 [queued]>
[2025-03-13T16:35:46.811+0000] {taskinstance.py:1361} INFO - Starting attempt 1 of 1
[2025-03-13T16:35:46.818+0000] {taskinstance.py:1382} INFO - Executing <Task(BashOperator): aggregate_final_table_incremental> on 2025-03-13 16:35:29.676427+00:00
[2025-03-13T16:35:46.820+0000] {standard_task_runner.py:57} INFO - Started process 75265 to run task
[2025-03-13T16:35:46.824+0000] {standard_task_runner.py:84} INFO - Running: ['***', 'tasks', 'run', 'hourly_processing_pipeline', 'aggregate_final_table_incremental', 'manual__2025-03-13T16:35:29.676427+00:00', '--job-id', '3604', '--raw', '--subdir', 'DAGS_FOLDER/hourly_processing_pipeline.py', '--cfg-path', '/tmp/tmpjbkvg67d']
[2025-03-13T16:35:46.826+0000] {standard_task_runner.py:85} INFO - Job 3604: Subtask aggregate_final_table_incremental
[2025-03-13T16:35:46.989+0000] {task_command.py:416} INFO - Running <TaskInstance: hourly_processing_pipeline.aggregate_final_table_incremental manual__2025-03-13T16:35:29.676427+00:00 [running]> on host c8e526380ef3
[2025-03-13T16:35:47.028+0000] {taskinstance.py:1662} INFO - Exporting env vars: AIRFLOW_CTX_DAG_OWNER='Andrew Tran' AIRFLOW_CTX_DAG_ID='hourly_processing_pipeline' AIRFLOW_CTX_TASK_ID='aggregate_final_table_incremental' AIRFLOW_CTX_EXECUTION_DATE='2025-03-13T16:35:29.676427+00:00' AIRFLOW_CTX_TRY_NUMBER='1' AIRFLOW_CTX_DAG_RUN_ID='manual__2025-03-13T16:35:29.676427+00:00'
[2025-03-13T16:35:47.029+0000] {subprocess.py:63} INFO - Tmp dir root location: /tmp
[2025-03-13T16:35:47.029+0000] {subprocess.py:75} INFO - Running command: ['/bin/bash', '-c', 'cd /opt/***/dbt/playstudio_project && export WAREHOUSE_HOST=None && export WAREHOUSE_PASSWORD=None && export WAREHOUSE_USER=None && dbt deps && dbt run --select tag:gold_layer --target prod']
[2025-03-13T16:35:47.037+0000] {subprocess.py:86} INFO - Output:
[2025-03-13T16:35:49.393+0000] {subprocess.py:93} INFO - [0m16:35:49  Running with dbt=1.7.18
[2025-03-13T16:35:50.181+0000] {subprocess.py:93} INFO - [0m16:35:50  Installing dbt-labs/dbt_utils
[2025-03-13T16:35:50.829+0000] {subprocess.py:93} INFO - [0m16:35:50  Installed from version 1.1.1
[2025-03-13T16:35:50.829+0000] {subprocess.py:93} INFO - [0m16:35:50  Updated version available: 1.3.0
[2025-03-13T16:35:50.830+0000] {subprocess.py:93} INFO - [0m16:35:50  Installing metaplane/dbt_expectations
[2025-03-13T16:35:53.661+0000] {subprocess.py:93} INFO - [0m16:35:53  Installed from version 0.10.8
[2025-03-13T16:35:53.664+0000] {subprocess.py:93} INFO - [0m16:35:53  Up to date!
[2025-03-13T16:35:53.664+0000] {subprocess.py:93} INFO - [0m16:35:53  Installing godatadriven/dbt_date
[2025-03-13T16:35:54.441+0000] {subprocess.py:93} INFO - [0m16:35:54  Installed from version 0.11.0
[2025-03-13T16:35:54.445+0000] {subprocess.py:93} INFO - [0m16:35:54  Up to date!
[2025-03-13T16:35:54.446+0000] {subprocess.py:93} INFO - [0m16:35:54
[2025-03-13T16:35:54.450+0000] {subprocess.py:93} INFO - [0m16:35:54  Updates available for packages: ['dbt-labs/dbt_utils']
[2025-03-13T16:35:54.450+0000] {subprocess.py:93} INFO - Update your versions in packages.yml, then run dbt deps
[2025-03-13T16:35:58.565+0000] {subprocess.py:93} INFO - [0m16:35:58  Running with dbt=1.7.18
[2025-03-13T16:35:58.682+0000] {subprocess.py:93} INFO - [0m16:35:58  Registered adapter: postgres=1.7.18
[2025-03-13T16:35:58.763+0000] {subprocess.py:93} INFO - [0m16:35:58  [[33mWARNING[0m]: Configuration paths exist in your dbt_project.yml file which do not apply to any resources.
[2025-03-13T16:35:58.763+0000] {subprocess.py:93} INFO - There are 1 unused configuration paths:
[2025-03-13T16:35:58.763+0000] {subprocess.py:93} INFO - - models.playstudio_project.bronze_layer
[2025-03-13T16:35:58.782+0000] {subprocess.py:93} INFO - [0m16:35:58  Found 3 models, 47 tests, 2 sources, 0 exposures, 0 metrics, 783 macros, 0 groups, 0 semantic models
[2025-03-13T16:35:58.783+0000] {subprocess.py:93} INFO - [0m16:35:58
[2025-03-13T16:35:58.841+0000] {subprocess.py:93} INFO - [0m16:35:58  Concurrency: 1 threads (target='prod')
[2025-03-13T16:35:58.842+0000] {subprocess.py:93} INFO - [0m16:35:58
[2025-03-13T16:35:58.846+0000] {subprocess.py:93} INFO - [0m16:35:58  1 of 1 START sql incremental model gold_layer.aggregated_final_table ........... [RUN]
[2025-03-13T16:35:58.956+0000] {subprocess.py:93} INFO - [0m16:35:58  1 of 1 OK created sql incremental model gold_layer.aggregated_final_table ...... [[32mINSERT 0 1[0m in 0.11s]
[2025-03-13T16:35:58.962+0000] {subprocess.py:93} INFO - [0m16:35:58
[2025-03-13T16:35:58.963+0000] {subprocess.py:93} INFO - [0m16:35:58  Finished running 1 incremental model in 0 hours 0 minutes and 0.18 seconds (0.18s).
[2025-03-13T16:35:58.973+0000] {subprocess.py:93} INFO - [0m16:35:58
[2025-03-13T16:35:58.973+0000] {subprocess.py:93} INFO - [0m16:35:58  [32mCompleted successfully[0m
[2025-03-13T16:35:58.974+0000] {subprocess.py:93} INFO - [0m16:35:58
[2025-03-13T16:35:58.974+0000] {subprocess.py:93} INFO - [0m16:35:58  Done. PASS=1 WARN=0 ERROR=0 SKIP=0 TOTAL=1
[2025-03-13T16:36:00.388+0000] {subprocess.py:97} INFO - Command exited with return code 0
[2025-03-13T16:36:00.452+0000] {taskinstance.py:1400} INFO - Marking task as SUCCESS. dag_id=hourly_processing_pipeline, task_id=aggregate_final_table_incremental, execution_date=20250313T163529, start_date=20250313T163546, end_date=20250313T163600
[2025-03-13T16:36:00.550+0000] {local_task_job_runner.py:228} INFO - Task exited with return code 0
[2025-03-13T16:36:00.614+0000] {taskinstance.py:2778} INFO - 0 downstream tasks scheduled from follow-on schedule check
