[2025-03-11T05:50:00.541+0000] {taskinstance.py:1159} INFO - Dependencies all met for dep_context=non-requeueable deps ti=<TaskInstance: ingest_bronze_layer_dag.fetch_purchases scheduled__2025-03-11T05:45:00+00:00 [queued]>
[2025-03-11T05:50:00.545+0000] {taskinstance.py:1159} INFO - Dependencies all met for dep_context=requeueable deps ti=<TaskInstance: ingest_bronze_layer_dag.fetch_purchases scheduled__2025-03-11T05:45:00+00:00 [queued]>
[2025-03-11T05:50:00.545+0000] {taskinstance.py:1361} INFO - Starting attempt 1 of 1
[2025-03-11T05:50:00.551+0000] {taskinstance.py:1382} INFO - Executing <Task(_PythonDecoratedOperator): fetch_purchases> on 2025-03-11 05:45:00+00:00
[2025-03-11T05:50:00.554+0000] {standard_task_runner.py:57} INFO - Started process 1263 to run task
[2025-03-11T05:50:00.556+0000] {standard_task_runner.py:84} INFO - Running: ['***', 'tasks', 'run', 'ingest_bronze_layer_dag', 'fetch_purchases', 'scheduled__2025-03-11T05:45:00+00:00', '--job-id', '74', '--raw', '--subdir', 'DAGS_FOLDER/ingesting_pipeline.py', '--cfg-path', '/tmp/tmpjj7q3sp2']
[2025-03-11T05:50:00.558+0000] {standard_task_runner.py:85} INFO - Job 74: Subtask fetch_purchases
[2025-03-11T05:50:00.579+0000] {task_command.py:416} INFO - Running <TaskInstance: ingest_bronze_layer_dag.fetch_purchases scheduled__2025-03-11T05:45:00+00:00 [running]> on host 41ccd9d1769c
[2025-03-11T05:50:00.739+0000] {taskinstance.py:1662} INFO - Exporting env vars: AIRFLOW_CTX_DAG_OWNER='Andrew Tran' AIRFLOW_CTX_DAG_ID='ingest_bronze_layer_dag' AIRFLOW_CTX_TASK_ID='fetch_purchases' AIRFLOW_CTX_EXECUTION_DATE='2025-03-11T05:45:00+00:00' AIRFLOW_CTX_TRY_NUMBER='1' AIRFLOW_CTX_DAG_RUN_ID='scheduled__2025-03-11T05:45:00+00:00'
[2025-03-11T05:50:00.744+0000] {base.py:73} INFO - Using connection ID 'postgres_source_db' for task execution.
[2025-03-11T05:50:00.750+0000] {logging_mixin.py:154} INFO - Incremental time: 2025-03-11 05:46:21
[2025-03-11T05:50:00.752+0000] {warnings.py:109} WARNING - /opt/***/dags/ingesting_pipeline.py:61: UserWarning: pandas only supports SQLAlchemy connectable (engine/connection) or database string URI or sqlite3 DBAPI2 connection. Other DBAPI2 objects are not tested. Please consider using SQLAlchemy.
  df = pd.read_sql(query, conn)

[2025-03-11T05:50:00.755+0000] {logging_mixin.py:154} INFO - DataFrame: Empty DataFrame
Columns: [timestamp, user_id, revenue, transaction_id, created_at, updated_at, extracted_at]
Index: []
[2025-03-11T05:50:00.759+0000] {base.py:73} INFO - Using connection ID 'postgres_warehouse_db' for task execution.
[2025-03-11T05:50:00.759+0000] {logging_mixin.py:154} INFO - URI: postgresql://***:***@postgres:5432/warehouse_db?__extra__=%7B%7D
[2025-03-11T05:50:00.761+0000] {base.py:73} INFO - Using connection ID 'postgres_warehouse_db' for task execution.
[2025-03-11T05:50:00.762+0000] {python.py:194} INFO - Done. Returned value was: Inserted 0 rows into bronze_purchases
[2025-03-11T05:50:00.771+0000] {taskinstance.py:1400} INFO - Marking task as SUCCESS. dag_id=ingest_bronze_layer_dag, task_id=fetch_purchases, execution_date=20250311T054500, start_date=20250311T055000, end_date=20250311T055000
[2025-03-11T05:50:00.796+0000] {local_task_job_runner.py:228} INFO - Task exited with return code 0
[2025-03-11T05:50:00.804+0000] {taskinstance.py:2778} INFO - 0 downstream tasks scheduled from follow-on schedule check
