[2025-03-12T16:53:55.761+0000] {taskinstance.py:1159} INFO - Dependencies all met for dep_context=non-requeueable deps ti=<TaskInstance: hourly_processing_pipeline.extract_and_load_spins_hourly manual__2025-03-12T16:53:52.174689+00:00 [queued]>
[2025-03-12T16:53:55.765+0000] {taskinstance.py:1159} INFO - Dependencies all met for dep_context=requeueable deps ti=<TaskInstance: hourly_processing_pipeline.extract_and_load_spins_hourly manual__2025-03-12T16:53:52.174689+00:00 [queued]>
[2025-03-12T16:53:55.765+0000] {taskinstance.py:1361} INFO - Starting attempt 1 of 1
[2025-03-12T16:53:55.885+0000] {taskinstance.py:1382} INFO - Executing <Task(_PythonDecoratedOperator): extract_and_load_spins_hourly> on 2025-03-12 16:53:52.174689+00:00
[2025-03-12T16:53:55.890+0000] {standard_task_runner.py:57} INFO - Started process 44209 to run task
[2025-03-12T16:53:55.891+0000] {standard_task_runner.py:84} INFO - Running: ['***', 'tasks', 'run', 'hourly_processing_pipeline', 'extract_and_load_spins_hourly', 'manual__2025-03-12T16:53:52.174689+00:00', '--job-id', '3306', '--raw', '--subdir', 'DAGS_FOLDER/hourly_processing_pipeline.py', '--cfg-path', '/tmp/tmpn8100ukh']
[2025-03-12T16:53:55.893+0000] {standard_task_runner.py:85} INFO - Job 3306: Subtask extract_and_load_spins_hourly
[2025-03-12T16:53:55.919+0000] {task_command.py:416} INFO - Running <TaskInstance: hourly_processing_pipeline.extract_and_load_spins_hourly manual__2025-03-12T16:53:52.174689+00:00 [running]> on host c8e526380ef3
[2025-03-12T16:53:55.984+0000] {taskinstance.py:1662} INFO - Exporting env vars: AIRFLOW_CTX_DAG_OWNER='Andrew Tran' AIRFLOW_CTX_DAG_ID='hourly_processing_pipeline' AIRFLOW_CTX_TASK_ID='extract_and_load_spins_hourly' AIRFLOW_CTX_EXECUTION_DATE='2025-03-12T16:53:52.174689+00:00' AIRFLOW_CTX_TRY_NUMBER='1' AIRFLOW_CTX_DAG_RUN_ID='manual__2025-03-12T16:53:52.174689+00:00'
[2025-03-12T16:53:55.990+0000] {hourly_processing_pipeline.py:197} INFO - Running extract_and_load_spins_hourly in full refresh mode
[2025-03-12T16:53:55.990+0000] {hourly_processing_pipeline.py:204} INFO - First run - fetching all data
[2025-03-12T16:53:55.990+0000] {pipeline_utils.py:98} INFO - Executing query: 
            SELECT *, NOW() as extracted_at
            FROM app_source.spins_data_hourly
            WHERE 1=1
        
[2025-03-12T16:53:55.994+0000] {base.py:73} INFO - Using connection ID 'postgres_source_db' for task execution.
[2025-03-12T16:53:55.999+0000] {warnings.py:109} WARNING - /opt/***/dags/utils/pipeline_utils.py:102: UserWarning: pandas only supports SQLAlchemy connectable (engine/connection) or database string URI or sqlite3 DBAPI2 connection. Other DBAPI2 objects are not tested. Please consider using SQLAlchemy.
  df = pd.read_sql(query, conn)

[2025-03-12T16:53:56.005+0000] {pipeline_utils.py:103} INFO - Query executed successfully. Retrieved 44 rows.
[2025-03-12T16:53:56.005+0000] {hourly_processing_pipeline.py:230} INFO - Retrieved 44 rows of data
[2025-03-12T16:53:56.006+0000] {hourly_processing_pipeline.py:234} INFO - Date range in result: 2025-03-11 17:53:01.567076 to 2025-03-11 17:53:01.567076
[2025-03-12T16:53:56.006+0000] {pipeline_utils.py:170} INFO - Loading 44 rows into bronze_layer.bronze_spins_hourly
[2025-03-12T16:53:56.010+0000] {base.py:73} INFO - Using connection ID 'postgres_warehouse_db' for task execution.
[2025-03-12T16:53:56.020+0000] {pipeline_utils.py:181} INFO - Successfully loaded 44 rows into bronze_layer.bronze_spins_hourly
[2025-03-12T16:53:56.020+0000] {hourly_processing_pipeline.py:248} INFO - Inserted 44 rows into bronze_layer.bronze_spins_hourly
[2025-03-12T16:53:56.020+0000] {python.py:194} INFO - Done. Returned value was: Inserted 44 rows into bronze_layer.bronze_spins_hourly
[2025-03-12T16:53:56.032+0000] {taskinstance.py:1400} INFO - Marking task as SUCCESS. dag_id=hourly_processing_pipeline, task_id=extract_and_load_spins_hourly, execution_date=20250312T165352, start_date=20250312T165355, end_date=20250312T165356
[2025-03-12T16:53:56.073+0000] {local_task_job_runner.py:228} INFO - Task exited with return code 0
[2025-03-12T16:53:56.176+0000] {taskinstance.py:2778} INFO - 0 downstream tasks scheduled from follow-on schedule check
