[2025-03-11T17:53:38.840+0000] {taskinstance.py:1159} INFO - Dependencies all met for dep_context=non-requeueable deps ti=<TaskInstance: hourly_processing_pipeline.transform_silver_hourly_incremental manual__2025-03-11T17:53:11+00:00 [queued]>
[2025-03-11T17:53:38.844+0000] {taskinstance.py:1159} INFO - Dependencies all met for dep_context=requeueable deps ti=<TaskInstance: hourly_processing_pipeline.transform_silver_hourly_incremental manual__2025-03-11T17:53:11+00:00 [queued]>
[2025-03-11T17:53:38.844+0000] {taskinstance.py:1361} INFO - Starting attempt 1 of 1
[2025-03-11T17:53:38.850+0000] {taskinstance.py:1382} INFO - Executing <Task(BashOperator): transform_silver_hourly_incremental> on 2025-03-11 17:53:11+00:00
[2025-03-11T17:53:38.852+0000] {standard_task_runner.py:57} INFO - Started process 5034 to run task
[2025-03-11T17:53:38.854+0000] {standard_task_runner.py:84} INFO - Running: ['***', 'tasks', 'run', 'hourly_processing_pipeline', 'transform_silver_hourly_incremental', 'manual__2025-03-11T17:53:11+00:00', '--job-id', '813', '--raw', '--subdir', 'DAGS_FOLDER/hourly_processing_pipeline.py', '--cfg-path', '/tmp/tmp_jsxh92a']
[2025-03-11T17:53:38.855+0000] {standard_task_runner.py:85} INFO - Job 813: Subtask transform_silver_hourly_incremental
[2025-03-11T17:53:38.965+0000] {task_command.py:416} INFO - Running <TaskInstance: hourly_processing_pipeline.transform_silver_hourly_incremental manual__2025-03-11T17:53:11+00:00 [running]> on host c8e526380ef3
[2025-03-11T17:53:39.006+0000] {taskinstance.py:1662} INFO - Exporting env vars: AIRFLOW_CTX_DAG_OWNER='Andrew Tran' AIRFLOW_CTX_DAG_ID='hourly_processing_pipeline' AIRFLOW_CTX_TASK_ID='transform_silver_hourly_incremental' AIRFLOW_CTX_EXECUTION_DATE='2025-03-11T17:53:11+00:00' AIRFLOW_CTX_TRY_NUMBER='1' AIRFLOW_CTX_DAG_RUN_ID='manual__2025-03-11T17:53:11+00:00'
[2025-03-11T17:53:39.007+0000] {subprocess.py:63} INFO - Tmp dir root location: /tmp
[2025-03-11T17:53:39.008+0000] {subprocess.py:75} INFO - Running command: ['/bin/bash', '-c', 'cd /opt/***/dbt/playstudio_project && export WAREHOUSE_HOST=None && export WAREHOUSE_PASSWORD=None && export WAREHOUSE_USER=None && dbt run --select tag:silver_hourly_incremental --target prod']
[2025-03-11T17:53:39.017+0000] {subprocess.py:86} INFO - Output:
[2025-03-11T17:53:40.676+0000] {subprocess.py:93} INFO - [0m17:53:40  Running with dbt=1.7.18
[2025-03-11T17:53:40.799+0000] {subprocess.py:93} INFO - [0m17:53:40  Registered adapter: postgres=1.7.18
[2025-03-11T17:53:40.829+0000] {subprocess.py:93} INFO - [0m17:53:40  [[33mWARNING[0m]: Configuration paths exist in your dbt_project.yml file which do not apply to any resources.
[2025-03-11T17:53:40.829+0000] {subprocess.py:93} INFO - There are 1 unused configuration paths:
[2025-03-11T17:53:40.829+0000] {subprocess.py:93} INFO - - models.playstudio_project.example
[2025-03-11T17:53:40.842+0000] {subprocess.py:93} INFO - [0m17:53:40  Found 2 models, 2 sources, 0 exposures, 0 metrics, 401 macros, 0 groups, 0 semantic models
[2025-03-11T17:53:40.843+0000] {subprocess.py:93} INFO - [0m17:53:40
[2025-03-11T17:53:40.902+0000] {subprocess.py:93} INFO - [0m17:53:40  Concurrency: 1 threads (target='prod')
[2025-03-11T17:53:40.902+0000] {subprocess.py:93} INFO - [0m17:53:40
[2025-03-11T17:53:40.906+0000] {subprocess.py:93} INFO - [0m17:53:40  1 of 1 START sql incremental model silver_layer.silver_spins_hourly ............ [RUN]
[2025-03-11T17:53:40.948+0000] {subprocess.py:93} INFO - [0m17:53:40  1 of 1 ERROR creating sql incremental model silver_layer.silver_spins_hourly ... [[31mERROR[0m in 0.04s]
[2025-03-11T17:53:40.954+0000] {subprocess.py:93} INFO - [0m17:53:40
[2025-03-11T17:53:40.954+0000] {subprocess.py:93} INFO - [0m17:53:40  Finished running 1 incremental model in 0 hours 0 minutes and 0.11 seconds (0.11s).
[2025-03-11T17:53:40.959+0000] {subprocess.py:93} INFO - [0m17:53:40
[2025-03-11T17:53:40.961+0000] {subprocess.py:93} INFO - [0m17:53:40  [31mCompleted with 1 error and 0 warnings:[0m
[2025-03-11T17:53:40.962+0000] {subprocess.py:93} INFO - [0m17:53:40
[2025-03-11T17:53:40.962+0000] {subprocess.py:93} INFO - [0m17:53:40    Database Error in model silver_spins_hourly (models/silver_layer/silver_spins_hourly.sql)
[2025-03-11T17:53:40.962+0000] {subprocess.py:93} INFO -   column "transaction_id" does not exist
[2025-03-11T17:53:40.962+0000] {subprocess.py:93} INFO -   LINE 20:         CAST(transaction_id AS TEXT) AS transaction_id,
[2025-03-11T17:53:40.962+0000] {subprocess.py:93} INFO -                         ^
[2025-03-11T17:53:40.962+0000] {subprocess.py:93} INFO -   compiled Code at target/run/playstudio_project/models/silver_layer/silver_spins_hourly.sql
[2025-03-11T17:53:40.962+0000] {subprocess.py:93} INFO - [0m17:53:40
[2025-03-11T17:53:40.962+0000] {subprocess.py:93} INFO - [0m17:53:40  Done. PASS=0 WARN=0 ERROR=1 SKIP=0 TOTAL=1
[2025-03-11T17:53:42.379+0000] {subprocess.py:97} INFO - Command exited with return code 1
[2025-03-11T17:53:42.393+0000] {taskinstance.py:1937} ERROR - Task failed with exception
Traceback (most recent call last):
  File "/home/airflow/.local/lib/python3.10/site-packages/airflow/operators/bash.py", line 210, in execute
    raise AirflowException(
airflow.exceptions.AirflowException: Bash command failed. The command returned a non-zero exit code 1.
[2025-03-11T17:53:42.395+0000] {taskinstance.py:1400} INFO - Marking task as FAILED. dag_id=hourly_processing_pipeline, task_id=transform_silver_hourly_incremental, execution_date=20250311T175311, start_date=20250311T175338, end_date=20250311T175342
[2025-03-11T17:53:42.418+0000] {standard_task_runner.py:104} ERROR - Failed to execute job 813 for task transform_silver_hourly_incremental (Bash command failed. The command returned a non-zero exit code 1.; 5034)
[2025-03-11T17:53:42.451+0000] {local_task_job_runner.py:228} INFO - Task exited with return code 1
[2025-03-11T17:53:42.667+0000] {taskinstance.py:2778} INFO - 0 downstream tasks scheduled from follow-on schedule check
