[2025-03-12T08:15:19.829+0000] {taskinstance.py:1159} INFO - Dependencies all met for dep_context=non-requeueable deps ti=<TaskInstance: hourly_processing_pipeline.transform_silver_hourly_incremental manual__2025-03-12T08:15:12.052367+00:00 [queued]>
[2025-03-12T08:15:19.835+0000] {taskinstance.py:1159} INFO - Dependencies all met for dep_context=requeueable deps ti=<TaskInstance: hourly_processing_pipeline.transform_silver_hourly_incremental manual__2025-03-12T08:15:12.052367+00:00 [queued]>
[2025-03-12T08:15:19.835+0000] {taskinstance.py:1361} INFO - Starting attempt 1 of 1
[2025-03-12T08:15:19.996+0000] {taskinstance.py:1382} INFO - Executing <Task(BashOperator): transform_silver_hourly_incremental> on 2025-03-12 08:15:12.052367+00:00
[2025-03-12T08:15:20.001+0000] {standard_task_runner.py:57} INFO - Started process 22938 to run task
[2025-03-12T08:15:20.005+0000] {standard_task_runner.py:84} INFO - Running: ['***', 'tasks', 'run', 'hourly_processing_pipeline', 'transform_silver_hourly_incremental', 'manual__2025-03-12T08:15:12.052367+00:00', '--job-id', '1912', '--raw', '--subdir', 'DAGS_FOLDER/hourly_processing_pipeline.py', '--cfg-path', '/tmp/tmpkakdiv4g']
[2025-03-12T08:15:20.008+0000] {standard_task_runner.py:85} INFO - Job 1912: Subtask transform_silver_hourly_incremental
[2025-03-12T08:15:20.172+0000] {task_command.py:416} INFO - Running <TaskInstance: hourly_processing_pipeline.transform_silver_hourly_incremental manual__2025-03-12T08:15:12.052367+00:00 [running]> on host c8e526380ef3
[2025-03-12T08:15:20.279+0000] {taskinstance.py:1662} INFO - Exporting env vars: AIRFLOW_CTX_DAG_OWNER='Andrew Tran' AIRFLOW_CTX_DAG_ID='hourly_processing_pipeline' AIRFLOW_CTX_TASK_ID='transform_silver_hourly_incremental' AIRFLOW_CTX_EXECUTION_DATE='2025-03-12T08:15:12.052367+00:00' AIRFLOW_CTX_TRY_NUMBER='1' AIRFLOW_CTX_DAG_RUN_ID='manual__2025-03-12T08:15:12.052367+00:00'
[2025-03-12T08:15:20.283+0000] {subprocess.py:63} INFO - Tmp dir root location: /tmp
[2025-03-12T08:15:20.286+0000] {subprocess.py:75} INFO - Running command: ['/bin/bash', '-c', 'cd /opt/***/dbt/playstudio_project && export WAREHOUSE_HOST=None && export WAREHOUSE_PASSWORD=None && export WAREHOUSE_USER=None && dbt run --select tag:silver_hourly_incremental --target prod']
[2025-03-12T08:15:20.293+0000] {subprocess.py:86} INFO - Output:
[2025-03-12T08:15:21.777+0000] {subprocess.py:93} INFO - [0m08:15:21  Running with dbt=1.7.18
[2025-03-12T08:15:21.885+0000] {subprocess.py:93} INFO - [0m08:15:21  Registered adapter: postgres=1.7.18
[2025-03-12T08:15:21.902+0000] {subprocess.py:93} INFO - [0m08:15:21  [[33mWARNING[0m]: Configuration paths exist in your dbt_project.yml file which do not apply to any resources.
[2025-03-12T08:15:21.903+0000] {subprocess.py:93} INFO - There are 1 unused configuration paths:
[2025-03-12T08:15:21.903+0000] {subprocess.py:93} INFO - - models.playstudio_project.example
[2025-03-12T08:15:21.914+0000] {subprocess.py:93} INFO - [0m08:15:21  Found 2 models, 2 sources, 0 exposures, 0 metrics, 401 macros, 0 groups, 0 semantic models
[2025-03-12T08:15:21.914+0000] {subprocess.py:93} INFO - [0m08:15:21
[2025-03-12T08:15:21.978+0000] {subprocess.py:93} INFO - [0m08:15:21  Concurrency: 1 threads (target='prod')
[2025-03-12T08:15:21.981+0000] {subprocess.py:93} INFO - [0m08:15:21
[2025-03-12T08:15:21.984+0000] {subprocess.py:93} INFO - [0m08:15:21  1 of 1 START sql incremental model silver_layer.silver_spins_hourly ............ [RUN]
[2025-03-12T08:15:22.095+0000] {subprocess.py:93} INFO - [0m08:15:22  1 of 1 OK created sql incremental model silver_layer.silver_spins_hourly ....... [[32mINSERT 0 42[0m in 0.11s]
[2025-03-12T08:15:22.100+0000] {subprocess.py:93} INFO - [0m08:15:22
[2025-03-12T08:15:22.103+0000] {subprocess.py:93} INFO - [0m08:15:22  Finished running 1 incremental model in 0 hours 0 minutes and 0.19 seconds (0.19s).
[2025-03-12T08:15:22.105+0000] {subprocess.py:93} INFO - [0m08:15:22
[2025-03-12T08:15:22.105+0000] {subprocess.py:93} INFO - [0m08:15:22  [32mCompleted successfully[0m
[2025-03-12T08:15:22.106+0000] {subprocess.py:93} INFO - [0m08:15:22
[2025-03-12T08:15:22.106+0000] {subprocess.py:93} INFO - [0m08:15:22  Done. PASS=1 WARN=0 ERROR=0 SKIP=0 TOTAL=1
[2025-03-12T08:15:23.730+0000] {subprocess.py:97} INFO - Command exited with return code 0
[2025-03-12T08:15:23.752+0000] {taskinstance.py:1400} INFO - Marking task as SUCCESS. dag_id=hourly_processing_pipeline, task_id=transform_silver_hourly_incremental, execution_date=20250312T081512, start_date=20250312T081519, end_date=20250312T081523
[2025-03-12T08:15:23.796+0000] {local_task_job_runner.py:228} INFO - Task exited with return code 0
[2025-03-12T08:15:23.813+0000] {taskinstance.py:2778} INFO - 0 downstream tasks scheduled from follow-on schedule check
