[2025-03-12T15:55:29.918+0000] {taskinstance.py:1159} INFO - Dependencies all met for dep_context=non-requeueable deps ti=<TaskInstance: hourly_processing_pipeline.aggregate_final_table_incremental manual__2025-03-12T15:55:14.997883+00:00 [queued]>
[2025-03-12T15:55:29.921+0000] {taskinstance.py:1159} INFO - Dependencies all met for dep_context=requeueable deps ti=<TaskInstance: hourly_processing_pipeline.aggregate_final_table_incremental manual__2025-03-12T15:55:14.997883+00:00 [queued]>
[2025-03-12T15:55:29.921+0000] {taskinstance.py:1361} INFO - Starting attempt 1 of 1
[2025-03-12T15:55:29.927+0000] {taskinstance.py:1382} INFO - Executing <Task(BashOperator): aggregate_final_table_incremental> on 2025-03-12 15:55:14.997883+00:00
[2025-03-12T15:55:29.929+0000] {standard_task_runner.py:57} INFO - Started process 41225 to run task
[2025-03-12T15:55:29.932+0000] {standard_task_runner.py:84} INFO - Running: ['***', 'tasks', 'run', 'hourly_processing_pipeline', 'aggregate_final_table_incremental', 'manual__2025-03-12T15:55:14.997883+00:00', '--job-id', '3141', '--raw', '--subdir', 'DAGS_FOLDER/hourly_processing_pipeline.py', '--cfg-path', '/tmp/tmp65vaspx7']
[2025-03-12T15:55:29.934+0000] {standard_task_runner.py:85} INFO - Job 3141: Subtask aggregate_final_table_incremental
[2025-03-12T15:55:30.061+0000] {task_command.py:416} INFO - Running <TaskInstance: hourly_processing_pipeline.aggregate_final_table_incremental manual__2025-03-12T15:55:14.997883+00:00 [running]> on host c8e526380ef3
[2025-03-12T15:55:35.115+0000] {taskinstance.py:1662} INFO - Exporting env vars: AIRFLOW_CTX_DAG_OWNER='Andrew Tran' AIRFLOW_CTX_DAG_ID='hourly_processing_pipeline' AIRFLOW_CTX_TASK_ID='aggregate_final_table_incremental' AIRFLOW_CTX_EXECUTION_DATE='2025-03-12T15:55:14.997883+00:00' AIRFLOW_CTX_TRY_NUMBER='1' AIRFLOW_CTX_DAG_RUN_ID='manual__2025-03-12T15:55:14.997883+00:00'
[2025-03-12T15:55:35.121+0000] {subprocess.py:63} INFO - Tmp dir root location: /tmp
[2025-03-12T15:55:35.122+0000] {subprocess.py:75} INFO - Running command: ['/bin/bash', '-c', 'cd /opt/***/dbt/playstudio_project && export WAREHOUSE_HOST=None && export WAREHOUSE_PASSWORD=None && export WAREHOUSE_USER=None && dbt run --select tag:gold_layer --target prod']
[2025-03-12T15:55:35.143+0000] {subprocess.py:86} INFO - Output:
[2025-03-12T15:55:36.804+0000] {subprocess.py:93} INFO - [0m15:55:36  Running with dbt=1.7.18
[2025-03-12T15:55:36.933+0000] {subprocess.py:93} INFO - [0m15:55:36  Registered adapter: postgres=1.7.18
[2025-03-12T15:55:36.968+0000] {subprocess.py:93} INFO - [0m15:55:36  [[33mWARNING[0m]: Configuration paths exist in your dbt_project.yml file which do not apply to any resources.
[2025-03-12T15:55:36.968+0000] {subprocess.py:93} INFO - There are 1 unused configuration paths:
[2025-03-12T15:55:36.968+0000] {subprocess.py:93} INFO - - models.playstudio_project.bronze_layer
[2025-03-12T15:55:36.982+0000] {subprocess.py:93} INFO - [0m15:55:36  Found 3 models, 2 sources, 0 exposures, 0 metrics, 402 macros, 0 groups, 0 semantic models
[2025-03-12T15:55:36.984+0000] {subprocess.py:93} INFO - [0m15:55:36
[2025-03-12T15:55:37.067+0000] {subprocess.py:93} INFO - [0m15:55:37  Concurrency: 1 threads (target='prod')
[2025-03-12T15:55:37.067+0000] {subprocess.py:93} INFO - [0m15:55:37
[2025-03-12T15:55:37.069+0000] {subprocess.py:93} INFO - [0m15:55:37  1 of 1 START sql incremental model gold_layer.aggregated_final_table ........... [RUN]
[2025-03-12T15:55:37.249+0000] {subprocess.py:93} INFO - [0m15:55:37  1 of 1 OK created sql incremental model gold_layer.aggregated_final_table ...... [[32mINSERT 0 34[0m in 0.18s]
[2025-03-12T15:55:37.266+0000] {subprocess.py:93} INFO - [0m15:55:37
[2025-03-12T15:55:37.266+0000] {subprocess.py:93} INFO - [0m15:55:37  Finished running 1 incremental model in 0 hours 0 minutes and 0.28 seconds (0.28s).
[2025-03-12T15:55:37.277+0000] {subprocess.py:93} INFO - [0m15:55:37
[2025-03-12T15:55:37.281+0000] {subprocess.py:93} INFO - [0m15:55:37  [32mCompleted successfully[0m
[2025-03-12T15:55:37.285+0000] {subprocess.py:93} INFO - [0m15:55:37
[2025-03-12T15:55:37.285+0000] {subprocess.py:93} INFO - [0m15:55:37  Done. PASS=1 WARN=0 ERROR=0 SKIP=0 TOTAL=1
[2025-03-12T15:55:38.655+0000] {subprocess.py:97} INFO - Command exited with return code 0
[2025-03-12T15:55:38.698+0000] {taskinstance.py:1400} INFO - Marking task as SUCCESS. dag_id=hourly_processing_pipeline, task_id=aggregate_final_table_incremental, execution_date=20250312T155514, start_date=20250312T155529, end_date=20250312T155538
[2025-03-12T15:55:38.734+0000] {local_task_job_runner.py:228} INFO - Task exited with return code 0
[2025-03-12T15:55:38.761+0000] {taskinstance.py:2778} INFO - 0 downstream tasks scheduled from follow-on schedule check
