[2025-03-14T03:05:12.817+0000] {taskinstance.py:1159} INFO - Dependencies all met for dep_context=non-requeueable deps ti=<TaskInstance: five_mins_processing_pipeline.transform_silver_5mins_incremental scheduled__2025-03-14T03:00:00+00:00 [queued]>
[2025-03-14T03:05:12.821+0000] {taskinstance.py:1159} INFO - Dependencies all met for dep_context=requeueable deps ti=<TaskInstance: five_mins_processing_pipeline.transform_silver_5mins_incremental scheduled__2025-03-14T03:00:00+00:00 [queued]>
[2025-03-14T03:05:12.821+0000] {taskinstance.py:1361} INFO - Starting attempt 1 of 1
[2025-03-14T03:05:12.829+0000] {taskinstance.py:1382} INFO - Executing <Task(BashOperator): transform_silver_5mins_incremental> on 2025-03-14 03:00:00+00:00
[2025-03-14T03:05:12.831+0000] {standard_task_runner.py:57} INFO - Started process 78793 to run task
[2025-03-14T03:05:12.833+0000] {standard_task_runner.py:84} INFO - Running: ['***', 'tasks', 'run', 'five_mins_processing_pipeline', 'transform_silver_5mins_incremental', 'scheduled__2025-03-14T03:00:00+00:00', '--job-id', '3763', '--raw', '--subdir', 'DAGS_FOLDER/five_mins_processing_pipeline.py', '--cfg-path', '/tmp/tmp5djlrppc']
[2025-03-14T03:05:12.834+0000] {standard_task_runner.py:85} INFO - Job 3763: Subtask transform_silver_5mins_incremental
[2025-03-14T03:05:12.855+0000] {task_command.py:416} INFO - Running <TaskInstance: five_mins_processing_pipeline.transform_silver_5mins_incremental scheduled__2025-03-14T03:00:00+00:00 [running]> on host c8e526380ef3
[2025-03-14T03:05:12.990+0000] {taskinstance.py:1662} INFO - Exporting env vars: AIRFLOW_CTX_DAG_OWNER='Andrew Tran' AIRFLOW_CTX_DAG_ID='five_mins_processing_pipeline' AIRFLOW_CTX_TASK_ID='transform_silver_5mins_incremental' AIRFLOW_CTX_EXECUTION_DATE='2025-03-14T03:00:00+00:00' AIRFLOW_CTX_TRY_NUMBER='1' AIRFLOW_CTX_DAG_RUN_ID='scheduled__2025-03-14T03:00:00+00:00'
[2025-03-14T03:05:12.990+0000] {subprocess.py:63} INFO - Tmp dir root location: /tmp
[2025-03-14T03:05:12.990+0000] {subprocess.py:75} INFO - Running command: ['/bin/bash', '-c', 'cd /opt/***/dbt/playstudio_project && export WAREHOUSE_HOST=None && export WAREHOUSE_PASSWORD=None && export WAREHOUSE_USER=None && dbt deps && dbt run --select tag:silver_5mins_incremental --target prod']
[2025-03-14T03:05:13.000+0000] {subprocess.py:86} INFO - Output:
[2025-03-14T03:05:14.427+0000] {subprocess.py:93} INFO - [0m03:05:14  Running with dbt=1.7.18
[2025-03-14T03:05:16.310+0000] {subprocess.py:93} INFO - [0m03:05:16  Installing dbt-labs/dbt_utils
[2025-03-14T03:05:17.040+0000] {subprocess.py:93} INFO - [0m03:05:17  Installed from version 1.1.1
[2025-03-14T03:05:17.043+0000] {subprocess.py:93} INFO - [0m03:05:17  Updated version available: 1.3.0
[2025-03-14T03:05:17.044+0000] {subprocess.py:93} INFO - [0m03:05:17  Installing metaplane/dbt_expectations
[2025-03-14T03:05:18.124+0000] {subprocess.py:93} INFO - [0m03:05:18  Installed from version 0.10.8
[2025-03-14T03:05:18.125+0000] {subprocess.py:93} INFO - [0m03:05:18  Up to date!
[2025-03-14T03:05:18.125+0000] {subprocess.py:93} INFO - [0m03:05:18  Installing godatadriven/dbt_date
[2025-03-14T03:05:18.696+0000] {subprocess.py:93} INFO - [0m03:05:18  Installed from version 0.11.0
[2025-03-14T03:05:18.700+0000] {subprocess.py:93} INFO - [0m03:05:18  Up to date!
[2025-03-14T03:05:18.700+0000] {subprocess.py:93} INFO - [0m03:05:18
[2025-03-14T03:05:18.700+0000] {subprocess.py:93} INFO - [0m03:05:18  Updates available for packages: ['dbt-labs/dbt_utils']
[2025-03-14T03:05:18.700+0000] {subprocess.py:93} INFO - Update your versions in packages.yml, then run dbt deps
[2025-03-14T03:05:21.700+0000] {subprocess.py:93} INFO - [0m03:05:21  Running with dbt=1.7.18
[2025-03-14T03:05:21.869+0000] {subprocess.py:93} INFO - [0m03:05:21  Registered adapter: postgres=1.7.18
[2025-03-14T03:05:21.978+0000] {subprocess.py:93} INFO - [0m03:05:21  [[33mWARNING[0m]: Configuration paths exist in your dbt_project.yml file which do not apply to any resources.
[2025-03-14T03:05:21.979+0000] {subprocess.py:93} INFO - There are 1 unused configuration paths:
[2025-03-14T03:05:21.979+0000] {subprocess.py:93} INFO - - models.playstudio_project.bronze_layer
[2025-03-14T03:05:22.001+0000] {subprocess.py:93} INFO - [0m03:05:21  Found 67 tests, 3 models, 2 sources, 0 exposures, 0 metrics, 783 macros, 0 groups, 0 semantic models
[2025-03-14T03:05:22.001+0000] {subprocess.py:93} INFO - [0m03:05:22
[2025-03-14T03:05:22.050+0000] {subprocess.py:93} INFO - [0m03:05:22  Concurrency: 1 threads (target='prod')
[2025-03-14T03:05:22.050+0000] {subprocess.py:93} INFO - [0m03:05:22
[2025-03-14T03:05:22.055+0000] {subprocess.py:93} INFO - [0m03:05:22  1 of 1 START sql incremental model silver_layer.silver_purchases ............... [RUN]
[2025-03-14T03:05:22.160+0000] {subprocess.py:93} INFO - [0m03:05:22  1 of 1 OK created sql incremental model silver_layer.silver_purchases .......... [[32mINSERT 0 1[0m in 0.10s]
[2025-03-14T03:05:22.168+0000] {subprocess.py:93} INFO - [0m03:05:22
[2025-03-14T03:05:22.168+0000] {subprocess.py:93} INFO - [0m03:05:22  Finished running 1 incremental model in 0 hours 0 minutes and 0.17 seconds (0.17s).
[2025-03-14T03:05:22.178+0000] {subprocess.py:93} INFO - [0m03:05:22
[2025-03-14T03:05:22.178+0000] {subprocess.py:93} INFO - [0m03:05:22  [32mCompleted successfully[0m
[2025-03-14T03:05:22.180+0000] {subprocess.py:93} INFO - [0m03:05:22
[2025-03-14T03:05:22.180+0000] {subprocess.py:93} INFO - [0m03:05:22  Done. PASS=1 WARN=0 ERROR=0 SKIP=0 TOTAL=1
[2025-03-14T03:05:23.844+0000] {subprocess.py:97} INFO - Command exited with return code 0
[2025-03-14T03:05:23.871+0000] {taskinstance.py:1400} INFO - Marking task as SUCCESS. dag_id=five_mins_processing_pipeline, task_id=transform_silver_5mins_incremental, execution_date=20250314T030000, start_date=20250314T030512, end_date=20250314T030523
[2025-03-14T03:05:23.896+0000] {local_task_job_runner.py:228} INFO - Task exited with return code 0
[2025-03-14T03:05:24.217+0000] {taskinstance.py:2778} INFO - 1 downstream tasks scheduled from follow-on schedule check
