[2025-03-12T12:55:10.817+0000] {taskinstance.py:1159} INFO - Dependencies all met for dep_context=non-requeueable deps ti=<TaskInstance: process_bronze_and_silver_layer.transform_silver_5mins_incremental scheduled__2025-03-12T12:50:00+00:00 [queued]>
[2025-03-12T12:55:10.822+0000] {taskinstance.py:1159} INFO - Dependencies all met for dep_context=requeueable deps ti=<TaskInstance: process_bronze_and_silver_layer.transform_silver_5mins_incremental scheduled__2025-03-12T12:50:00+00:00 [queued]>
[2025-03-12T12:55:10.822+0000] {taskinstance.py:1361} INFO - Starting attempt 1 of 1
[2025-03-12T12:55:11.018+0000] {taskinstance.py:1382} INFO - Executing <Task(BashOperator): transform_silver_5mins_incremental> on 2025-03-12 12:50:00+00:00
[2025-03-12T12:55:11.023+0000] {standard_task_runner.py:57} INFO - Started process 31994 to run task
[2025-03-12T12:55:11.025+0000] {standard_task_runner.py:84} INFO - Running: ['***', 'tasks', 'run', 'process_bronze_and_silver_layer', 'transform_silver_5mins_incremental', 'scheduled__2025-03-12T12:50:00+00:00', '--job-id', '2525', '--raw', '--subdir', 'DAGS_FOLDER/5mins_processing_pipeline.py', '--cfg-path', '/tmp/tmpxqobqm5e']
[2025-03-12T12:55:11.027+0000] {standard_task_runner.py:85} INFO - Job 2525: Subtask transform_silver_5mins_incremental
[2025-03-12T12:55:11.050+0000] {task_command.py:416} INFO - Running <TaskInstance: process_bronze_and_silver_layer.transform_silver_5mins_incremental scheduled__2025-03-12T12:50:00+00:00 [running]> on host c8e526380ef3
[2025-03-12T12:55:11.092+0000] {taskinstance.py:1662} INFO - Exporting env vars: AIRFLOW_CTX_DAG_OWNER='Andrew Tran' AIRFLOW_CTX_DAG_ID='process_bronze_and_silver_layer' AIRFLOW_CTX_TASK_ID='transform_silver_5mins_incremental' AIRFLOW_CTX_EXECUTION_DATE='2025-03-12T12:50:00+00:00' AIRFLOW_CTX_TRY_NUMBER='1' AIRFLOW_CTX_DAG_RUN_ID='scheduled__2025-03-12T12:50:00+00:00'
[2025-03-12T12:55:11.093+0000] {subprocess.py:63} INFO - Tmp dir root location: /tmp
[2025-03-12T12:55:11.096+0000] {subprocess.py:75} INFO - Running command: ['/bin/bash', '-c', 'cd /opt/***/dbt/playstudio_project && export WAREHOUSE_HOST=None && export WAREHOUSE_PASSWORD=None && export WAREHOUSE_USER=None && dbt run --select tag:silver_5mins_incremental --target prod']
[2025-03-12T12:55:11.125+0000] {subprocess.py:86} INFO - Output:
[2025-03-12T12:55:13.026+0000] {subprocess.py:93} INFO - [0m12:55:13  Running with dbt=1.7.18
[2025-03-12T12:55:13.142+0000] {subprocess.py:93} INFO - [0m12:55:13  Registered adapter: postgres=1.7.18
[2025-03-12T12:55:13.164+0000] {subprocess.py:93} INFO - [0m12:55:13  [[33mWARNING[0m]: Configuration paths exist in your dbt_project.yml file which do not apply to any resources.
[2025-03-12T12:55:13.164+0000] {subprocess.py:93} INFO - There are 1 unused configuration paths:
[2025-03-12T12:55:13.164+0000] {subprocess.py:93} INFO - - models.playstudio_project.bronze_layer
[2025-03-12T12:55:13.175+0000] {subprocess.py:93} INFO - [0m12:55:13  Found 3 models, 2 sources, 0 exposures, 0 metrics, 402 macros, 0 groups, 0 semantic models
[2025-03-12T12:55:13.176+0000] {subprocess.py:93} INFO - [0m12:55:13
[2025-03-12T12:55:13.247+0000] {subprocess.py:93} INFO - [0m12:55:13  Concurrency: 1 threads (target='prod')
[2025-03-12T12:55:13.247+0000] {subprocess.py:93} INFO - [0m12:55:13
[2025-03-12T12:55:13.252+0000] {subprocess.py:93} INFO - [0m12:55:13  1 of 1 START sql incremental model silver_layer.silver_purchases ............... [RUN]
[2025-03-12T12:55:13.369+0000] {subprocess.py:93} INFO - [0m12:55:13  1 of 1 OK created sql incremental model silver_layer.silver_purchases .......... [[32mINSERT 0 36[0m in 0.12s]
[2025-03-12T12:55:13.378+0000] {subprocess.py:93} INFO - [0m12:55:13
[2025-03-12T12:55:13.378+0000] {subprocess.py:93} INFO - [0m12:55:13  Finished running 1 incremental model in 0 hours 0 minutes and 0.20 seconds (0.20s).
[2025-03-12T12:55:13.384+0000] {subprocess.py:93} INFO - [0m12:55:13
[2025-03-12T12:55:13.384+0000] {subprocess.py:93} INFO - [0m12:55:13  [32mCompleted successfully[0m
[2025-03-12T12:55:13.384+0000] {subprocess.py:93} INFO - [0m12:55:13
[2025-03-12T12:55:13.384+0000] {subprocess.py:93} INFO - [0m12:55:13  Done. PASS=1 WARN=0 ERROR=0 SKIP=0 TOTAL=1
[2025-03-12T12:55:15.112+0000] {subprocess.py:97} INFO - Command exited with return code 0
[2025-03-12T12:55:15.145+0000] {taskinstance.py:1400} INFO - Marking task as SUCCESS. dag_id=process_bronze_and_silver_layer, task_id=transform_silver_5mins_incremental, execution_date=20250312T125000, start_date=20250312T125510, end_date=20250312T125515
[2025-03-12T12:55:15.201+0000] {local_task_job_runner.py:228} INFO - Task exited with return code 0
[2025-03-12T12:55:15.245+0000] {taskinstance.py:2778} INFO - 0 downstream tasks scheduled from follow-on schedule check
