[2025-03-12T03:40:03.279+0000] {taskinstance.py:1159} INFO - Dependencies all met for dep_context=non-requeueable deps ti=<TaskInstance: process_bronze_and_silver_layer.extract_and_load_purchases scheduled__2025-03-12T03:35:00+00:00 [queued]>
[2025-03-12T03:40:03.284+0000] {taskinstance.py:1159} INFO - Dependencies all met for dep_context=requeueable deps ti=<TaskInstance: process_bronze_and_silver_layer.extract_and_load_purchases scheduled__2025-03-12T03:35:00+00:00 [queued]>
[2025-03-12T03:40:03.284+0000] {taskinstance.py:1361} INFO - Starting attempt 1 of 1
[2025-03-12T03:40:03.366+0000] {taskinstance.py:1382} INFO - Executing <Task(_PythonDecoratedOperator): extract_and_load_purchases> on 2025-03-12 03:35:00+00:00
[2025-03-12T03:40:03.368+0000] {standard_task_runner.py:57} INFO - Started process 11988 to run task
[2025-03-12T03:40:03.370+0000] {standard_task_runner.py:84} INFO - Running: ['***', 'tasks', 'run', 'process_bronze_and_silver_layer', 'extract_and_load_purchases', 'scheduled__2025-03-12T03:35:00+00:00', '--job-id', '1031', '--raw', '--subdir', 'DAGS_FOLDER/5mins_processing_pipeline.py', '--cfg-path', '/tmp/tmpxitm77m3']
[2025-03-12T03:40:03.371+0000] {standard_task_runner.py:85} INFO - Job 1031: Subtask extract_and_load_purchases
[2025-03-12T03:40:03.392+0000] {task_command.py:416} INFO - Running <TaskInstance: process_bronze_and_silver_layer.extract_and_load_purchases scheduled__2025-03-12T03:35:00+00:00 [running]> on host c8e526380ef3
[2025-03-12T03:40:03.425+0000] {taskinstance.py:1662} INFO - Exporting env vars: AIRFLOW_CTX_DAG_OWNER='Andrew Tran' AIRFLOW_CTX_DAG_ID='process_bronze_and_silver_layer' AIRFLOW_CTX_TASK_ID='extract_and_load_purchases' AIRFLOW_CTX_EXECUTION_DATE='2025-03-12T03:35:00+00:00' AIRFLOW_CTX_TRY_NUMBER='1' AIRFLOW_CTX_DAG_RUN_ID='scheduled__2025-03-12T03:35:00+00:00'
[2025-03-12T03:40:03.428+0000] {5mins_processing_pipeline.py:428} INFO - Running extract_and_load_purchases in incremental mode
[2025-03-12T03:40:03.434+0000] {5mins_processing_pipeline.py:447} INFO - Incremental mode - fetching data updated after: 2025-03-11 17:53:01.583618
[2025-03-12T03:40:03.434+0000] {5mins_processing_pipeline.py:101} INFO - Executing query: 
            SELECT *, NOW() as extracted_at
            FROM app_source.purchases_data
            WHERE updated_at > '2025-03-11 17:53:01.583618'
            ORDER BY updated_at
        
[2025-03-12T03:40:03.437+0000] {base.py:73} INFO - Using connection ID 'postgres_source_db' for task execution.
[2025-03-12T03:40:03.440+0000] {warnings.py:109} WARNING - /opt/***/dags/5mins_processing_pipeline.py:104: UserWarning: pandas only supports SQLAlchemy connectable (engine/connection) or database string URI or sqlite3 DBAPI2 connection. Other DBAPI2 objects are not tested. Please consider using SQLAlchemy.
  df = pd.read_sql(query, conn)

[2025-03-12T03:40:03.443+0000] {5mins_processing_pipeline.py:105} INFO - Query executed successfully. Retrieved 0 rows.
[2025-03-12T03:40:03.443+0000] {5mins_processing_pipeline.py:462} INFO - Retrieved 0 rows of data
[2025-03-12T03:40:03.443+0000] {5mins_processing_pipeline.py:154} INFO - No data to insert into bronze_layer.bronze_purchases
[2025-03-12T03:40:03.443+0000] {5mins_processing_pipeline.py:480} INFO - Inserted 0 rows into bronze_layer.bronze_purchases
[2025-03-12T03:40:03.443+0000] {python.py:194} INFO - Done. Returned value was: Inserted 0 rows into bronze_layer.bronze_purchases
[2025-03-12T03:40:08.458+0000] {taskinstance.py:1400} INFO - Marking task as SUCCESS. dag_id=process_bronze_and_silver_layer, task_id=extract_and_load_purchases, execution_date=20250312T033500, start_date=20250312T034003, end_date=20250312T034008
[2025-03-12T03:40:08.483+0000] {local_task_job_runner.py:228} INFO - Task exited with return code 0
[2025-03-12T03:40:08.499+0000] {taskinstance.py:2778} INFO - 1 downstream tasks scheduled from follow-on schedule check
