[2025-03-13T17:20:06.747+0000] {taskinstance.py:1159} INFO - Dependencies all met for dep_context=non-requeueable deps ti=<TaskInstance: five_mins_processing_pipeline.transform_silver_5mins_incremental scheduled__2025-03-13T17:15:00+00:00 [queued]>
[2025-03-13T17:20:06.751+0000] {taskinstance.py:1159} INFO - Dependencies all met for dep_context=requeueable deps ti=<TaskInstance: five_mins_processing_pipeline.transform_silver_5mins_incremental scheduled__2025-03-13T17:15:00+00:00 [queued]>
[2025-03-13T17:20:06.751+0000] {taskinstance.py:1361} INFO - Starting attempt 1 of 1
[2025-03-13T17:20:06.758+0000] {taskinstance.py:1382} INFO - Executing <Task(BashOperator): transform_silver_5mins_incremental> on 2025-03-13 17:15:00+00:00
[2025-03-13T17:20:06.761+0000] {standard_task_runner.py:57} INFO - Started process 77132 to run task
[2025-03-13T17:20:06.762+0000] {standard_task_runner.py:84} INFO - Running: ['***', 'tasks', 'run', 'five_mins_processing_pipeline', 'transform_silver_5mins_incremental', 'scheduled__2025-03-13T17:15:00+00:00', '--job-id', '3651', '--raw', '--subdir', 'DAGS_FOLDER/five_mins_processing_pipeline.py', '--cfg-path', '/tmp/tmp1a1bji9s']
[2025-03-13T17:20:06.764+0000] {standard_task_runner.py:85} INFO - Job 3651: Subtask transform_silver_5mins_incremental
[2025-03-13T17:20:06.785+0000] {task_command.py:416} INFO - Running <TaskInstance: five_mins_processing_pipeline.transform_silver_5mins_incremental scheduled__2025-03-13T17:15:00+00:00 [running]> on host c8e526380ef3
[2025-03-13T17:20:06.907+0000] {taskinstance.py:1662} INFO - Exporting env vars: AIRFLOW_CTX_DAG_OWNER='Andrew Tran' AIRFLOW_CTX_DAG_ID='five_mins_processing_pipeline' AIRFLOW_CTX_TASK_ID='transform_silver_5mins_incremental' AIRFLOW_CTX_EXECUTION_DATE='2025-03-13T17:15:00+00:00' AIRFLOW_CTX_TRY_NUMBER='1' AIRFLOW_CTX_DAG_RUN_ID='scheduled__2025-03-13T17:15:00+00:00'
[2025-03-13T17:20:06.908+0000] {subprocess.py:63} INFO - Tmp dir root location: /tmp
[2025-03-13T17:20:06.908+0000] {subprocess.py:75} INFO - Running command: ['/bin/bash', '-c', 'cd /opt/***/dbt/playstudio_project && export WAREHOUSE_HOST=None && export WAREHOUSE_PASSWORD=None && export WAREHOUSE_USER=None && dbt deps && dbt run --select tag:silver_5mins_incremental --target prod']
[2025-03-13T17:20:06.917+0000] {subprocess.py:86} INFO - Output:
[2025-03-13T17:20:08.530+0000] {subprocess.py:93} INFO - [0m17:20:08  Running with dbt=1.7.18
[2025-03-13T17:20:10.708+0000] {subprocess.py:93} INFO - [0m17:20:10  Installing dbt-labs/dbt_utils
[2025-03-13T17:20:11.905+0000] {subprocess.py:93} INFO - [0m17:20:11  Installed from version 1.1.1
[2025-03-13T17:20:11.906+0000] {subprocess.py:93} INFO - [0m17:20:11  Updated version available: 1.3.0
[2025-03-13T17:20:11.906+0000] {subprocess.py:93} INFO - [0m17:20:11  Installing metaplane/dbt_expectations
[2025-03-13T17:20:12.898+0000] {subprocess.py:93} INFO - [0m17:20:12  Installed from version 0.10.8
[2025-03-13T17:20:12.899+0000] {subprocess.py:93} INFO - [0m17:20:12  Up to date!
[2025-03-13T17:20:12.899+0000] {subprocess.py:93} INFO - [0m17:20:12  Installing godatadriven/dbt_date
[2025-03-13T17:20:13.485+0000] {subprocess.py:93} INFO - [0m17:20:13  Installed from version 0.11.0
[2025-03-13T17:20:13.485+0000] {subprocess.py:93} INFO - [0m17:20:13  Up to date!
[2025-03-13T17:20:13.486+0000] {subprocess.py:93} INFO - [0m17:20:13
[2025-03-13T17:20:13.489+0000] {subprocess.py:93} INFO - [0m17:20:13  Updates available for packages: ['dbt-labs/dbt_utils']
[2025-03-13T17:20:13.489+0000] {subprocess.py:93} INFO - Update your versions in packages.yml, then run dbt deps
[2025-03-13T17:20:16.214+0000] {subprocess.py:93} INFO - [0m17:20:16  Running with dbt=1.7.18
[2025-03-13T17:20:16.321+0000] {subprocess.py:93} INFO - [0m17:20:16  Registered adapter: postgres=1.7.18
[2025-03-13T17:20:16.406+0000] {subprocess.py:93} INFO - [0m17:20:16  [[33mWARNING[0m]: Configuration paths exist in your dbt_project.yml file which do not apply to any resources.
[2025-03-13T17:20:16.406+0000] {subprocess.py:93} INFO - There are 1 unused configuration paths:
[2025-03-13T17:20:16.406+0000] {subprocess.py:93} INFO - - models.playstudio_project.bronze_layer
[2025-03-13T17:20:16.427+0000] {subprocess.py:93} INFO - [0m17:20:16  Found 67 tests, 3 models, 2 sources, 0 exposures, 0 metrics, 783 macros, 0 groups, 0 semantic models
[2025-03-13T17:20:16.429+0000] {subprocess.py:93} INFO - [0m17:20:16
[2025-03-13T17:20:16.471+0000] {subprocess.py:93} INFO - [0m17:20:16  Concurrency: 1 threads (target='prod')
[2025-03-13T17:20:16.471+0000] {subprocess.py:93} INFO - [0m17:20:16
[2025-03-13T17:20:16.475+0000] {subprocess.py:93} INFO - [0m17:20:16  1 of 1 START sql incremental model silver_layer.silver_purchases ............... [RUN]
[2025-03-13T17:20:16.580+0000] {subprocess.py:93} INFO - [0m17:20:16  1 of 1 OK created sql incremental model silver_layer.silver_purchases .......... [[32mINSERT 0 1[0m in 0.10s]
[2025-03-13T17:20:16.586+0000] {subprocess.py:93} INFO - [0m17:20:16
[2025-03-13T17:20:16.586+0000] {subprocess.py:93} INFO - [0m17:20:16  Finished running 1 incremental model in 0 hours 0 minutes and 0.16 seconds (0.16s).
[2025-03-13T17:20:16.597+0000] {subprocess.py:93} INFO - [0m17:20:16
[2025-03-13T17:20:16.597+0000] {subprocess.py:93} INFO - [0m17:20:16  [32mCompleted successfully[0m
[2025-03-13T17:20:16.597+0000] {subprocess.py:93} INFO - [0m17:20:16
[2025-03-13T17:20:16.598+0000] {subprocess.py:93} INFO - [0m17:20:16  Done. PASS=1 WARN=0 ERROR=0 SKIP=0 TOTAL=1
[2025-03-13T17:20:17.983+0000] {subprocess.py:97} INFO - Command exited with return code 0
[2025-03-13T17:20:18.011+0000] {taskinstance.py:1400} INFO - Marking task as SUCCESS. dag_id=five_mins_processing_pipeline, task_id=transform_silver_5mins_incremental, execution_date=20250313T171500, start_date=20250313T172006, end_date=20250313T172018
[2025-03-13T17:20:18.065+0000] {local_task_job_runner.py:228} INFO - Task exited with return code 0
[2025-03-13T17:20:18.325+0000] {taskinstance.py:2778} INFO - 1 downstream tasks scheduled from follow-on schedule check
