[2025-03-12T15:45:28.586+0000] {taskinstance.py:1159} INFO - Dependencies all met for dep_context=non-requeueable deps ti=<TaskInstance: process_bronze_and_silver_layer.transform_silver_full_refresh manual__2025-03-12T15:45:10+00:00 [queued]>
[2025-03-12T15:45:28.592+0000] {taskinstance.py:1159} INFO - Dependencies all met for dep_context=requeueable deps ti=<TaskInstance: process_bronze_and_silver_layer.transform_silver_full_refresh manual__2025-03-12T15:45:10+00:00 [queued]>
[2025-03-12T15:45:28.592+0000] {taskinstance.py:1361} INFO - Starting attempt 1 of 1
[2025-03-12T15:45:28.992+0000] {taskinstance.py:1382} INFO - Executing <Task(BashOperator): transform_silver_full_refresh> on 2025-03-12 15:45:10+00:00
[2025-03-12T15:45:29.000+0000] {standard_task_runner.py:57} INFO - Started process 40552 to run task
[2025-03-12T15:45:29.005+0000] {standard_task_runner.py:84} INFO - Running: ['***', 'tasks', 'run', 'process_bronze_and_silver_layer', 'transform_silver_full_refresh', 'manual__2025-03-12T15:45:10+00:00', '--job-id', '3075', '--raw', '--subdir', 'DAGS_FOLDER/5mins_processing_pipeline.py', '--cfg-path', '/tmp/tmpjxxnv4qc']
[2025-03-12T15:45:29.008+0000] {standard_task_runner.py:85} INFO - Job 3075: Subtask transform_silver_full_refresh
[2025-03-12T15:45:29.081+0000] {task_command.py:416} INFO - Running <TaskInstance: process_bronze_and_silver_layer.transform_silver_full_refresh manual__2025-03-12T15:45:10+00:00 [running]> on host c8e526380ef3
[2025-03-12T15:45:29.169+0000] {taskinstance.py:1662} INFO - Exporting env vars: AIRFLOW_CTX_DAG_OWNER='Andrew Tran' AIRFLOW_CTX_DAG_ID='process_bronze_and_silver_layer' AIRFLOW_CTX_TASK_ID='transform_silver_full_refresh' AIRFLOW_CTX_EXECUTION_DATE='2025-03-12T15:45:10+00:00' AIRFLOW_CTX_TRY_NUMBER='1' AIRFLOW_CTX_DAG_RUN_ID='manual__2025-03-12T15:45:10+00:00'
[2025-03-12T15:45:29.170+0000] {subprocess.py:63} INFO - Tmp dir root location: /tmp
[2025-03-12T15:45:29.170+0000] {subprocess.py:75} INFO - Running command: ['/bin/bash', '-c', 'cd /opt/***/dbt/playstudio_project && export WAREHOUSE_HOST=None && export WAREHOUSE_PASSWORD=None && export WAREHOUSE_USER=None && dbt run --select tag:silver_5mins_incremental --target prod --full-refresh']
[2025-03-12T15:45:29.196+0000] {subprocess.py:86} INFO - Output:
[2025-03-12T15:45:32.691+0000] {subprocess.py:93} INFO - [0m15:45:32  Running with dbt=1.7.18
[2025-03-12T15:45:32.827+0000] {subprocess.py:93} INFO - [0m15:45:32  Registered adapter: postgres=1.7.18
[2025-03-12T15:45:32.850+0000] {subprocess.py:93} INFO - [0m15:45:32  [[33mWARNING[0m]: Configuration paths exist in your dbt_project.yml file which do not apply to any resources.
[2025-03-12T15:45:32.850+0000] {subprocess.py:93} INFO - There are 1 unused configuration paths:
[2025-03-12T15:45:32.850+0000] {subprocess.py:93} INFO - - models.playstudio_project.bronze_layer
[2025-03-12T15:45:32.860+0000] {subprocess.py:93} INFO - [0m15:45:32  Found 3 models, 2 sources, 0 exposures, 0 metrics, 402 macros, 0 groups, 0 semantic models
[2025-03-12T15:45:32.862+0000] {subprocess.py:93} INFO - [0m15:45:32
[2025-03-12T15:45:32.999+0000] {subprocess.py:93} INFO - [0m15:45:32  Concurrency: 1 threads (target='prod')
[2025-03-12T15:45:33.002+0000] {subprocess.py:93} INFO - [0m15:45:32
[2025-03-12T15:45:33.005+0000] {subprocess.py:93} INFO - [0m15:45:33  1 of 1 START sql incremental model silver_layer.silver_purchases ............... [RUN]
[2025-03-12T15:45:33.317+0000] {subprocess.py:93} INFO - [0m15:45:33  1 of 1 OK created sql incremental model silver_layer.silver_purchases .......... [[32mSELECT 36[0m in 0.31s]
[2025-03-12T15:45:33.336+0000] {subprocess.py:93} INFO - [0m15:45:33
[2025-03-12T15:45:33.337+0000] {subprocess.py:93} INFO - [0m15:45:33  Finished running 1 incremental model in 0 hours 0 minutes and 0.47 seconds (0.47s).
[2025-03-12T15:45:33.347+0000] {subprocess.py:93} INFO - [0m15:45:33
[2025-03-12T15:45:33.348+0000] {subprocess.py:93} INFO - [0m15:45:33  [32mCompleted successfully[0m
[2025-03-12T15:45:33.349+0000] {subprocess.py:93} INFO - [0m15:45:33
[2025-03-12T15:45:33.352+0000] {subprocess.py:93} INFO - [0m15:45:33  Done. PASS=1 WARN=0 ERROR=0 SKIP=0 TOTAL=1
[2025-03-12T15:45:37.141+0000] {subprocess.py:97} INFO - Command exited with return code 0
[2025-03-12T15:45:37.231+0000] {taskinstance.py:1400} INFO - Marking task as SUCCESS. dag_id=process_bronze_and_silver_layer, task_id=transform_silver_full_refresh, execution_date=20250312T154510, start_date=20250312T154528, end_date=20250312T154537
[2025-03-12T15:45:37.290+0000] {local_task_job_runner.py:228} INFO - Task exited with return code 0
[2025-03-12T15:45:37.447+0000] {taskinstance.py:2778} INFO - 0 downstream tasks scheduled from follow-on schedule check
