[2025-03-13T15:25:11.995+0000] {taskinstance.py:1159} INFO - Dependencies all met for dep_context=non-requeueable deps ti=<TaskInstance: process_bronze_and_silver_layer.transform_silver_5mins_incremental scheduled__2025-03-13T15:20:00+00:00 [queued]>
[2025-03-13T15:25:11.999+0000] {taskinstance.py:1159} INFO - Dependencies all met for dep_context=requeueable deps ti=<TaskInstance: process_bronze_and_silver_layer.transform_silver_5mins_incremental scheduled__2025-03-13T15:20:00+00:00 [queued]>
[2025-03-13T15:25:11.999+0000] {taskinstance.py:1361} INFO - Starting attempt 1 of 1
[2025-03-13T15:25:12.087+0000] {taskinstance.py:1382} INFO - Executing <Task(BashOperator): transform_silver_5mins_incremental> on 2025-03-13 15:20:00+00:00
[2025-03-13T15:25:12.090+0000] {standard_task_runner.py:57} INFO - Started process 72330 to run task
[2025-03-13T15:25:12.092+0000] {standard_task_runner.py:84} INFO - Running: ['***', 'tasks', 'run', 'process_bronze_and_silver_layer', 'transform_silver_5mins_incremental', 'scheduled__2025-03-13T15:20:00+00:00', '--job-id', '3539', '--raw', '--subdir', 'DAGS_FOLDER/5mins_processing_pipeline.py', '--cfg-path', '/tmp/tmp9cxirgsx']
[2025-03-13T15:25:12.093+0000] {standard_task_runner.py:85} INFO - Job 3539: Subtask transform_silver_5mins_incremental
[2025-03-13T15:25:12.116+0000] {task_command.py:416} INFO - Running <TaskInstance: process_bronze_and_silver_layer.transform_silver_5mins_incremental scheduled__2025-03-13T15:20:00+00:00 [running]> on host c8e526380ef3
[2025-03-13T15:25:12.163+0000] {taskinstance.py:1662} INFO - Exporting env vars: AIRFLOW_CTX_DAG_OWNER='Andrew Tran' AIRFLOW_CTX_DAG_ID='process_bronze_and_silver_layer' AIRFLOW_CTX_TASK_ID='transform_silver_5mins_incremental' AIRFLOW_CTX_EXECUTION_DATE='2025-03-13T15:20:00+00:00' AIRFLOW_CTX_TRY_NUMBER='1' AIRFLOW_CTX_DAG_RUN_ID='scheduled__2025-03-13T15:20:00+00:00'
[2025-03-13T15:25:12.166+0000] {subprocess.py:63} INFO - Tmp dir root location: /tmp
[2025-03-13T15:25:12.166+0000] {subprocess.py:75} INFO - Running command: ['/bin/bash', '-c', 'cd /opt/***/dbt/playstudio_project && export WAREHOUSE_HOST=None && export WAREHOUSE_PASSWORD=None && export WAREHOUSE_USER=None && dbt run --select tag:silver_5mins_incremental --target prod']
[2025-03-13T15:25:12.173+0000] {subprocess.py:86} INFO - Output:
[2025-03-13T15:25:13.683+0000] {subprocess.py:93} INFO - [0m15:25:13  Running with dbt=1.7.18
[2025-03-13T15:25:13.831+0000] {subprocess.py:93} INFO - [0m15:25:13  Registered adapter: postgres=1.7.18
[2025-03-13T15:25:13.955+0000] {subprocess.py:93} INFO - [0m15:25:13  [[33mWARNING[0m]: Configuration paths exist in your dbt_project.yml file which do not apply to any resources.
[2025-03-13T15:25:13.956+0000] {subprocess.py:93} INFO - There are 1 unused configuration paths:
[2025-03-13T15:25:13.956+0000] {subprocess.py:93} INFO - - models.playstudio_project.bronze_layer
[2025-03-13T15:25:13.971+0000] {subprocess.py:93} INFO - [0m15:25:13  Found 3 models, 22 tests, 2 sources, 0 exposures, 0 metrics, 783 macros, 0 groups, 0 semantic models
[2025-03-13T15:25:13.972+0000] {subprocess.py:93} INFO - [0m15:25:13
[2025-03-13T15:25:14.017+0000] {subprocess.py:93} INFO - [0m15:25:14  Concurrency: 1 threads (target='prod')
[2025-03-13T15:25:14.017+0000] {subprocess.py:93} INFO - [0m15:25:14
[2025-03-13T15:25:14.021+0000] {subprocess.py:93} INFO - [0m15:25:14  1 of 1 START sql incremental model silver.silver_purchases ..................... [RUN]
[2025-03-13T15:25:14.111+0000] {subprocess.py:93} INFO - [0m15:25:14  1 of 1 OK created sql incremental model silver.silver_purchases ................ [[32mINSERT 0 1[0m in 0.09s]
[2025-03-13T15:25:14.117+0000] {subprocess.py:93} INFO - [0m15:25:14
[2025-03-13T15:25:14.118+0000] {subprocess.py:93} INFO - [0m15:25:14  Finished running 1 incremental model in 0 hours 0 minutes and 0.15 seconds (0.15s).
[2025-03-13T15:25:14.127+0000] {subprocess.py:93} INFO - [0m15:25:14
[2025-03-13T15:25:14.127+0000] {subprocess.py:93} INFO - [0m15:25:14  [32mCompleted successfully[0m
[2025-03-13T15:25:14.127+0000] {subprocess.py:93} INFO - [0m15:25:14
[2025-03-13T15:25:14.127+0000] {subprocess.py:93} INFO - [0m15:25:14  Done. PASS=1 WARN=0 ERROR=0 SKIP=0 TOTAL=1
[2025-03-13T15:25:15.936+0000] {subprocess.py:97} INFO - Command exited with return code 0
[2025-03-13T15:25:15.982+0000] {taskinstance.py:1400} INFO - Marking task as SUCCESS. dag_id=process_bronze_and_silver_layer, task_id=transform_silver_5mins_incremental, execution_date=20250313T152000, start_date=20250313T152511, end_date=20250313T152515
[2025-03-13T15:25:15.998+0000] {local_task_job_runner.py:228} INFO - Task exited with return code 0
[2025-03-13T15:25:16.024+0000] {taskinstance.py:2778} INFO - 1 downstream tasks scheduled from follow-on schedule check
