[2025-03-13T15:10:51.291+0000] {taskinstance.py:1159} INFO - Dependencies all met for dep_context=non-requeueable deps ti=<TaskInstance: hourly_processing_pipeline.aggregate_final_table_incremental manual__2025-03-13T15:10:30.258105+00:00 [queued]>
[2025-03-13T15:10:51.294+0000] {taskinstance.py:1159} INFO - Dependencies all met for dep_context=requeueable deps ti=<TaskInstance: hourly_processing_pipeline.aggregate_final_table_incremental manual__2025-03-13T15:10:30.258105+00:00 [queued]>
[2025-03-13T15:10:51.294+0000] {taskinstance.py:1361} INFO - Starting attempt 1 of 1
[2025-03-13T15:10:51.305+0000] {taskinstance.py:1382} INFO - Executing <Task(BashOperator): aggregate_final_table_incremental> on 2025-03-13 15:10:30.258105+00:00
[2025-03-13T15:10:51.307+0000] {standard_task_runner.py:57} INFO - Started process 71646 to run task
[2025-03-13T15:10:51.310+0000] {standard_task_runner.py:84} INFO - Running: ['***', 'tasks', 'run', 'hourly_processing_pipeline', 'aggregate_final_table_incremental', 'manual__2025-03-13T15:10:30.258105+00:00', '--job-id', '3506', '--raw', '--subdir', 'DAGS_FOLDER/hourly_processing_pipeline.py', '--cfg-path', '/tmp/tmpdumjob3d']
[2025-03-13T15:10:51.312+0000] {standard_task_runner.py:85} INFO - Job 3506: Subtask aggregate_final_table_incremental
[2025-03-13T15:10:51.517+0000] {task_command.py:416} INFO - Running <TaskInstance: hourly_processing_pipeline.aggregate_final_table_incremental manual__2025-03-13T15:10:30.258105+00:00 [running]> on host c8e526380ef3
[2025-03-13T15:10:51.552+0000] {taskinstance.py:1662} INFO - Exporting env vars: AIRFLOW_CTX_DAG_OWNER='Andrew Tran' AIRFLOW_CTX_DAG_ID='hourly_processing_pipeline' AIRFLOW_CTX_TASK_ID='aggregate_final_table_incremental' AIRFLOW_CTX_EXECUTION_DATE='2025-03-13T15:10:30.258105+00:00' AIRFLOW_CTX_TRY_NUMBER='1' AIRFLOW_CTX_DAG_RUN_ID='manual__2025-03-13T15:10:30.258105+00:00'
[2025-03-13T15:10:51.553+0000] {subprocess.py:63} INFO - Tmp dir root location: /tmp
[2025-03-13T15:10:51.554+0000] {subprocess.py:75} INFO - Running command: ['/bin/bash', '-c', 'cd /opt/***/dbt/playstudio_project && export WAREHOUSE_HOST=None && export WAREHOUSE_PASSWORD=None && export WAREHOUSE_USER=None && dbt run --select tag:gold_layer --target prod']
[2025-03-13T15:10:51.561+0000] {subprocess.py:86} INFO - Output:
[2025-03-13T15:10:53.027+0000] {subprocess.py:93} INFO - [0m15:10:53  Running with dbt=1.7.18
[2025-03-13T15:10:53.137+0000] {subprocess.py:93} INFO - [0m15:10:53  Registered adapter: postgres=1.7.18
[2025-03-13T15:10:53.208+0000] {subprocess.py:93} INFO - [0m15:10:53  [[33mWARNING[0m]: Configuration paths exist in your dbt_project.yml file which do not apply to any resources.
[2025-03-13T15:10:53.208+0000] {subprocess.py:93} INFO - There are 1 unused configuration paths:
[2025-03-13T15:10:53.209+0000] {subprocess.py:93} INFO - - models.playstudio_project.bronze_layer
[2025-03-13T15:10:53.224+0000] {subprocess.py:93} INFO - [0m15:10:53  Found 3 models, 22 tests, 2 sources, 0 exposures, 0 metrics, 783 macros, 0 groups, 0 semantic models
[2025-03-13T15:10:53.226+0000] {subprocess.py:93} INFO - [0m15:10:53
[2025-03-13T15:10:53.272+0000] {subprocess.py:93} INFO - [0m15:10:53  Concurrency: 1 threads (target='prod')
[2025-03-13T15:10:53.272+0000] {subprocess.py:93} INFO - [0m15:10:53
[2025-03-13T15:10:53.276+0000] {subprocess.py:93} INFO - [0m15:10:53  1 of 1 START sql incremental model gold_layer.aggregated_final_table ........... [RUN]
[2025-03-13T15:10:53.375+0000] {subprocess.py:93} INFO - [0m15:10:53  1 of 1 OK created sql incremental model gold_layer.aggregated_final_table ...... [[32mINSERT 0 1[0m in 0.10s]
[2025-03-13T15:10:53.382+0000] {subprocess.py:93} INFO - [0m15:10:53
[2025-03-13T15:10:53.382+0000] {subprocess.py:93} INFO - [0m15:10:53  Finished running 1 incremental model in 0 hours 0 minutes and 0.16 seconds (0.16s).
[2025-03-13T15:10:53.391+0000] {subprocess.py:93} INFO - [0m15:10:53
[2025-03-13T15:10:53.391+0000] {subprocess.py:93} INFO - [0m15:10:53  [32mCompleted successfully[0m
[2025-03-13T15:10:53.391+0000] {subprocess.py:93} INFO - [0m15:10:53
[2025-03-13T15:10:53.392+0000] {subprocess.py:93} INFO - [0m15:10:53  Done. PASS=1 WARN=0 ERROR=0 SKIP=0 TOTAL=1
[2025-03-13T15:10:54.762+0000] {subprocess.py:97} INFO - Command exited with return code 0
[2025-03-13T15:10:54.779+0000] {taskinstance.py:1400} INFO - Marking task as SUCCESS. dag_id=hourly_processing_pipeline, task_id=aggregate_final_table_incremental, execution_date=20250313T151030, start_date=20250313T151051, end_date=20250313T151054
[2025-03-13T15:10:54.812+0000] {local_task_job_runner.py:228} INFO - Task exited with return code 0
[2025-03-13T15:10:54.950+0000] {taskinstance.py:2778} INFO - 0 downstream tasks scheduled from follow-on schedule check
