[2025-03-14T02:57:00.903+0000] {processor.py:157} INFO - Started process (PID=83627) to work on /opt/airflow/dags/five_mins_processing_pipeline.py
[2025-03-14T02:57:02.886+0000] {processor.py:829} INFO - Processing file /opt/airflow/dags/five_mins_processing_pipeline.py for tasks to queue
[2025-03-14T02:57:03.753+0000] {logging_mixin.py:154} INFO - [2025-03-14T02:57:03.748+0000] {dagbag.py:536} INFO - Filling up the DagBag from /opt/airflow/dags/five_mins_processing_pipeline.py
[2025-03-14T02:57:04.707+0000] {processor.py:839} INFO - DAG(s) dict_keys(['five_mins_processing_pipeline']) retrieved from /opt/airflow/dags/five_mins_processing_pipeline.py
[2025-03-14T02:57:07.969+0000] {logging_mixin.py:154} INFO - [2025-03-14T02:57:07.969+0000] {dag.py:2941} INFO - Sync 1 DAGs
[2025-03-14T02:57:08.004+0000] {processor.py:179} INFO - Processing /opt/airflow/dags/five_mins_processing_pipeline.py took 7.482 seconds
[2025-03-14T02:57:38.174+0000] {processor.py:157} INFO - Started process (PID=83650) to work on /opt/airflow/dags/five_mins_processing_pipeline.py
[2025-03-14T02:57:38.190+0000] {processor.py:829} INFO - Processing file /opt/airflow/dags/five_mins_processing_pipeline.py for tasks to queue
[2025-03-14T02:57:38.197+0000] {logging_mixin.py:154} INFO - [2025-03-14T02:57:38.196+0000] {dagbag.py:536} INFO - Filling up the DagBag from /opt/airflow/dags/five_mins_processing_pipeline.py
[2025-03-14T02:57:38.881+0000] {processor.py:839} INFO - DAG(s) dict_keys(['five_mins_processing_pipeline']) retrieved from /opt/airflow/dags/five_mins_processing_pipeline.py
[2025-03-14T02:57:38.977+0000] {logging_mixin.py:154} INFO - [2025-03-14T02:57:38.977+0000] {dag.py:2941} INFO - Sync 1 DAGs
[2025-03-14T02:57:39.082+0000] {processor.py:179} INFO - Processing /opt/airflow/dags/five_mins_processing_pipeline.py took 0.953 seconds
[2025-03-14T02:58:09.231+0000] {processor.py:157} INFO - Started process (PID=83683) to work on /opt/airflow/dags/five_mins_processing_pipeline.py
[2025-03-14T02:58:09.232+0000] {processor.py:829} INFO - Processing file /opt/airflow/dags/five_mins_processing_pipeline.py for tasks to queue
[2025-03-14T02:58:09.232+0000] {logging_mixin.py:154} INFO - [2025-03-14T02:58:09.232+0000] {dagbag.py:536} INFO - Filling up the DagBag from /opt/airflow/dags/five_mins_processing_pipeline.py
[2025-03-14T02:58:09.406+0000] {processor.py:839} INFO - DAG(s) dict_keys(['five_mins_processing_pipeline']) retrieved from /opt/airflow/dags/five_mins_processing_pipeline.py
[2025-03-14T02:58:09.440+0000] {logging_mixin.py:154} INFO - [2025-03-14T02:58:09.440+0000] {dag.py:2941} INFO - Sync 1 DAGs
[2025-03-14T02:58:09.470+0000] {processor.py:179} INFO - Processing /opt/airflow/dags/five_mins_processing_pipeline.py took 0.241 seconds
[2025-03-14T02:58:39.550+0000] {processor.py:157} INFO - Started process (PID=83702) to work on /opt/airflow/dags/five_mins_processing_pipeline.py
[2025-03-14T02:58:39.551+0000] {processor.py:829} INFO - Processing file /opt/airflow/dags/five_mins_processing_pipeline.py for tasks to queue
[2025-03-14T02:58:39.552+0000] {logging_mixin.py:154} INFO - [2025-03-14T02:58:39.552+0000] {dagbag.py:536} INFO - Filling up the DagBag from /opt/airflow/dags/five_mins_processing_pipeline.py
[2025-03-14T02:58:39.854+0000] {processor.py:839} INFO - DAG(s) dict_keys(['five_mins_processing_pipeline']) retrieved from /opt/airflow/dags/five_mins_processing_pipeline.py
[2025-03-14T02:58:39.892+0000] {logging_mixin.py:154} INFO - [2025-03-14T02:58:39.892+0000] {dag.py:2941} INFO - Sync 1 DAGs
[2025-03-14T02:58:39.920+0000] {logging_mixin.py:154} INFO - [2025-03-14T02:58:39.919+0000] {dag.py:3722} INFO - Setting next_dagrun for five_mins_processing_pipeline to 2025-03-14T02:55:00+00:00, run_after=2025-03-14T03:00:00+00:00
[2025-03-14T02:58:39.933+0000] {processor.py:179} INFO - Processing /opt/airflow/dags/five_mins_processing_pipeline.py took 0.388 seconds
[2025-03-14T02:59:10.283+0000] {processor.py:157} INFO - Started process (PID=83730) to work on /opt/airflow/dags/five_mins_processing_pipeline.py
[2025-03-14T02:59:10.286+0000] {processor.py:829} INFO - Processing file /opt/airflow/dags/five_mins_processing_pipeline.py for tasks to queue
[2025-03-14T02:59:10.288+0000] {logging_mixin.py:154} INFO - [2025-03-14T02:59:10.287+0000] {dagbag.py:536} INFO - Filling up the DagBag from /opt/airflow/dags/five_mins_processing_pipeline.py
[2025-03-14T02:59:10.483+0000] {processor.py:839} INFO - DAG(s) dict_keys(['five_mins_processing_pipeline']) retrieved from /opt/airflow/dags/five_mins_processing_pipeline.py
[2025-03-14T02:59:10.511+0000] {logging_mixin.py:154} INFO - [2025-03-14T02:59:10.510+0000] {dag.py:2941} INFO - Sync 1 DAGs
[2025-03-14T02:59:10.522+0000] {logging_mixin.py:154} INFO - [2025-03-14T02:59:10.522+0000] {dag.py:3722} INFO - Setting next_dagrun for five_mins_processing_pipeline to 2025-03-14T02:55:00+00:00, run_after=2025-03-14T03:00:00+00:00
[2025-03-14T02:59:10.723+0000] {processor.py:179} INFO - Processing /opt/airflow/dags/five_mins_processing_pipeline.py took 0.450 seconds
[2025-03-14T02:59:41.104+0000] {processor.py:157} INFO - Started process (PID=83758) to work on /opt/airflow/dags/five_mins_processing_pipeline.py
[2025-03-14T02:59:41.108+0000] {processor.py:829} INFO - Processing file /opt/airflow/dags/five_mins_processing_pipeline.py for tasks to queue
[2025-03-14T02:59:41.115+0000] {logging_mixin.py:154} INFO - [2025-03-14T02:59:41.109+0000] {dagbag.py:536} INFO - Filling up the DagBag from /opt/airflow/dags/five_mins_processing_pipeline.py
[2025-03-14T02:59:41.386+0000] {processor.py:839} INFO - DAG(s) dict_keys(['five_mins_processing_pipeline']) retrieved from /opt/airflow/dags/five_mins_processing_pipeline.py
[2025-03-14T02:59:41.411+0000] {logging_mixin.py:154} INFO - [2025-03-14T02:59:41.411+0000] {dag.py:2941} INFO - Sync 1 DAGs
[2025-03-14T02:59:41.423+0000] {logging_mixin.py:154} INFO - [2025-03-14T02:59:41.423+0000] {dag.py:3722} INFO - Setting next_dagrun for five_mins_processing_pipeline to 2025-03-14T02:55:00+00:00, run_after=2025-03-14T03:00:00+00:00
[2025-03-14T02:59:41.431+0000] {processor.py:179} INFO - Processing /opt/airflow/dags/five_mins_processing_pipeline.py took 0.341 seconds
[2025-03-14T03:00:11.708+0000] {processor.py:157} INFO - Started process (PID=83785) to work on /opt/airflow/dags/five_mins_processing_pipeline.py
[2025-03-14T03:00:11.709+0000] {processor.py:829} INFO - Processing file /opt/airflow/dags/five_mins_processing_pipeline.py for tasks to queue
[2025-03-14T03:00:11.710+0000] {logging_mixin.py:154} INFO - [2025-03-14T03:00:11.710+0000] {dagbag.py:536} INFO - Filling up the DagBag from /opt/airflow/dags/five_mins_processing_pipeline.py
[2025-03-14T03:00:11.948+0000] {processor.py:839} INFO - DAG(s) dict_keys(['five_mins_processing_pipeline']) retrieved from /opt/airflow/dags/five_mins_processing_pipeline.py
[2025-03-14T03:00:11.977+0000] {logging_mixin.py:154} INFO - [2025-03-14T03:00:11.976+0000] {dag.py:2941} INFO - Sync 1 DAGs
[2025-03-14T03:00:12.090+0000] {processor.py:179} INFO - Processing /opt/airflow/dags/five_mins_processing_pipeline.py took 0.387 seconds
[2025-03-14T03:00:42.460+0000] {processor.py:157} INFO - Started process (PID=83805) to work on /opt/airflow/dags/five_mins_processing_pipeline.py
[2025-03-14T03:00:42.463+0000] {processor.py:829} INFO - Processing file /opt/airflow/dags/five_mins_processing_pipeline.py for tasks to queue
[2025-03-14T03:00:42.472+0000] {logging_mixin.py:154} INFO - [2025-03-14T03:00:42.467+0000] {dagbag.py:536} INFO - Filling up the DagBag from /opt/airflow/dags/five_mins_processing_pipeline.py
[2025-03-14T03:00:42.695+0000] {processor.py:839} INFO - DAG(s) dict_keys(['five_mins_processing_pipeline']) retrieved from /opt/airflow/dags/five_mins_processing_pipeline.py
[2025-03-14T03:00:42.719+0000] {logging_mixin.py:154} INFO - [2025-03-14T03:00:42.719+0000] {dag.py:2941} INFO - Sync 1 DAGs
[2025-03-14T03:00:42.730+0000] {logging_mixin.py:154} INFO - [2025-03-14T03:00:42.730+0000] {dag.py:3722} INFO - Setting next_dagrun for five_mins_processing_pipeline to 2025-03-14T03:00:00+00:00, run_after=2025-03-14T03:05:00+00:00
[2025-03-14T03:00:42.850+0000] {processor.py:179} INFO - Processing /opt/airflow/dags/five_mins_processing_pipeline.py took 0.399 seconds
[2025-03-14T03:01:13.198+0000] {processor.py:157} INFO - Started process (PID=83833) to work on /opt/airflow/dags/five_mins_processing_pipeline.py
[2025-03-14T03:01:13.201+0000] {processor.py:829} INFO - Processing file /opt/airflow/dags/five_mins_processing_pipeline.py for tasks to queue
[2025-03-14T03:01:13.203+0000] {logging_mixin.py:154} INFO - [2025-03-14T03:01:13.202+0000] {dagbag.py:536} INFO - Filling up the DagBag from /opt/airflow/dags/five_mins_processing_pipeline.py
[2025-03-14T03:01:13.439+0000] {processor.py:839} INFO - DAG(s) dict_keys(['five_mins_processing_pipeline']) retrieved from /opt/airflow/dags/five_mins_processing_pipeline.py
[2025-03-14T03:01:13.465+0000] {logging_mixin.py:154} INFO - [2025-03-14T03:01:13.465+0000] {dag.py:2941} INFO - Sync 1 DAGs
[2025-03-14T03:01:13.477+0000] {logging_mixin.py:154} INFO - [2025-03-14T03:01:13.477+0000] {dag.py:3722} INFO - Setting next_dagrun for five_mins_processing_pipeline to 2025-03-14T03:00:00+00:00, run_after=2025-03-14T03:05:00+00:00
[2025-03-14T03:01:13.488+0000] {processor.py:179} INFO - Processing /opt/airflow/dags/five_mins_processing_pipeline.py took 0.300 seconds
[2025-03-14T03:01:43.897+0000] {processor.py:157} INFO - Started process (PID=83861) to work on /opt/airflow/dags/five_mins_processing_pipeline.py
[2025-03-14T03:01:43.900+0000] {processor.py:829} INFO - Processing file /opt/airflow/dags/five_mins_processing_pipeline.py for tasks to queue
[2025-03-14T03:01:43.902+0000] {logging_mixin.py:154} INFO - [2025-03-14T03:01:43.902+0000] {dagbag.py:536} INFO - Filling up the DagBag from /opt/airflow/dags/five_mins_processing_pipeline.py
[2025-03-14T03:01:44.112+0000] {processor.py:839} INFO - DAG(s) dict_keys(['five_mins_processing_pipeline']) retrieved from /opt/airflow/dags/five_mins_processing_pipeline.py
[2025-03-14T03:01:44.145+0000] {logging_mixin.py:154} INFO - [2025-03-14T03:01:44.145+0000] {dag.py:2941} INFO - Sync 1 DAGs
[2025-03-14T03:01:44.261+0000] {logging_mixin.py:154} INFO - [2025-03-14T03:01:44.261+0000] {dag.py:3722} INFO - Setting next_dagrun for five_mins_processing_pipeline to 2025-03-14T03:00:00+00:00, run_after=2025-03-14T03:05:00+00:00
[2025-03-14T03:01:44.272+0000] {processor.py:179} INFO - Processing /opt/airflow/dags/five_mins_processing_pipeline.py took 0.386 seconds
[2025-03-14T03:02:14.609+0000] {processor.py:157} INFO - Started process (PID=83887) to work on /opt/airflow/dags/five_mins_processing_pipeline.py
[2025-03-14T03:02:14.613+0000] {processor.py:829} INFO - Processing file /opt/airflow/dags/five_mins_processing_pipeline.py for tasks to queue
[2025-03-14T03:02:14.615+0000] {logging_mixin.py:154} INFO - [2025-03-14T03:02:14.614+0000] {dagbag.py:536} INFO - Filling up the DagBag from /opt/airflow/dags/five_mins_processing_pipeline.py
[2025-03-14T03:02:14.907+0000] {processor.py:839} INFO - DAG(s) dict_keys(['five_mins_processing_pipeline']) retrieved from /opt/airflow/dags/five_mins_processing_pipeline.py
[2025-03-14T03:02:14.945+0000] {logging_mixin.py:154} INFO - [2025-03-14T03:02:14.945+0000] {dag.py:2941} INFO - Sync 1 DAGs
[2025-03-14T03:02:14.958+0000] {logging_mixin.py:154} INFO - [2025-03-14T03:02:14.957+0000] {dag.py:3722} INFO - Setting next_dagrun for five_mins_processing_pipeline to 2025-03-14T03:00:00+00:00, run_after=2025-03-14T03:05:00+00:00
[2025-03-14T03:02:15.078+0000] {processor.py:179} INFO - Processing /opt/airflow/dags/five_mins_processing_pipeline.py took 0.481 seconds
[2025-03-14T03:02:45.447+0000] {processor.py:157} INFO - Started process (PID=83908) to work on /opt/airflow/dags/five_mins_processing_pipeline.py
[2025-03-14T03:02:45.450+0000] {processor.py:829} INFO - Processing file /opt/airflow/dags/five_mins_processing_pipeline.py for tasks to queue
[2025-03-14T03:02:45.452+0000] {logging_mixin.py:154} INFO - [2025-03-14T03:02:45.451+0000] {dagbag.py:536} INFO - Filling up the DagBag from /opt/airflow/dags/five_mins_processing_pipeline.py
[2025-03-14T03:02:45.922+0000] {processor.py:839} INFO - DAG(s) dict_keys(['five_mins_processing_pipeline']) retrieved from /opt/airflow/dags/five_mins_processing_pipeline.py
[2025-03-14T03:02:45.943+0000] {logging_mixin.py:154} INFO - [2025-03-14T03:02:45.943+0000] {dag.py:2941} INFO - Sync 1 DAGs
[2025-03-14T03:02:45.953+0000] {logging_mixin.py:154} INFO - [2025-03-14T03:02:45.953+0000] {dag.py:3722} INFO - Setting next_dagrun for five_mins_processing_pipeline to 2025-03-14T03:00:00+00:00, run_after=2025-03-14T03:05:00+00:00
[2025-03-14T03:02:45.960+0000] {processor.py:179} INFO - Processing /opt/airflow/dags/five_mins_processing_pipeline.py took 0.525 seconds
[2025-03-14T03:03:16.362+0000] {processor.py:157} INFO - Started process (PID=83936) to work on /opt/airflow/dags/five_mins_processing_pipeline.py
[2025-03-14T03:03:16.366+0000] {processor.py:829} INFO - Processing file /opt/airflow/dags/five_mins_processing_pipeline.py for tasks to queue
[2025-03-14T03:03:16.369+0000] {logging_mixin.py:154} INFO - [2025-03-14T03:03:16.368+0000] {dagbag.py:536} INFO - Filling up the DagBag from /opt/airflow/dags/five_mins_processing_pipeline.py
[2025-03-14T03:03:16.749+0000] {processor.py:839} INFO - DAG(s) dict_keys(['five_mins_processing_pipeline']) retrieved from /opt/airflow/dags/five_mins_processing_pipeline.py
[2025-03-14T03:03:16.789+0000] {logging_mixin.py:154} INFO - [2025-03-14T03:03:16.789+0000] {dag.py:2941} INFO - Sync 1 DAGs
[2025-03-14T03:03:16.973+0000] {logging_mixin.py:154} INFO - [2025-03-14T03:03:16.973+0000] {dag.py:3722} INFO - Setting next_dagrun for five_mins_processing_pipeline to 2025-03-14T03:00:00+00:00, run_after=2025-03-14T03:05:00+00:00
[2025-03-14T03:03:16.988+0000] {processor.py:179} INFO - Processing /opt/airflow/dags/five_mins_processing_pipeline.py took 0.675 seconds
[2025-03-14T03:03:47.432+0000] {processor.py:157} INFO - Started process (PID=83964) to work on /opt/airflow/dags/five_mins_processing_pipeline.py
[2025-03-14T03:03:47.436+0000] {processor.py:829} INFO - Processing file /opt/airflow/dags/five_mins_processing_pipeline.py for tasks to queue
[2025-03-14T03:03:47.438+0000] {logging_mixin.py:154} INFO - [2025-03-14T03:03:47.437+0000] {dagbag.py:536} INFO - Filling up the DagBag from /opt/airflow/dags/five_mins_processing_pipeline.py
[2025-03-14T03:03:47.660+0000] {processor.py:839} INFO - DAG(s) dict_keys(['five_mins_processing_pipeline']) retrieved from /opt/airflow/dags/five_mins_processing_pipeline.py
[2025-03-14T03:03:47.685+0000] {logging_mixin.py:154} INFO - [2025-03-14T03:03:47.685+0000] {dag.py:2941} INFO - Sync 1 DAGs
[2025-03-14T03:03:47.697+0000] {logging_mixin.py:154} INFO - [2025-03-14T03:03:47.696+0000] {dag.py:3722} INFO - Setting next_dagrun for five_mins_processing_pipeline to 2025-03-14T03:00:00+00:00, run_after=2025-03-14T03:05:00+00:00
[2025-03-14T03:03:47.796+0000] {processor.py:179} INFO - Processing /opt/airflow/dags/five_mins_processing_pipeline.py took 0.375 seconds
[2025-03-14T03:04:18.224+0000] {processor.py:157} INFO - Started process (PID=83992) to work on /opt/airflow/dags/five_mins_processing_pipeline.py
[2025-03-14T03:04:18.226+0000] {processor.py:829} INFO - Processing file /opt/airflow/dags/five_mins_processing_pipeline.py for tasks to queue
[2025-03-14T03:04:18.228+0000] {logging_mixin.py:154} INFO - [2025-03-14T03:04:18.227+0000] {dagbag.py:536} INFO - Filling up the DagBag from /opt/airflow/dags/five_mins_processing_pipeline.py
[2025-03-14T03:04:18.910+0000] {processor.py:839} INFO - DAG(s) dict_keys(['five_mins_processing_pipeline']) retrieved from /opt/airflow/dags/five_mins_processing_pipeline.py
[2025-03-14T03:04:18.944+0000] {logging_mixin.py:154} INFO - [2025-03-14T03:04:18.944+0000] {dag.py:2941} INFO - Sync 1 DAGs
[2025-03-14T03:04:18.962+0000] {logging_mixin.py:154} INFO - [2025-03-14T03:04:18.962+0000] {dag.py:3722} INFO - Setting next_dagrun for five_mins_processing_pipeline to 2025-03-14T03:00:00+00:00, run_after=2025-03-14T03:05:00+00:00
[2025-03-14T03:04:18.972+0000] {processor.py:179} INFO - Processing /opt/airflow/dags/five_mins_processing_pipeline.py took 0.759 seconds
[2025-03-14T03:04:49.366+0000] {processor.py:157} INFO - Started process (PID=84013) to work on /opt/airflow/dags/five_mins_processing_pipeline.py
[2025-03-14T03:04:49.373+0000] {processor.py:829} INFO - Processing file /opt/airflow/dags/five_mins_processing_pipeline.py for tasks to queue
[2025-03-14T03:04:49.377+0000] {logging_mixin.py:154} INFO - [2025-03-14T03:04:49.376+0000] {dagbag.py:536} INFO - Filling up the DagBag from /opt/airflow/dags/five_mins_processing_pipeline.py
[2025-03-14T03:04:49.952+0000] {processor.py:839} INFO - DAG(s) dict_keys(['five_mins_processing_pipeline']) retrieved from /opt/airflow/dags/five_mins_processing_pipeline.py
[2025-03-14T03:04:49.978+0000] {logging_mixin.py:154} INFO - [2025-03-14T03:04:49.978+0000] {dag.py:2941} INFO - Sync 1 DAGs
[2025-03-14T03:04:49.989+0000] {logging_mixin.py:154} INFO - [2025-03-14T03:04:49.989+0000] {dag.py:3722} INFO - Setting next_dagrun for five_mins_processing_pipeline to 2025-03-14T03:00:00+00:00, run_after=2025-03-14T03:05:00+00:00
[2025-03-14T03:04:49.997+0000] {processor.py:179} INFO - Processing /opt/airflow/dags/five_mins_processing_pipeline.py took 0.642 seconds
[2025-03-14T03:05:20.367+0000] {processor.py:157} INFO - Started process (PID=84041) to work on /opt/airflow/dags/five_mins_processing_pipeline.py
[2025-03-14T03:05:20.373+0000] {processor.py:829} INFO - Processing file /opt/airflow/dags/five_mins_processing_pipeline.py for tasks to queue
[2025-03-14T03:05:20.377+0000] {logging_mixin.py:154} INFO - [2025-03-14T03:05:20.376+0000] {dagbag.py:536} INFO - Filling up the DagBag from /opt/airflow/dags/five_mins_processing_pipeline.py
[2025-03-14T03:05:20.815+0000] {processor.py:839} INFO - DAG(s) dict_keys(['five_mins_processing_pipeline']) retrieved from /opt/airflow/dags/five_mins_processing_pipeline.py
[2025-03-14T03:05:20.841+0000] {logging_mixin.py:154} INFO - [2025-03-14T03:05:20.841+0000] {dag.py:2941} INFO - Sync 1 DAGs
[2025-03-14T03:05:20.866+0000] {processor.py:179} INFO - Processing /opt/airflow/dags/five_mins_processing_pipeline.py took 0.520 seconds
[2025-03-14T03:05:51.533+0000] {processor.py:157} INFO - Started process (PID=84068) to work on /opt/airflow/dags/five_mins_processing_pipeline.py
[2025-03-14T03:05:51.546+0000] {processor.py:829} INFO - Processing file /opt/airflow/dags/five_mins_processing_pipeline.py for tasks to queue
[2025-03-14T03:05:51.549+0000] {logging_mixin.py:154} INFO - [2025-03-14T03:05:51.548+0000] {dagbag.py:536} INFO - Filling up the DagBag from /opt/airflow/dags/five_mins_processing_pipeline.py
[2025-03-14T03:05:52.696+0000] {processor.py:839} INFO - DAG(s) dict_keys(['five_mins_processing_pipeline']) retrieved from /opt/airflow/dags/five_mins_processing_pipeline.py
[2025-03-14T03:05:52.730+0000] {logging_mixin.py:154} INFO - [2025-03-14T03:05:52.730+0000] {dag.py:2941} INFO - Sync 1 DAGs
[2025-03-14T03:05:52.758+0000] {logging_mixin.py:154} INFO - [2025-03-14T03:05:52.758+0000] {dag.py:3722} INFO - Setting next_dagrun for five_mins_processing_pipeline to 2025-03-14T03:05:00+00:00, run_after=2025-03-14T03:10:00+00:00
[2025-03-14T03:05:52.770+0000] {processor.py:179} INFO - Processing /opt/airflow/dags/five_mins_processing_pipeline.py took 1.299 seconds
[2025-03-14T03:06:23.115+0000] {processor.py:157} INFO - Started process (PID=84090) to work on /opt/airflow/dags/five_mins_processing_pipeline.py
[2025-03-14T03:06:23.118+0000] {processor.py:829} INFO - Processing file /opt/airflow/dags/five_mins_processing_pipeline.py for tasks to queue
[2025-03-14T03:06:23.120+0000] {logging_mixin.py:154} INFO - [2025-03-14T03:06:23.119+0000] {dagbag.py:536} INFO - Filling up the DagBag from /opt/airflow/dags/five_mins_processing_pipeline.py
[2025-03-14T03:06:23.703+0000] {processor.py:839} INFO - DAG(s) dict_keys(['five_mins_processing_pipeline']) retrieved from /opt/airflow/dags/five_mins_processing_pipeline.py
[2025-03-14T03:06:23.735+0000] {logging_mixin.py:154} INFO - [2025-03-14T03:06:23.735+0000] {dag.py:2941} INFO - Sync 1 DAGs
[2025-03-14T03:06:23.747+0000] {logging_mixin.py:154} INFO - [2025-03-14T03:06:23.747+0000] {dag.py:3722} INFO - Setting next_dagrun for five_mins_processing_pipeline to 2025-03-14T03:05:00+00:00, run_after=2025-03-14T03:10:00+00:00
[2025-03-14T03:06:23.755+0000] {processor.py:179} INFO - Processing /opt/airflow/dags/five_mins_processing_pipeline.py took 0.653 seconds
[2025-03-14T03:06:54.131+0000] {processor.py:157} INFO - Started process (PID=84118) to work on /opt/airflow/dags/five_mins_processing_pipeline.py
[2025-03-14T03:06:54.133+0000] {processor.py:829} INFO - Processing file /opt/airflow/dags/five_mins_processing_pipeline.py for tasks to queue
[2025-03-14T03:06:54.134+0000] {logging_mixin.py:154} INFO - [2025-03-14T03:06:54.134+0000] {dagbag.py:536} INFO - Filling up the DagBag from /opt/airflow/dags/five_mins_processing_pipeline.py
[2025-03-14T03:06:54.580+0000] {processor.py:839} INFO - DAG(s) dict_keys(['five_mins_processing_pipeline']) retrieved from /opt/airflow/dags/five_mins_processing_pipeline.py
[2025-03-14T03:06:54.611+0000] {logging_mixin.py:154} INFO - [2025-03-14T03:06:54.611+0000] {dag.py:2941} INFO - Sync 1 DAGs
[2025-03-14T03:06:54.622+0000] {logging_mixin.py:154} INFO - [2025-03-14T03:06:54.622+0000] {dag.py:3722} INFO - Setting next_dagrun for five_mins_processing_pipeline to 2025-03-14T03:05:00+00:00, run_after=2025-03-14T03:10:00+00:00
[2025-03-14T03:06:54.633+0000] {processor.py:179} INFO - Processing /opt/airflow/dags/five_mins_processing_pipeline.py took 0.509 seconds
[2025-03-14T03:07:25.047+0000] {processor.py:157} INFO - Started process (PID=84146) to work on /opt/airflow/dags/five_mins_processing_pipeline.py
[2025-03-14T03:07:25.052+0000] {processor.py:829} INFO - Processing file /opt/airflow/dags/five_mins_processing_pipeline.py for tasks to queue
[2025-03-14T03:07:25.054+0000] {logging_mixin.py:154} INFO - [2025-03-14T03:07:25.053+0000] {dagbag.py:536} INFO - Filling up the DagBag from /opt/airflow/dags/five_mins_processing_pipeline.py
[2025-03-14T03:07:25.435+0000] {processor.py:839} INFO - DAG(s) dict_keys(['five_mins_processing_pipeline']) retrieved from /opt/airflow/dags/five_mins_processing_pipeline.py
[2025-03-14T03:07:25.462+0000] {logging_mixin.py:154} INFO - [2025-03-14T03:07:25.461+0000] {dag.py:2941} INFO - Sync 1 DAGs
[2025-03-14T03:07:25.475+0000] {logging_mixin.py:154} INFO - [2025-03-14T03:07:25.475+0000] {dag.py:3722} INFO - Setting next_dagrun for five_mins_processing_pipeline to 2025-03-14T03:05:00+00:00, run_after=2025-03-14T03:10:00+00:00
[2025-03-14T03:07:25.483+0000] {processor.py:179} INFO - Processing /opt/airflow/dags/five_mins_processing_pipeline.py took 0.446 seconds
[2025-03-14T03:07:55.886+0000] {processor.py:157} INFO - Started process (PID=84167) to work on /opt/airflow/dags/five_mins_processing_pipeline.py
[2025-03-14T03:07:55.890+0000] {processor.py:829} INFO - Processing file /opt/airflow/dags/five_mins_processing_pipeline.py for tasks to queue
[2025-03-14T03:07:55.891+0000] {logging_mixin.py:154} INFO - [2025-03-14T03:07:55.891+0000] {dagbag.py:536} INFO - Filling up the DagBag from /opt/airflow/dags/five_mins_processing_pipeline.py
[2025-03-14T03:07:56.485+0000] {processor.py:839} INFO - DAG(s) dict_keys(['five_mins_processing_pipeline']) retrieved from /opt/airflow/dags/five_mins_processing_pipeline.py
[2025-03-14T03:07:56.517+0000] {logging_mixin.py:154} INFO - [2025-03-14T03:07:56.517+0000] {dag.py:2941} INFO - Sync 1 DAGs
[2025-03-14T03:07:56.540+0000] {logging_mixin.py:154} INFO - [2025-03-14T03:07:56.539+0000] {dag.py:3722} INFO - Setting next_dagrun for five_mins_processing_pipeline to 2025-03-14T03:05:00+00:00, run_after=2025-03-14T03:10:00+00:00
[2025-03-14T03:07:56.552+0000] {processor.py:179} INFO - Processing /opt/airflow/dags/five_mins_processing_pipeline.py took 0.700 seconds
[2025-03-14T03:08:26.948+0000] {processor.py:157} INFO - Started process (PID=84194) to work on /opt/airflow/dags/five_mins_processing_pipeline.py
[2025-03-14T03:08:26.951+0000] {processor.py:829} INFO - Processing file /opt/airflow/dags/five_mins_processing_pipeline.py for tasks to queue
[2025-03-14T03:08:26.953+0000] {logging_mixin.py:154} INFO - [2025-03-14T03:08:26.953+0000] {dagbag.py:536} INFO - Filling up the DagBag from /opt/airflow/dags/five_mins_processing_pipeline.py
[2025-03-14T03:08:27.325+0000] {processor.py:839} INFO - DAG(s) dict_keys(['five_mins_processing_pipeline']) retrieved from /opt/airflow/dags/five_mins_processing_pipeline.py
[2025-03-14T03:08:27.355+0000] {logging_mixin.py:154} INFO - [2025-03-14T03:08:27.355+0000] {dag.py:2941} INFO - Sync 1 DAGs
[2025-03-14T03:08:27.365+0000] {logging_mixin.py:154} INFO - [2025-03-14T03:08:27.365+0000] {dag.py:3722} INFO - Setting next_dagrun for five_mins_processing_pipeline to 2025-03-14T03:05:00+00:00, run_after=2025-03-14T03:10:00+00:00
[2025-03-14T03:08:27.375+0000] {processor.py:179} INFO - Processing /opt/airflow/dags/five_mins_processing_pipeline.py took 0.438 seconds
[2025-03-14T03:08:57.775+0000] {processor.py:157} INFO - Started process (PID=84222) to work on /opt/airflow/dags/five_mins_processing_pipeline.py
[2025-03-14T03:08:57.777+0000] {processor.py:829} INFO - Processing file /opt/airflow/dags/five_mins_processing_pipeline.py for tasks to queue
[2025-03-14T03:08:57.779+0000] {logging_mixin.py:154} INFO - [2025-03-14T03:08:57.778+0000] {dagbag.py:536} INFO - Filling up the DagBag from /opt/airflow/dags/five_mins_processing_pipeline.py
[2025-03-14T03:08:58.271+0000] {processor.py:839} INFO - DAG(s) dict_keys(['five_mins_processing_pipeline']) retrieved from /opt/airflow/dags/five_mins_processing_pipeline.py
[2025-03-14T03:08:58.324+0000] {logging_mixin.py:154} INFO - [2025-03-14T03:08:58.324+0000] {dag.py:2941} INFO - Sync 1 DAGs
[2025-03-14T03:08:58.335+0000] {logging_mixin.py:154} INFO - [2025-03-14T03:08:58.335+0000] {dag.py:3722} INFO - Setting next_dagrun for five_mins_processing_pipeline to 2025-03-14T03:05:00+00:00, run_after=2025-03-14T03:10:00+00:00
[2025-03-14T03:08:58.344+0000] {processor.py:179} INFO - Processing /opt/airflow/dags/five_mins_processing_pipeline.py took 0.579 seconds
[2025-03-14T03:09:28.545+0000] {processor.py:157} INFO - Started process (PID=84250) to work on /opt/airflow/dags/five_mins_processing_pipeline.py
[2025-03-14T03:09:28.548+0000] {processor.py:829} INFO - Processing file /opt/airflow/dags/five_mins_processing_pipeline.py for tasks to queue
[2025-03-14T03:09:28.551+0000] {logging_mixin.py:154} INFO - [2025-03-14T03:09:28.550+0000] {dagbag.py:536} INFO - Filling up the DagBag from /opt/airflow/dags/five_mins_processing_pipeline.py
[2025-03-14T03:09:29.757+0000] {processor.py:839} INFO - DAG(s) dict_keys(['five_mins_processing_pipeline']) retrieved from /opt/airflow/dags/five_mins_processing_pipeline.py
[2025-03-14T03:09:29.862+0000] {logging_mixin.py:154} INFO - [2025-03-14T03:09:29.862+0000] {dag.py:2941} INFO - Sync 1 DAGs
[2025-03-14T03:09:29.893+0000] {logging_mixin.py:154} INFO - [2025-03-14T03:09:29.893+0000] {dag.py:3722} INFO - Setting next_dagrun for five_mins_processing_pipeline to 2025-03-14T03:05:00+00:00, run_after=2025-03-14T03:10:00+00:00
[2025-03-14T03:09:29.925+0000] {processor.py:179} INFO - Processing /opt/airflow/dags/five_mins_processing_pipeline.py took 1.404 seconds
[2025-03-14T03:10:00.130+0000] {processor.py:157} INFO - Started process (PID=84271) to work on /opt/airflow/dags/five_mins_processing_pipeline.py
[2025-03-14T03:10:00.132+0000] {processor.py:829} INFO - Processing file /opt/airflow/dags/five_mins_processing_pipeline.py for tasks to queue
[2025-03-14T03:10:00.133+0000] {logging_mixin.py:154} INFO - [2025-03-14T03:10:00.133+0000] {dagbag.py:536} INFO - Filling up the DagBag from /opt/airflow/dags/five_mins_processing_pipeline.py
[2025-03-14T03:10:00.542+0000] {processor.py:839} INFO - DAG(s) dict_keys(['five_mins_processing_pipeline']) retrieved from /opt/airflow/dags/five_mins_processing_pipeline.py
[2025-03-14T03:10:00.568+0000] {logging_mixin.py:154} INFO - [2025-03-14T03:10:00.568+0000] {dag.py:2941} INFO - Sync 1 DAGs
[2025-03-14T03:10:00.578+0000] {logging_mixin.py:154} INFO - [2025-03-14T03:10:00.578+0000] {dag.py:3722} INFO - Setting next_dagrun for five_mins_processing_pipeline to 2025-03-14T03:05:00+00:00, run_after=2025-03-14T03:10:00+00:00
[2025-03-14T03:10:00.591+0000] {processor.py:179} INFO - Processing /opt/airflow/dags/five_mins_processing_pipeline.py took 0.468 seconds
[2025-03-14T03:10:31.260+0000] {processor.py:157} INFO - Started process (PID=84298) to work on /opt/airflow/dags/five_mins_processing_pipeline.py
[2025-03-14T03:10:31.262+0000] {processor.py:829} INFO - Processing file /opt/airflow/dags/five_mins_processing_pipeline.py for tasks to queue
[2025-03-14T03:10:31.263+0000] {logging_mixin.py:154} INFO - [2025-03-14T03:10:31.262+0000] {dagbag.py:536} INFO - Filling up the DagBag from /opt/airflow/dags/five_mins_processing_pipeline.py
[2025-03-14T03:10:31.882+0000] {processor.py:839} INFO - DAG(s) dict_keys(['five_mins_processing_pipeline']) retrieved from /opt/airflow/dags/five_mins_processing_pipeline.py
[2025-03-14T03:10:32.017+0000] {logging_mixin.py:154} INFO - [2025-03-14T03:10:32.017+0000] {dag.py:2941} INFO - Sync 1 DAGs
[2025-03-14T03:10:32.037+0000] {logging_mixin.py:154} INFO - [2025-03-14T03:10:32.036+0000] {dag.py:3722} INFO - Setting next_dagrun for five_mins_processing_pipeline to 2025-03-14T03:10:00+00:00, run_after=2025-03-14T03:15:00+00:00
[2025-03-14T03:10:32.060+0000] {processor.py:179} INFO - Processing /opt/airflow/dags/five_mins_processing_pipeline.py took 0.846 seconds
[2025-03-14T03:11:02.382+0000] {processor.py:157} INFO - Started process (PID=84326) to work on /opt/airflow/dags/five_mins_processing_pipeline.py
[2025-03-14T03:11:02.388+0000] {processor.py:829} INFO - Processing file /opt/airflow/dags/five_mins_processing_pipeline.py for tasks to queue
[2025-03-14T03:11:02.392+0000] {logging_mixin.py:154} INFO - [2025-03-14T03:11:02.391+0000] {dagbag.py:536} INFO - Filling up the DagBag from /opt/airflow/dags/five_mins_processing_pipeline.py
[2025-03-14T03:11:03.000+0000] {processor.py:839} INFO - DAG(s) dict_keys(['five_mins_processing_pipeline']) retrieved from /opt/airflow/dags/five_mins_processing_pipeline.py
[2025-03-14T03:11:03.030+0000] {logging_mixin.py:154} INFO - [2025-03-14T03:11:03.029+0000] {dag.py:2941} INFO - Sync 1 DAGs
[2025-03-14T03:11:03.041+0000] {logging_mixin.py:154} INFO - [2025-03-14T03:11:03.041+0000] {dag.py:3722} INFO - Setting next_dagrun for five_mins_processing_pipeline to 2025-03-14T03:10:00+00:00, run_after=2025-03-14T03:15:00+00:00
[2025-03-14T03:11:03.049+0000] {processor.py:179} INFO - Processing /opt/airflow/dags/five_mins_processing_pipeline.py took 0.684 seconds
[2025-03-14T03:11:33.507+0000] {processor.py:157} INFO - Started process (PID=84347) to work on /opt/airflow/dags/five_mins_processing_pipeline.py
[2025-03-14T03:11:33.511+0000] {processor.py:829} INFO - Processing file /opt/airflow/dags/five_mins_processing_pipeline.py for tasks to queue
[2025-03-14T03:11:33.513+0000] {logging_mixin.py:154} INFO - [2025-03-14T03:11:33.512+0000] {dagbag.py:536} INFO - Filling up the DagBag from /opt/airflow/dags/five_mins_processing_pipeline.py
[2025-03-14T03:11:34.235+0000] {processor.py:839} INFO - DAG(s) dict_keys(['five_mins_processing_pipeline']) retrieved from /opt/airflow/dags/five_mins_processing_pipeline.py
[2025-03-14T03:11:34.286+0000] {logging_mixin.py:154} INFO - [2025-03-14T03:11:34.285+0000] {dag.py:2941} INFO - Sync 1 DAGs
[2025-03-14T03:11:34.297+0000] {logging_mixin.py:154} INFO - [2025-03-14T03:11:34.297+0000] {dag.py:3722} INFO - Setting next_dagrun for five_mins_processing_pipeline to 2025-03-14T03:10:00+00:00, run_after=2025-03-14T03:15:00+00:00
[2025-03-14T03:11:34.308+0000] {processor.py:179} INFO - Processing /opt/airflow/dags/five_mins_processing_pipeline.py took 0.815 seconds
[2025-03-14T03:12:04.702+0000] {processor.py:157} INFO - Started process (PID=84375) to work on /opt/airflow/dags/five_mins_processing_pipeline.py
[2025-03-14T03:12:04.704+0000] {processor.py:829} INFO - Processing file /opt/airflow/dags/five_mins_processing_pipeline.py for tasks to queue
[2025-03-14T03:12:04.708+0000] {logging_mixin.py:154} INFO - [2025-03-14T03:12:04.707+0000] {dagbag.py:536} INFO - Filling up the DagBag from /opt/airflow/dags/five_mins_processing_pipeline.py
[2025-03-14T03:12:05.118+0000] {processor.py:839} INFO - DAG(s) dict_keys(['five_mins_processing_pipeline']) retrieved from /opt/airflow/dags/five_mins_processing_pipeline.py
[2025-03-14T03:12:05.143+0000] {logging_mixin.py:154} INFO - [2025-03-14T03:12:05.143+0000] {dag.py:2941} INFO - Sync 1 DAGs
[2025-03-14T03:12:05.153+0000] {logging_mixin.py:154} INFO - [2025-03-14T03:12:05.153+0000] {dag.py:3722} INFO - Setting next_dagrun for five_mins_processing_pipeline to 2025-03-14T03:10:00+00:00, run_after=2025-03-14T03:15:00+00:00
[2025-03-14T03:12:05.161+0000] {processor.py:179} INFO - Processing /opt/airflow/dags/five_mins_processing_pipeline.py took 0.464 seconds
[2025-03-14T03:12:35.270+0000] {processor.py:157} INFO - Started process (PID=84403) to work on /opt/airflow/dags/five_mins_processing_pipeline.py
[2025-03-14T03:12:35.273+0000] {processor.py:829} INFO - Processing file /opt/airflow/dags/five_mins_processing_pipeline.py for tasks to queue
[2025-03-14T03:12:35.274+0000] {logging_mixin.py:154} INFO - [2025-03-14T03:12:35.274+0000] {dagbag.py:536} INFO - Filling up the DagBag from /opt/airflow/dags/five_mins_processing_pipeline.py
[2025-03-14T03:12:35.687+0000] {processor.py:839} INFO - DAG(s) dict_keys(['five_mins_processing_pipeline']) retrieved from /opt/airflow/dags/five_mins_processing_pipeline.py
[2025-03-14T03:12:35.712+0000] {logging_mixin.py:154} INFO - [2025-03-14T03:12:35.712+0000] {dag.py:2941} INFO - Sync 1 DAGs
[2025-03-14T03:12:35.723+0000] {logging_mixin.py:154} INFO - [2025-03-14T03:12:35.723+0000] {dag.py:3722} INFO - Setting next_dagrun for five_mins_processing_pipeline to 2025-03-14T03:10:00+00:00, run_after=2025-03-14T03:15:00+00:00
[2025-03-14T03:12:35.730+0000] {processor.py:179} INFO - Processing /opt/airflow/dags/five_mins_processing_pipeline.py took 0.469 seconds
[2025-03-14T03:13:06.169+0000] {processor.py:157} INFO - Started process (PID=84424) to work on /opt/airflow/dags/five_mins_processing_pipeline.py
[2025-03-14T03:13:06.172+0000] {processor.py:829} INFO - Processing file /opt/airflow/dags/five_mins_processing_pipeline.py for tasks to queue
[2025-03-14T03:13:06.181+0000] {logging_mixin.py:154} INFO - [2025-03-14T03:13:06.177+0000] {dagbag.py:536} INFO - Filling up the DagBag from /opt/airflow/dags/five_mins_processing_pipeline.py
[2025-03-14T03:13:06.614+0000] {processor.py:839} INFO - DAG(s) dict_keys(['five_mins_processing_pipeline']) retrieved from /opt/airflow/dags/five_mins_processing_pipeline.py
[2025-03-14T03:13:06.639+0000] {logging_mixin.py:154} INFO - [2025-03-14T03:13:06.639+0000] {dag.py:2941} INFO - Sync 1 DAGs
[2025-03-14T03:13:06.650+0000] {logging_mixin.py:154} INFO - [2025-03-14T03:13:06.649+0000] {dag.py:3722} INFO - Setting next_dagrun for five_mins_processing_pipeline to 2025-03-14T03:10:00+00:00, run_after=2025-03-14T03:15:00+00:00
[2025-03-14T03:13:06.658+0000] {processor.py:179} INFO - Processing /opt/airflow/dags/five_mins_processing_pipeline.py took 0.505 seconds
[2025-03-14T03:13:37.108+0000] {processor.py:157} INFO - Started process (PID=84451) to work on /opt/airflow/dags/five_mins_processing_pipeline.py
[2025-03-14T03:13:37.110+0000] {processor.py:829} INFO - Processing file /opt/airflow/dags/five_mins_processing_pipeline.py for tasks to queue
[2025-03-14T03:13:37.111+0000] {logging_mixin.py:154} INFO - [2025-03-14T03:13:37.111+0000] {dagbag.py:536} INFO - Filling up the DagBag from /opt/airflow/dags/five_mins_processing_pipeline.py
[2025-03-14T03:13:37.499+0000] {processor.py:839} INFO - DAG(s) dict_keys(['five_mins_processing_pipeline']) retrieved from /opt/airflow/dags/five_mins_processing_pipeline.py
[2025-03-14T03:13:37.523+0000] {logging_mixin.py:154} INFO - [2025-03-14T03:13:37.523+0000] {dag.py:2941} INFO - Sync 1 DAGs
[2025-03-14T03:13:37.533+0000] {logging_mixin.py:154} INFO - [2025-03-14T03:13:37.533+0000] {dag.py:3722} INFO - Setting next_dagrun for five_mins_processing_pipeline to 2025-03-14T03:10:00+00:00, run_after=2025-03-14T03:15:00+00:00
[2025-03-14T03:13:37.543+0000] {processor.py:179} INFO - Processing /opt/airflow/dags/five_mins_processing_pipeline.py took 0.442 seconds
[2025-03-14T03:14:07.947+0000] {processor.py:157} INFO - Started process (PID=84478) to work on /opt/airflow/dags/five_mins_processing_pipeline.py
[2025-03-14T03:14:07.950+0000] {processor.py:829} INFO - Processing file /opt/airflow/dags/five_mins_processing_pipeline.py for tasks to queue
[2025-03-14T03:14:07.952+0000] {logging_mixin.py:154} INFO - [2025-03-14T03:14:07.951+0000] {dagbag.py:536} INFO - Filling up the DagBag from /opt/airflow/dags/five_mins_processing_pipeline.py
[2025-03-14T03:14:08.305+0000] {processor.py:839} INFO - DAG(s) dict_keys(['five_mins_processing_pipeline']) retrieved from /opt/airflow/dags/five_mins_processing_pipeline.py
[2025-03-14T03:14:08.328+0000] {logging_mixin.py:154} INFO - [2025-03-14T03:14:08.328+0000] {dag.py:2941} INFO - Sync 1 DAGs
[2025-03-14T03:14:08.338+0000] {logging_mixin.py:154} INFO - [2025-03-14T03:14:08.338+0000] {dag.py:3722} INFO - Setting next_dagrun for five_mins_processing_pipeline to 2025-03-14T03:10:00+00:00, run_after=2025-03-14T03:15:00+00:00
[2025-03-14T03:14:08.347+0000] {processor.py:179} INFO - Processing /opt/airflow/dags/five_mins_processing_pipeline.py took 0.417 seconds
[2025-03-14T03:14:38.720+0000] {processor.py:157} INFO - Started process (PID=84499) to work on /opt/airflow/dags/five_mins_processing_pipeline.py
[2025-03-14T03:14:38.722+0000] {processor.py:829} INFO - Processing file /opt/airflow/dags/five_mins_processing_pipeline.py for tasks to queue
[2025-03-14T03:14:38.724+0000] {logging_mixin.py:154} INFO - [2025-03-14T03:14:38.723+0000] {dagbag.py:536} INFO - Filling up the DagBag from /opt/airflow/dags/five_mins_processing_pipeline.py
[2025-03-14T03:14:39.265+0000] {processor.py:839} INFO - DAG(s) dict_keys(['five_mins_processing_pipeline']) retrieved from /opt/airflow/dags/five_mins_processing_pipeline.py
[2025-03-14T03:14:39.296+0000] {logging_mixin.py:154} INFO - [2025-03-14T03:14:39.296+0000] {dag.py:2941} INFO - Sync 1 DAGs
[2025-03-14T03:14:39.314+0000] {logging_mixin.py:154} INFO - [2025-03-14T03:14:39.314+0000] {dag.py:3722} INFO - Setting next_dagrun for five_mins_processing_pipeline to 2025-03-14T03:10:00+00:00, run_after=2025-03-14T03:15:00+00:00
[2025-03-14T03:14:39.329+0000] {processor.py:179} INFO - Processing /opt/airflow/dags/five_mins_processing_pipeline.py took 0.621 seconds
[2025-03-14T03:15:09.771+0000] {processor.py:157} INFO - Started process (PID=84527) to work on /opt/airflow/dags/five_mins_processing_pipeline.py
[2025-03-14T03:15:09.773+0000] {processor.py:829} INFO - Processing file /opt/airflow/dags/five_mins_processing_pipeline.py for tasks to queue
[2025-03-14T03:15:09.775+0000] {logging_mixin.py:154} INFO - [2025-03-14T03:15:09.774+0000] {dagbag.py:536} INFO - Filling up the DagBag from /opt/airflow/dags/five_mins_processing_pipeline.py
[2025-03-14T03:15:10.232+0000] {processor.py:839} INFO - DAG(s) dict_keys(['five_mins_processing_pipeline']) retrieved from /opt/airflow/dags/five_mins_processing_pipeline.py
[2025-03-14T03:15:10.260+0000] {logging_mixin.py:154} INFO - [2025-03-14T03:15:10.260+0000] {dag.py:2941} INFO - Sync 1 DAGs
[2025-03-14T03:15:10.275+0000] {processor.py:179} INFO - Processing /opt/airflow/dags/five_mins_processing_pipeline.py took 0.514 seconds
