[2025-03-14T02:57:07.050+0000] {processor.py:157} INFO - Started process (PID=83631) to work on /opt/airflow/dags/hourly_processing_pipeline.py
[2025-03-14T02:57:07.070+0000] {processor.py:829} INFO - Processing file /opt/airflow/dags/hourly_processing_pipeline.py for tasks to queue
[2025-03-14T02:57:07.073+0000] {logging_mixin.py:154} INFO - [2025-03-14T02:57:07.072+0000] {dagbag.py:536} INFO - Filling up the DagBag from /opt/airflow/dags/hourly_processing_pipeline.py
[2025-03-14T02:57:07.834+0000] {processor.py:839} INFO - DAG(s) dict_keys(['hourly_processing_pipeline']) retrieved from /opt/airflow/dags/hourly_processing_pipeline.py
[2025-03-14T02:57:07.883+0000] {logging_mixin.py:154} INFO - [2025-03-14T02:57:07.882+0000] {taskinstance.py:1939} ERROR - {'DAG Id': 'hourly_processing_pipeline', 'Task Id': 'transform_silver_hourly_incremental', 'Run Id': 'manual__2025-03-13T17:40:38.081128+00:00', 'Hostname': 'c8e526380ef3', 'External Executor Id': '2af9b3f1-8399-4baa-aa1e-6f0519de4af0'}
[2025-03-14T02:57:07.905+0000] {logging_mixin.py:154} INFO - [2025-03-14T02:57:07.904+0000] {taskinstance.py:1400} INFO - Marking task as FAILED. dag_id=hourly_processing_pipeline, task_id=transform_silver_hourly_incremental, execution_date=20250313T174038, start_date=20250313T174054, end_date=20250314T025707
[2025-03-14T02:57:07.916+0000] {processor.py:790} INFO - Executed failure callback for <TaskInstance: hourly_processing_pipeline.transform_silver_hourly_incremental manual__2025-03-13T17:40:38.081128+00:00 [failed]> in state failed
[2025-03-14T02:57:08.203+0000] {logging_mixin.py:154} INFO - [2025-03-14T02:57:08.203+0000] {dag.py:2941} INFO - Sync 1 DAGs
[2025-03-14T02:57:08.208+0000] {logging_mixin.py:154} INFO - [2025-03-14T02:57:08.208+0000] {dag.py:3722} INFO - Setting next_dagrun for hourly_processing_pipeline to None, run_after=None
[2025-03-14T02:57:08.217+0000] {processor.py:179} INFO - Processing /opt/airflow/dags/hourly_processing_pipeline.py took 1.235 seconds
[2025-03-14T02:57:38.645+0000] {processor.py:157} INFO - Started process (PID=83652) to work on /opt/airflow/dags/hourly_processing_pipeline.py
[2025-03-14T02:57:38.652+0000] {processor.py:829} INFO - Processing file /opt/airflow/dags/hourly_processing_pipeline.py for tasks to queue
[2025-03-14T02:57:38.655+0000] {logging_mixin.py:154} INFO - [2025-03-14T02:57:38.655+0000] {dagbag.py:536} INFO - Filling up the DagBag from /opt/airflow/dags/hourly_processing_pipeline.py
[2025-03-14T02:57:38.880+0000] {processor.py:839} INFO - DAG(s) dict_keys(['hourly_processing_pipeline']) retrieved from /opt/airflow/dags/hourly_processing_pipeline.py
[2025-03-14T02:57:39.936+0000] {logging_mixin.py:154} INFO - [2025-03-14T02:57:39.936+0000] {dag.py:2941} INFO - Sync 1 DAGs
[2025-03-14T02:57:39.943+0000] {logging_mixin.py:154} INFO - [2025-03-14T02:57:39.943+0000] {dag.py:3722} INFO - Setting next_dagrun for hourly_processing_pipeline to None, run_after=None
[2025-03-14T02:57:39.975+0000] {processor.py:179} INFO - Processing /opt/airflow/dags/hourly_processing_pipeline.py took 1.337 seconds
[2025-03-14T02:58:10.275+0000] {processor.py:157} INFO - Started process (PID=83686) to work on /opt/airflow/dags/hourly_processing_pipeline.py
[2025-03-14T02:58:10.275+0000] {processor.py:829} INFO - Processing file /opt/airflow/dags/hourly_processing_pipeline.py for tasks to queue
[2025-03-14T02:58:10.276+0000] {logging_mixin.py:154} INFO - [2025-03-14T02:58:10.276+0000] {dagbag.py:536} INFO - Filling up the DagBag from /opt/airflow/dags/hourly_processing_pipeline.py
[2025-03-14T02:58:10.424+0000] {processor.py:839} INFO - DAG(s) dict_keys(['hourly_processing_pipeline']) retrieved from /opt/airflow/dags/hourly_processing_pipeline.py
[2025-03-14T02:58:10.451+0000] {logging_mixin.py:154} INFO - [2025-03-14T02:58:10.451+0000] {dag.py:2941} INFO - Sync 1 DAGs
[2025-03-14T02:58:10.457+0000] {logging_mixin.py:154} INFO - [2025-03-14T02:58:10.457+0000] {dag.py:3722} INFO - Setting next_dagrun for hourly_processing_pipeline to None, run_after=None
[2025-03-14T02:58:10.466+0000] {processor.py:179} INFO - Processing /opt/airflow/dags/hourly_processing_pipeline.py took 0.193 seconds
[2025-03-14T02:58:40.933+0000] {processor.py:157} INFO - Started process (PID=83714) to work on /opt/airflow/dags/hourly_processing_pipeline.py
[2025-03-14T02:58:40.934+0000] {processor.py:829} INFO - Processing file /opt/airflow/dags/hourly_processing_pipeline.py for tasks to queue
[2025-03-14T02:58:40.935+0000] {logging_mixin.py:154} INFO - [2025-03-14T02:58:40.934+0000] {dagbag.py:536} INFO - Filling up the DagBag from /opt/airflow/dags/hourly_processing_pipeline.py
[2025-03-14T02:58:41.115+0000] {processor.py:839} INFO - DAG(s) dict_keys(['hourly_processing_pipeline']) retrieved from /opt/airflow/dags/hourly_processing_pipeline.py
[2025-03-14T02:58:41.138+0000] {logging_mixin.py:154} INFO - [2025-03-14T02:58:41.138+0000] {dag.py:2941} INFO - Sync 1 DAGs
[2025-03-14T02:58:41.143+0000] {logging_mixin.py:154} INFO - [2025-03-14T02:58:41.143+0000] {dag.py:3722} INFO - Setting next_dagrun for hourly_processing_pipeline to None, run_after=None
[2025-03-14T02:58:41.150+0000] {processor.py:179} INFO - Processing /opt/airflow/dags/hourly_processing_pipeline.py took 0.221 seconds
[2025-03-14T02:59:11.558+0000] {processor.py:157} INFO - Started process (PID=83735) to work on /opt/airflow/dags/hourly_processing_pipeline.py
[2025-03-14T02:59:11.560+0000] {processor.py:829} INFO - Processing file /opt/airflow/dags/hourly_processing_pipeline.py for tasks to queue
[2025-03-14T02:59:11.561+0000] {logging_mixin.py:154} INFO - [2025-03-14T02:59:11.561+0000] {dagbag.py:536} INFO - Filling up the DagBag from /opt/airflow/dags/hourly_processing_pipeline.py
[2025-03-14T02:59:11.707+0000] {processor.py:839} INFO - DAG(s) dict_keys(['hourly_processing_pipeline']) retrieved from /opt/airflow/dags/hourly_processing_pipeline.py
[2025-03-14T02:59:11.730+0000] {logging_mixin.py:154} INFO - [2025-03-14T02:59:11.730+0000] {dag.py:2941} INFO - Sync 1 DAGs
[2025-03-14T02:59:11.735+0000] {logging_mixin.py:154} INFO - [2025-03-14T02:59:11.735+0000] {dag.py:3722} INFO - Setting next_dagrun for hourly_processing_pipeline to None, run_after=None
[2025-03-14T02:59:11.745+0000] {processor.py:179} INFO - Processing /opt/airflow/dags/hourly_processing_pipeline.py took 0.193 seconds
[2025-03-14T02:59:42.446+0000] {processor.py:157} INFO - Started process (PID=83763) to work on /opt/airflow/dags/hourly_processing_pipeline.py
[2025-03-14T02:59:42.447+0000] {processor.py:829} INFO - Processing file /opt/airflow/dags/hourly_processing_pipeline.py for tasks to queue
[2025-03-14T02:59:42.448+0000] {logging_mixin.py:154} INFO - [2025-03-14T02:59:42.448+0000] {dagbag.py:536} INFO - Filling up the DagBag from /opt/airflow/dags/hourly_processing_pipeline.py
[2025-03-14T02:59:42.805+0000] {processor.py:839} INFO - DAG(s) dict_keys(['hourly_processing_pipeline']) retrieved from /opt/airflow/dags/hourly_processing_pipeline.py
[2025-03-14T02:59:42.839+0000] {logging_mixin.py:154} INFO - [2025-03-14T02:59:42.838+0000] {dag.py:2941} INFO - Sync 1 DAGs
[2025-03-14T02:59:42.845+0000] {logging_mixin.py:154} INFO - [2025-03-14T02:59:42.845+0000] {dag.py:3722} INFO - Setting next_dagrun for hourly_processing_pipeline to None, run_after=None
[2025-03-14T02:59:42.862+0000] {processor.py:179} INFO - Processing /opt/airflow/dags/hourly_processing_pipeline.py took 0.420 seconds
[2025-03-14T03:00:13.001+0000] {processor.py:157} INFO - Started process (PID=83790) to work on /opt/airflow/dags/hourly_processing_pipeline.py
[2025-03-14T03:00:13.002+0000] {processor.py:829} INFO - Processing file /opt/airflow/dags/hourly_processing_pipeline.py for tasks to queue
[2025-03-14T03:00:13.002+0000] {logging_mixin.py:154} INFO - [2025-03-14T03:00:13.002+0000] {dagbag.py:536} INFO - Filling up the DagBag from /opt/airflow/dags/hourly_processing_pipeline.py
[2025-03-14T03:00:13.149+0000] {processor.py:839} INFO - DAG(s) dict_keys(['hourly_processing_pipeline']) retrieved from /opt/airflow/dags/hourly_processing_pipeline.py
[2025-03-14T03:00:13.184+0000] {logging_mixin.py:154} INFO - [2025-03-14T03:00:13.184+0000] {dag.py:2941} INFO - Sync 1 DAGs
[2025-03-14T03:00:13.192+0000] {logging_mixin.py:154} INFO - [2025-03-14T03:00:13.192+0000] {dag.py:3722} INFO - Setting next_dagrun for hourly_processing_pipeline to None, run_after=None
[2025-03-14T03:00:13.204+0000] {processor.py:179} INFO - Processing /opt/airflow/dags/hourly_processing_pipeline.py took 0.205 seconds
[2025-03-14T03:00:43.746+0000] {processor.py:157} INFO - Started process (PID=83817) to work on /opt/airflow/dags/hourly_processing_pipeline.py
[2025-03-14T03:00:43.747+0000] {processor.py:829} INFO - Processing file /opt/airflow/dags/hourly_processing_pipeline.py for tasks to queue
[2025-03-14T03:00:43.748+0000] {logging_mixin.py:154} INFO - [2025-03-14T03:00:43.747+0000] {dagbag.py:536} INFO - Filling up the DagBag from /opt/airflow/dags/hourly_processing_pipeline.py
[2025-03-14T03:00:43.895+0000] {processor.py:839} INFO - DAG(s) dict_keys(['hourly_processing_pipeline']) retrieved from /opt/airflow/dags/hourly_processing_pipeline.py
[2025-03-14T03:00:43.921+0000] {logging_mixin.py:154} INFO - [2025-03-14T03:00:43.921+0000] {dag.py:2941} INFO - Sync 1 DAGs
[2025-03-14T03:00:43.928+0000] {logging_mixin.py:154} INFO - [2025-03-14T03:00:43.928+0000] {dag.py:3722} INFO - Setting next_dagrun for hourly_processing_pipeline to None, run_after=None
[2025-03-14T03:00:44.033+0000] {processor.py:179} INFO - Processing /opt/airflow/dags/hourly_processing_pipeline.py took 0.289 seconds
[2025-03-14T03:01:14.488+0000] {processor.py:157} INFO - Started process (PID=83838) to work on /opt/airflow/dags/hourly_processing_pipeline.py
[2025-03-14T03:01:14.489+0000] {processor.py:829} INFO - Processing file /opt/airflow/dags/hourly_processing_pipeline.py for tasks to queue
[2025-03-14T03:01:14.489+0000] {logging_mixin.py:154} INFO - [2025-03-14T03:01:14.489+0000] {dagbag.py:536} INFO - Filling up the DagBag from /opt/airflow/dags/hourly_processing_pipeline.py
[2025-03-14T03:01:14.619+0000] {processor.py:839} INFO - DAG(s) dict_keys(['hourly_processing_pipeline']) retrieved from /opt/airflow/dags/hourly_processing_pipeline.py
[2025-03-14T03:01:14.642+0000] {logging_mixin.py:154} INFO - [2025-03-14T03:01:14.642+0000] {dag.py:2941} INFO - Sync 1 DAGs
[2025-03-14T03:01:14.647+0000] {logging_mixin.py:154} INFO - [2025-03-14T03:01:14.647+0000] {dag.py:3722} INFO - Setting next_dagrun for hourly_processing_pipeline to None, run_after=None
[2025-03-14T03:01:14.656+0000] {processor.py:179} INFO - Processing /opt/airflow/dags/hourly_processing_pipeline.py took 0.171 seconds
[2025-03-14T03:01:45.193+0000] {processor.py:157} INFO - Started process (PID=83866) to work on /opt/airflow/dags/hourly_processing_pipeline.py
[2025-03-14T03:01:45.194+0000] {processor.py:829} INFO - Processing file /opt/airflow/dags/hourly_processing_pipeline.py for tasks to queue
[2025-03-14T03:01:45.195+0000] {logging_mixin.py:154} INFO - [2025-03-14T03:01:45.195+0000] {dagbag.py:536} INFO - Filling up the DagBag from /opt/airflow/dags/hourly_processing_pipeline.py
[2025-03-14T03:01:45.344+0000] {processor.py:839} INFO - DAG(s) dict_keys(['hourly_processing_pipeline']) retrieved from /opt/airflow/dags/hourly_processing_pipeline.py
[2025-03-14T03:01:45.436+0000] {logging_mixin.py:154} INFO - [2025-03-14T03:01:45.436+0000] {dag.py:2941} INFO - Sync 1 DAGs
[2025-03-14T03:01:45.440+0000] {logging_mixin.py:154} INFO - [2025-03-14T03:01:45.440+0000] {dag.py:3722} INFO - Setting next_dagrun for hourly_processing_pipeline to None, run_after=None
[2025-03-14T03:01:45.450+0000] {processor.py:179} INFO - Processing /opt/airflow/dags/hourly_processing_pipeline.py took 0.262 seconds
[2025-03-14T03:02:16.004+0000] {processor.py:157} INFO - Started process (PID=83892) to work on /opt/airflow/dags/hourly_processing_pipeline.py
[2025-03-14T03:02:16.006+0000] {processor.py:829} INFO - Processing file /opt/airflow/dags/hourly_processing_pipeline.py for tasks to queue
[2025-03-14T03:02:16.007+0000] {logging_mixin.py:154} INFO - [2025-03-14T03:02:16.006+0000] {dagbag.py:536} INFO - Filling up the DagBag from /opt/airflow/dags/hourly_processing_pipeline.py
[2025-03-14T03:02:16.192+0000] {processor.py:839} INFO - DAG(s) dict_keys(['hourly_processing_pipeline']) retrieved from /opt/airflow/dags/hourly_processing_pipeline.py
[2025-03-14T03:02:16.218+0000] {logging_mixin.py:154} INFO - [2025-03-14T03:02:16.218+0000] {dag.py:2941} INFO - Sync 1 DAGs
[2025-03-14T03:02:16.224+0000] {logging_mixin.py:154} INFO - [2025-03-14T03:02:16.223+0000] {dag.py:3722} INFO - Setting next_dagrun for hourly_processing_pipeline to None, run_after=None
[2025-03-14T03:02:16.321+0000] {processor.py:179} INFO - Processing /opt/airflow/dags/hourly_processing_pipeline.py took 0.321 seconds
[2025-03-14T03:02:46.899+0000] {processor.py:157} INFO - Started process (PID=83913) to work on /opt/airflow/dags/hourly_processing_pipeline.py
[2025-03-14T03:02:46.900+0000] {processor.py:829} INFO - Processing file /opt/airflow/dags/hourly_processing_pipeline.py for tasks to queue
[2025-03-14T03:02:46.902+0000] {logging_mixin.py:154} INFO - [2025-03-14T03:02:46.901+0000] {dagbag.py:536} INFO - Filling up the DagBag from /opt/airflow/dags/hourly_processing_pipeline.py
[2025-03-14T03:02:47.048+0000] {processor.py:839} INFO - DAG(s) dict_keys(['hourly_processing_pipeline']) retrieved from /opt/airflow/dags/hourly_processing_pipeline.py
[2025-03-14T03:02:47.071+0000] {logging_mixin.py:154} INFO - [2025-03-14T03:02:47.071+0000] {dag.py:2941} INFO - Sync 1 DAGs
[2025-03-14T03:02:47.075+0000] {logging_mixin.py:154} INFO - [2025-03-14T03:02:47.075+0000] {dag.py:3722} INFO - Setting next_dagrun for hourly_processing_pipeline to None, run_after=None
[2025-03-14T03:02:47.083+0000] {processor.py:179} INFO - Processing /opt/airflow/dags/hourly_processing_pipeline.py took 0.189 seconds
[2025-03-14T03:03:17.849+0000] {processor.py:157} INFO - Started process (PID=83941) to work on /opt/airflow/dags/hourly_processing_pipeline.py
[2025-03-14T03:03:17.851+0000] {processor.py:829} INFO - Processing file /opt/airflow/dags/hourly_processing_pipeline.py for tasks to queue
[2025-03-14T03:03:17.852+0000] {logging_mixin.py:154} INFO - [2025-03-14T03:03:17.851+0000] {dagbag.py:536} INFO - Filling up the DagBag from /opt/airflow/dags/hourly_processing_pipeline.py
[2025-03-14T03:03:18.001+0000] {processor.py:839} INFO - DAG(s) dict_keys(['hourly_processing_pipeline']) retrieved from /opt/airflow/dags/hourly_processing_pipeline.py
[2025-03-14T03:03:18.093+0000] {logging_mixin.py:154} INFO - [2025-03-14T03:03:18.093+0000] {dag.py:2941} INFO - Sync 1 DAGs
[2025-03-14T03:03:18.097+0000] {logging_mixin.py:154} INFO - [2025-03-14T03:03:18.097+0000] {dag.py:3722} INFO - Setting next_dagrun for hourly_processing_pipeline to None, run_after=None
[2025-03-14T03:03:18.105+0000] {processor.py:179} INFO - Processing /opt/airflow/dags/hourly_processing_pipeline.py took 0.261 seconds
[2025-03-14T03:03:48.736+0000] {processor.py:157} INFO - Started process (PID=83969) to work on /opt/airflow/dags/hourly_processing_pipeline.py
[2025-03-14T03:03:48.738+0000] {processor.py:829} INFO - Processing file /opt/airflow/dags/hourly_processing_pipeline.py for tasks to queue
[2025-03-14T03:03:48.739+0000] {logging_mixin.py:154} INFO - [2025-03-14T03:03:48.739+0000] {dagbag.py:536} INFO - Filling up the DagBag from /opt/airflow/dags/hourly_processing_pipeline.py
[2025-03-14T03:03:48.883+0000] {processor.py:839} INFO - DAG(s) dict_keys(['hourly_processing_pipeline']) retrieved from /opt/airflow/dags/hourly_processing_pipeline.py
[2025-03-14T03:03:48.906+0000] {logging_mixin.py:154} INFO - [2025-03-14T03:03:48.906+0000] {dag.py:2941} INFO - Sync 1 DAGs
[2025-03-14T03:03:48.910+0000] {logging_mixin.py:154} INFO - [2025-03-14T03:03:48.910+0000] {dag.py:3722} INFO - Setting next_dagrun for hourly_processing_pipeline to None, run_after=None
[2025-03-14T03:03:48.988+0000] {processor.py:179} INFO - Processing /opt/airflow/dags/hourly_processing_pipeline.py took 0.256 seconds
[2025-03-14T03:04:19.829+0000] {processor.py:157} INFO - Started process (PID=83997) to work on /opt/airflow/dags/hourly_processing_pipeline.py
[2025-03-14T03:04:19.830+0000] {processor.py:829} INFO - Processing file /opt/airflow/dags/hourly_processing_pipeline.py for tasks to queue
[2025-03-14T03:04:19.830+0000] {logging_mixin.py:154} INFO - [2025-03-14T03:04:19.830+0000] {dagbag.py:536} INFO - Filling up the DagBag from /opt/airflow/dags/hourly_processing_pipeline.py
[2025-03-14T03:04:20.085+0000] {processor.py:839} INFO - DAG(s) dict_keys(['hourly_processing_pipeline']) retrieved from /opt/airflow/dags/hourly_processing_pipeline.py
[2025-03-14T03:04:20.109+0000] {logging_mixin.py:154} INFO - [2025-03-14T03:04:20.108+0000] {dag.py:2941} INFO - Sync 1 DAGs
[2025-03-14T03:04:20.113+0000] {logging_mixin.py:154} INFO - [2025-03-14T03:04:20.113+0000] {dag.py:3722} INFO - Setting next_dagrun for hourly_processing_pipeline to None, run_after=None
[2025-03-14T03:04:20.120+0000] {processor.py:179} INFO - Processing /opt/airflow/dags/hourly_processing_pipeline.py took 0.293 seconds
[2025-03-14T03:04:51.032+0000] {processor.py:157} INFO - Started process (PID=84018) to work on /opt/airflow/dags/hourly_processing_pipeline.py
[2025-03-14T03:04:51.034+0000] {processor.py:829} INFO - Processing file /opt/airflow/dags/hourly_processing_pipeline.py for tasks to queue
[2025-03-14T03:04:51.034+0000] {logging_mixin.py:154} INFO - [2025-03-14T03:04:51.034+0000] {dagbag.py:536} INFO - Filling up the DagBag from /opt/airflow/dags/hourly_processing_pipeline.py
[2025-03-14T03:04:51.182+0000] {processor.py:839} INFO - DAG(s) dict_keys(['hourly_processing_pipeline']) retrieved from /opt/airflow/dags/hourly_processing_pipeline.py
[2025-03-14T03:04:51.277+0000] {logging_mixin.py:154} INFO - [2025-03-14T03:04:51.277+0000] {dag.py:2941} INFO - Sync 1 DAGs
[2025-03-14T03:04:51.281+0000] {logging_mixin.py:154} INFO - [2025-03-14T03:04:51.281+0000] {dag.py:3722} INFO - Setting next_dagrun for hourly_processing_pipeline to None, run_after=None
[2025-03-14T03:04:51.287+0000] {processor.py:179} INFO - Processing /opt/airflow/dags/hourly_processing_pipeline.py took 0.259 seconds
[2025-03-14T03:05:21.876+0000] {processor.py:157} INFO - Started process (PID=84046) to work on /opt/airflow/dags/hourly_processing_pipeline.py
[2025-03-14T03:05:21.877+0000] {processor.py:829} INFO - Processing file /opt/airflow/dags/hourly_processing_pipeline.py for tasks to queue
[2025-03-14T03:05:21.878+0000] {logging_mixin.py:154} INFO - [2025-03-14T03:05:21.877+0000] {dagbag.py:536} INFO - Filling up the DagBag from /opt/airflow/dags/hourly_processing_pipeline.py
[2025-03-14T03:05:22.117+0000] {processor.py:839} INFO - DAG(s) dict_keys(['hourly_processing_pipeline']) retrieved from /opt/airflow/dags/hourly_processing_pipeline.py
[2025-03-14T03:05:22.140+0000] {logging_mixin.py:154} INFO - [2025-03-14T03:05:22.139+0000] {dag.py:2941} INFO - Sync 1 DAGs
[2025-03-14T03:05:22.144+0000] {logging_mixin.py:154} INFO - [2025-03-14T03:05:22.143+0000] {dag.py:3722} INFO - Setting next_dagrun for hourly_processing_pipeline to None, run_after=None
[2025-03-14T03:05:22.156+0000] {processor.py:179} INFO - Processing /opt/airflow/dags/hourly_processing_pipeline.py took 0.282 seconds
[2025-03-14T03:05:52.558+0000] {processor.py:157} INFO - Started process (PID=84073) to work on /opt/airflow/dags/hourly_processing_pipeline.py
[2025-03-14T03:05:52.560+0000] {processor.py:829} INFO - Processing file /opt/airflow/dags/hourly_processing_pipeline.py for tasks to queue
[2025-03-14T03:05:52.561+0000] {logging_mixin.py:154} INFO - [2025-03-14T03:05:52.560+0000] {dagbag.py:536} INFO - Filling up the DagBag from /opt/airflow/dags/hourly_processing_pipeline.py
[2025-03-14T03:05:53.067+0000] {processor.py:839} INFO - DAG(s) dict_keys(['hourly_processing_pipeline']) retrieved from /opt/airflow/dags/hourly_processing_pipeline.py
[2025-03-14T03:05:53.098+0000] {logging_mixin.py:154} INFO - [2025-03-14T03:05:53.098+0000] {dag.py:2941} INFO - Sync 1 DAGs
[2025-03-14T03:05:53.105+0000] {logging_mixin.py:154} INFO - [2025-03-14T03:05:53.105+0000] {dag.py:3722} INFO - Setting next_dagrun for hourly_processing_pipeline to None, run_after=None
[2025-03-14T03:05:53.115+0000] {processor.py:179} INFO - Processing /opt/airflow/dags/hourly_processing_pipeline.py took 0.559 seconds
[2025-03-14T03:06:23.759+0000] {processor.py:157} INFO - Started process (PID=84095) to work on /opt/airflow/dags/hourly_processing_pipeline.py
[2025-03-14T03:06:23.759+0000] {processor.py:829} INFO - Processing file /opt/airflow/dags/hourly_processing_pipeline.py for tasks to queue
[2025-03-14T03:06:23.760+0000] {logging_mixin.py:154} INFO - [2025-03-14T03:06:23.759+0000] {dagbag.py:536} INFO - Filling up the DagBag from /opt/airflow/dags/hourly_processing_pipeline.py
[2025-03-14T03:06:23.975+0000] {processor.py:839} INFO - DAG(s) dict_keys(['hourly_processing_pipeline']) retrieved from /opt/airflow/dags/hourly_processing_pipeline.py
[2025-03-14T03:06:23.998+0000] {logging_mixin.py:154} INFO - [2025-03-14T03:06:23.998+0000] {dag.py:2941} INFO - Sync 1 DAGs
[2025-03-14T03:06:24.002+0000] {logging_mixin.py:154} INFO - [2025-03-14T03:06:24.002+0000] {dag.py:3722} INFO - Setting next_dagrun for hourly_processing_pipeline to None, run_after=None
[2025-03-14T03:06:24.014+0000] {processor.py:179} INFO - Processing /opt/airflow/dags/hourly_processing_pipeline.py took 0.257 seconds
[2025-03-14T03:06:54.600+0000] {processor.py:157} INFO - Started process (PID=84122) to work on /opt/airflow/dags/hourly_processing_pipeline.py
[2025-03-14T03:06:54.600+0000] {processor.py:829} INFO - Processing file /opt/airflow/dags/hourly_processing_pipeline.py for tasks to queue
[2025-03-14T03:06:54.601+0000] {logging_mixin.py:154} INFO - [2025-03-14T03:06:54.600+0000] {dagbag.py:536} INFO - Filling up the DagBag from /opt/airflow/dags/hourly_processing_pipeline.py
[2025-03-14T03:06:54.857+0000] {processor.py:839} INFO - DAG(s) dict_keys(['hourly_processing_pipeline']) retrieved from /opt/airflow/dags/hourly_processing_pipeline.py
[2025-03-14T03:06:54.880+0000] {logging_mixin.py:154} INFO - [2025-03-14T03:06:54.880+0000] {dag.py:2941} INFO - Sync 1 DAGs
[2025-03-14T03:06:54.883+0000] {logging_mixin.py:154} INFO - [2025-03-14T03:06:54.883+0000] {dag.py:3722} INFO - Setting next_dagrun for hourly_processing_pipeline to None, run_after=None
[2025-03-14T03:06:54.891+0000] {processor.py:179} INFO - Processing /opt/airflow/dags/hourly_processing_pipeline.py took 0.295 seconds
[2025-03-14T03:07:25.449+0000] {processor.py:157} INFO - Started process (PID=84150) to work on /opt/airflow/dags/hourly_processing_pipeline.py
[2025-03-14T03:07:25.449+0000] {processor.py:829} INFO - Processing file /opt/airflow/dags/hourly_processing_pipeline.py for tasks to queue
[2025-03-14T03:07:25.450+0000] {logging_mixin.py:154} INFO - [2025-03-14T03:07:25.450+0000] {dagbag.py:536} INFO - Filling up the DagBag from /opt/airflow/dags/hourly_processing_pipeline.py
[2025-03-14T03:07:25.691+0000] {processor.py:839} INFO - DAG(s) dict_keys(['hourly_processing_pipeline']) retrieved from /opt/airflow/dags/hourly_processing_pipeline.py
[2025-03-14T03:07:25.715+0000] {logging_mixin.py:154} INFO - [2025-03-14T03:07:25.715+0000] {dag.py:2941} INFO - Sync 1 DAGs
[2025-03-14T03:07:25.719+0000] {logging_mixin.py:154} INFO - [2025-03-14T03:07:25.719+0000] {dag.py:3722} INFO - Setting next_dagrun for hourly_processing_pipeline to None, run_after=None
[2025-03-14T03:07:25.727+0000] {processor.py:179} INFO - Processing /opt/airflow/dags/hourly_processing_pipeline.py took 0.280 seconds
[2025-03-14T03:07:56.505+0000] {processor.py:157} INFO - Started process (PID=84178) to work on /opt/airflow/dags/hourly_processing_pipeline.py
[2025-03-14T03:07:56.506+0000] {processor.py:829} INFO - Processing file /opt/airflow/dags/hourly_processing_pipeline.py for tasks to queue
[2025-03-14T03:07:56.506+0000] {logging_mixin.py:154} INFO - [2025-03-14T03:07:56.506+0000] {dagbag.py:536} INFO - Filling up the DagBag from /opt/airflow/dags/hourly_processing_pipeline.py
[2025-03-14T03:07:56.767+0000] {processor.py:839} INFO - DAG(s) dict_keys(['hourly_processing_pipeline']) retrieved from /opt/airflow/dags/hourly_processing_pipeline.py
[2025-03-14T03:07:56.796+0000] {logging_mixin.py:154} INFO - [2025-03-14T03:07:56.796+0000] {dag.py:2941} INFO - Sync 1 DAGs
[2025-03-14T03:07:56.802+0000] {logging_mixin.py:154} INFO - [2025-03-14T03:07:56.802+0000] {dag.py:3722} INFO - Setting next_dagrun for hourly_processing_pipeline to None, run_after=None
[2025-03-14T03:07:56.811+0000] {processor.py:179} INFO - Processing /opt/airflow/dags/hourly_processing_pipeline.py took 0.308 seconds
[2025-03-14T03:08:27.342+0000] {processor.py:157} INFO - Started process (PID=84198) to work on /opt/airflow/dags/hourly_processing_pipeline.py
[2025-03-14T03:08:27.343+0000] {processor.py:829} INFO - Processing file /opt/airflow/dags/hourly_processing_pipeline.py for tasks to queue
[2025-03-14T03:08:27.343+0000] {logging_mixin.py:154} INFO - [2025-03-14T03:08:27.343+0000] {dagbag.py:536} INFO - Filling up the DagBag from /opt/airflow/dags/hourly_processing_pipeline.py
[2025-03-14T03:08:27.540+0000] {processor.py:839} INFO - DAG(s) dict_keys(['hourly_processing_pipeline']) retrieved from /opt/airflow/dags/hourly_processing_pipeline.py
[2025-03-14T03:08:27.561+0000] {logging_mixin.py:154} INFO - [2025-03-14T03:08:27.561+0000] {dag.py:2941} INFO - Sync 1 DAGs
[2025-03-14T03:08:27.565+0000] {logging_mixin.py:154} INFO - [2025-03-14T03:08:27.565+0000] {dag.py:3722} INFO - Setting next_dagrun for hourly_processing_pipeline to None, run_after=None
[2025-03-14T03:08:27.573+0000] {processor.py:179} INFO - Processing /opt/airflow/dags/hourly_processing_pipeline.py took 0.235 seconds
[2025-03-14T03:08:58.310+0000] {processor.py:157} INFO - Started process (PID=84226) to work on /opt/airflow/dags/hourly_processing_pipeline.py
[2025-03-14T03:08:58.310+0000] {processor.py:829} INFO - Processing file /opt/airflow/dags/hourly_processing_pipeline.py for tasks to queue
[2025-03-14T03:08:58.310+0000] {logging_mixin.py:154} INFO - [2025-03-14T03:08:58.310+0000] {dagbag.py:536} INFO - Filling up the DagBag from /opt/airflow/dags/hourly_processing_pipeline.py
[2025-03-14T03:08:58.651+0000] {processor.py:839} INFO - DAG(s) dict_keys(['hourly_processing_pipeline']) retrieved from /opt/airflow/dags/hourly_processing_pipeline.py
[2025-03-14T03:08:58.926+0000] {logging_mixin.py:154} INFO - [2025-03-14T03:08:58.926+0000] {dag.py:2941} INFO - Sync 1 DAGs
[2025-03-14T03:08:58.957+0000] {logging_mixin.py:154} INFO - [2025-03-14T03:08:58.956+0000] {dag.py:3722} INFO - Setting next_dagrun for hourly_processing_pipeline to None, run_after=None
[2025-03-14T03:08:58.991+0000] {processor.py:179} INFO - Processing /opt/airflow/dags/hourly_processing_pipeline.py took 0.684 seconds
[2025-03-14T03:09:29.916+0000] {processor.py:157} INFO - Started process (PID=84255) to work on /opt/airflow/dags/hourly_processing_pipeline.py
[2025-03-14T03:09:29.917+0000] {processor.py:829} INFO - Processing file /opt/airflow/dags/hourly_processing_pipeline.py for tasks to queue
[2025-03-14T03:09:29.918+0000] {logging_mixin.py:154} INFO - [2025-03-14T03:09:29.918+0000] {dagbag.py:536} INFO - Filling up the DagBag from /opt/airflow/dags/hourly_processing_pipeline.py
[2025-03-14T03:09:30.632+0000] {processor.py:839} INFO - DAG(s) dict_keys(['hourly_processing_pipeline']) retrieved from /opt/airflow/dags/hourly_processing_pipeline.py
[2025-03-14T03:09:30.734+0000] {logging_mixin.py:154} INFO - [2025-03-14T03:09:30.734+0000] {dag.py:2941} INFO - Sync 1 DAGs
[2025-03-14T03:09:30.745+0000] {logging_mixin.py:154} INFO - [2025-03-14T03:09:30.744+0000] {dag.py:3722} INFO - Setting next_dagrun for hourly_processing_pipeline to None, run_after=None
[2025-03-14T03:09:30.788+0000] {processor.py:179} INFO - Processing /opt/airflow/dags/hourly_processing_pipeline.py took 0.875 seconds
[2025-03-14T03:10:01.630+0000] {processor.py:157} INFO - Started process (PID=84276) to work on /opt/airflow/dags/hourly_processing_pipeline.py
[2025-03-14T03:10:01.632+0000] {processor.py:829} INFO - Processing file /opt/airflow/dags/hourly_processing_pipeline.py for tasks to queue
[2025-03-14T03:10:01.633+0000] {logging_mixin.py:154} INFO - [2025-03-14T03:10:01.633+0000] {dagbag.py:536} INFO - Filling up the DagBag from /opt/airflow/dags/hourly_processing_pipeline.py
[2025-03-14T03:10:02.074+0000] {processor.py:839} INFO - DAG(s) dict_keys(['hourly_processing_pipeline']) retrieved from /opt/airflow/dags/hourly_processing_pipeline.py
[2025-03-14T03:10:02.101+0000] {logging_mixin.py:154} INFO - [2025-03-14T03:10:02.101+0000] {dag.py:2941} INFO - Sync 1 DAGs
[2025-03-14T03:10:02.106+0000] {logging_mixin.py:154} INFO - [2025-03-14T03:10:02.106+0000] {dag.py:3722} INFO - Setting next_dagrun for hourly_processing_pipeline to None, run_after=None
[2025-03-14T03:10:02.116+0000] {processor.py:179} INFO - Processing /opt/airflow/dags/hourly_processing_pipeline.py took 0.495 seconds
[2025-03-14T03:10:33.101+0000] {processor.py:157} INFO - Started process (PID=84303) to work on /opt/airflow/dags/hourly_processing_pipeline.py
[2025-03-14T03:10:33.102+0000] {processor.py:829} INFO - Processing file /opt/airflow/dags/hourly_processing_pipeline.py for tasks to queue
[2025-03-14T03:10:33.103+0000] {logging_mixin.py:154} INFO - [2025-03-14T03:10:33.103+0000] {dagbag.py:536} INFO - Filling up the DagBag from /opt/airflow/dags/hourly_processing_pipeline.py
[2025-03-14T03:10:33.540+0000] {processor.py:839} INFO - DAG(s) dict_keys(['hourly_processing_pipeline']) retrieved from /opt/airflow/dags/hourly_processing_pipeline.py
[2025-03-14T03:10:33.570+0000] {logging_mixin.py:154} INFO - [2025-03-14T03:10:33.570+0000] {dag.py:2941} INFO - Sync 1 DAGs
[2025-03-14T03:10:33.582+0000] {logging_mixin.py:154} INFO - [2025-03-14T03:10:33.582+0000] {dag.py:3722} INFO - Setting next_dagrun for hourly_processing_pipeline to None, run_after=None
[2025-03-14T03:10:33.591+0000] {processor.py:179} INFO - Processing /opt/airflow/dags/hourly_processing_pipeline.py took 0.495 seconds
[2025-03-14T03:11:04.130+0000] {processor.py:157} INFO - Started process (PID=84331) to work on /opt/airflow/dags/hourly_processing_pipeline.py
[2025-03-14T03:11:04.131+0000] {processor.py:829} INFO - Processing file /opt/airflow/dags/hourly_processing_pipeline.py for tasks to queue
[2025-03-14T03:11:04.132+0000] {logging_mixin.py:154} INFO - [2025-03-14T03:11:04.131+0000] {dagbag.py:536} INFO - Filling up the DagBag from /opt/airflow/dags/hourly_processing_pipeline.py
[2025-03-14T03:11:04.508+0000] {processor.py:839} INFO - DAG(s) dict_keys(['hourly_processing_pipeline']) retrieved from /opt/airflow/dags/hourly_processing_pipeline.py
[2025-03-14T03:11:04.540+0000] {logging_mixin.py:154} INFO - [2025-03-14T03:11:04.540+0000] {dag.py:2941} INFO - Sync 1 DAGs
[2025-03-14T03:11:04.545+0000] {logging_mixin.py:154} INFO - [2025-03-14T03:11:04.545+0000] {dag.py:3722} INFO - Setting next_dagrun for hourly_processing_pipeline to None, run_after=None
[2025-03-14T03:11:04.553+0000] {processor.py:179} INFO - Processing /opt/airflow/dags/hourly_processing_pipeline.py took 0.428 seconds
[2025-03-14T03:11:35.340+0000] {processor.py:157} INFO - Started process (PID=84352) to work on /opt/airflow/dags/hourly_processing_pipeline.py
[2025-03-14T03:11:35.342+0000] {processor.py:829} INFO - Processing file /opt/airflow/dags/hourly_processing_pipeline.py for tasks to queue
[2025-03-14T03:11:35.343+0000] {logging_mixin.py:154} INFO - [2025-03-14T03:11:35.342+0000] {dagbag.py:536} INFO - Filling up the DagBag from /opt/airflow/dags/hourly_processing_pipeline.py
[2025-03-14T03:11:35.577+0000] {processor.py:839} INFO - DAG(s) dict_keys(['hourly_processing_pipeline']) retrieved from /opt/airflow/dags/hourly_processing_pipeline.py
[2025-03-14T03:11:35.600+0000] {logging_mixin.py:154} INFO - [2025-03-14T03:11:35.599+0000] {dag.py:2941} INFO - Sync 1 DAGs
[2025-03-14T03:11:35.604+0000] {logging_mixin.py:154} INFO - [2025-03-14T03:11:35.604+0000] {dag.py:3722} INFO - Setting next_dagrun for hourly_processing_pipeline to None, run_after=None
[2025-03-14T03:11:35.612+0000] {processor.py:179} INFO - Processing /opt/airflow/dags/hourly_processing_pipeline.py took 0.276 seconds
[2025-03-14T03:12:06.189+0000] {processor.py:157} INFO - Started process (PID=84380) to work on /opt/airflow/dags/hourly_processing_pipeline.py
[2025-03-14T03:12:06.190+0000] {processor.py:829} INFO - Processing file /opt/airflow/dags/hourly_processing_pipeline.py for tasks to queue
[2025-03-14T03:12:06.191+0000] {logging_mixin.py:154} INFO - [2025-03-14T03:12:06.191+0000] {dagbag.py:536} INFO - Filling up the DagBag from /opt/airflow/dags/hourly_processing_pipeline.py
[2025-03-14T03:12:06.421+0000] {processor.py:839} INFO - DAG(s) dict_keys(['hourly_processing_pipeline']) retrieved from /opt/airflow/dags/hourly_processing_pipeline.py
[2025-03-14T03:12:06.444+0000] {logging_mixin.py:154} INFO - [2025-03-14T03:12:06.444+0000] {dag.py:2941} INFO - Sync 1 DAGs
[2025-03-14T03:12:06.448+0000] {logging_mixin.py:154} INFO - [2025-03-14T03:12:06.448+0000] {dag.py:3722} INFO - Setting next_dagrun for hourly_processing_pipeline to None, run_after=None
[2025-03-14T03:12:06.456+0000] {processor.py:179} INFO - Processing /opt/airflow/dags/hourly_processing_pipeline.py took 0.270 seconds
[2025-03-14T03:12:36.768+0000] {processor.py:157} INFO - Started process (PID=84408) to work on /opt/airflow/dags/hourly_processing_pipeline.py
[2025-03-14T03:12:36.770+0000] {processor.py:829} INFO - Processing file /opt/airflow/dags/hourly_processing_pipeline.py for tasks to queue
[2025-03-14T03:12:36.771+0000] {logging_mixin.py:154} INFO - [2025-03-14T03:12:36.770+0000] {dagbag.py:536} INFO - Filling up the DagBag from /opt/airflow/dags/hourly_processing_pipeline.py
[2025-03-14T03:12:36.988+0000] {processor.py:839} INFO - DAG(s) dict_keys(['hourly_processing_pipeline']) retrieved from /opt/airflow/dags/hourly_processing_pipeline.py
[2025-03-14T03:12:37.011+0000] {logging_mixin.py:154} INFO - [2025-03-14T03:12:37.011+0000] {dag.py:2941} INFO - Sync 1 DAGs
[2025-03-14T03:12:37.015+0000] {logging_mixin.py:154} INFO - [2025-03-14T03:12:37.015+0000] {dag.py:3722} INFO - Setting next_dagrun for hourly_processing_pipeline to None, run_after=None
[2025-03-14T03:12:37.030+0000] {processor.py:179} INFO - Processing /opt/airflow/dags/hourly_processing_pipeline.py took 0.267 seconds
[2025-03-14T03:13:07.670+0000] {processor.py:157} INFO - Started process (PID=84436) to work on /opt/airflow/dags/hourly_processing_pipeline.py
[2025-03-14T03:13:07.671+0000] {processor.py:829} INFO - Processing file /opt/airflow/dags/hourly_processing_pipeline.py for tasks to queue
[2025-03-14T03:13:07.671+0000] {logging_mixin.py:154} INFO - [2025-03-14T03:13:07.671+0000] {dagbag.py:536} INFO - Filling up the DagBag from /opt/airflow/dags/hourly_processing_pipeline.py
[2025-03-14T03:13:07.940+0000] {processor.py:839} INFO - DAG(s) dict_keys(['hourly_processing_pipeline']) retrieved from /opt/airflow/dags/hourly_processing_pipeline.py
[2025-03-14T03:13:07.980+0000] {logging_mixin.py:154} INFO - [2025-03-14T03:13:07.980+0000] {dag.py:2941} INFO - Sync 1 DAGs
[2025-03-14T03:13:07.986+0000] {logging_mixin.py:154} INFO - [2025-03-14T03:13:07.986+0000] {dag.py:3722} INFO - Setting next_dagrun for hourly_processing_pipeline to None, run_after=None
[2025-03-14T03:13:07.996+0000] {processor.py:179} INFO - Processing /opt/airflow/dags/hourly_processing_pipeline.py took 0.327 seconds
[2025-03-14T03:13:38.578+0000] {processor.py:157} INFO - Started process (PID=84456) to work on /opt/airflow/dags/hourly_processing_pipeline.py
[2025-03-14T03:13:38.579+0000] {processor.py:829} INFO - Processing file /opt/airflow/dags/hourly_processing_pipeline.py for tasks to queue
[2025-03-14T03:13:38.580+0000] {logging_mixin.py:154} INFO - [2025-03-14T03:13:38.580+0000] {dagbag.py:536} INFO - Filling up the DagBag from /opt/airflow/dags/hourly_processing_pipeline.py
[2025-03-14T03:13:38.786+0000] {processor.py:839} INFO - DAG(s) dict_keys(['hourly_processing_pipeline']) retrieved from /opt/airflow/dags/hourly_processing_pipeline.py
[2025-03-14T03:13:38.807+0000] {logging_mixin.py:154} INFO - [2025-03-14T03:13:38.807+0000] {dag.py:2941} INFO - Sync 1 DAGs
[2025-03-14T03:13:38.811+0000] {logging_mixin.py:154} INFO - [2025-03-14T03:13:38.811+0000] {dag.py:3722} INFO - Setting next_dagrun for hourly_processing_pipeline to None, run_after=None
[2025-03-14T03:13:38.821+0000] {processor.py:179} INFO - Processing /opt/airflow/dags/hourly_processing_pipeline.py took 0.246 seconds
[2025-03-14T03:14:09.386+0000] {processor.py:157} INFO - Started process (PID=84483) to work on /opt/airflow/dags/hourly_processing_pipeline.py
[2025-03-14T03:14:09.387+0000] {processor.py:829} INFO - Processing file /opt/airflow/dags/hourly_processing_pipeline.py for tasks to queue
[2025-03-14T03:14:09.388+0000] {logging_mixin.py:154} INFO - [2025-03-14T03:14:09.387+0000] {dagbag.py:536} INFO - Filling up the DagBag from /opt/airflow/dags/hourly_processing_pipeline.py
[2025-03-14T03:14:09.595+0000] {processor.py:839} INFO - DAG(s) dict_keys(['hourly_processing_pipeline']) retrieved from /opt/airflow/dags/hourly_processing_pipeline.py
[2025-03-14T03:14:09.616+0000] {logging_mixin.py:154} INFO - [2025-03-14T03:14:09.616+0000] {dag.py:2941} INFO - Sync 1 DAGs
[2025-03-14T03:14:09.620+0000] {logging_mixin.py:154} INFO - [2025-03-14T03:14:09.620+0000] {dag.py:3722} INFO - Setting next_dagrun for hourly_processing_pipeline to None, run_after=None
[2025-03-14T03:14:09.628+0000] {processor.py:179} INFO - Processing /opt/airflow/dags/hourly_processing_pipeline.py took 0.246 seconds
[2025-03-14T03:14:40.348+0000] {processor.py:157} INFO - Started process (PID=84511) to work on /opt/airflow/dags/hourly_processing_pipeline.py
[2025-03-14T03:14:40.349+0000] {processor.py:829} INFO - Processing file /opt/airflow/dags/hourly_processing_pipeline.py for tasks to queue
[2025-03-14T03:14:40.349+0000] {logging_mixin.py:154} INFO - [2025-03-14T03:14:40.349+0000] {dagbag.py:536} INFO - Filling up the DagBag from /opt/airflow/dags/hourly_processing_pipeline.py
[2025-03-14T03:14:40.566+0000] {processor.py:839} INFO - DAG(s) dict_keys(['hourly_processing_pipeline']) retrieved from /opt/airflow/dags/hourly_processing_pipeline.py
[2025-03-14T03:14:40.587+0000] {logging_mixin.py:154} INFO - [2025-03-14T03:14:40.587+0000] {dag.py:2941} INFO - Sync 1 DAGs
[2025-03-14T03:14:40.591+0000] {logging_mixin.py:154} INFO - [2025-03-14T03:14:40.591+0000] {dag.py:3722} INFO - Setting next_dagrun for hourly_processing_pipeline to None, run_after=None
[2025-03-14T03:14:40.600+0000] {processor.py:179} INFO - Processing /opt/airflow/dags/hourly_processing_pipeline.py took 0.254 seconds
[2025-03-14T03:15:11.285+0000] {processor.py:157} INFO - Started process (PID=84532) to work on /opt/airflow/dags/hourly_processing_pipeline.py
[2025-03-14T03:15:11.286+0000] {processor.py:829} INFO - Processing file /opt/airflow/dags/hourly_processing_pipeline.py for tasks to queue
[2025-03-14T03:15:11.286+0000] {logging_mixin.py:154} INFO - [2025-03-14T03:15:11.286+0000] {dagbag.py:536} INFO - Filling up the DagBag from /opt/airflow/dags/hourly_processing_pipeline.py
[2025-03-14T03:15:11.514+0000] {processor.py:839} INFO - DAG(s) dict_keys(['hourly_processing_pipeline']) retrieved from /opt/airflow/dags/hourly_processing_pipeline.py
[2025-03-14T03:15:11.541+0000] {logging_mixin.py:154} INFO - [2025-03-14T03:15:11.541+0000] {dag.py:2941} INFO - Sync 1 DAGs
[2025-03-14T03:15:11.546+0000] {logging_mixin.py:154} INFO - [2025-03-14T03:15:11.546+0000] {dag.py:3722} INFO - Setting next_dagrun for hourly_processing_pipeline to None, run_after=None
[2025-03-14T03:15:11.555+0000] {processor.py:179} INFO - Processing /opt/airflow/dags/hourly_processing_pipeline.py took 0.272 seconds
