[2025-03-12T15:44:12.507+0000] {taskinstance.py:1159} INFO - Dependencies all met for dep_context=non-requeueable deps ti=<TaskInstance: hourly_processing_pipeline.extract_and_load_spins_hourly manual__2025-03-12T15:44:07.352070+00:00 [queued]>
[2025-03-12T15:44:12.513+0000] {taskinstance.py:1159} INFO - Dependencies all met for dep_context=requeueable deps ti=<TaskInstance: hourly_processing_pipeline.extract_and_load_spins_hourly manual__2025-03-12T15:44:07.352070+00:00 [queued]>
[2025-03-12T15:44:12.513+0000] {taskinstance.py:1361} INFO - Starting attempt 1 of 1
[2025-03-12T15:44:12.522+0000] {taskinstance.py:1382} INFO - Executing <Task(_PythonDecoratedOperator): extract_and_load_spins_hourly> on 2025-03-12 15:44:07.352070+00:00
[2025-03-12T15:44:12.528+0000] {standard_task_runner.py:57} INFO - Started process 40418 to run task
[2025-03-12T15:44:12.535+0000] {standard_task_runner.py:84} INFO - Running: ['***', 'tasks', 'run', 'hourly_processing_pipeline', 'extract_and_load_spins_hourly', 'manual__2025-03-12T15:44:07.352070+00:00', '--job-id', '3054', '--raw', '--subdir', 'DAGS_FOLDER/hourly_processing_pipeline.py', '--cfg-path', '/tmp/tmpwvip8e46']
[2025-03-12T15:44:12.541+0000] {standard_task_runner.py:85} INFO - Job 3054: Subtask extract_and_load_spins_hourly
[2025-03-12T15:44:12.839+0000] {task_command.py:416} INFO - Running <TaskInstance: hourly_processing_pipeline.extract_and_load_spins_hourly manual__2025-03-12T15:44:07.352070+00:00 [running]> on host c8e526380ef3
[2025-03-12T15:44:12.901+0000] {taskinstance.py:1662} INFO - Exporting env vars: AIRFLOW_CTX_DAG_OWNER='Andrew Tran' AIRFLOW_CTX_DAG_ID='hourly_processing_pipeline' AIRFLOW_CTX_TASK_ID='extract_and_load_spins_hourly' AIRFLOW_CTX_EXECUTION_DATE='2025-03-12T15:44:07.352070+00:00' AIRFLOW_CTX_TRY_NUMBER='1' AIRFLOW_CTX_DAG_RUN_ID='manual__2025-03-12T15:44:07.352070+00:00'
[2025-03-12T15:44:12.907+0000] {hourly_processing_pipeline.py:329} INFO - Running extract_and_load_spins_hourly in incremental mode
[2025-03-12T15:44:12.914+0000] {hourly_processing_pipeline.py:348} INFO - Incremental mode - fetching data updated after: 2025-03-11 17:53:01.567076
[2025-03-12T15:44:12.914+0000] {hourly_processing_pipeline.py:98} INFO - Executing query: 
            SELECT *, NOW() as extracted_at
            FROM app_source.spins_data_hourly
            WHERE updated_at > '2025-03-11 17:53:01.567076'
        
[2025-03-12T15:44:12.919+0000] {base.py:73} INFO - Using connection ID 'postgres_source_db' for task execution.
[2025-03-12T15:44:12.924+0000] {warnings.py:109} WARNING - /opt/***/dags/hourly_processing_pipeline.py:101: UserWarning: pandas only supports SQLAlchemy connectable (engine/connection) or database string URI or sqlite3 DBAPI2 connection. Other DBAPI2 objects are not tested. Please consider using SQLAlchemy.
  df = pd.read_sql(query, conn)

[2025-03-12T15:44:12.941+0000] {hourly_processing_pipeline.py:102} INFO - Query executed successfully. Retrieved 0 rows.
[2025-03-12T15:44:12.942+0000] {hourly_processing_pipeline.py:362} INFO - Retrieved 0 rows of data
[2025-03-12T15:44:12.942+0000] {hourly_processing_pipeline.py:151} INFO - No data to insert into bronze_layer.bronze_spins_hourly
[2025-03-12T15:44:12.942+0000] {hourly_processing_pipeline.py:380} INFO - Inserted 0 rows into bronze_layer.bronze_spins_hourly
[2025-03-12T15:44:12.942+0000] {python.py:194} INFO - Done. Returned value was: Inserted 0 rows into bronze_layer.bronze_spins_hourly
[2025-03-12T15:44:12.953+0000] {taskinstance.py:1400} INFO - Marking task as SUCCESS. dag_id=hourly_processing_pipeline, task_id=extract_and_load_spins_hourly, execution_date=20250312T154407, start_date=20250312T154412, end_date=20250312T154412
[2025-03-12T15:44:12.968+0000] {local_task_job_runner.py:228} INFO - Task exited with return code 0
[2025-03-12T15:44:13.125+0000] {taskinstance.py:2778} INFO - 1 downstream tasks scheduled from follow-on schedule check
