[2025-03-11T16:36:54.613+0000] {taskinstance.py:1159} INFO - Dependencies all met for dep_context=non-requeueable deps ti=<TaskInstance: process_bronze_and_silver_layer.transform_silver_full_refresh manual__2025-03-11T16:36:35+00:00 [queued]>
[2025-03-11T16:36:54.617+0000] {taskinstance.py:1159} INFO - Dependencies all met for dep_context=requeueable deps ti=<TaskInstance: process_bronze_and_silver_layer.transform_silver_full_refresh manual__2025-03-11T16:36:35+00:00 [queued]>
[2025-03-11T16:36:54.617+0000] {taskinstance.py:1361} INFO - Starting attempt 1 of 1
[2025-03-11T16:36:54.623+0000] {taskinstance.py:1382} INFO - Executing <Task(BashOperator): transform_silver_full_refresh> on 2025-03-11 16:36:35+00:00
[2025-03-11T16:36:54.625+0000] {standard_task_runner.py:57} INFO - Started process 1586 to run task
[2025-03-11T16:36:54.627+0000] {standard_task_runner.py:84} INFO - Running: ['***', 'tasks', 'run', 'process_bronze_and_silver_layer', 'transform_silver_full_refresh', 'manual__2025-03-11T16:36:35+00:00', '--job-id', '674', '--raw', '--subdir', 'DAGS_FOLDER/5mins_processing_pipeline.py', '--cfg-path', '/tmp/tmppv9q8pky']
[2025-03-11T16:36:54.726+0000] {standard_task_runner.py:85} INFO - Job 674: Subtask transform_silver_full_refresh
[2025-03-11T16:36:54.744+0000] {task_command.py:416} INFO - Running <TaskInstance: process_bronze_and_silver_layer.transform_silver_full_refresh manual__2025-03-11T16:36:35+00:00 [running]> on host c8e526380ef3
[2025-03-11T16:36:54.772+0000] {taskinstance.py:1662} INFO - Exporting env vars: AIRFLOW_CTX_DAG_OWNER='Andrew Tran' AIRFLOW_CTX_DAG_ID='process_bronze_and_silver_layer' AIRFLOW_CTX_TASK_ID='transform_silver_full_refresh' AIRFLOW_CTX_EXECUTION_DATE='2025-03-11T16:36:35+00:00' AIRFLOW_CTX_TRY_NUMBER='1' AIRFLOW_CTX_DAG_RUN_ID='manual__2025-03-11T16:36:35+00:00'
[2025-03-11T16:36:54.772+0000] {subprocess.py:63} INFO - Tmp dir root location: /tmp
[2025-03-11T16:36:54.773+0000] {subprocess.py:75} INFO - Running command: ['/bin/bash', '-c', 'cd {AIRFLOW_HOME}/dbt/playstudio_project && export WAREHOUSE_HOST={WAREHOUSE_HOST} && export WAREHOUSE_PASSWORD={WAREHOUSE_PASSWORD} && export WAREHOUSE_USER={WAREHOUSE_USER} && dbt run --select tag:silver_5mins_incremental --target prod --full-refresh']
[2025-03-11T16:36:54.779+0000] {subprocess.py:86} INFO - Output:
[2025-03-11T16:36:54.781+0000] {subprocess.py:93} INFO - /bin/bash: line 1: cd: {AIRFLOW_HOME}/dbt/playstudio_project: No such file or directory
[2025-03-11T16:36:54.781+0000] {subprocess.py:97} INFO - Command exited with return code 1
[2025-03-11T16:36:54.786+0000] {taskinstance.py:1937} ERROR - Task failed with exception
Traceback (most recent call last):
  File "/home/airflow/.local/lib/python3.10/site-packages/airflow/operators/bash.py", line 210, in execute
    raise AirflowException(
airflow.exceptions.AirflowException: Bash command failed. The command returned a non-zero exit code 1.
[2025-03-11T16:36:54.788+0000] {taskinstance.py:1400} INFO - Marking task as FAILED. dag_id=process_bronze_and_silver_layer, task_id=transform_silver_full_refresh, execution_date=20250311T163635, start_date=20250311T163654, end_date=20250311T163654
[2025-03-11T16:36:54.794+0000] {standard_task_runner.py:104} ERROR - Failed to execute job 674 for task transform_silver_full_refresh (Bash command failed. The command returned a non-zero exit code 1.; 1586)
[2025-03-11T16:36:54.816+0000] {local_task_job_runner.py:228} INFO - Task exited with return code 1
[2025-03-11T16:36:54.940+0000] {taskinstance.py:2778} INFO - 0 downstream tasks scheduled from follow-on schedule check
