[2025-03-12T14:15:33.283+0000] {taskinstance.py:1159} INFO - Dependencies all met for dep_context=non-requeueable deps ti=<TaskInstance: hourly_processing_pipeline.transform_silver_hourly_incremental manual__2025-03-12T14:15:25.445191+00:00 [queued]>
[2025-03-12T14:15:33.288+0000] {taskinstance.py:1159} INFO - Dependencies all met for dep_context=requeueable deps ti=<TaskInstance: hourly_processing_pipeline.transform_silver_hourly_incremental manual__2025-03-12T14:15:25.445191+00:00 [queued]>
[2025-03-12T14:15:33.288+0000] {taskinstance.py:1361} INFO - Starting attempt 1 of 1
[2025-03-12T14:15:33.442+0000] {taskinstance.py:1382} INFO - Executing <Task(BashOperator): transform_silver_hourly_incremental> on 2025-03-12 14:15:25.445191+00:00
[2025-03-12T14:15:33.446+0000] {standard_task_runner.py:57} INFO - Started process 35906 to run task
[2025-03-12T14:15:33.448+0000] {standard_task_runner.py:84} INFO - Running: ['***', 'tasks', 'run', 'hourly_processing_pipeline', 'transform_silver_hourly_incremental', 'manual__2025-03-12T14:15:25.445191+00:00', '--job-id', '2758', '--raw', '--subdir', 'DAGS_FOLDER/hourly_processing_pipeline.py', '--cfg-path', '/tmp/tmpaqvj8f2d']
[2025-03-12T14:15:33.450+0000] {standard_task_runner.py:85} INFO - Job 2758: Subtask transform_silver_hourly_incremental
[2025-03-12T14:15:33.494+0000] {task_command.py:416} INFO - Running <TaskInstance: hourly_processing_pipeline.transform_silver_hourly_incremental manual__2025-03-12T14:15:25.445191+00:00 [running]> on host c8e526380ef3
[2025-03-12T14:15:33.540+0000] {taskinstance.py:1662} INFO - Exporting env vars: AIRFLOW_CTX_DAG_OWNER='Andrew Tran' AIRFLOW_CTX_DAG_ID='hourly_processing_pipeline' AIRFLOW_CTX_TASK_ID='transform_silver_hourly_incremental' AIRFLOW_CTX_EXECUTION_DATE='2025-03-12T14:15:25.445191+00:00' AIRFLOW_CTX_TRY_NUMBER='1' AIRFLOW_CTX_DAG_RUN_ID='manual__2025-03-12T14:15:25.445191+00:00'
[2025-03-12T14:15:33.541+0000] {subprocess.py:63} INFO - Tmp dir root location: /tmp
[2025-03-12T14:15:33.542+0000] {subprocess.py:75} INFO - Running command: ['/bin/bash', '-c', 'cd /opt/***/dbt/playstudio_project && export WAREHOUSE_HOST=None && export WAREHOUSE_PASSWORD=None && export WAREHOUSE_USER=None && dbt run --select tag:silver_hourly_incremental --target prod']
[2025-03-12T14:15:33.551+0000] {subprocess.py:86} INFO - Output:
[2025-03-12T14:15:35.018+0000] {subprocess.py:93} INFO - [0m14:15:35  Running with dbt=1.7.18
[2025-03-12T14:15:35.161+0000] {subprocess.py:93} INFO - [0m14:15:35  Registered adapter: postgres=1.7.18
[2025-03-12T14:15:35.182+0000] {subprocess.py:93} INFO - [0m14:15:35  [[33mWARNING[0m]: Configuration paths exist in your dbt_project.yml file which do not apply to any resources.
[2025-03-12T14:15:35.182+0000] {subprocess.py:93} INFO - There are 1 unused configuration paths:
[2025-03-12T14:15:35.182+0000] {subprocess.py:93} INFO - - models.playstudio_project.bronze_layer
[2025-03-12T14:15:35.193+0000] {subprocess.py:93} INFO - [0m14:15:35  Found 3 models, 2 sources, 0 exposures, 0 metrics, 402 macros, 0 groups, 0 semantic models
[2025-03-12T14:15:35.194+0000] {subprocess.py:93} INFO - [0m14:15:35
[2025-03-12T14:15:35.272+0000] {subprocess.py:93} INFO - [0m14:15:35  Concurrency: 1 threads (target='prod')
[2025-03-12T14:15:35.274+0000] {subprocess.py:93} INFO - [0m14:15:35
[2025-03-12T14:15:35.277+0000] {subprocess.py:93} INFO - [0m14:15:35  1 of 1 START sql incremental model silver_layer.silver_spins_hourly ............ [RUN]
[2025-03-12T14:15:35.369+0000] {subprocess.py:93} INFO - [0m14:15:35  1 of 1 OK created sql incremental model silver_layer.silver_spins_hourly ....... [[32mINSERT 0 42[0m in 0.09s]
[2025-03-12T14:15:35.378+0000] {subprocess.py:93} INFO - [0m14:15:35
[2025-03-12T14:15:35.378+0000] {subprocess.py:93} INFO - [0m14:15:35  Finished running 1 incremental model in 0 hours 0 minutes and 0.18 seconds (0.18s).
[2025-03-12T14:15:35.383+0000] {subprocess.py:93} INFO - [0m14:15:35
[2025-03-12T14:15:35.383+0000] {subprocess.py:93} INFO - [0m14:15:35  [32mCompleted successfully[0m
[2025-03-12T14:15:35.383+0000] {subprocess.py:93} INFO - [0m14:15:35
[2025-03-12T14:15:35.383+0000] {subprocess.py:93} INFO - [0m14:15:35  Done. PASS=1 WARN=0 ERROR=0 SKIP=0 TOTAL=1
[2025-03-12T14:15:37.252+0000] {subprocess.py:97} INFO - Command exited with return code 0
[2025-03-12T14:15:37.274+0000] {taskinstance.py:1400} INFO - Marking task as SUCCESS. dag_id=hourly_processing_pipeline, task_id=transform_silver_hourly_incremental, execution_date=20250312T141525, start_date=20250312T141533, end_date=20250312T141537
[2025-03-12T14:15:37.301+0000] {local_task_job_runner.py:228} INFO - Task exited with return code 0
[2025-03-12T14:15:37.332+0000] {taskinstance.py:2778} INFO - 0 downstream tasks scheduled from follow-on schedule check
