[2025-03-12T07:34:52.925+0000] {taskinstance.py:1159} INFO - Dependencies all met for dep_context=non-requeueable deps ti=<TaskInstance: process_bronze_and_silver_layer.extract_and_load_purchases manual__2025-03-12T07:34:41+00:00 [queued]>
[2025-03-12T07:34:52.936+0000] {taskinstance.py:1159} INFO - Dependencies all met for dep_context=requeueable deps ti=<TaskInstance: process_bronze_and_silver_layer.extract_and_load_purchases manual__2025-03-12T07:34:41+00:00 [queued]>
[2025-03-12T07:34:52.936+0000] {taskinstance.py:1361} INFO - Starting attempt 1 of 1
[2025-03-12T07:34:53.362+0000] {taskinstance.py:1382} INFO - Executing <Task(_PythonDecoratedOperator): extract_and_load_purchases> on 2025-03-12 07:34:41+00:00
[2025-03-12T07:34:53.367+0000] {standard_task_runner.py:57} INFO - Started process 20604 to run task
[2025-03-12T07:34:53.370+0000] {standard_task_runner.py:84} INFO - Running: ['***', 'tasks', 'run', 'process_bronze_and_silver_layer', 'extract_and_load_purchases', 'manual__2025-03-12T07:34:41+00:00', '--job-id', '1696', '--raw', '--subdir', 'DAGS_FOLDER/5mins_processing_pipeline.py', '--cfg-path', '/tmp/tmpfxy5pr2x']
[2025-03-12T07:34:53.372+0000] {standard_task_runner.py:85} INFO - Job 1696: Subtask extract_and_load_purchases
[2025-03-12T07:34:53.414+0000] {task_command.py:416} INFO - Running <TaskInstance: process_bronze_and_silver_layer.extract_and_load_purchases manual__2025-03-12T07:34:41+00:00 [running]> on host c8e526380ef3
[2025-03-12T07:34:53.467+0000] {taskinstance.py:1662} INFO - Exporting env vars: AIRFLOW_CTX_DAG_OWNER='Andrew Tran' AIRFLOW_CTX_DAG_ID='process_bronze_and_silver_layer' AIRFLOW_CTX_TASK_ID='extract_and_load_purchases' AIRFLOW_CTX_EXECUTION_DATE='2025-03-12T07:34:41+00:00' AIRFLOW_CTX_TRY_NUMBER='1' AIRFLOW_CTX_DAG_RUN_ID='manual__2025-03-12T07:34:41+00:00'
[2025-03-12T07:34:53.472+0000] {5mins_processing_pipeline.py:537} INFO - Running extract_and_load_purchases in full refresh mode
[2025-03-12T07:34:53.472+0000] {5mins_processing_pipeline.py:554} INFO - Full refresh with date range: 2025-03-11 00:00:00 to 2025-03-11 00:00:00
[2025-03-12T07:34:53.473+0000] {5mins_processing_pipeline.py:115} INFO - Executing query: 
            SELECT *, NOW() as extracted_at
            FROM app_source.purchases_data
            WHERE updated_at >= '2025-03-11 00:00:00' AND updated_at <= '2025-03-11 00:00:00'
            ORDER BY updated_at
        
[2025-03-12T07:34:53.476+0000] {base.py:73} INFO - Using connection ID 'postgres_source_db' for task execution.
[2025-03-12T07:34:53.482+0000] {warnings.py:109} WARNING - /opt/***/dags/5mins_processing_pipeline.py:119: UserWarning: pandas only supports SQLAlchemy connectable (engine/connection) or database string URI or sqlite3 DBAPI2 connection. Other DBAPI2 objects are not tested. Please consider using SQLAlchemy.
  df = pd.read_sql(query, conn)

[2025-03-12T07:34:53.487+0000] {5mins_processing_pipeline.py:120} INFO - Query executed successfully. Retrieved 0 rows.
[2025-03-12T07:34:53.488+0000] {5mins_processing_pipeline.py:574} INFO - Retrieved 0 rows of data
[2025-03-12T07:34:53.488+0000] {5mins_processing_pipeline.py:184} INFO - No data to insert into bronze_layer.bronze_purchases
[2025-03-12T07:34:53.488+0000] {5mins_processing_pipeline.py:592} INFO - Inserted 0 rows into bronze_layer.bronze_purchases
[2025-03-12T07:34:53.488+0000] {python.py:194} INFO - Done. Returned value was: Inserted 0 rows into bronze_layer.bronze_purchases
[2025-03-12T07:34:53.498+0000] {taskinstance.py:1400} INFO - Marking task as SUCCESS. dag_id=process_bronze_and_silver_layer, task_id=extract_and_load_purchases, execution_date=20250312T073441, start_date=20250312T073452, end_date=20250312T073453
[2025-03-12T07:34:53.514+0000] {local_task_job_runner.py:228} INFO - Task exited with return code 0
[2025-03-12T07:34:53.527+0000] {taskinstance.py:2778} INFO - 1 downstream tasks scheduled from follow-on schedule check
