[2025-03-12T15:45:41.241+0000] {taskinstance.py:1159} INFO - Dependencies all met for dep_context=non-requeueable deps ti=<TaskInstance: process_bronze_and_silver_layer.branch_hourly_pipeline manual__2025-03-12T15:45:10+00:00 [queued]>
[2025-03-12T15:45:41.246+0000] {taskinstance.py:1159} INFO - Dependencies all met for dep_context=requeueable deps ti=<TaskInstance: process_bronze_and_silver_layer.branch_hourly_pipeline manual__2025-03-12T15:45:10+00:00 [queued]>
[2025-03-12T15:45:41.246+0000] {taskinstance.py:1361} INFO - Starting attempt 1 of 1
[2025-03-12T15:45:41.395+0000] {taskinstance.py:1382} INFO - Executing <Task(BranchPythonOperator): branch_hourly_pipeline> on 2025-03-12 15:45:10+00:00
[2025-03-12T15:45:41.400+0000] {standard_task_runner.py:57} INFO - Started process 40586 to run task
[2025-03-12T15:45:41.402+0000] {standard_task_runner.py:84} INFO - Running: ['***', 'tasks', 'run', 'process_bronze_and_silver_layer', 'branch_hourly_pipeline', 'manual__2025-03-12T15:45:10+00:00', '--job-id', '3078', '--raw', '--subdir', 'DAGS_FOLDER/5mins_processing_pipeline.py', '--cfg-path', '/tmp/tmp29ygh7_x']
[2025-03-12T15:45:41.412+0000] {standard_task_runner.py:85} INFO - Job 3078: Subtask branch_hourly_pipeline
[2025-03-12T15:45:41.458+0000] {task_command.py:416} INFO - Running <TaskInstance: process_bronze_and_silver_layer.branch_hourly_pipeline manual__2025-03-12T15:45:10+00:00 [running]> on host c8e526380ef3
[2025-03-12T15:45:41.502+0000] {taskinstance.py:1662} INFO - Exporting env vars: AIRFLOW_CTX_DAG_OWNER='Andrew Tran' AIRFLOW_CTX_DAG_ID='process_bronze_and_silver_layer' AIRFLOW_CTX_TASK_ID='branch_hourly_pipeline' AIRFLOW_CTX_EXECUTION_DATE='2025-03-12T15:45:10+00:00' AIRFLOW_CTX_TRY_NUMBER='1' AIRFLOW_CTX_DAG_RUN_ID='manual__2025-03-12T15:45:10+00:00'
[2025-03-12T15:45:41.533+0000] {pipeline_utils.py:203} ERROR - Error checking if DAG hourly_processing_pipeline is running: Working outside of application context.

This typically means that you attempted to use functionality that needed
the current application. To solve this, set up an application context
with app.app_context(). See the documentation for more information.
[2025-03-12T15:45:41.534+0000] {5mins_processing_pipeline.py:291} INFO - Hourly data needs refresh and DAG is not running - triggering hourly pipeline
[2025-03-12T15:45:41.534+0000] {python.py:194} INFO - Done. Returned value was: trigger_hourly_pipeline
[2025-03-12T15:45:41.534+0000] {python.py:227} INFO - Branch callable return trigger_hourly_pipeline
[2025-03-12T15:45:41.534+0000] {skipmixin.py:173} INFO - Following branch trigger_hourly_pipeline
[2025-03-12T15:45:41.541+0000] {skipmixin.py:239} INFO - Skipping tasks []
[2025-03-12T15:45:41.569+0000] {taskinstance.py:1400} INFO - Marking task as SUCCESS. dag_id=process_bronze_and_silver_layer, task_id=branch_hourly_pipeline, execution_date=20250312T154510, start_date=20250312T154541, end_date=20250312T154541
[2025-03-12T15:45:41.626+0000] {local_task_job_runner.py:228} INFO - Task exited with return code 0
[2025-03-12T15:45:41.659+0000] {taskinstance.py:2778} INFO - 0 downstream tasks scheduled from follow-on schedule check
