[2025-03-12T13:15:27.700+0000] {taskinstance.py:1159} INFO - Dependencies all met for dep_context=non-requeueable deps ti=<TaskInstance: hourly_processing_pipeline.transform_silver_hourly_incremental manual__2025-03-12T13:15:14.017087+00:00 [queued]>
[2025-03-12T13:15:27.705+0000] {taskinstance.py:1159} INFO - Dependencies all met for dep_context=requeueable deps ti=<TaskInstance: hourly_processing_pipeline.transform_silver_hourly_incremental manual__2025-03-12T13:15:14.017087+00:00 [queued]>
[2025-03-12T13:15:27.705+0000] {taskinstance.py:1361} INFO - Starting attempt 1 of 1
[2025-03-12T13:15:27.809+0000] {taskinstance.py:1382} INFO - Executing <Task(BashOperator): transform_silver_hourly_incremental> on 2025-03-12 13:15:14.017087+00:00
[2025-03-12T13:15:27.812+0000] {standard_task_runner.py:57} INFO - Started process 33018 to run task
[2025-03-12T13:15:27.814+0000] {standard_task_runner.py:84} INFO - Running: ['***', 'tasks', 'run', 'hourly_processing_pipeline', 'transform_silver_hourly_incremental', 'manual__2025-03-12T13:15:14.017087+00:00', '--job-id', '2590', '--raw', '--subdir', 'DAGS_FOLDER/hourly_processing_pipeline.py', '--cfg-path', '/tmp/tmpp82befka']
[2025-03-12T13:15:27.816+0000] {standard_task_runner.py:85} INFO - Job 2590: Subtask transform_silver_hourly_incremental
[2025-03-12T13:15:27.841+0000] {task_command.py:416} INFO - Running <TaskInstance: hourly_processing_pipeline.transform_silver_hourly_incremental manual__2025-03-12T13:15:14.017087+00:00 [running]> on host c8e526380ef3
[2025-03-12T13:15:27.876+0000] {taskinstance.py:1662} INFO - Exporting env vars: AIRFLOW_CTX_DAG_OWNER='Andrew Tran' AIRFLOW_CTX_DAG_ID='hourly_processing_pipeline' AIRFLOW_CTX_TASK_ID='transform_silver_hourly_incremental' AIRFLOW_CTX_EXECUTION_DATE='2025-03-12T13:15:14.017087+00:00' AIRFLOW_CTX_TRY_NUMBER='1' AIRFLOW_CTX_DAG_RUN_ID='manual__2025-03-12T13:15:14.017087+00:00'
[2025-03-12T13:15:27.877+0000] {subprocess.py:63} INFO - Tmp dir root location: /tmp
[2025-03-12T13:15:27.878+0000] {subprocess.py:75} INFO - Running command: ['/bin/bash', '-c', 'cd /opt/***/dbt/playstudio_project && export WAREHOUSE_HOST=None && export WAREHOUSE_PASSWORD=None && export WAREHOUSE_USER=None && dbt run --select tag:silver_hourly_incremental --target prod']
[2025-03-12T13:15:27.884+0000] {subprocess.py:86} INFO - Output:
[2025-03-12T13:15:29.306+0000] {subprocess.py:93} INFO - [0m13:15:29  Running with dbt=1.7.18
[2025-03-12T13:15:29.431+0000] {subprocess.py:93} INFO - [0m13:15:29  Registered adapter: postgres=1.7.18
[2025-03-12T13:15:29.452+0000] {subprocess.py:93} INFO - [0m13:15:29  [[33mWARNING[0m]: Configuration paths exist in your dbt_project.yml file which do not apply to any resources.
[2025-03-12T13:15:29.452+0000] {subprocess.py:93} INFO - There are 1 unused configuration paths:
[2025-03-12T13:15:29.452+0000] {subprocess.py:93} INFO - - models.playstudio_project.bronze_layer
[2025-03-12T13:15:29.463+0000] {subprocess.py:93} INFO - [0m13:15:29  Found 3 models, 2 sources, 0 exposures, 0 metrics, 402 macros, 0 groups, 0 semantic models
[2025-03-12T13:15:29.465+0000] {subprocess.py:93} INFO - [0m13:15:29
[2025-03-12T13:15:29.551+0000] {subprocess.py:93} INFO - [0m13:15:29  Concurrency: 1 threads (target='prod')
[2025-03-12T13:15:29.552+0000] {subprocess.py:93} INFO - [0m13:15:29
[2025-03-12T13:15:29.556+0000] {subprocess.py:93} INFO - [0m13:15:29  1 of 1 START sql incremental model silver_layer.silver_spins_hourly ............ [RUN]
[2025-03-12T13:15:29.652+0000] {subprocess.py:93} INFO - [0m13:15:29  1 of 1 OK created sql incremental model silver_layer.silver_spins_hourly ....... [[32mINSERT 0 42[0m in 0.10s]
[2025-03-12T13:15:29.658+0000] {subprocess.py:93} INFO - [0m13:15:29
[2025-03-12T13:15:29.658+0000] {subprocess.py:93} INFO - [0m13:15:29  Finished running 1 incremental model in 0 hours 0 minutes and 0.19 seconds (0.19s).
[2025-03-12T13:15:29.665+0000] {subprocess.py:93} INFO - [0m13:15:29
[2025-03-12T13:15:29.665+0000] {subprocess.py:93} INFO - [0m13:15:29  [32mCompleted successfully[0m
[2025-03-12T13:15:29.665+0000] {subprocess.py:93} INFO - [0m13:15:29
[2025-03-12T13:15:29.665+0000] {subprocess.py:93} INFO - [0m13:15:29  Done. PASS=1 WARN=0 ERROR=0 SKIP=0 TOTAL=1
[2025-03-12T13:15:31.455+0000] {subprocess.py:97} INFO - Command exited with return code 0
[2025-03-12T13:15:31.524+0000] {taskinstance.py:1400} INFO - Marking task as SUCCESS. dag_id=hourly_processing_pipeline, task_id=transform_silver_hourly_incremental, execution_date=20250312T131514, start_date=20250312T131527, end_date=20250312T131531
[2025-03-12T13:15:31.573+0000] {local_task_job_runner.py:228} INFO - Task exited with return code 0
[2025-03-12T13:15:31.593+0000] {taskinstance.py:2778} INFO - 0 downstream tasks scheduled from follow-on schedule check
