[2025-03-11T15:40:18.464+0000] {taskinstance.py:1159} INFO - Dependencies all met for dep_context=non-requeueable deps ti=<TaskInstance: ingest_bronze_layer_dag.extract_and_load_purchases manual__2025-03-11T15:40:05+00:00 [queued]>
[2025-03-11T15:40:18.468+0000] {taskinstance.py:1159} INFO - Dependencies all met for dep_context=requeueable deps ti=<TaskInstance: ingest_bronze_layer_dag.extract_and_load_purchases manual__2025-03-11T15:40:05+00:00 [queued]>
[2025-03-11T15:40:18.468+0000] {taskinstance.py:1361} INFO - Starting attempt 1 of 1
[2025-03-11T15:40:18.473+0000] {taskinstance.py:1382} INFO - Executing <Task(_PythonDecoratedOperator): extract_and_load_purchases> on 2025-03-11 15:40:05+00:00
[2025-03-11T15:40:18.479+0000] {standard_task_runner.py:57} INFO - Started process 19295 to run task
[2025-03-11T15:40:18.481+0000] {standard_task_runner.py:84} INFO - Running: ['***', 'tasks', 'run', 'ingest_bronze_layer_dag', 'extract_and_load_purchases', 'manual__2025-03-11T15:40:05+00:00', '--job-id', '548', '--raw', '--subdir', 'DAGS_FOLDER/ingesting_pipeline.py', '--cfg-path', '/tmp/tmpa4i6unjl']
[2025-03-11T15:40:18.483+0000] {standard_task_runner.py:85} INFO - Job 548: Subtask extract_and_load_purchases
[2025-03-11T15:40:18.733+0000] {task_command.py:416} INFO - Running <TaskInstance: ingest_bronze_layer_dag.extract_and_load_purchases manual__2025-03-11T15:40:05+00:00 [running]> on host 41ccd9d1769c
[2025-03-11T15:40:18.802+0000] {taskinstance.py:1662} INFO - Exporting env vars: AIRFLOW_CTX_DAG_OWNER='Andrew Tran' AIRFLOW_CTX_DAG_ID='ingest_bronze_layer_dag' AIRFLOW_CTX_TASK_ID='extract_and_load_purchases' AIRFLOW_CTX_EXECUTION_DATE='2025-03-11T15:40:05+00:00' AIRFLOW_CTX_TRY_NUMBER='1' AIRFLOW_CTX_DAG_RUN_ID='manual__2025-03-11T15:40:05+00:00'
[2025-03-11T15:40:18.811+0000] {ingesting_pipeline.py:364} INFO - Running extract_and_load_purchases in incremental mode
[2025-03-11T15:40:18.831+0000] {ingesting_pipeline.py:389} INFO - Incremental mode - fetching data updated after: 2025-03-11 05:11:10
[2025-03-11T15:40:18.831+0000] {ingesting_pipeline.py:140} INFO - Executing query: 
            SELECT *, NOW() as extracted_at
            FROM app_source.purchases_data
            WHERE updated_at > '2025-03-11 05:11:10'
            ORDER BY updated_at
        
[2025-03-11T15:40:18.867+0000] {base.py:73} INFO - Using connection ID 'postgres_source_db' for task execution.
[2025-03-11T15:40:18.875+0000] {warnings.py:109} WARNING - /opt/***/dags/ingesting_pipeline.py:143: UserWarning: pandas only supports SQLAlchemy connectable (engine/connection) or database string URI or sqlite3 DBAPI2 connection. Other DBAPI2 objects are not tested. Please consider using SQLAlchemy.
  df = pd.read_sql(query, conn)

[2025-03-11T15:40:18.889+0000] {ingesting_pipeline.py:144} INFO - Query executed successfully. Retrieved 38 rows.
[2025-03-11T15:40:18.889+0000] {ingesting_pipeline.py:404} INFO - Retrieved 38 rows of data
[2025-03-11T15:40:18.890+0000] {ingesting_pipeline.py:408} INFO - Date range in result: 2025-03-11 05:11:10.736496 to 2025-03-11 05:11:10.736496
[2025-03-11T15:40:18.890+0000] {ingesting_pipeline.py:196} INFO - Loading 38 rows into bronze_layer.bronze_purchases
[2025-03-11T15:40:18.894+0000] {base.py:73} INFO - Using connection ID 'postgres_warehouse_db' for task execution.
[2025-03-11T15:40:18.903+0000] {ingesting_pipeline.py:207} INFO - Successfully loaded 38 rows into bronze_layer.bronze_purchases
[2025-03-11T15:40:18.903+0000] {ingesting_pipeline.py:422} INFO - Inserted 38 rows into bronze_layer.bronze_purchases
[2025-03-11T15:40:18.903+0000] {python.py:194} INFO - Done. Returned value was: Inserted 38 rows into bronze_layer.bronze_purchases
[2025-03-11T15:40:18.913+0000] {taskinstance.py:1400} INFO - Marking task as SUCCESS. dag_id=ingest_bronze_layer_dag, task_id=extract_and_load_purchases, execution_date=20250311T154005, start_date=20250311T154018, end_date=20250311T154018
[2025-03-11T15:40:18.952+0000] {local_task_job_runner.py:228} INFO - Task exited with return code 0
[2025-03-11T15:40:19.078+0000] {taskinstance.py:2778} INFO - 1 downstream tasks scheduled from follow-on schedule check
