[2025-03-13T15:00:26.519+0000] {taskinstance.py:1159} INFO - Dependencies all met for dep_context=non-requeueable deps ti=<TaskInstance: hourly_processing_pipeline.aggregate_final_table_incremental manual__2025-03-13T15:00:15.474669+00:00 [queued]>
[2025-03-13T15:00:26.523+0000] {taskinstance.py:1159} INFO - Dependencies all met for dep_context=requeueable deps ti=<TaskInstance: hourly_processing_pipeline.aggregate_final_table_incremental manual__2025-03-13T15:00:15.474669+00:00 [queued]>
[2025-03-13T15:00:26.523+0000] {taskinstance.py:1361} INFO - Starting attempt 1 of 1
[2025-03-13T15:00:26.529+0000] {taskinstance.py:1382} INFO - Executing <Task(BashOperator): aggregate_final_table_incremental> on 2025-03-13 15:00:15.474669+00:00
[2025-03-13T15:00:26.532+0000] {standard_task_runner.py:57} INFO - Started process 71135 to run task
[2025-03-13T15:00:26.535+0000] {standard_task_runner.py:84} INFO - Running: ['***', 'tasks', 'run', 'hourly_processing_pipeline', 'aggregate_final_table_incremental', 'manual__2025-03-13T15:00:15.474669+00:00', '--job-id', '3478', '--raw', '--subdir', 'DAGS_FOLDER/hourly_processing_pipeline.py', '--cfg-path', '/tmp/tmpgf7za4u8']
[2025-03-13T15:00:26.537+0000] {standard_task_runner.py:85} INFO - Job 3478: Subtask aggregate_final_table_incremental
[2025-03-13T15:00:26.676+0000] {task_command.py:416} INFO - Running <TaskInstance: hourly_processing_pipeline.aggregate_final_table_incremental manual__2025-03-13T15:00:15.474669+00:00 [running]> on host c8e526380ef3
[2025-03-13T15:00:26.723+0000] {taskinstance.py:1662} INFO - Exporting env vars: AIRFLOW_CTX_DAG_OWNER='Andrew Tran' AIRFLOW_CTX_DAG_ID='hourly_processing_pipeline' AIRFLOW_CTX_TASK_ID='aggregate_final_table_incremental' AIRFLOW_CTX_EXECUTION_DATE='2025-03-13T15:00:15.474669+00:00' AIRFLOW_CTX_TRY_NUMBER='1' AIRFLOW_CTX_DAG_RUN_ID='manual__2025-03-13T15:00:15.474669+00:00'
[2025-03-13T15:00:26.724+0000] {subprocess.py:63} INFO - Tmp dir root location: /tmp
[2025-03-13T15:00:26.724+0000] {subprocess.py:75} INFO - Running command: ['/bin/bash', '-c', 'cd /opt/***/dbt/playstudio_project && export WAREHOUSE_HOST=None && export WAREHOUSE_PASSWORD=None && export WAREHOUSE_USER=None && dbt run --select tag:gold_layer --target prod']
[2025-03-13T15:00:26.731+0000] {subprocess.py:86} INFO - Output:
[2025-03-13T15:00:28.252+0000] {subprocess.py:93} INFO - [0m15:00:28  Running with dbt=1.7.18
[2025-03-13T15:00:28.378+0000] {subprocess.py:93} INFO - [0m15:00:28  Registered adapter: postgres=1.7.18
[2025-03-13T15:00:28.449+0000] {subprocess.py:93} INFO - [0m15:00:28  [[33mWARNING[0m]: Configuration paths exist in your dbt_project.yml file which do not apply to any resources.
[2025-03-13T15:00:28.450+0000] {subprocess.py:93} INFO - There are 1 unused configuration paths:
[2025-03-13T15:00:28.450+0000] {subprocess.py:93} INFO - - models.playstudio_project.bronze_layer
[2025-03-13T15:00:28.464+0000] {subprocess.py:93} INFO - [0m15:00:28  Found 3 models, 21 tests, 2 sources, 0 exposures, 0 metrics, 783 macros, 0 groups, 0 semantic models
[2025-03-13T15:00:28.466+0000] {subprocess.py:93} INFO - [0m15:00:28
[2025-03-13T15:00:28.532+0000] {subprocess.py:93} INFO - [0m15:00:28  Concurrency: 1 threads (target='prod')
[2025-03-13T15:00:28.533+0000] {subprocess.py:93} INFO - [0m15:00:28
[2025-03-13T15:00:28.540+0000] {subprocess.py:93} INFO - [0m15:00:28  1 of 1 START sql incremental model gold_layer.aggregated_final_table ........... [RUN]
[2025-03-13T15:00:28.653+0000] {subprocess.py:93} INFO - [0m15:00:28  1 of 1 OK created sql incremental model gold_layer.aggregated_final_table ...... [[32mINSERT 0 1[0m in 0.11s]
[2025-03-13T15:00:28.660+0000] {subprocess.py:93} INFO - [0m15:00:28
[2025-03-13T15:00:28.660+0000] {subprocess.py:93} INFO - [0m15:00:28  Finished running 1 incremental model in 0 hours 0 minutes and 0.19 seconds (0.19s).
[2025-03-13T15:00:28.669+0000] {subprocess.py:93} INFO - [0m15:00:28
[2025-03-13T15:00:28.669+0000] {subprocess.py:93} INFO - [0m15:00:28  [32mCompleted successfully[0m
[2025-03-13T15:00:28.669+0000] {subprocess.py:93} INFO - [0m15:00:28
[2025-03-13T15:00:28.670+0000] {subprocess.py:93} INFO - [0m15:00:28  Done. PASS=1 WARN=0 ERROR=0 SKIP=0 TOTAL=1
[2025-03-13T15:00:30.306+0000] {subprocess.py:97} INFO - Command exited with return code 0
[2025-03-13T15:00:30.321+0000] {taskinstance.py:1400} INFO - Marking task as SUCCESS. dag_id=hourly_processing_pipeline, task_id=aggregate_final_table_incremental, execution_date=20250313T150015, start_date=20250313T150026, end_date=20250313T150030
[2025-03-13T15:00:30.363+0000] {local_task_job_runner.py:228} INFO - Task exited with return code 0
[2025-03-13T15:00:30.478+0000] {taskinstance.py:2778} INFO - 0 downstream tasks scheduled from follow-on schedule check
