[2025-03-13T17:10:39.630+0000] {taskinstance.py:1159} INFO - Dependencies all met for dep_context=non-requeueable deps ti=<TaskInstance: hourly_processing_pipeline.transform_silver_hourly_incremental manual__2025-03-13T17:10:28.511973+00:00 [queued]>
[2025-03-13T17:10:39.635+0000] {taskinstance.py:1159} INFO - Dependencies all met for dep_context=requeueable deps ti=<TaskInstance: hourly_processing_pipeline.transform_silver_hourly_incremental manual__2025-03-13T17:10:28.511973+00:00 [queued]>
[2025-03-13T17:10:39.635+0000] {taskinstance.py:1361} INFO - Starting attempt 1 of 1
[2025-03-13T17:10:39.643+0000] {taskinstance.py:1382} INFO - Executing <Task(BashOperator): transform_silver_hourly_incremental> on 2025-03-13 17:10:28.511973+00:00
[2025-03-13T17:10:39.646+0000] {standard_task_runner.py:57} INFO - Started process 76683 to run task
[2025-03-13T17:10:39.648+0000] {standard_task_runner.py:84} INFO - Running: ['***', 'tasks', 'run', 'hourly_processing_pipeline', 'transform_silver_hourly_incremental', 'manual__2025-03-13T17:10:28.511973+00:00', '--job-id', '3631', '--raw', '--subdir', 'DAGS_FOLDER/hourly_processing_pipeline.py', '--cfg-path', '/tmp/tmpzs8mijj3']
[2025-03-13T17:10:39.650+0000] {standard_task_runner.py:85} INFO - Job 3631: Subtask transform_silver_hourly_incremental
[2025-03-13T17:10:39.712+0000] {task_command.py:416} INFO - Running <TaskInstance: hourly_processing_pipeline.transform_silver_hourly_incremental manual__2025-03-13T17:10:28.511973+00:00 [running]> on host c8e526380ef3
[2025-03-13T17:10:39.770+0000] {taskinstance.py:1662} INFO - Exporting env vars: AIRFLOW_CTX_DAG_OWNER='Andrew Tran' AIRFLOW_CTX_DAG_ID='hourly_processing_pipeline' AIRFLOW_CTX_TASK_ID='transform_silver_hourly_incremental' AIRFLOW_CTX_EXECUTION_DATE='2025-03-13T17:10:28.511973+00:00' AIRFLOW_CTX_TRY_NUMBER='1' AIRFLOW_CTX_DAG_RUN_ID='manual__2025-03-13T17:10:28.511973+00:00'
[2025-03-13T17:10:39.776+0000] {subprocess.py:63} INFO - Tmp dir root location: /tmp
[2025-03-13T17:10:39.779+0000] {subprocess.py:75} INFO - Running command: ['/bin/bash', '-c', 'cd /opt/***/dbt/playstudio_project && export WAREHOUSE_HOST=None && export WAREHOUSE_PASSWORD=None && export WAREHOUSE_USER=None && dbt deps && dbt run --select tag:silver_hourly_incremental --target prod']
[2025-03-13T17:10:39.793+0000] {subprocess.py:86} INFO - Output:
[2025-03-13T17:10:41.573+0000] {subprocess.py:93} INFO - [0m17:10:41  Running with dbt=1.7.18
[2025-03-13T17:10:42.971+0000] {subprocess.py:93} INFO - [0m17:10:42  Installing dbt-labs/dbt_utils
[2025-03-13T17:10:43.743+0000] {subprocess.py:93} INFO - [0m17:10:43  Installed from version 1.1.1
[2025-03-13T17:10:43.744+0000] {subprocess.py:93} INFO - [0m17:10:43  Updated version available: 1.3.0
[2025-03-13T17:10:43.745+0000] {subprocess.py:93} INFO - [0m17:10:43  Installing metaplane/dbt_expectations
[2025-03-13T17:10:44.863+0000] {subprocess.py:93} INFO - [0m17:10:44  Installed from version 0.10.8
[2025-03-13T17:10:44.869+0000] {subprocess.py:93} INFO - [0m17:10:44  Up to date!
[2025-03-13T17:10:44.869+0000] {subprocess.py:93} INFO - [0m17:10:44  Installing godatadriven/dbt_date
[2025-03-13T17:10:45.417+0000] {subprocess.py:93} INFO - [0m17:10:45  Installed from version 0.11.0
[2025-03-13T17:10:45.420+0000] {subprocess.py:93} INFO - [0m17:10:45  Up to date!
[2025-03-13T17:10:45.420+0000] {subprocess.py:93} INFO - [0m17:10:45
[2025-03-13T17:10:45.420+0000] {subprocess.py:93} INFO - [0m17:10:45  Updates available for packages: ['dbt-labs/dbt_utils']
[2025-03-13T17:10:45.421+0000] {subprocess.py:93} INFO - Update your versions in packages.yml, then run dbt deps
[2025-03-13T17:10:48.213+0000] {subprocess.py:93} INFO - [0m17:10:48  Running with dbt=1.7.18
[2025-03-13T17:10:48.323+0000] {subprocess.py:93} INFO - [0m17:10:48  Registered adapter: postgres=1.7.18
[2025-03-13T17:10:48.663+0000] {subprocess.py:93} INFO - [0m17:10:48  [[33mWARNING[0m]: Configuration paths exist in your dbt_project.yml file which do not apply to any resources.
[2025-03-13T17:10:48.665+0000] {subprocess.py:93} INFO - There are 1 unused configuration paths:
[2025-03-13T17:10:48.665+0000] {subprocess.py:93} INFO - - models.playstudio_project.bronze_layer
[2025-03-13T17:10:48.692+0000] {subprocess.py:93} INFO - [0m17:10:48  Found 67 tests, 3 models, 2 sources, 0 exposures, 0 metrics, 783 macros, 0 groups, 0 semantic models
[2025-03-13T17:10:48.694+0000] {subprocess.py:93} INFO - [0m17:10:48
[2025-03-13T17:10:48.734+0000] {subprocess.py:93} INFO - [0m17:10:48  Concurrency: 1 threads (target='prod')
[2025-03-13T17:10:48.734+0000] {subprocess.py:93} INFO - [0m17:10:48
[2025-03-13T17:10:48.738+0000] {subprocess.py:93} INFO - [0m17:10:48  1 of 1 START sql incremental model silver_layer.silver_spins_hourly ............ [RUN]
[2025-03-13T17:10:48.873+0000] {subprocess.py:93} INFO - [0m17:10:48  1 of 1 OK created sql incremental model silver_layer.silver_spins_hourly ....... [[32mINSERT 0 2[0m in 0.13s]
[2025-03-13T17:10:48.879+0000] {subprocess.py:93} INFO - [0m17:10:48
[2025-03-13T17:10:48.879+0000] {subprocess.py:93} INFO - [0m17:10:48  Finished running 1 incremental model in 0 hours 0 minutes and 0.19 seconds (0.19s).
[2025-03-13T17:10:48.890+0000] {subprocess.py:93} INFO - [0m17:10:48
[2025-03-13T17:10:48.890+0000] {subprocess.py:93} INFO - [0m17:10:48  [32mCompleted successfully[0m
[2025-03-13T17:10:48.890+0000] {subprocess.py:93} INFO - [0m17:10:48
[2025-03-13T17:10:48.891+0000] {subprocess.py:93} INFO - [0m17:10:48  Done. PASS=1 WARN=0 ERROR=0 SKIP=0 TOTAL=1
[2025-03-13T17:10:50.665+0000] {subprocess.py:97} INFO - Command exited with return code 0
[2025-03-13T17:10:50.701+0000] {taskinstance.py:1400} INFO - Marking task as SUCCESS. dag_id=hourly_processing_pipeline, task_id=transform_silver_hourly_incremental, execution_date=20250313T171028, start_date=20250313T171039, end_date=20250313T171050
[2025-03-13T17:10:50.758+0000] {local_task_job_runner.py:228} INFO - Task exited with return code 0
[2025-03-13T17:10:50.778+0000] {taskinstance.py:2778} INFO - 1 downstream tasks scheduled from follow-on schedule check
