[2025-03-13T17:08:21.819+0000] {taskinstance.py:1159} INFO - Dependencies all met for dep_context=non-requeueable deps ti=<TaskInstance: hourly_processing_pipeline.transform_silver_hourly_incremental manual__2025-03-13T17:08:05.473264+00:00 [queued]>
[2025-03-13T17:08:21.822+0000] {taskinstance.py:1159} INFO - Dependencies all met for dep_context=requeueable deps ti=<TaskInstance: hourly_processing_pipeline.transform_silver_hourly_incremental manual__2025-03-13T17:08:05.473264+00:00 [queued]>
[2025-03-13T17:08:21.822+0000] {taskinstance.py:1361} INFO - Starting attempt 1 of 1
[2025-03-13T17:08:21.828+0000] {taskinstance.py:1382} INFO - Executing <Task(BashOperator): transform_silver_hourly_incremental> on 2025-03-13 17:08:05.473264+00:00
[2025-03-13T17:08:21.831+0000] {standard_task_runner.py:57} INFO - Started process 76521 to run task
[2025-03-13T17:08:21.833+0000] {standard_task_runner.py:84} INFO - Running: ['***', 'tasks', 'run', 'hourly_processing_pipeline', 'transform_silver_hourly_incremental', 'manual__2025-03-13T17:08:05.473264+00:00', '--job-id', '3617', '--raw', '--subdir', 'DAGS_FOLDER/hourly_processing_pipeline.py', '--cfg-path', '/tmp/tmpd8jx8811']
[2025-03-13T17:08:21.834+0000] {standard_task_runner.py:85} INFO - Job 3617: Subtask transform_silver_hourly_incremental
[2025-03-13T17:08:21.857+0000] {task_command.py:416} INFO - Running <TaskInstance: hourly_processing_pipeline.transform_silver_hourly_incremental manual__2025-03-13T17:08:05.473264+00:00 [running]> on host c8e526380ef3
[2025-03-13T17:08:21.892+0000] {taskinstance.py:1662} INFO - Exporting env vars: AIRFLOW_CTX_DAG_OWNER='Andrew Tran' AIRFLOW_CTX_DAG_ID='hourly_processing_pipeline' AIRFLOW_CTX_TASK_ID='transform_silver_hourly_incremental' AIRFLOW_CTX_EXECUTION_DATE='2025-03-13T17:08:05.473264+00:00' AIRFLOW_CTX_TRY_NUMBER='1' AIRFLOW_CTX_DAG_RUN_ID='manual__2025-03-13T17:08:05.473264+00:00'
[2025-03-13T17:08:21.893+0000] {subprocess.py:63} INFO - Tmp dir root location: /tmp
[2025-03-13T17:08:21.893+0000] {subprocess.py:75} INFO - Running command: ['/bin/bash', '-c', 'cd /opt/***/dbt/playstudio_project && export WAREHOUSE_HOST=None && export WAREHOUSE_PASSWORD=None && export WAREHOUSE_USER=None && dbt deps && dbt run --select tag:silver_hourly_incremental --target prod']
[2025-03-13T17:08:21.898+0000] {subprocess.py:86} INFO - Output:
[2025-03-13T17:08:23.152+0000] {subprocess.py:93} INFO - [0m17:08:23  Running with dbt=1.7.18
[2025-03-13T17:08:23.560+0000] {subprocess.py:93} INFO - [0m17:08:23  Installing dbt-labs/dbt_utils
[2025-03-13T17:08:24.242+0000] {subprocess.py:93} INFO - [0m17:08:24  Installed from version 1.1.1
[2025-03-13T17:08:24.244+0000] {subprocess.py:93} INFO - [0m17:08:24  Updated version available: 1.3.0
[2025-03-13T17:08:24.244+0000] {subprocess.py:93} INFO - [0m17:08:24  Installing metaplane/dbt_expectations
[2025-03-13T17:08:25.396+0000] {subprocess.py:93} INFO - [0m17:08:25  Installed from version 0.10.8
[2025-03-13T17:08:25.397+0000] {subprocess.py:93} INFO - [0m17:08:25  Up to date!
[2025-03-13T17:08:25.398+0000] {subprocess.py:93} INFO - [0m17:08:25  Installing godatadriven/dbt_date
[2025-03-13T17:08:25.936+0000] {subprocess.py:93} INFO - [0m17:08:25  Installed from version 0.11.0
[2025-03-13T17:08:25.937+0000] {subprocess.py:93} INFO - [0m17:08:25  Up to date!
[2025-03-13T17:08:25.938+0000] {subprocess.py:93} INFO - [0m17:08:25
[2025-03-13T17:08:25.938+0000] {subprocess.py:93} INFO - [0m17:08:25  Updates available for packages: ['dbt-labs/dbt_utils']
[2025-03-13T17:08:25.939+0000] {subprocess.py:93} INFO - Update your versions in packages.yml, then run dbt deps
[2025-03-13T17:08:28.788+0000] {subprocess.py:93} INFO - [0m17:08:28  Running with dbt=1.7.18
[2025-03-13T17:08:28.928+0000] {subprocess.py:93} INFO - [0m17:08:28  Registered adapter: postgres=1.7.18
[2025-03-13T17:08:29.014+0000] {subprocess.py:93} INFO - [0m17:08:29  [[33mWARNING[0m]: Configuration paths exist in your dbt_project.yml file which do not apply to any resources.
[2025-03-13T17:08:29.014+0000] {subprocess.py:93} INFO - There are 1 unused configuration paths:
[2025-03-13T17:08:29.014+0000] {subprocess.py:93} INFO - - models.playstudio_project.bronze_layer
[2025-03-13T17:08:29.037+0000] {subprocess.py:93} INFO - [0m17:08:29  Found 3 models, 67 tests, 2 sources, 0 exposures, 0 metrics, 783 macros, 0 groups, 0 semantic models
[2025-03-13T17:08:29.040+0000] {subprocess.py:93} INFO - [0m17:08:29
[2025-03-13T17:08:29.080+0000] {subprocess.py:93} INFO - [0m17:08:29  Concurrency: 1 threads (target='prod')
[2025-03-13T17:08:29.081+0000] {subprocess.py:93} INFO - [0m17:08:29
[2025-03-13T17:08:29.086+0000] {subprocess.py:93} INFO - [0m17:08:29  1 of 1 START sql incremental model silver_layer.silver_spins_hourly ............ [RUN]
[2025-03-13T17:08:29.185+0000] {subprocess.py:93} INFO - [0m17:08:29  1 of 1 OK created sql incremental model silver_layer.silver_spins_hourly ....... [[32mINSERT 0 2[0m in 0.10s]
[2025-03-13T17:08:29.193+0000] {subprocess.py:93} INFO - [0m17:08:29
[2025-03-13T17:08:29.193+0000] {subprocess.py:93} INFO - [0m17:08:29  Finished running 1 incremental model in 0 hours 0 minutes and 0.15 seconds (0.15s).
[2025-03-13T17:08:29.202+0000] {subprocess.py:93} INFO - [0m17:08:29
[2025-03-13T17:08:29.202+0000] {subprocess.py:93} INFO - [0m17:08:29  [32mCompleted successfully[0m
[2025-03-13T17:08:29.202+0000] {subprocess.py:93} INFO - [0m17:08:29
[2025-03-13T17:08:29.204+0000] {subprocess.py:93} INFO - [0m17:08:29  Done. PASS=1 WARN=0 ERROR=0 SKIP=0 TOTAL=1
[2025-03-13T17:08:30.498+0000] {subprocess.py:97} INFO - Command exited with return code 0
[2025-03-13T17:08:30.527+0000] {taskinstance.py:1400} INFO - Marking task as SUCCESS. dag_id=hourly_processing_pipeline, task_id=transform_silver_hourly_incremental, execution_date=20250313T170805, start_date=20250313T170821, end_date=20250313T170830
[2025-03-13T17:08:30.579+0000] {local_task_job_runner.py:228} INFO - Task exited with return code 0
[2025-03-13T17:08:30.602+0000] {taskinstance.py:2778} INFO - 1 downstream tasks scheduled from follow-on schedule check
