[2025-03-14T02:58:06.132+0000] {taskinstance.py:1159} INFO - Dependencies all met for dep_context=non-requeueable deps ti=<TaskInstance: hourly_processing_pipeline.transform_silver_hourly_incremental manual__2025-03-14T02:57:55.589522+00:00 [queued]>
[2025-03-14T02:58:06.138+0000] {taskinstance.py:1159} INFO - Dependencies all met for dep_context=requeueable deps ti=<TaskInstance: hourly_processing_pipeline.transform_silver_hourly_incremental manual__2025-03-14T02:57:55.589522+00:00 [queued]>
[2025-03-14T02:58:06.138+0000] {taskinstance.py:1361} INFO - Starting attempt 1 of 1
[2025-03-14T02:58:06.146+0000] {taskinstance.py:1382} INFO - Executing <Task(BashOperator): transform_silver_hourly_incremental> on 2025-03-14 02:57:55.589522+00:00
[2025-03-14T02:58:06.150+0000] {standard_task_runner.py:57} INFO - Started process 78361 to run task
[2025-03-14T02:58:06.154+0000] {standard_task_runner.py:84} INFO - Running: ['***', 'tasks', 'run', 'hourly_processing_pipeline', 'transform_silver_hourly_incremental', 'manual__2025-03-14T02:57:55.589522+00:00', '--job-id', '3733', '--raw', '--subdir', 'DAGS_FOLDER/hourly_processing_pipeline.py', '--cfg-path', '/tmp/tmpih8evotw']
[2025-03-14T02:58:06.156+0000] {standard_task_runner.py:85} INFO - Job 3733: Subtask transform_silver_hourly_incremental
[2025-03-14T02:58:06.219+0000] {task_command.py:416} INFO - Running <TaskInstance: hourly_processing_pipeline.transform_silver_hourly_incremental manual__2025-03-14T02:57:55.589522+00:00 [running]> on host c8e526380ef3
[2025-03-14T02:58:06.278+0000] {taskinstance.py:1662} INFO - Exporting env vars: AIRFLOW_CTX_DAG_OWNER='Andrew Tran' AIRFLOW_CTX_DAG_ID='hourly_processing_pipeline' AIRFLOW_CTX_TASK_ID='transform_silver_hourly_incremental' AIRFLOW_CTX_EXECUTION_DATE='2025-03-14T02:57:55.589522+00:00' AIRFLOW_CTX_TRY_NUMBER='1' AIRFLOW_CTX_DAG_RUN_ID='manual__2025-03-14T02:57:55.589522+00:00'
[2025-03-14T02:58:06.279+0000] {subprocess.py:63} INFO - Tmp dir root location: /tmp
[2025-03-14T02:58:06.280+0000] {subprocess.py:75} INFO - Running command: ['/bin/bash', '-c', 'cd /opt/***/dbt/playstudio_project && export WAREHOUSE_HOST=None && export WAREHOUSE_PASSWORD=None && export WAREHOUSE_USER=None && dbt deps && dbt run --select tag:silver_hourly_incremental --target prod']
[2025-03-14T02:58:06.293+0000] {subprocess.py:86} INFO - Output:
[2025-03-14T02:58:08.039+0000] {subprocess.py:93} INFO - [0m02:58:08  Running with dbt=1.7.18
[2025-03-14T02:58:08.370+0000] {subprocess.py:93} INFO - [0m02:58:08  Installing dbt-labs/dbt_utils
[2025-03-14T02:58:09.025+0000] {subprocess.py:93} INFO - [0m02:58:09  Installed from version 1.1.1
[2025-03-14T02:58:09.026+0000] {subprocess.py:93} INFO - [0m02:58:09  Updated version available: 1.3.0
[2025-03-14T02:58:09.029+0000] {subprocess.py:93} INFO - [0m02:58:09  Installing metaplane/dbt_expectations
[2025-03-14T02:58:10.048+0000] {subprocess.py:93} INFO - [0m02:58:10  Installed from version 0.10.8
[2025-03-14T02:58:10.048+0000] {subprocess.py:93} INFO - [0m02:58:10  Up to date!
[2025-03-14T02:58:10.050+0000] {subprocess.py:93} INFO - [0m02:58:10  Installing godatadriven/dbt_date
[2025-03-14T02:58:10.622+0000] {subprocess.py:93} INFO - [0m02:58:10  Installed from version 0.11.0
[2025-03-14T02:58:10.623+0000] {subprocess.py:93} INFO - [0m02:58:10  Up to date!
[2025-03-14T02:58:10.624+0000] {subprocess.py:93} INFO - [0m02:58:10
[2025-03-14T02:58:10.626+0000] {subprocess.py:93} INFO - [0m02:58:10  Updates available for packages: ['dbt-labs/dbt_utils']
[2025-03-14T02:58:10.626+0000] {subprocess.py:93} INFO - Update your versions in packages.yml, then run dbt deps
[2025-03-14T02:58:13.354+0000] {subprocess.py:93} INFO - [0m02:58:13  Running with dbt=1.7.18
[2025-03-14T02:58:13.485+0000] {subprocess.py:93} INFO - [0m02:58:13  Registered adapter: postgres=1.7.18
[2025-03-14T02:58:13.566+0000] {subprocess.py:93} INFO - [0m02:58:13  [[33mWARNING[0m]: Configuration paths exist in your dbt_project.yml file which do not apply to any resources.
[2025-03-14T02:58:13.566+0000] {subprocess.py:93} INFO - There are 1 unused configuration paths:
[2025-03-14T02:58:13.566+0000] {subprocess.py:93} INFO - - models.playstudio_project.bronze_layer
[2025-03-14T02:58:13.586+0000] {subprocess.py:93} INFO - [0m02:58:13  Found 67 tests, 3 models, 2 sources, 0 exposures, 0 metrics, 783 macros, 0 groups, 0 semantic models
[2025-03-14T02:58:13.589+0000] {subprocess.py:93} INFO - [0m02:58:13
[2025-03-14T02:58:13.641+0000] {subprocess.py:93} INFO - [0m02:58:13  Concurrency: 1 threads (target='prod')
[2025-03-14T02:58:13.641+0000] {subprocess.py:93} INFO - [0m02:58:13
[2025-03-14T02:58:13.646+0000] {subprocess.py:93} INFO - [0m02:58:13  1 of 1 START sql incremental model silver_layer.silver_spins_hourly ............ [RUN]
[2025-03-14T02:58:13.836+0000] {subprocess.py:93} INFO - [0m02:58:13  1 of 1 OK created sql incremental model silver_layer.silver_spins_hourly ....... [[32mINSERT 0 2[0m in 0.19s]
[2025-03-14T02:58:13.847+0000] {subprocess.py:93} INFO - [0m02:58:13
[2025-03-14T02:58:13.847+0000] {subprocess.py:93} INFO - [0m02:58:13  Finished running 1 incremental model in 0 hours 0 minutes and 0.26 seconds (0.26s).
[2025-03-14T02:58:13.855+0000] {subprocess.py:93} INFO - [0m02:58:13
[2025-03-14T02:58:13.855+0000] {subprocess.py:93} INFO - [0m02:58:13  [32mCompleted successfully[0m
[2025-03-14T02:58:13.855+0000] {subprocess.py:93} INFO - [0m02:58:13
[2025-03-14T02:58:13.856+0000] {subprocess.py:93} INFO - [0m02:58:13  Done. PASS=1 WARN=0 ERROR=0 SKIP=0 TOTAL=1
[2025-03-14T02:58:15.209+0000] {subprocess.py:97} INFO - Command exited with return code 0
[2025-03-14T02:58:15.250+0000] {taskinstance.py:1400} INFO - Marking task as SUCCESS. dag_id=hourly_processing_pipeline, task_id=transform_silver_hourly_incremental, execution_date=20250314T025755, start_date=20250314T025806, end_date=20250314T025815
[2025-03-14T02:58:15.270+0000] {local_task_job_runner.py:228} INFO - Task exited with return code 0
[2025-03-14T02:58:15.305+0000] {taskinstance.py:2778} INFO - 1 downstream tasks scheduled from follow-on schedule check
