[2025-03-12T08:37:35.936+0000] {taskinstance.py:1159} INFO - Dependencies all met for dep_context=non-requeueable deps ti=<TaskInstance: process_bronze_and_silver_layer.transform_silver_5mins_incremental manual__2025-03-12T08:37:25+00:00 [queued]>
[2025-03-12T08:37:35.943+0000] {taskinstance.py:1159} INFO - Dependencies all met for dep_context=requeueable deps ti=<TaskInstance: process_bronze_and_silver_layer.transform_silver_5mins_incremental manual__2025-03-12T08:37:25+00:00 [queued]>
[2025-03-12T08:37:35.944+0000] {taskinstance.py:1361} INFO - Starting attempt 1 of 1
[2025-03-12T08:37:36.110+0000] {taskinstance.py:1382} INFO - Executing <Task(BashOperator): transform_silver_5mins_incremental> on 2025-03-12 08:37:25+00:00
[2025-03-12T08:37:36.115+0000] {standard_task_runner.py:57} INFO - Started process 24195 to run task
[2025-03-12T08:37:36.119+0000] {standard_task_runner.py:84} INFO - Running: ['***', 'tasks', 'run', 'process_bronze_and_silver_layer', 'transform_silver_5mins_incremental', 'manual__2025-03-12T08:37:25+00:00', '--job-id', '2020', '--raw', '--subdir', 'DAGS_FOLDER/5mins_processing_pipeline.py', '--cfg-path', '/tmp/tmpdyro2824']
[2025-03-12T08:37:36.121+0000] {standard_task_runner.py:85} INFO - Job 2020: Subtask transform_silver_5mins_incremental
[2025-03-12T08:37:36.147+0000] {task_command.py:416} INFO - Running <TaskInstance: process_bronze_and_silver_layer.transform_silver_5mins_incremental manual__2025-03-12T08:37:25+00:00 [running]> on host c8e526380ef3
[2025-03-12T08:37:36.215+0000] {taskinstance.py:1662} INFO - Exporting env vars: AIRFLOW_CTX_DAG_OWNER='Andrew Tran' AIRFLOW_CTX_DAG_ID='process_bronze_and_silver_layer' AIRFLOW_CTX_TASK_ID='transform_silver_5mins_incremental' AIRFLOW_CTX_EXECUTION_DATE='2025-03-12T08:37:25+00:00' AIRFLOW_CTX_TRY_NUMBER='1' AIRFLOW_CTX_DAG_RUN_ID='manual__2025-03-12T08:37:25+00:00'
[2025-03-12T08:37:36.216+0000] {subprocess.py:63} INFO - Tmp dir root location: /tmp
[2025-03-12T08:37:36.217+0000] {subprocess.py:75} INFO - Running command: ['/bin/bash', '-c', 'cd /opt/***/dbt/playstudio_project && export WAREHOUSE_HOST=None && export WAREHOUSE_PASSWORD=None && export WAREHOUSE_USER=None && dbt run --select tag:silver_5mins_incremental --target prod']
[2025-03-12T08:37:36.237+0000] {subprocess.py:86} INFO - Output:
[2025-03-12T08:37:38.441+0000] {subprocess.py:93} INFO - [0m08:37:38  Running with dbt=1.7.18
[2025-03-12T08:37:38.817+0000] {subprocess.py:93} INFO - [0m08:37:38  Registered adapter: postgres=1.7.18
[2025-03-12T08:37:38.851+0000] {subprocess.py:93} INFO - [0m08:37:38  [[33mWARNING[0m]: Configuration paths exist in your dbt_project.yml file which do not apply to any resources.
[2025-03-12T08:37:38.852+0000] {subprocess.py:93} INFO - There are 1 unused configuration paths:
[2025-03-12T08:37:38.852+0000] {subprocess.py:93} INFO - - models.playstudio_project.example
[2025-03-12T08:37:38.868+0000] {subprocess.py:93} INFO - [0m08:37:38  Found 2 models, 2 sources, 0 exposures, 0 metrics, 401 macros, 0 groups, 0 semantic models
[2025-03-12T08:37:38.869+0000] {subprocess.py:93} INFO - [0m08:37:38
[2025-03-12T08:37:38.956+0000] {subprocess.py:93} INFO - [0m08:37:38  Concurrency: 1 threads (target='prod')
[2025-03-12T08:37:38.957+0000] {subprocess.py:93} INFO - [0m08:37:38
[2025-03-12T08:37:38.962+0000] {subprocess.py:93} INFO - [0m08:37:38  1 of 1 START sql incremental model silver_layer.silver_purchases ............... [RUN]
[2025-03-12T08:37:39.075+0000] {subprocess.py:93} INFO - [0m08:37:39  1 of 1 OK created sql incremental model silver_layer.silver_purchases .......... [[32mINSERT 0 36[0m in 0.11s]
[2025-03-12T08:37:39.083+0000] {subprocess.py:93} INFO - [0m08:37:39
[2025-03-12T08:37:39.083+0000] {subprocess.py:93} INFO - [0m08:37:39  Finished running 1 incremental model in 0 hours 0 minutes and 0.21 seconds (0.21s).
[2025-03-12T08:37:39.088+0000] {subprocess.py:93} INFO - [0m08:37:39
[2025-03-12T08:37:39.088+0000] {subprocess.py:93} INFO - [0m08:37:39  [32mCompleted successfully[0m
[2025-03-12T08:37:39.088+0000] {subprocess.py:93} INFO - [0m08:37:39
[2025-03-12T08:37:39.088+0000] {subprocess.py:93} INFO - [0m08:37:39  Done. PASS=1 WARN=0 ERROR=0 SKIP=0 TOTAL=1
[2025-03-12T08:37:40.484+0000] {subprocess.py:97} INFO - Command exited with return code 0
[2025-03-12T08:37:40.711+0000] {taskinstance.py:1400} INFO - Marking task as SUCCESS. dag_id=process_bronze_and_silver_layer, task_id=transform_silver_5mins_incremental, execution_date=20250312T083725, start_date=20250312T083735, end_date=20250312T083740
[2025-03-12T08:37:40.776+0000] {local_task_job_runner.py:228} INFO - Task exited with return code 0
[2025-03-12T08:37:40.810+0000] {taskinstance.py:2778} INFO - 1 downstream tasks scheduled from follow-on schedule check
