[2025-03-12T02:45:02.487+0000] {taskinstance.py:1159} INFO - Dependencies all met for dep_context=non-requeueable deps ti=<TaskInstance: process_bronze_and_silver_layer.check_refresh_mode scheduled__2025-03-12T02:40:00+00:00 [queued]>
[2025-03-12T02:45:02.490+0000] {taskinstance.py:1159} INFO - Dependencies all met for dep_context=requeueable deps ti=<TaskInstance: process_bronze_and_silver_layer.check_refresh_mode scheduled__2025-03-12T02:40:00+00:00 [queued]>
[2025-03-12T02:45:02.491+0000] {taskinstance.py:1361} INFO - Starting attempt 1 of 1
[2025-03-12T02:45:02.497+0000] {taskinstance.py:1382} INFO - Executing <Task(_PythonDecoratedOperator): check_refresh_mode> on 2025-03-12 02:40:00+00:00
[2025-03-12T02:45:02.501+0000] {standard_task_runner.py:57} INFO - Started process 9639 to run task
[2025-03-12T02:45:02.502+0000] {standard_task_runner.py:84} INFO - Running: ['***', 'tasks', 'run', 'process_bronze_and_silver_layer', 'check_refresh_mode', 'scheduled__2025-03-12T02:40:00+00:00', '--job-id', '964', '--raw', '--subdir', 'DAGS_FOLDER/5mins_processing_pipeline.py', '--cfg-path', '/tmp/tmpvevgaw4a']
[2025-03-12T02:45:02.504+0000] {standard_task_runner.py:85} INFO - Job 964: Subtask check_refresh_mode
[2025-03-12T02:45:02.683+0000] {task_command.py:416} INFO - Running <TaskInstance: process_bronze_and_silver_layer.check_refresh_mode scheduled__2025-03-12T02:40:00+00:00 [running]> on host c8e526380ef3
[2025-03-12T02:45:02.714+0000] {taskinstance.py:1662} INFO - Exporting env vars: AIRFLOW_CTX_DAG_OWNER='Andrew Tran' AIRFLOW_CTX_DAG_ID='process_bronze_and_silver_layer' AIRFLOW_CTX_TASK_ID='check_refresh_mode' AIRFLOW_CTX_EXECUTION_DATE='2025-03-12T02:40:00+00:00' AIRFLOW_CTX_TRY_NUMBER='1' AIRFLOW_CTX_DAG_RUN_ID='scheduled__2025-03-12T02:40:00+00:00'
[2025-03-12T02:45:02.715+0000] {5mins_processing_pipeline.py:199} INFO - Refresh mode: Incremental
[2025-03-12T02:45:02.715+0000] {5mins_processing_pipeline.py:121} INFO - Getting latest updated_at from bronze_layer.bronze_purchases
[2025-03-12T02:45:02.715+0000] {5mins_processing_pipeline.py:94} INFO - Executing query: SELECT MAX(updated_at) FROM bronze_layer.bronze_purchases
[2025-03-12T02:45:02.717+0000] {base.py:73} INFO - Using connection ID 'postgres_warehouse_db' for task execution.
[2025-03-12T02:45:02.721+0000] {warnings.py:109} WARNING - /opt/***/dags/5mins_processing_pipeline.py:97: UserWarning: pandas only supports SQLAlchemy connectable (engine/connection) or database string URI or sqlite3 DBAPI2 connection. Other DBAPI2 objects are not tested. Please consider using SQLAlchemy.
  df = pd.read_sql(query, conn)

[2025-03-12T02:45:02.724+0000] {5mins_processing_pipeline.py:98} INFO - Query executed successfully. Retrieved 1 rows.
[2025-03-12T02:45:02.725+0000] {5mins_processing_pipeline.py:129} INFO - Latest updated_at: 2025-03-11 17:53:01.583618
[2025-03-12T02:45:02.725+0000] {python.py:194} INFO - Done. Returned value was: {'is_full_refresh': False, 'latest_updated_at': '2025-03-11 17:53:01.583618', 'is_first_run': False}
[2025-03-12T02:45:02.734+0000] {taskinstance.py:1400} INFO - Marking task as SUCCESS. dag_id=process_bronze_and_silver_layer, task_id=check_refresh_mode, execution_date=20250312T024000, start_date=20250312T024502, end_date=20250312T024502
[2025-03-12T02:45:02.772+0000] {local_task_job_runner.py:228} INFO - Task exited with return code 0
[2025-03-12T02:45:02.860+0000] {taskinstance.py:2778} INFO - 1 downstream tasks scheduled from follow-on schedule check
