[2025-03-13T16:38:36.324+0000] {processor.py:157} INFO - Started process (PID=80452) to work on /opt/airflow/dags/utils/slack_alert.py
[2025-03-13T16:38:36.327+0000] {processor.py:829} INFO - Processing file /opt/airflow/dags/utils/slack_alert.py for tasks to queue
[2025-03-13T16:38:36.328+0000] {logging_mixin.py:154} INFO - [2025-03-13T16:38:36.328+0000] {dagbag.py:536} INFO - Filling up the DagBag from /opt/airflow/dags/utils/slack_alert.py
[2025-03-13T16:38:36.344+0000] {processor.py:841} WARNING - No viable dags retrieved from /opt/airflow/dags/utils/slack_alert.py
[2025-03-13T16:38:36.352+0000] {processor.py:179} INFO - Processing /opt/airflow/dags/utils/slack_alert.py took 0.032 seconds
[2025-03-13T16:39:06.981+0000] {processor.py:157} INFO - Started process (PID=80480) to work on /opt/airflow/dags/utils/slack_alert.py
[2025-03-13T16:39:06.983+0000] {processor.py:829} INFO - Processing file /opt/airflow/dags/utils/slack_alert.py for tasks to queue
[2025-03-13T16:39:06.984+0000] {logging_mixin.py:154} INFO - [2025-03-13T16:39:06.984+0000] {dagbag.py:536} INFO - Filling up the DagBag from /opt/airflow/dags/utils/slack_alert.py
[2025-03-13T16:39:07.005+0000] {processor.py:841} WARNING - No viable dags retrieved from /opt/airflow/dags/utils/slack_alert.py
[2025-03-13T16:39:07.017+0000] {processor.py:179} INFO - Processing /opt/airflow/dags/utils/slack_alert.py took 0.042 seconds
[2025-03-13T16:39:37.237+0000] {processor.py:157} INFO - Started process (PID=80514) to work on /opt/airflow/dags/utils/slack_alert.py
[2025-03-13T16:39:37.238+0000] {processor.py:829} INFO - Processing file /opt/airflow/dags/utils/slack_alert.py for tasks to queue
[2025-03-13T16:39:37.239+0000] {logging_mixin.py:154} INFO - [2025-03-13T16:39:37.238+0000] {dagbag.py:536} INFO - Filling up the DagBag from /opt/airflow/dags/utils/slack_alert.py
[2025-03-13T16:39:37.263+0000] {processor.py:841} WARNING - No viable dags retrieved from /opt/airflow/dags/utils/slack_alert.py
[2025-03-13T16:39:37.278+0000] {processor.py:179} INFO - Processing /opt/airflow/dags/utils/slack_alert.py took 0.047 seconds
[2025-03-13T16:40:07.853+0000] {processor.py:157} INFO - Started process (PID=80536) to work on /opt/airflow/dags/utils/slack_alert.py
[2025-03-13T16:40:07.855+0000] {processor.py:829} INFO - Processing file /opt/airflow/dags/utils/slack_alert.py for tasks to queue
[2025-03-13T16:40:07.857+0000] {logging_mixin.py:154} INFO - [2025-03-13T16:40:07.856+0000] {dagbag.py:536} INFO - Filling up the DagBag from /opt/airflow/dags/utils/slack_alert.py
[2025-03-13T16:40:07.888+0000] {processor.py:841} WARNING - No viable dags retrieved from /opt/airflow/dags/utils/slack_alert.py
[2025-03-13T16:40:07.901+0000] {processor.py:179} INFO - Processing /opt/airflow/dags/utils/slack_alert.py took 0.057 seconds
[2025-03-13T16:40:38.026+0000] {processor.py:157} INFO - Started process (PID=80570) to work on /opt/airflow/dags/utils/slack_alert.py
[2025-03-13T16:40:38.028+0000] {processor.py:829} INFO - Processing file /opt/airflow/dags/utils/slack_alert.py for tasks to queue
[2025-03-13T16:40:38.030+0000] {logging_mixin.py:154} INFO - [2025-03-13T16:40:38.029+0000] {dagbag.py:536} INFO - Filling up the DagBag from /opt/airflow/dags/utils/slack_alert.py
[2025-03-13T16:40:38.083+0000] {processor.py:841} WARNING - No viable dags retrieved from /opt/airflow/dags/utils/slack_alert.py
[2025-03-13T16:40:38.102+0000] {processor.py:179} INFO - Processing /opt/airflow/dags/utils/slack_alert.py took 0.088 seconds
[2025-03-13T16:41:08.615+0000] {processor.py:157} INFO - Started process (PID=80598) to work on /opt/airflow/dags/utils/slack_alert.py
[2025-03-13T16:41:08.618+0000] {processor.py:829} INFO - Processing file /opt/airflow/dags/utils/slack_alert.py for tasks to queue
[2025-03-13T16:41:08.619+0000] {logging_mixin.py:154} INFO - [2025-03-13T16:41:08.618+0000] {dagbag.py:536} INFO - Filling up the DagBag from /opt/airflow/dags/utils/slack_alert.py
[2025-03-13T16:41:08.666+0000] {processor.py:841} WARNING - No viable dags retrieved from /opt/airflow/dags/utils/slack_alert.py
[2025-03-13T16:41:08.680+0000] {processor.py:179} INFO - Processing /opt/airflow/dags/utils/slack_alert.py took 0.074 seconds
[2025-03-13T16:41:39.191+0000] {processor.py:157} INFO - Started process (PID=80621) to work on /opt/airflow/dags/utils/slack_alert.py
[2025-03-13T16:41:39.194+0000] {processor.py:829} INFO - Processing file /opt/airflow/dags/utils/slack_alert.py for tasks to queue
[2025-03-13T16:41:39.195+0000] {logging_mixin.py:154} INFO - [2025-03-13T16:41:39.195+0000] {dagbag.py:536} INFO - Filling up the DagBag from /opt/airflow/dags/utils/slack_alert.py
[2025-03-13T16:41:39.235+0000] {processor.py:841} WARNING - No viable dags retrieved from /opt/airflow/dags/utils/slack_alert.py
[2025-03-13T16:41:39.254+0000] {processor.py:179} INFO - Processing /opt/airflow/dags/utils/slack_alert.py took 0.076 seconds
[2025-03-13T16:42:09.409+0000] {processor.py:157} INFO - Started process (PID=80655) to work on /opt/airflow/dags/utils/slack_alert.py
[2025-03-13T16:42:09.412+0000] {processor.py:829} INFO - Processing file /opt/airflow/dags/utils/slack_alert.py for tasks to queue
[2025-03-13T16:42:09.413+0000] {logging_mixin.py:154} INFO - [2025-03-13T16:42:09.413+0000] {dagbag.py:536} INFO - Filling up the DagBag from /opt/airflow/dags/utils/slack_alert.py
[2025-03-13T16:42:09.447+0000] {processor.py:841} WARNING - No viable dags retrieved from /opt/airflow/dags/utils/slack_alert.py
[2025-03-13T16:42:09.458+0000] {processor.py:179} INFO - Processing /opt/airflow/dags/utils/slack_alert.py took 0.056 seconds
[2025-03-13T16:42:39.972+0000] {processor.py:157} INFO - Started process (PID=80693) to work on /opt/airflow/dags/utils/slack_alert.py
[2025-03-13T16:42:39.974+0000] {processor.py:829} INFO - Processing file /opt/airflow/dags/utils/slack_alert.py for tasks to queue
[2025-03-13T16:42:39.975+0000] {logging_mixin.py:154} INFO - [2025-03-13T16:42:39.974+0000] {dagbag.py:536} INFO - Filling up the DagBag from /opt/airflow/dags/utils/slack_alert.py
[2025-03-13T16:42:40.003+0000] {processor.py:841} WARNING - No viable dags retrieved from /opt/airflow/dags/utils/slack_alert.py
[2025-03-13T16:42:40.018+0000] {processor.py:179} INFO - Processing /opt/airflow/dags/utils/slack_alert.py took 0.052 seconds
[2025-03-13T16:43:10.763+0000] {processor.py:157} INFO - Started process (PID=80724) to work on /opt/airflow/dags/utils/slack_alert.py
[2025-03-13T16:43:10.766+0000] {processor.py:829} INFO - Processing file /opt/airflow/dags/utils/slack_alert.py for tasks to queue
[2025-03-13T16:43:10.767+0000] {logging_mixin.py:154} INFO - [2025-03-13T16:43:10.766+0000] {dagbag.py:536} INFO - Filling up the DagBag from /opt/airflow/dags/utils/slack_alert.py
[2025-03-13T16:43:10.801+0000] {processor.py:841} WARNING - No viable dags retrieved from /opt/airflow/dags/utils/slack_alert.py
[2025-03-13T16:43:10.819+0000] {processor.py:179} INFO - Processing /opt/airflow/dags/utils/slack_alert.py took 0.063 seconds
[2025-03-13T16:43:41.324+0000] {processor.py:157} INFO - Started process (PID=80746) to work on /opt/airflow/dags/utils/slack_alert.py
[2025-03-13T16:43:41.326+0000] {processor.py:829} INFO - Processing file /opt/airflow/dags/utils/slack_alert.py for tasks to queue
[2025-03-13T16:43:41.327+0000] {logging_mixin.py:154} INFO - [2025-03-13T16:43:41.327+0000] {dagbag.py:536} INFO - Filling up the DagBag from /opt/airflow/dags/utils/slack_alert.py
[2025-03-13T16:43:41.485+0000] {processor.py:841} WARNING - No viable dags retrieved from /opt/airflow/dags/utils/slack_alert.py
[2025-03-13T16:43:41.496+0000] {processor.py:179} INFO - Processing /opt/airflow/dags/utils/slack_alert.py took 0.188 seconds
[2025-03-13T16:44:12.507+0000] {processor.py:157} INFO - Started process (PID=80774) to work on /opt/airflow/dags/utils/slack_alert.py
[2025-03-13T16:44:12.662+0000] {processor.py:829} INFO - Processing file /opt/airflow/dags/utils/slack_alert.py for tasks to queue
[2025-03-13T16:44:12.936+0000] {logging_mixin.py:154} INFO - [2025-03-13T16:44:12.666+0000] {dagbag.py:536} INFO - Filling up the DagBag from /opt/airflow/dags/utils/slack_alert.py
[2025-03-13T16:44:13.364+0000] {processor.py:841} WARNING - No viable dags retrieved from /opt/airflow/dags/utils/slack_alert.py
[2025-03-13T16:44:13.462+0000] {processor.py:179} INFO - Processing /opt/airflow/dags/utils/slack_alert.py took 1.002 seconds
[2025-03-13T16:44:44.216+0000] {processor.py:157} INFO - Started process (PID=80802) to work on /opt/airflow/dags/utils/slack_alert.py
[2025-03-13T16:44:44.218+0000] {processor.py:829} INFO - Processing file /opt/airflow/dags/utils/slack_alert.py for tasks to queue
[2025-03-13T16:44:44.219+0000] {logging_mixin.py:154} INFO - [2025-03-13T16:44:44.218+0000] {dagbag.py:536} INFO - Filling up the DagBag from /opt/airflow/dags/utils/slack_alert.py
[2025-03-13T16:44:44.261+0000] {processor.py:841} WARNING - No viable dags retrieved from /opt/airflow/dags/utils/slack_alert.py
[2025-03-13T16:44:44.275+0000] {processor.py:179} INFO - Processing /opt/airflow/dags/utils/slack_alert.py took 0.067 seconds
[2025-03-13T16:45:14.358+0000] {processor.py:157} INFO - Started process (PID=80822) to work on /opt/airflow/dags/utils/slack_alert.py
[2025-03-13T16:45:14.362+0000] {processor.py:829} INFO - Processing file /opt/airflow/dags/utils/slack_alert.py for tasks to queue
[2025-03-13T16:45:14.366+0000] {logging_mixin.py:154} INFO - [2025-03-13T16:45:14.365+0000] {dagbag.py:536} INFO - Filling up the DagBag from /opt/airflow/dags/utils/slack_alert.py
[2025-03-13T16:45:14.404+0000] {processor.py:841} WARNING - No viable dags retrieved from /opt/airflow/dags/utils/slack_alert.py
[2025-03-13T16:45:14.440+0000] {processor.py:179} INFO - Processing /opt/airflow/dags/utils/slack_alert.py took 0.098 seconds
[2025-03-13T16:45:44.681+0000] {processor.py:157} INFO - Started process (PID=80850) to work on /opt/airflow/dags/utils/slack_alert.py
[2025-03-13T16:45:44.685+0000] {processor.py:829} INFO - Processing file /opt/airflow/dags/utils/slack_alert.py for tasks to queue
[2025-03-13T16:45:44.686+0000] {logging_mixin.py:154} INFO - [2025-03-13T16:45:44.685+0000] {dagbag.py:536} INFO - Filling up the DagBag from /opt/airflow/dags/utils/slack_alert.py
[2025-03-13T16:45:44.732+0000] {processor.py:841} WARNING - No viable dags retrieved from /opt/airflow/dags/utils/slack_alert.py
[2025-03-13T16:45:44.768+0000] {processor.py:179} INFO - Processing /opt/airflow/dags/utils/slack_alert.py took 0.095 seconds
[2025-03-13T16:46:15.293+0000] {processor.py:157} INFO - Started process (PID=80871) to work on /opt/airflow/dags/utils/slack_alert.py
[2025-03-13T16:46:15.295+0000] {processor.py:829} INFO - Processing file /opt/airflow/dags/utils/slack_alert.py for tasks to queue
[2025-03-13T16:46:15.297+0000] {logging_mixin.py:154} INFO - [2025-03-13T16:46:15.296+0000] {dagbag.py:536} INFO - Filling up the DagBag from /opt/airflow/dags/utils/slack_alert.py
[2025-03-13T16:46:15.328+0000] {processor.py:841} WARNING - No viable dags retrieved from /opt/airflow/dags/utils/slack_alert.py
[2025-03-13T16:46:15.339+0000] {processor.py:179} INFO - Processing /opt/airflow/dags/utils/slack_alert.py took 0.058 seconds
[2025-03-13T16:46:45.825+0000] {processor.py:157} INFO - Started process (PID=80899) to work on /opt/airflow/dags/utils/slack_alert.py
[2025-03-13T16:46:45.828+0000] {processor.py:829} INFO - Processing file /opt/airflow/dags/utils/slack_alert.py for tasks to queue
[2025-03-13T16:46:45.829+0000] {logging_mixin.py:154} INFO - [2025-03-13T16:46:45.828+0000] {dagbag.py:536} INFO - Filling up the DagBag from /opt/airflow/dags/utils/slack_alert.py
[2025-03-13T16:46:45.857+0000] {processor.py:841} WARNING - No viable dags retrieved from /opt/airflow/dags/utils/slack_alert.py
[2025-03-13T16:46:45.885+0000] {processor.py:179} INFO - Processing /opt/airflow/dags/utils/slack_alert.py took 0.089 seconds
[2025-03-13T16:47:16.532+0000] {processor.py:157} INFO - Started process (PID=80927) to work on /opt/airflow/dags/utils/slack_alert.py
[2025-03-13T16:47:16.534+0000] {processor.py:829} INFO - Processing file /opt/airflow/dags/utils/slack_alert.py for tasks to queue
[2025-03-13T16:47:16.535+0000] {logging_mixin.py:154} INFO - [2025-03-13T16:47:16.535+0000] {dagbag.py:536} INFO - Filling up the DagBag from /opt/airflow/dags/utils/slack_alert.py
[2025-03-13T16:47:16.568+0000] {processor.py:841} WARNING - No viable dags retrieved from /opt/airflow/dags/utils/slack_alert.py
[2025-03-13T16:47:16.591+0000] {processor.py:179} INFO - Processing /opt/airflow/dags/utils/slack_alert.py took 0.066 seconds
[2025-03-13T16:47:46.659+0000] {processor.py:157} INFO - Started process (PID=80948) to work on /opt/airflow/dags/utils/slack_alert.py
[2025-03-13T16:47:46.660+0000] {processor.py:829} INFO - Processing file /opt/airflow/dags/utils/slack_alert.py for tasks to queue
[2025-03-13T16:47:46.661+0000] {logging_mixin.py:154} INFO - [2025-03-13T16:47:46.660+0000] {dagbag.py:536} INFO - Filling up the DagBag from /opt/airflow/dags/utils/slack_alert.py
[2025-03-13T16:47:46.685+0000] {processor.py:841} WARNING - No viable dags retrieved from /opt/airflow/dags/utils/slack_alert.py
[2025-03-13T16:47:46.717+0000] {processor.py:179} INFO - Processing /opt/airflow/dags/utils/slack_alert.py took 0.061 seconds
[2025-03-13T16:48:17.347+0000] {processor.py:157} INFO - Started process (PID=80976) to work on /opt/airflow/dags/utils/slack_alert.py
[2025-03-13T16:48:17.348+0000] {processor.py:829} INFO - Processing file /opt/airflow/dags/utils/slack_alert.py for tasks to queue
[2025-03-13T16:48:17.348+0000] {logging_mixin.py:154} INFO - [2025-03-13T16:48:17.348+0000] {dagbag.py:536} INFO - Filling up the DagBag from /opt/airflow/dags/utils/slack_alert.py
[2025-03-13T16:48:17.365+0000] {processor.py:841} WARNING - No viable dags retrieved from /opt/airflow/dags/utils/slack_alert.py
[2025-03-13T16:48:17.372+0000] {processor.py:179} INFO - Processing /opt/airflow/dags/utils/slack_alert.py took 0.029 seconds
[2025-03-13T16:48:47.486+0000] {processor.py:157} INFO - Started process (PID=81004) to work on /opt/airflow/dags/utils/slack_alert.py
[2025-03-13T16:48:47.507+0000] {processor.py:829} INFO - Processing file /opt/airflow/dags/utils/slack_alert.py for tasks to queue
[2025-03-13T16:48:47.513+0000] {logging_mixin.py:154} INFO - [2025-03-13T16:48:47.512+0000] {dagbag.py:536} INFO - Filling up the DagBag from /opt/airflow/dags/utils/slack_alert.py
[2025-03-13T16:48:47.548+0000] {processor.py:841} WARNING - No viable dags retrieved from /opt/airflow/dags/utils/slack_alert.py
[2025-03-13T16:48:47.571+0000] {processor.py:179} INFO - Processing /opt/airflow/dags/utils/slack_alert.py took 0.093 seconds
[2025-03-13T16:49:18.123+0000] {processor.py:157} INFO - Started process (PID=81024) to work on /opt/airflow/dags/utils/slack_alert.py
[2025-03-13T16:49:18.124+0000] {processor.py:829} INFO - Processing file /opt/airflow/dags/utils/slack_alert.py for tasks to queue
[2025-03-13T16:49:18.125+0000] {logging_mixin.py:154} INFO - [2025-03-13T16:49:18.125+0000] {dagbag.py:536} INFO - Filling up the DagBag from /opt/airflow/dags/utils/slack_alert.py
[2025-03-13T16:49:18.148+0000] {processor.py:841} WARNING - No viable dags retrieved from /opt/airflow/dags/utils/slack_alert.py
[2025-03-13T16:49:18.156+0000] {processor.py:179} INFO - Processing /opt/airflow/dags/utils/slack_alert.py took 0.038 seconds
[2025-03-13T16:49:48.557+0000] {processor.py:157} INFO - Started process (PID=81052) to work on /opt/airflow/dags/utils/slack_alert.py
[2025-03-13T16:49:48.561+0000] {processor.py:829} INFO - Processing file /opt/airflow/dags/utils/slack_alert.py for tasks to queue
[2025-03-13T16:49:48.562+0000] {logging_mixin.py:154} INFO - [2025-03-13T16:49:48.562+0000] {dagbag.py:536} INFO - Filling up the DagBag from /opt/airflow/dags/utils/slack_alert.py
[2025-03-13T16:49:48.584+0000] {processor.py:841} WARNING - No viable dags retrieved from /opt/airflow/dags/utils/slack_alert.py
[2025-03-13T16:49:48.596+0000] {processor.py:179} INFO - Processing /opt/airflow/dags/utils/slack_alert.py took 0.046 seconds
[2025-03-13T16:50:19.167+0000] {processor.py:157} INFO - Started process (PID=81080) to work on /opt/airflow/dags/utils/slack_alert.py
[2025-03-13T16:50:19.169+0000] {processor.py:829} INFO - Processing file /opt/airflow/dags/utils/slack_alert.py for tasks to queue
[2025-03-13T16:50:19.170+0000] {logging_mixin.py:154} INFO - [2025-03-13T16:50:19.170+0000] {dagbag.py:536} INFO - Filling up the DagBag from /opt/airflow/dags/utils/slack_alert.py
[2025-03-13T16:50:19.189+0000] {processor.py:841} WARNING - No viable dags retrieved from /opt/airflow/dags/utils/slack_alert.py
[2025-03-13T16:50:19.198+0000] {processor.py:179} INFO - Processing /opt/airflow/dags/utils/slack_alert.py took 0.036 seconds
[2025-03-13T16:50:49.606+0000] {processor.py:157} INFO - Started process (PID=81100) to work on /opt/airflow/dags/utils/slack_alert.py
[2025-03-13T16:50:49.607+0000] {processor.py:829} INFO - Processing file /opt/airflow/dags/utils/slack_alert.py for tasks to queue
[2025-03-13T16:50:49.608+0000] {logging_mixin.py:154} INFO - [2025-03-13T16:50:49.608+0000] {dagbag.py:536} INFO - Filling up the DagBag from /opt/airflow/dags/utils/slack_alert.py
[2025-03-13T16:50:49.653+0000] {processor.py:841} WARNING - No viable dags retrieved from /opt/airflow/dags/utils/slack_alert.py
[2025-03-13T16:50:49.693+0000] {processor.py:179} INFO - Processing /opt/airflow/dags/utils/slack_alert.py took 0.091 seconds
[2025-03-13T16:51:20.543+0000] {processor.py:157} INFO - Started process (PID=81127) to work on /opt/airflow/dags/utils/slack_alert.py
[2025-03-13T16:51:20.546+0000] {processor.py:829} INFO - Processing file /opt/airflow/dags/utils/slack_alert.py for tasks to queue
[2025-03-13T16:51:20.547+0000] {logging_mixin.py:154} INFO - [2025-03-13T16:51:20.547+0000] {dagbag.py:536} INFO - Filling up the DagBag from /opt/airflow/dags/utils/slack_alert.py
[2025-03-13T16:51:20.570+0000] {processor.py:841} WARNING - No viable dags retrieved from /opt/airflow/dags/utils/slack_alert.py
[2025-03-13T16:51:20.578+0000] {processor.py:179} INFO - Processing /opt/airflow/dags/utils/slack_alert.py took 0.054 seconds
[2025-03-13T16:51:51.165+0000] {processor.py:157} INFO - Started process (PID=81155) to work on /opt/airflow/dags/utils/slack_alert.py
[2025-03-13T16:51:51.166+0000] {processor.py:829} INFO - Processing file /opt/airflow/dags/utils/slack_alert.py for tasks to queue
[2025-03-13T16:51:51.166+0000] {logging_mixin.py:154} INFO - [2025-03-13T16:51:51.166+0000] {dagbag.py:536} INFO - Filling up the DagBag from /opt/airflow/dags/utils/slack_alert.py
[2025-03-13T16:51:51.183+0000] {processor.py:841} WARNING - No viable dags retrieved from /opt/airflow/dags/utils/slack_alert.py
[2025-03-13T16:51:51.189+0000] {processor.py:179} INFO - Processing /opt/airflow/dags/utils/slack_alert.py took 0.026 seconds
[2025-03-13T16:52:21.300+0000] {processor.py:157} INFO - Started process (PID=81176) to work on /opt/airflow/dags/utils/slack_alert.py
[2025-03-13T16:52:21.302+0000] {processor.py:829} INFO - Processing file /opt/airflow/dags/utils/slack_alert.py for tasks to queue
[2025-03-13T16:52:21.303+0000] {logging_mixin.py:154} INFO - [2025-03-13T16:52:21.303+0000] {dagbag.py:536} INFO - Filling up the DagBag from /opt/airflow/dags/utils/slack_alert.py
[2025-03-13T16:52:21.327+0000] {processor.py:841} WARNING - No viable dags retrieved from /opt/airflow/dags/utils/slack_alert.py
[2025-03-13T16:52:21.348+0000] {processor.py:179} INFO - Processing /opt/airflow/dags/utils/slack_alert.py took 0.052 seconds
[2025-03-13T16:52:51.870+0000] {processor.py:157} INFO - Started process (PID=81204) to work on /opt/airflow/dags/utils/slack_alert.py
[2025-03-13T16:52:51.872+0000] {processor.py:829} INFO - Processing file /opt/airflow/dags/utils/slack_alert.py for tasks to queue
[2025-03-13T16:52:51.873+0000] {logging_mixin.py:154} INFO - [2025-03-13T16:52:51.873+0000] {dagbag.py:536} INFO - Filling up the DagBag from /opt/airflow/dags/utils/slack_alert.py
[2025-03-13T16:52:51.896+0000] {processor.py:841} WARNING - No viable dags retrieved from /opt/airflow/dags/utils/slack_alert.py
[2025-03-13T16:52:51.907+0000] {processor.py:179} INFO - Processing /opt/airflow/dags/utils/slack_alert.py took 0.042 seconds
[2025-03-13T16:53:22.497+0000] {processor.py:157} INFO - Started process (PID=81231) to work on /opt/airflow/dags/utils/slack_alert.py
[2025-03-13T16:53:22.499+0000] {processor.py:829} INFO - Processing file /opt/airflow/dags/utils/slack_alert.py for tasks to queue
[2025-03-13T16:53:22.500+0000] {logging_mixin.py:154} INFO - [2025-03-13T16:53:22.500+0000] {dagbag.py:536} INFO - Filling up the DagBag from /opt/airflow/dags/utils/slack_alert.py
[2025-03-13T16:53:22.528+0000] {processor.py:841} WARNING - No viable dags retrieved from /opt/airflow/dags/utils/slack_alert.py
[2025-03-13T16:53:22.540+0000] {processor.py:179} INFO - Processing /opt/airflow/dags/utils/slack_alert.py took 0.047 seconds
[2025-03-13T16:53:52.636+0000] {processor.py:157} INFO - Started process (PID=81252) to work on /opt/airflow/dags/utils/slack_alert.py
[2025-03-13T16:53:52.637+0000] {processor.py:829} INFO - Processing file /opt/airflow/dags/utils/slack_alert.py for tasks to queue
[2025-03-13T16:53:52.637+0000] {logging_mixin.py:154} INFO - [2025-03-13T16:53:52.637+0000] {dagbag.py:536} INFO - Filling up the DagBag from /opt/airflow/dags/utils/slack_alert.py
[2025-03-13T16:53:52.665+0000] {processor.py:841} WARNING - No viable dags retrieved from /opt/airflow/dags/utils/slack_alert.py
[2025-03-13T16:53:52.676+0000] {processor.py:179} INFO - Processing /opt/airflow/dags/utils/slack_alert.py took 0.042 seconds
[2025-03-13T16:54:22.717+0000] {processor.py:157} INFO - Started process (PID=81279) to work on /opt/airflow/dags/utils/slack_alert.py
[2025-03-13T16:54:22.719+0000] {processor.py:829} INFO - Processing file /opt/airflow/dags/utils/slack_alert.py for tasks to queue
[2025-03-13T16:54:22.720+0000] {logging_mixin.py:154} INFO - [2025-03-13T16:54:22.719+0000] {dagbag.py:536} INFO - Filling up the DagBag from /opt/airflow/dags/utils/slack_alert.py
[2025-03-13T16:54:22.769+0000] {processor.py:841} WARNING - No viable dags retrieved from /opt/airflow/dags/utils/slack_alert.py
[2025-03-13T16:54:22.784+0000] {processor.py:179} INFO - Processing /opt/airflow/dags/utils/slack_alert.py took 0.073 seconds
[2025-03-13T16:54:53.005+0000] {processor.py:157} INFO - Started process (PID=81305) to work on /opt/airflow/dags/utils/slack_alert.py
[2025-03-13T16:54:53.007+0000] {processor.py:829} INFO - Processing file /opt/airflow/dags/utils/slack_alert.py for tasks to queue
[2025-03-13T16:54:53.008+0000] {logging_mixin.py:154} INFO - [2025-03-13T16:54:53.008+0000] {dagbag.py:536} INFO - Filling up the DagBag from /opt/airflow/dags/utils/slack_alert.py
[2025-03-13T16:54:53.059+0000] {processor.py:841} WARNING - No viable dags retrieved from /opt/airflow/dags/utils/slack_alert.py
[2025-03-13T16:54:53.071+0000] {processor.py:179} INFO - Processing /opt/airflow/dags/utils/slack_alert.py took 0.072 seconds
[2025-03-13T16:55:23.537+0000] {processor.py:157} INFO - Started process (PID=81326) to work on /opt/airflow/dags/utils/slack_alert.py
[2025-03-13T16:55:23.541+0000] {processor.py:829} INFO - Processing file /opt/airflow/dags/utils/slack_alert.py for tasks to queue
[2025-03-13T16:55:23.543+0000] {logging_mixin.py:154} INFO - [2025-03-13T16:55:23.542+0000] {dagbag.py:536} INFO - Filling up the DagBag from /opt/airflow/dags/utils/slack_alert.py
[2025-03-13T16:55:23.615+0000] {processor.py:841} WARNING - No viable dags retrieved from /opt/airflow/dags/utils/slack_alert.py
[2025-03-13T16:55:23.630+0000] {processor.py:179} INFO - Processing /opt/airflow/dags/utils/slack_alert.py took 0.106 seconds
[2025-03-13T16:55:53.900+0000] {processor.py:157} INFO - Started process (PID=81354) to work on /opt/airflow/dags/utils/slack_alert.py
[2025-03-13T16:55:53.902+0000] {processor.py:829} INFO - Processing file /opt/airflow/dags/utils/slack_alert.py for tasks to queue
[2025-03-13T16:55:53.903+0000] {logging_mixin.py:154} INFO - [2025-03-13T16:55:53.903+0000] {dagbag.py:536} INFO - Filling up the DagBag from /opt/airflow/dags/utils/slack_alert.py
[2025-03-13T16:55:53.949+0000] {processor.py:841} WARNING - No viable dags retrieved from /opt/airflow/dags/utils/slack_alert.py
[2025-03-13T16:55:53.978+0000] {processor.py:179} INFO - Processing /opt/airflow/dags/utils/slack_alert.py took 0.087 seconds
[2025-03-13T16:56:24.331+0000] {processor.py:157} INFO - Started process (PID=81382) to work on /opt/airflow/dags/utils/slack_alert.py
[2025-03-13T16:56:24.334+0000] {processor.py:829} INFO - Processing file /opt/airflow/dags/utils/slack_alert.py for tasks to queue
[2025-03-13T16:56:24.336+0000] {logging_mixin.py:154} INFO - [2025-03-13T16:56:24.335+0000] {dagbag.py:536} INFO - Filling up the DagBag from /opt/airflow/dags/utils/slack_alert.py
[2025-03-13T16:56:24.403+0000] {processor.py:841} WARNING - No viable dags retrieved from /opt/airflow/dags/utils/slack_alert.py
[2025-03-13T16:56:24.415+0000] {processor.py:179} INFO - Processing /opt/airflow/dags/utils/slack_alert.py took 0.091 seconds
[2025-03-13T16:56:54.918+0000] {processor.py:157} INFO - Started process (PID=81403) to work on /opt/airflow/dags/utils/slack_alert.py
[2025-03-13T16:56:54.921+0000] {processor.py:829} INFO - Processing file /opt/airflow/dags/utils/slack_alert.py for tasks to queue
[2025-03-13T16:56:54.923+0000] {logging_mixin.py:154} INFO - [2025-03-13T16:56:54.922+0000] {dagbag.py:536} INFO - Filling up the DagBag from /opt/airflow/dags/utils/slack_alert.py
[2025-03-13T16:56:54.982+0000] {processor.py:841} WARNING - No viable dags retrieved from /opt/airflow/dags/utils/slack_alert.py
[2025-03-13T16:56:54.996+0000] {processor.py:179} INFO - Processing /opt/airflow/dags/utils/slack_alert.py took 0.091 seconds
[2025-03-13T16:57:25.118+0000] {processor.py:157} INFO - Started process (PID=81431) to work on /opt/airflow/dags/utils/slack_alert.py
[2025-03-13T16:57:25.121+0000] {processor.py:829} INFO - Processing file /opt/airflow/dags/utils/slack_alert.py for tasks to queue
[2025-03-13T16:57:25.123+0000] {logging_mixin.py:154} INFO - [2025-03-13T16:57:25.122+0000] {dagbag.py:536} INFO - Filling up the DagBag from /opt/airflow/dags/utils/slack_alert.py
[2025-03-13T16:57:25.186+0000] {processor.py:841} WARNING - No viable dags retrieved from /opt/airflow/dags/utils/slack_alert.py
[2025-03-13T16:57:25.270+0000] {processor.py:179} INFO - Processing /opt/airflow/dags/utils/slack_alert.py took 0.165 seconds
[2025-03-13T16:57:56.128+0000] {processor.py:157} INFO - Started process (PID=81459) to work on /opt/airflow/dags/utils/slack_alert.py
[2025-03-13T16:57:56.131+0000] {processor.py:829} INFO - Processing file /opt/airflow/dags/utils/slack_alert.py for tasks to queue
[2025-03-13T16:57:56.133+0000] {logging_mixin.py:154} INFO - [2025-03-13T16:57:56.132+0000] {dagbag.py:536} INFO - Filling up the DagBag from /opt/airflow/dags/utils/slack_alert.py
[2025-03-13T16:57:56.164+0000] {processor.py:841} WARNING - No viable dags retrieved from /opt/airflow/dags/utils/slack_alert.py
[2025-03-13T16:57:56.176+0000] {processor.py:179} INFO - Processing /opt/airflow/dags/utils/slack_alert.py took 0.057 seconds
[2025-03-13T16:58:26.996+0000] {processor.py:157} INFO - Started process (PID=81487) to work on /opt/airflow/dags/utils/slack_alert.py
[2025-03-13T16:58:26.999+0000] {processor.py:829} INFO - Processing file /opt/airflow/dags/utils/slack_alert.py for tasks to queue
[2025-03-13T16:58:27.000+0000] {logging_mixin.py:154} INFO - [2025-03-13T16:58:27.000+0000] {dagbag.py:536} INFO - Filling up the DagBag from /opt/airflow/dags/utils/slack_alert.py
[2025-03-13T16:58:27.059+0000] {processor.py:841} WARNING - No viable dags retrieved from /opt/airflow/dags/utils/slack_alert.py
[2025-03-13T16:58:27.071+0000] {processor.py:179} INFO - Processing /opt/airflow/dags/utils/slack_alert.py took 0.085 seconds
[2025-03-13T16:58:57.715+0000] {processor.py:157} INFO - Started process (PID=81508) to work on /opt/airflow/dags/utils/slack_alert.py
[2025-03-13T16:58:57.718+0000] {processor.py:829} INFO - Processing file /opt/airflow/dags/utils/slack_alert.py for tasks to queue
[2025-03-13T16:58:57.720+0000] {logging_mixin.py:154} INFO - [2025-03-13T16:58:57.719+0000] {dagbag.py:536} INFO - Filling up the DagBag from /opt/airflow/dags/utils/slack_alert.py
[2025-03-13T16:58:57.753+0000] {processor.py:841} WARNING - No viable dags retrieved from /opt/airflow/dags/utils/slack_alert.py
[2025-03-13T16:58:57.764+0000] {processor.py:179} INFO - Processing /opt/airflow/dags/utils/slack_alert.py took 0.060 seconds
[2025-03-13T16:59:28.652+0000] {processor.py:157} INFO - Started process (PID=81534) to work on /opt/airflow/dags/utils/slack_alert.py
[2025-03-13T16:59:28.654+0000] {processor.py:829} INFO - Processing file /opt/airflow/dags/utils/slack_alert.py for tasks to queue
[2025-03-13T16:59:28.655+0000] {logging_mixin.py:154} INFO - [2025-03-13T16:59:28.654+0000] {dagbag.py:536} INFO - Filling up the DagBag from /opt/airflow/dags/utils/slack_alert.py
[2025-03-13T16:59:28.688+0000] {processor.py:841} WARNING - No viable dags retrieved from /opt/airflow/dags/utils/slack_alert.py
[2025-03-13T16:59:28.702+0000] {processor.py:179} INFO - Processing /opt/airflow/dags/utils/slack_alert.py took 0.060 seconds
[2025-03-13T16:59:58.824+0000] {processor.py:157} INFO - Started process (PID=81562) to work on /opt/airflow/dags/utils/slack_alert.py
[2025-03-13T16:59:58.827+0000] {processor.py:829} INFO - Processing file /opt/airflow/dags/utils/slack_alert.py for tasks to queue
[2025-03-13T16:59:58.828+0000] {logging_mixin.py:154} INFO - [2025-03-13T16:59:58.827+0000] {dagbag.py:536} INFO - Filling up the DagBag from /opt/airflow/dags/utils/slack_alert.py
[2025-03-13T16:59:58.863+0000] {processor.py:841} WARNING - No viable dags retrieved from /opt/airflow/dags/utils/slack_alert.py
[2025-03-13T16:59:58.877+0000] {processor.py:179} INFO - Processing /opt/airflow/dags/utils/slack_alert.py took 0.061 seconds
[2025-03-13T17:00:29.192+0000] {processor.py:157} INFO - Started process (PID=81583) to work on /opt/airflow/dags/utils/slack_alert.py
[2025-03-13T17:00:29.195+0000] {processor.py:829} INFO - Processing file /opt/airflow/dags/utils/slack_alert.py for tasks to queue
[2025-03-13T17:00:29.196+0000] {logging_mixin.py:154} INFO - [2025-03-13T17:00:29.196+0000] {dagbag.py:536} INFO - Filling up the DagBag from /opt/airflow/dags/utils/slack_alert.py
[2025-03-13T17:00:29.232+0000] {processor.py:841} WARNING - No viable dags retrieved from /opt/airflow/dags/utils/slack_alert.py
[2025-03-13T17:00:29.260+0000] {processor.py:179} INFO - Processing /opt/airflow/dags/utils/slack_alert.py took 0.079 seconds
[2025-03-13T17:01:00.079+0000] {processor.py:157} INFO - Started process (PID=81611) to work on /opt/airflow/dags/utils/slack_alert.py
[2025-03-13T17:01:00.082+0000] {processor.py:829} INFO - Processing file /opt/airflow/dags/utils/slack_alert.py for tasks to queue
[2025-03-13T17:01:00.084+0000] {logging_mixin.py:154} INFO - [2025-03-13T17:01:00.083+0000] {dagbag.py:536} INFO - Filling up the DagBag from /opt/airflow/dags/utils/slack_alert.py
[2025-03-13T17:01:00.123+0000] {processor.py:841} WARNING - No viable dags retrieved from /opt/airflow/dags/utils/slack_alert.py
[2025-03-13T17:01:00.134+0000] {processor.py:179} INFO - Processing /opt/airflow/dags/utils/slack_alert.py took 0.064 seconds
[2025-03-13T17:01:30.213+0000] {processor.py:157} INFO - Started process (PID=81639) to work on /opt/airflow/dags/utils/slack_alert.py
[2025-03-13T17:01:30.216+0000] {processor.py:829} INFO - Processing file /opt/airflow/dags/utils/slack_alert.py for tasks to queue
[2025-03-13T17:01:30.217+0000] {logging_mixin.py:154} INFO - [2025-03-13T17:01:30.217+0000] {dagbag.py:536} INFO - Filling up the DagBag from /opt/airflow/dags/utils/slack_alert.py
[2025-03-13T17:01:30.275+0000] {processor.py:841} WARNING - No viable dags retrieved from /opt/airflow/dags/utils/slack_alert.py
[2025-03-13T17:01:30.322+0000] {processor.py:179} INFO - Processing /opt/airflow/dags/utils/slack_alert.py took 0.120 seconds
[2025-03-13T17:02:01.083+0000] {processor.py:157} INFO - Started process (PID=81660) to work on /opt/airflow/dags/utils/slack_alert.py
[2025-03-13T17:02:01.085+0000] {processor.py:829} INFO - Processing file /opt/airflow/dags/utils/slack_alert.py for tasks to queue
[2025-03-13T17:02:01.086+0000] {logging_mixin.py:154} INFO - [2025-03-13T17:02:01.085+0000] {dagbag.py:536} INFO - Filling up the DagBag from /opt/airflow/dags/utils/slack_alert.py
[2025-03-13T17:02:01.122+0000] {processor.py:841} WARNING - No viable dags retrieved from /opt/airflow/dags/utils/slack_alert.py
[2025-03-13T17:02:01.138+0000] {processor.py:179} INFO - Processing /opt/airflow/dags/utils/slack_alert.py took 0.062 seconds
[2025-03-13T17:02:31.839+0000] {processor.py:157} INFO - Started process (PID=81689) to work on /opt/airflow/dags/utils/slack_alert.py
[2025-03-13T17:02:31.852+0000] {processor.py:829} INFO - Processing file /opt/airflow/dags/utils/slack_alert.py for tasks to queue
[2025-03-13T17:02:31.854+0000] {logging_mixin.py:154} INFO - [2025-03-13T17:02:31.853+0000] {dagbag.py:536} INFO - Filling up the DagBag from /opt/airflow/dags/utils/slack_alert.py
[2025-03-13T17:02:31.885+0000] {processor.py:841} WARNING - No viable dags retrieved from /opt/airflow/dags/utils/slack_alert.py
[2025-03-13T17:02:31.902+0000] {processor.py:179} INFO - Processing /opt/airflow/dags/utils/slack_alert.py took 0.086 seconds
[2025-03-13T17:03:02.568+0000] {processor.py:157} INFO - Started process (PID=81718) to work on /opt/airflow/dags/utils/slack_alert.py
[2025-03-13T17:03:02.569+0000] {processor.py:829} INFO - Processing file /opt/airflow/dags/utils/slack_alert.py for tasks to queue
[2025-03-13T17:03:02.570+0000] {logging_mixin.py:154} INFO - [2025-03-13T17:03:02.569+0000] {dagbag.py:536} INFO - Filling up the DagBag from /opt/airflow/dags/utils/slack_alert.py
[2025-03-13T17:03:02.592+0000] {processor.py:841} WARNING - No viable dags retrieved from /opt/airflow/dags/utils/slack_alert.py
[2025-03-13T17:03:02.599+0000] {processor.py:179} INFO - Processing /opt/airflow/dags/utils/slack_alert.py took 0.036 seconds
[2025-03-13T17:03:33.259+0000] {processor.py:157} INFO - Started process (PID=81739) to work on /opt/airflow/dags/utils/slack_alert.py
[2025-03-13T17:03:33.261+0000] {processor.py:829} INFO - Processing file /opt/airflow/dags/utils/slack_alert.py for tasks to queue
[2025-03-13T17:03:33.262+0000] {logging_mixin.py:154} INFO - [2025-03-13T17:03:33.262+0000] {dagbag.py:536} INFO - Filling up the DagBag from /opt/airflow/dags/utils/slack_alert.py
[2025-03-13T17:03:33.288+0000] {processor.py:841} WARNING - No viable dags retrieved from /opt/airflow/dags/utils/slack_alert.py
[2025-03-13T17:03:33.303+0000] {processor.py:179} INFO - Processing /opt/airflow/dags/utils/slack_alert.py took 0.050 seconds
[2025-03-13T17:04:04.089+0000] {processor.py:157} INFO - Started process (PID=81767) to work on /opt/airflow/dags/utils/slack_alert.py
[2025-03-13T17:04:04.091+0000] {processor.py:829} INFO - Processing file /opt/airflow/dags/utils/slack_alert.py for tasks to queue
[2025-03-13T17:04:04.092+0000] {logging_mixin.py:154} INFO - [2025-03-13T17:04:04.091+0000] {dagbag.py:536} INFO - Filling up the DagBag from /opt/airflow/dags/utils/slack_alert.py
[2025-03-13T17:04:04.111+0000] {processor.py:841} WARNING - No viable dags retrieved from /opt/airflow/dags/utils/slack_alert.py
[2025-03-13T17:04:04.118+0000] {processor.py:179} INFO - Processing /opt/airflow/dags/utils/slack_alert.py took 0.034 seconds
[2025-03-13T17:04:34.890+0000] {processor.py:157} INFO - Started process (PID=81795) to work on /opt/airflow/dags/utils/slack_alert.py
[2025-03-13T17:04:34.892+0000] {processor.py:829} INFO - Processing file /opt/airflow/dags/utils/slack_alert.py for tasks to queue
[2025-03-13T17:04:34.893+0000] {logging_mixin.py:154} INFO - [2025-03-13T17:04:34.892+0000] {dagbag.py:536} INFO - Filling up the DagBag from /opt/airflow/dags/utils/slack_alert.py
[2025-03-13T17:04:34.940+0000] {processor.py:841} WARNING - No viable dags retrieved from /opt/airflow/dags/utils/slack_alert.py
[2025-03-13T17:04:34.955+0000] {processor.py:179} INFO - Processing /opt/airflow/dags/utils/slack_alert.py took 0.072 seconds
[2025-03-13T17:05:05.797+0000] {processor.py:157} INFO - Started process (PID=81823) to work on /opt/airflow/dags/utils/slack_alert.py
[2025-03-13T17:05:05.799+0000] {processor.py:829} INFO - Processing file /opt/airflow/dags/utils/slack_alert.py for tasks to queue
[2025-03-13T17:05:05.802+0000] {logging_mixin.py:154} INFO - [2025-03-13T17:05:05.801+0000] {dagbag.py:536} INFO - Filling up the DagBag from /opt/airflow/dags/utils/slack_alert.py
[2025-03-13T17:05:05.852+0000] {processor.py:841} WARNING - No viable dags retrieved from /opt/airflow/dags/utils/slack_alert.py
[2025-03-13T17:05:05.870+0000] {processor.py:179} INFO - Processing /opt/airflow/dags/utils/slack_alert.py took 0.106 seconds
[2025-03-13T17:05:36.329+0000] {processor.py:157} INFO - Started process (PID=81843) to work on /opt/airflow/dags/utils/slack_alert.py
[2025-03-13T17:05:36.332+0000] {processor.py:829} INFO - Processing file /opt/airflow/dags/utils/slack_alert.py for tasks to queue
[2025-03-13T17:05:36.333+0000] {logging_mixin.py:154} INFO - [2025-03-13T17:05:36.333+0000] {dagbag.py:536} INFO - Filling up the DagBag from /opt/airflow/dags/utils/slack_alert.py
[2025-03-13T17:05:36.366+0000] {processor.py:841} WARNING - No viable dags retrieved from /opt/airflow/dags/utils/slack_alert.py
[2025-03-13T17:05:36.388+0000] {processor.py:179} INFO - Processing /opt/airflow/dags/utils/slack_alert.py took 0.069 seconds
[2025-03-13T17:06:06.566+0000] {processor.py:157} INFO - Started process (PID=81871) to work on /opt/airflow/dags/utils/slack_alert.py
[2025-03-13T17:06:06.567+0000] {processor.py:829} INFO - Processing file /opt/airflow/dags/utils/slack_alert.py for tasks to queue
[2025-03-13T17:06:06.568+0000] {logging_mixin.py:154} INFO - [2025-03-13T17:06:06.568+0000] {dagbag.py:536} INFO - Filling up the DagBag from /opt/airflow/dags/utils/slack_alert.py
[2025-03-13T17:06:06.594+0000] {processor.py:841} WARNING - No viable dags retrieved from /opt/airflow/dags/utils/slack_alert.py
[2025-03-13T17:06:06.604+0000] {processor.py:179} INFO - Processing /opt/airflow/dags/utils/slack_alert.py took 0.042 seconds
[2025-03-13T17:06:36.634+0000] {processor.py:157} INFO - Started process (PID=81899) to work on /opt/airflow/dags/utils/slack_alert.py
[2025-03-13T17:06:36.635+0000] {processor.py:829} INFO - Processing file /opt/airflow/dags/utils/slack_alert.py for tasks to queue
[2025-03-13T17:06:36.636+0000] {logging_mixin.py:154} INFO - [2025-03-13T17:06:36.635+0000] {dagbag.py:536} INFO - Filling up the DagBag from /opt/airflow/dags/utils/slack_alert.py
[2025-03-13T17:06:36.656+0000] {processor.py:841} WARNING - No viable dags retrieved from /opt/airflow/dags/utils/slack_alert.py
[2025-03-13T17:06:36.671+0000] {processor.py:179} INFO - Processing /opt/airflow/dags/utils/slack_alert.py took 0.045 seconds
[2025-03-13T17:07:07.251+0000] {processor.py:157} INFO - Started process (PID=81920) to work on /opt/airflow/dags/utils/slack_alert.py
[2025-03-13T17:07:07.252+0000] {processor.py:829} INFO - Processing file /opt/airflow/dags/utils/slack_alert.py for tasks to queue
[2025-03-13T17:07:07.253+0000] {logging_mixin.py:154} INFO - [2025-03-13T17:07:07.253+0000] {dagbag.py:536} INFO - Filling up the DagBag from /opt/airflow/dags/utils/slack_alert.py
[2025-03-13T17:07:07.279+0000] {processor.py:841} WARNING - No viable dags retrieved from /opt/airflow/dags/utils/slack_alert.py
[2025-03-13T17:07:07.292+0000] {processor.py:179} INFO - Processing /opt/airflow/dags/utils/slack_alert.py took 0.065 seconds
[2025-03-13T17:07:38.100+0000] {processor.py:157} INFO - Started process (PID=81952) to work on /opt/airflow/dags/utils/slack_alert.py
[2025-03-13T17:07:38.102+0000] {processor.py:829} INFO - Processing file /opt/airflow/dags/utils/slack_alert.py for tasks to queue
[2025-03-13T17:07:38.103+0000] {logging_mixin.py:154} INFO - [2025-03-13T17:07:38.103+0000] {dagbag.py:536} INFO - Filling up the DagBag from /opt/airflow/dags/utils/slack_alert.py
[2025-03-13T17:07:38.131+0000] {processor.py:841} WARNING - No viable dags retrieved from /opt/airflow/dags/utils/slack_alert.py
[2025-03-13T17:07:38.157+0000] {processor.py:179} INFO - Processing /opt/airflow/dags/utils/slack_alert.py took 0.062 seconds
[2025-03-13T17:08:08.651+0000] {processor.py:157} INFO - Started process (PID=81979) to work on /opt/airflow/dags/utils/slack_alert.py
[2025-03-13T17:08:08.652+0000] {processor.py:829} INFO - Processing file /opt/airflow/dags/utils/slack_alert.py for tasks to queue
[2025-03-13T17:08:08.653+0000] {logging_mixin.py:154} INFO - [2025-03-13T17:08:08.652+0000] {dagbag.py:536} INFO - Filling up the DagBag from /opt/airflow/dags/utils/slack_alert.py
[2025-03-13T17:08:08.674+0000] {processor.py:841} WARNING - No viable dags retrieved from /opt/airflow/dags/utils/slack_alert.py
[2025-03-13T17:08:08.686+0000] {processor.py:179} INFO - Processing /opt/airflow/dags/utils/slack_alert.py took 0.039 seconds
[2025-03-13T17:08:39.550+0000] {processor.py:157} INFO - Started process (PID=82000) to work on /opt/airflow/dags/utils/slack_alert.py
[2025-03-13T17:08:39.553+0000] {processor.py:829} INFO - Processing file /opt/airflow/dags/utils/slack_alert.py for tasks to queue
[2025-03-13T17:08:39.558+0000] {logging_mixin.py:154} INFO - [2025-03-13T17:08:39.556+0000] {dagbag.py:536} INFO - Filling up the DagBag from /opt/airflow/dags/utils/slack_alert.py
[2025-03-13T17:08:39.660+0000] {processor.py:841} WARNING - No viable dags retrieved from /opt/airflow/dags/utils/slack_alert.py
[2025-03-13T17:08:40.086+0000] {processor.py:179} INFO - Processing /opt/airflow/dags/utils/slack_alert.py took 0.546 seconds
[2025-03-13T17:09:10.187+0000] {processor.py:157} INFO - Started process (PID=82027) to work on /opt/airflow/dags/utils/slack_alert.py
[2025-03-13T17:09:10.188+0000] {processor.py:829} INFO - Processing file /opt/airflow/dags/utils/slack_alert.py for tasks to queue
[2025-03-13T17:09:10.189+0000] {logging_mixin.py:154} INFO - [2025-03-13T17:09:10.189+0000] {dagbag.py:536} INFO - Filling up the DagBag from /opt/airflow/dags/utils/slack_alert.py
[2025-03-13T17:09:10.204+0000] {processor.py:841} WARNING - No viable dags retrieved from /opt/airflow/dags/utils/slack_alert.py
[2025-03-13T17:09:10.213+0000] {processor.py:179} INFO - Processing /opt/airflow/dags/utils/slack_alert.py took 0.030 seconds
[2025-03-13T17:09:40.645+0000] {processor.py:157} INFO - Started process (PID=82048) to work on /opt/airflow/dags/utils/slack_alert.py
[2025-03-13T17:09:40.647+0000] {processor.py:829} INFO - Processing file /opt/airflow/dags/utils/slack_alert.py for tasks to queue
[2025-03-13T17:09:40.648+0000] {logging_mixin.py:154} INFO - [2025-03-13T17:09:40.648+0000] {dagbag.py:536} INFO - Filling up the DagBag from /opt/airflow/dags/utils/slack_alert.py
[2025-03-13T17:09:40.669+0000] {processor.py:841} WARNING - No viable dags retrieved from /opt/airflow/dags/utils/slack_alert.py
[2025-03-13T17:09:40.679+0000] {processor.py:179} INFO - Processing /opt/airflow/dags/utils/slack_alert.py took 0.039 seconds
[2025-03-13T17:10:10.822+0000] {processor.py:157} INFO - Started process (PID=82076) to work on /opt/airflow/dags/utils/slack_alert.py
[2025-03-13T17:10:10.822+0000] {processor.py:829} INFO - Processing file /opt/airflow/dags/utils/slack_alert.py for tasks to queue
[2025-03-13T17:10:10.823+0000] {logging_mixin.py:154} INFO - [2025-03-13T17:10:10.822+0000] {dagbag.py:536} INFO - Filling up the DagBag from /opt/airflow/dags/utils/slack_alert.py
[2025-03-13T17:10:10.832+0000] {processor.py:841} WARNING - No viable dags retrieved from /opt/airflow/dags/utils/slack_alert.py
[2025-03-13T17:10:10.838+0000] {processor.py:179} INFO - Processing /opt/airflow/dags/utils/slack_alert.py took 0.017 seconds
[2025-03-13T17:10:41.411+0000] {processor.py:157} INFO - Started process (PID=82104) to work on /opt/airflow/dags/utils/slack_alert.py
[2025-03-13T17:10:41.412+0000] {processor.py:829} INFO - Processing file /opt/airflow/dags/utils/slack_alert.py for tasks to queue
[2025-03-13T17:10:41.413+0000] {logging_mixin.py:154} INFO - [2025-03-13T17:10:41.412+0000] {dagbag.py:536} INFO - Filling up the DagBag from /opt/airflow/dags/utils/slack_alert.py
[2025-03-13T17:10:41.424+0000] {processor.py:841} WARNING - No viable dags retrieved from /opt/airflow/dags/utils/slack_alert.py
[2025-03-13T17:10:41.430+0000] {processor.py:179} INFO - Processing /opt/airflow/dags/utils/slack_alert.py took 0.021 seconds
[2025-03-13T17:11:11.558+0000] {processor.py:157} INFO - Started process (PID=82123) to work on /opt/airflow/dags/utils/slack_alert.py
[2025-03-13T17:11:11.559+0000] {processor.py:829} INFO - Processing file /opt/airflow/dags/utils/slack_alert.py for tasks to queue
[2025-03-13T17:11:11.560+0000] {logging_mixin.py:154} INFO - [2025-03-13T17:11:11.560+0000] {dagbag.py:536} INFO - Filling up the DagBag from /opt/airflow/dags/utils/slack_alert.py
[2025-03-13T17:11:11.589+0000] {processor.py:841} WARNING - No viable dags retrieved from /opt/airflow/dags/utils/slack_alert.py
[2025-03-13T17:11:11.607+0000] {processor.py:179} INFO - Processing /opt/airflow/dags/utils/slack_alert.py took 0.055 seconds
[2025-03-13T17:11:41.656+0000] {processor.py:157} INFO - Started process (PID=82150) to work on /opt/airflow/dags/utils/slack_alert.py
[2025-03-13T17:11:41.659+0000] {processor.py:829} INFO - Processing file /opt/airflow/dags/utils/slack_alert.py for tasks to queue
[2025-03-13T17:11:41.660+0000] {logging_mixin.py:154} INFO - [2025-03-13T17:11:41.660+0000] {dagbag.py:536} INFO - Filling up the DagBag from /opt/airflow/dags/utils/slack_alert.py
[2025-03-13T17:11:41.855+0000] {processor.py:841} WARNING - No viable dags retrieved from /opt/airflow/dags/utils/slack_alert.py
[2025-03-13T17:11:42.043+0000] {processor.py:179} INFO - Processing /opt/airflow/dags/utils/slack_alert.py took 0.397 seconds
[2025-03-13T17:12:12.482+0000] {processor.py:157} INFO - Started process (PID=82178) to work on /opt/airflow/dags/utils/slack_alert.py
[2025-03-13T17:12:12.484+0000] {processor.py:829} INFO - Processing file /opt/airflow/dags/utils/slack_alert.py for tasks to queue
[2025-03-13T17:12:12.485+0000] {logging_mixin.py:154} INFO - [2025-03-13T17:12:12.484+0000] {dagbag.py:536} INFO - Filling up the DagBag from /opt/airflow/dags/utils/slack_alert.py
[2025-03-13T17:12:12.501+0000] {processor.py:841} WARNING - No viable dags retrieved from /opt/airflow/dags/utils/slack_alert.py
[2025-03-13T17:12:12.511+0000] {processor.py:179} INFO - Processing /opt/airflow/dags/utils/slack_alert.py took 0.032 seconds
[2025-03-13T17:12:43.340+0000] {processor.py:157} INFO - Started process (PID=82199) to work on /opt/airflow/dags/utils/slack_alert.py
[2025-03-13T17:12:43.342+0000] {processor.py:829} INFO - Processing file /opt/airflow/dags/utils/slack_alert.py for tasks to queue
[2025-03-13T17:12:43.343+0000] {logging_mixin.py:154} INFO - [2025-03-13T17:12:43.343+0000] {dagbag.py:536} INFO - Filling up the DagBag from /opt/airflow/dags/utils/slack_alert.py
[2025-03-13T17:12:43.371+0000] {processor.py:841} WARNING - No viable dags retrieved from /opt/airflow/dags/utils/slack_alert.py
[2025-03-13T17:12:43.397+0000] {processor.py:179} INFO - Processing /opt/airflow/dags/utils/slack_alert.py took 0.071 seconds
[2025-03-13T17:13:13.525+0000] {processor.py:157} INFO - Started process (PID=82226) to work on /opt/airflow/dags/utils/slack_alert.py
[2025-03-13T17:13:13.528+0000] {processor.py:829} INFO - Processing file /opt/airflow/dags/utils/slack_alert.py for tasks to queue
[2025-03-13T17:13:13.530+0000] {logging_mixin.py:154} INFO - [2025-03-13T17:13:13.529+0000] {dagbag.py:536} INFO - Filling up the DagBag from /opt/airflow/dags/utils/slack_alert.py
[2025-03-13T17:13:13.560+0000] {processor.py:841} WARNING - No viable dags retrieved from /opt/airflow/dags/utils/slack_alert.py
[2025-03-13T17:13:13.571+0000] {processor.py:179} INFO - Processing /opt/airflow/dags/utils/slack_alert.py took 0.057 seconds
[2025-03-13T17:13:44.428+0000] {processor.py:157} INFO - Started process (PID=82254) to work on /opt/airflow/dags/utils/slack_alert.py
[2025-03-13T17:13:44.429+0000] {processor.py:829} INFO - Processing file /opt/airflow/dags/utils/slack_alert.py for tasks to queue
[2025-03-13T17:13:44.430+0000] {logging_mixin.py:154} INFO - [2025-03-13T17:13:44.430+0000] {dagbag.py:536} INFO - Filling up the DagBag from /opt/airflow/dags/utils/slack_alert.py
[2025-03-13T17:13:44.453+0000] {processor.py:841} WARNING - No viable dags retrieved from /opt/airflow/dags/utils/slack_alert.py
[2025-03-13T17:13:44.465+0000] {processor.py:179} INFO - Processing /opt/airflow/dags/utils/slack_alert.py took 0.043 seconds
[2025-03-13T17:14:15.214+0000] {processor.py:157} INFO - Started process (PID=82275) to work on /opt/airflow/dags/utils/slack_alert.py
[2025-03-13T17:14:15.217+0000] {processor.py:829} INFO - Processing file /opt/airflow/dags/utils/slack_alert.py for tasks to queue
[2025-03-13T17:14:15.219+0000] {logging_mixin.py:154} INFO - [2025-03-13T17:14:15.218+0000] {dagbag.py:536} INFO - Filling up the DagBag from /opt/airflow/dags/utils/slack_alert.py
[2025-03-13T17:14:15.254+0000] {processor.py:841} WARNING - No viable dags retrieved from /opt/airflow/dags/utils/slack_alert.py
[2025-03-13T17:14:15.264+0000] {processor.py:179} INFO - Processing /opt/airflow/dags/utils/slack_alert.py took 0.063 seconds
[2025-03-13T17:14:45.345+0000] {processor.py:157} INFO - Started process (PID=82302) to work on /opt/airflow/dags/utils/slack_alert.py
[2025-03-13T17:14:45.348+0000] {processor.py:829} INFO - Processing file /opt/airflow/dags/utils/slack_alert.py for tasks to queue
[2025-03-13T17:14:45.349+0000] {logging_mixin.py:154} INFO - [2025-03-13T17:14:45.348+0000] {dagbag.py:536} INFO - Filling up the DagBag from /opt/airflow/dags/utils/slack_alert.py
[2025-03-13T17:14:45.381+0000] {processor.py:841} WARNING - No viable dags retrieved from /opt/airflow/dags/utils/slack_alert.py
[2025-03-13T17:14:45.393+0000] {processor.py:179} INFO - Processing /opt/airflow/dags/utils/slack_alert.py took 0.058 seconds
[2025-03-13T17:15:16.885+0000] {processor.py:157} INFO - Started process (PID=82330) to work on /opt/airflow/dags/utils/slack_alert.py
[2025-03-13T17:15:16.888+0000] {processor.py:829} INFO - Processing file /opt/airflow/dags/utils/slack_alert.py for tasks to queue
[2025-03-13T17:15:16.889+0000] {logging_mixin.py:154} INFO - [2025-03-13T17:15:16.889+0000] {dagbag.py:536} INFO - Filling up the DagBag from /opt/airflow/dags/utils/slack_alert.py
[2025-03-13T17:15:16.956+0000] {processor.py:841} WARNING - No viable dags retrieved from /opt/airflow/dags/utils/slack_alert.py
[2025-03-13T17:15:16.984+0000] {processor.py:179} INFO - Processing /opt/airflow/dags/utils/slack_alert.py took 0.113 seconds
[2025-03-13T17:15:47.550+0000] {processor.py:157} INFO - Started process (PID=82350) to work on /opt/airflow/dags/utils/slack_alert.py
[2025-03-13T17:15:47.552+0000] {processor.py:829} INFO - Processing file /opt/airflow/dags/utils/slack_alert.py for tasks to queue
[2025-03-13T17:15:47.554+0000] {logging_mixin.py:154} INFO - [2025-03-13T17:15:47.554+0000] {dagbag.py:536} INFO - Filling up the DagBag from /opt/airflow/dags/utils/slack_alert.py
[2025-03-13T17:15:47.619+0000] {processor.py:841} WARNING - No viable dags retrieved from /opt/airflow/dags/utils/slack_alert.py
[2025-03-13T17:15:47.654+0000] {processor.py:179} INFO - Processing /opt/airflow/dags/utils/slack_alert.py took 0.164 seconds
[2025-03-13T17:16:17.891+0000] {processor.py:157} INFO - Started process (PID=82371) to work on /opt/airflow/dags/utils/slack_alert.py
[2025-03-13T17:16:17.892+0000] {processor.py:829} INFO - Processing file /opt/airflow/dags/utils/slack_alert.py for tasks to queue
[2025-03-13T17:16:17.892+0000] {logging_mixin.py:154} INFO - [2025-03-13T17:16:17.892+0000] {dagbag.py:536} INFO - Filling up the DagBag from /opt/airflow/dags/utils/slack_alert.py
[2025-03-13T17:16:17.904+0000] {processor.py:841} WARNING - No viable dags retrieved from /opt/airflow/dags/utils/slack_alert.py
[2025-03-13T17:16:17.911+0000] {processor.py:179} INFO - Processing /opt/airflow/dags/utils/slack_alert.py took 0.022 seconds
[2025-03-13T17:16:48.532+0000] {processor.py:157} INFO - Started process (PID=82399) to work on /opt/airflow/dags/utils/slack_alert.py
[2025-03-13T17:16:48.534+0000] {processor.py:829} INFO - Processing file /opt/airflow/dags/utils/slack_alert.py for tasks to queue
[2025-03-13T17:16:48.535+0000] {logging_mixin.py:154} INFO - [2025-03-13T17:16:48.535+0000] {dagbag.py:536} INFO - Filling up the DagBag from /opt/airflow/dags/utils/slack_alert.py
[2025-03-13T17:16:48.557+0000] {processor.py:841} WARNING - No viable dags retrieved from /opt/airflow/dags/utils/slack_alert.py
[2025-03-13T17:16:48.566+0000] {processor.py:179} INFO - Processing /opt/airflow/dags/utils/slack_alert.py took 0.041 seconds
[2025-03-13T17:17:18.865+0000] {processor.py:157} INFO - Started process (PID=82427) to work on /opt/airflow/dags/utils/slack_alert.py
[2025-03-13T17:17:18.867+0000] {processor.py:829} INFO - Processing file /opt/airflow/dags/utils/slack_alert.py for tasks to queue
[2025-03-13T17:17:18.868+0000] {logging_mixin.py:154} INFO - [2025-03-13T17:17:18.867+0000] {dagbag.py:536} INFO - Filling up the DagBag from /opt/airflow/dags/utils/slack_alert.py
[2025-03-13T17:17:18.891+0000] {processor.py:841} WARNING - No viable dags retrieved from /opt/airflow/dags/utils/slack_alert.py
[2025-03-13T17:17:18.904+0000] {processor.py:179} INFO - Processing /opt/airflow/dags/utils/slack_alert.py took 0.043 seconds
[2025-03-13T17:17:49.166+0000] {processor.py:157} INFO - Started process (PID=82448) to work on /opt/airflow/dags/utils/slack_alert.py
[2025-03-13T17:17:49.167+0000] {processor.py:829} INFO - Processing file /opt/airflow/dags/utils/slack_alert.py for tasks to queue
[2025-03-13T17:17:49.168+0000] {logging_mixin.py:154} INFO - [2025-03-13T17:17:49.168+0000] {dagbag.py:536} INFO - Filling up the DagBag from /opt/airflow/dags/utils/slack_alert.py
[2025-03-13T17:17:49.182+0000] {processor.py:841} WARNING - No viable dags retrieved from /opt/airflow/dags/utils/slack_alert.py
[2025-03-13T17:17:49.192+0000] {processor.py:179} INFO - Processing /opt/airflow/dags/utils/slack_alert.py took 0.029 seconds
[2025-03-13T17:18:20.145+0000] {processor.py:157} INFO - Started process (PID=82476) to work on /opt/airflow/dags/utils/slack_alert.py
[2025-03-13T17:18:20.146+0000] {processor.py:829} INFO - Processing file /opt/airflow/dags/utils/slack_alert.py for tasks to queue
[2025-03-13T17:18:20.146+0000] {logging_mixin.py:154} INFO - [2025-03-13T17:18:20.146+0000] {dagbag.py:536} INFO - Filling up the DagBag from /opt/airflow/dags/utils/slack_alert.py
[2025-03-13T17:18:20.158+0000] {processor.py:841} WARNING - No viable dags retrieved from /opt/airflow/dags/utils/slack_alert.py
[2025-03-13T17:18:20.165+0000] {processor.py:179} INFO - Processing /opt/airflow/dags/utils/slack_alert.py took 0.023 seconds
[2025-03-13T17:18:50.189+0000] {processor.py:157} INFO - Started process (PID=82497) to work on /opt/airflow/dags/utils/slack_alert.py
[2025-03-13T17:18:50.190+0000] {processor.py:829} INFO - Processing file /opt/airflow/dags/utils/slack_alert.py for tasks to queue
[2025-03-13T17:18:50.191+0000] {logging_mixin.py:154} INFO - [2025-03-13T17:18:50.190+0000] {dagbag.py:536} INFO - Filling up the DagBag from /opt/airflow/dags/utils/slack_alert.py
[2025-03-13T17:18:50.203+0000] {processor.py:841} WARNING - No viable dags retrieved from /opt/airflow/dags/utils/slack_alert.py
[2025-03-13T17:18:50.212+0000] {processor.py:179} INFO - Processing /opt/airflow/dags/utils/slack_alert.py took 0.025 seconds
[2025-03-13T17:19:21.010+0000] {processor.py:157} INFO - Started process (PID=82525) to work on /opt/airflow/dags/utils/slack_alert.py
[2025-03-13T17:19:21.012+0000] {processor.py:829} INFO - Processing file /opt/airflow/dags/utils/slack_alert.py for tasks to queue
[2025-03-13T17:19:21.013+0000] {logging_mixin.py:154} INFO - [2025-03-13T17:19:21.012+0000] {dagbag.py:536} INFO - Filling up the DagBag from /opt/airflow/dags/utils/slack_alert.py
[2025-03-13T17:19:21.035+0000] {processor.py:841} WARNING - No viable dags retrieved from /opt/airflow/dags/utils/slack_alert.py
[2025-03-13T17:19:21.044+0000] {processor.py:179} INFO - Processing /opt/airflow/dags/utils/slack_alert.py took 0.039 seconds
[2025-03-13T17:19:51.852+0000] {processor.py:157} INFO - Started process (PID=82553) to work on /opt/airflow/dags/utils/slack_alert.py
[2025-03-13T17:19:51.854+0000] {processor.py:829} INFO - Processing file /opt/airflow/dags/utils/slack_alert.py for tasks to queue
[2025-03-13T17:19:51.854+0000] {logging_mixin.py:154} INFO - [2025-03-13T17:19:51.854+0000] {dagbag.py:536} INFO - Filling up the DagBag from /opt/airflow/dags/utils/slack_alert.py
[2025-03-13T17:19:51.870+0000] {processor.py:841} WARNING - No viable dags retrieved from /opt/airflow/dags/utils/slack_alert.py
[2025-03-13T17:19:51.878+0000] {processor.py:179} INFO - Processing /opt/airflow/dags/utils/slack_alert.py took 0.028 seconds
[2025-03-13T17:20:23.038+0000] {processor.py:157} INFO - Started process (PID=82580) to work on /opt/airflow/dags/utils/slack_alert.py
[2025-03-13T17:20:23.048+0000] {processor.py:829} INFO - Processing file /opt/airflow/dags/utils/slack_alert.py for tasks to queue
[2025-03-13T17:20:23.054+0000] {logging_mixin.py:154} INFO - [2025-03-13T17:20:23.053+0000] {dagbag.py:536} INFO - Filling up the DagBag from /opt/airflow/dags/utils/slack_alert.py
[2025-03-13T17:20:23.170+0000] {processor.py:841} WARNING - No viable dags retrieved from /opt/airflow/dags/utils/slack_alert.py
[2025-03-13T17:20:23.231+0000] {processor.py:179} INFO - Processing /opt/airflow/dags/utils/slack_alert.py took 0.199 seconds
[2025-03-13T17:20:54.082+0000] {processor.py:157} INFO - Started process (PID=82601) to work on /opt/airflow/dags/utils/slack_alert.py
[2025-03-13T17:20:54.083+0000] {processor.py:829} INFO - Processing file /opt/airflow/dags/utils/slack_alert.py for tasks to queue
[2025-03-13T17:20:54.084+0000] {logging_mixin.py:154} INFO - [2025-03-13T17:20:54.084+0000] {dagbag.py:536} INFO - Filling up the DagBag from /opt/airflow/dags/utils/slack_alert.py
[2025-03-13T17:20:54.107+0000] {processor.py:841} WARNING - No viable dags retrieved from /opt/airflow/dags/utils/slack_alert.py
[2025-03-13T17:20:54.117+0000] {processor.py:179} INFO - Processing /opt/airflow/dags/utils/slack_alert.py took 0.039 seconds
[2025-03-13T17:21:24.573+0000] {processor.py:157} INFO - Started process (PID=82629) to work on /opt/airflow/dags/utils/slack_alert.py
[2025-03-13T17:21:24.574+0000] {processor.py:829} INFO - Processing file /opt/airflow/dags/utils/slack_alert.py for tasks to queue
[2025-03-13T17:21:24.575+0000] {logging_mixin.py:154} INFO - [2025-03-13T17:21:24.574+0000] {dagbag.py:536} INFO - Filling up the DagBag from /opt/airflow/dags/utils/slack_alert.py
[2025-03-13T17:21:24.588+0000] {processor.py:841} WARNING - No viable dags retrieved from /opt/airflow/dags/utils/slack_alert.py
[2025-03-13T17:21:24.596+0000] {processor.py:179} INFO - Processing /opt/airflow/dags/utils/slack_alert.py took 0.025 seconds
[2025-03-13T17:21:55.007+0000] {processor.py:157} INFO - Started process (PID=82650) to work on /opt/airflow/dags/utils/slack_alert.py
[2025-03-13T17:21:55.008+0000] {processor.py:829} INFO - Processing file /opt/airflow/dags/utils/slack_alert.py for tasks to queue
[2025-03-13T17:21:55.009+0000] {logging_mixin.py:154} INFO - [2025-03-13T17:21:55.008+0000] {dagbag.py:536} INFO - Filling up the DagBag from /opt/airflow/dags/utils/slack_alert.py
[2025-03-13T17:21:55.027+0000] {processor.py:841} WARNING - No viable dags retrieved from /opt/airflow/dags/utils/slack_alert.py
[2025-03-13T17:21:55.063+0000] {processor.py:179} INFO - Processing /opt/airflow/dags/utils/slack_alert.py took 0.060 seconds
[2025-03-13T17:22:26.848+0000] {processor.py:157} INFO - Started process (PID=82677) to work on /opt/airflow/dags/utils/slack_alert.py
[2025-03-13T17:22:26.849+0000] {processor.py:829} INFO - Processing file /opt/airflow/dags/utils/slack_alert.py for tasks to queue
[2025-03-13T17:22:26.855+0000] {logging_mixin.py:154} INFO - [2025-03-13T17:22:26.850+0000] {dagbag.py:536} INFO - Filling up the DagBag from /opt/airflow/dags/utils/slack_alert.py
[2025-03-13T17:22:26.892+0000] {processor.py:841} WARNING - No viable dags retrieved from /opt/airflow/dags/utils/slack_alert.py
[2025-03-13T17:22:26.906+0000] {processor.py:179} INFO - Processing /opt/airflow/dags/utils/slack_alert.py took 0.064 seconds
[2025-03-13T17:22:57.863+0000] {processor.py:157} INFO - Started process (PID=82704) to work on /opt/airflow/dags/utils/slack_alert.py
[2025-03-13T17:22:57.864+0000] {processor.py:829} INFO - Processing file /opt/airflow/dags/utils/slack_alert.py for tasks to queue
[2025-03-13T17:22:57.865+0000] {logging_mixin.py:154} INFO - [2025-03-13T17:22:57.864+0000] {dagbag.py:536} INFO - Filling up the DagBag from /opt/airflow/dags/utils/slack_alert.py
[2025-03-13T17:22:57.875+0000] {processor.py:841} WARNING - No viable dags retrieved from /opt/airflow/dags/utils/slack_alert.py
[2025-03-13T17:22:57.882+0000] {processor.py:179} INFO - Processing /opt/airflow/dags/utils/slack_alert.py took 0.020 seconds
[2025-03-13T17:23:28.689+0000] {processor.py:157} INFO - Started process (PID=82725) to work on /opt/airflow/dags/utils/slack_alert.py
[2025-03-13T17:23:28.690+0000] {processor.py:829} INFO - Processing file /opt/airflow/dags/utils/slack_alert.py for tasks to queue
[2025-03-13T17:23:28.690+0000] {logging_mixin.py:154} INFO - [2025-03-13T17:23:28.690+0000] {dagbag.py:536} INFO - Filling up the DagBag from /opt/airflow/dags/utils/slack_alert.py
[2025-03-13T17:23:28.769+0000] {processor.py:841} WARNING - No viable dags retrieved from /opt/airflow/dags/utils/slack_alert.py
[2025-03-13T17:23:28.773+0000] {processor.py:179} INFO - Processing /opt/airflow/dags/utils/slack_alert.py took 0.086 seconds
[2025-03-13T17:23:59.652+0000] {processor.py:157} INFO - Started process (PID=82753) to work on /opt/airflow/dags/utils/slack_alert.py
[2025-03-13T17:23:59.653+0000] {processor.py:829} INFO - Processing file /opt/airflow/dags/utils/slack_alert.py for tasks to queue
[2025-03-13T17:23:59.653+0000] {logging_mixin.py:154} INFO - [2025-03-13T17:23:59.653+0000] {dagbag.py:536} INFO - Filling up the DagBag from /opt/airflow/dags/utils/slack_alert.py
[2025-03-13T17:23:59.663+0000] {processor.py:841} WARNING - No viable dags retrieved from /opt/airflow/dags/utils/slack_alert.py
[2025-03-13T17:23:59.670+0000] {processor.py:179} INFO - Processing /opt/airflow/dags/utils/slack_alert.py took 0.019 seconds
[2025-03-13T17:24:30.404+0000] {processor.py:157} INFO - Started process (PID=82781) to work on /opt/airflow/dags/utils/slack_alert.py
[2025-03-13T17:24:30.404+0000] {processor.py:829} INFO - Processing file /opt/airflow/dags/utils/slack_alert.py for tasks to queue
[2025-03-13T17:24:30.404+0000] {logging_mixin.py:154} INFO - [2025-03-13T17:24:30.404+0000] {dagbag.py:536} INFO - Filling up the DagBag from /opt/airflow/dags/utils/slack_alert.py
[2025-03-13T17:24:30.497+0000] {processor.py:841} WARNING - No viable dags retrieved from /opt/airflow/dags/utils/slack_alert.py
[2025-03-13T17:24:30.502+0000] {processor.py:179} INFO - Processing /opt/airflow/dags/utils/slack_alert.py took 0.100 seconds
[2025-03-13T17:25:01.253+0000] {processor.py:157} INFO - Started process (PID=82802) to work on /opt/airflow/dags/utils/slack_alert.py
[2025-03-13T17:25:01.254+0000] {processor.py:829} INFO - Processing file /opt/airflow/dags/utils/slack_alert.py for tasks to queue
[2025-03-13T17:25:01.254+0000] {logging_mixin.py:154} INFO - [2025-03-13T17:25:01.254+0000] {dagbag.py:536} INFO - Filling up the DagBag from /opt/airflow/dags/utils/slack_alert.py
[2025-03-13T17:25:01.264+0000] {processor.py:841} WARNING - No viable dags retrieved from /opt/airflow/dags/utils/slack_alert.py
[2025-03-13T17:25:01.270+0000] {processor.py:179} INFO - Processing /opt/airflow/dags/utils/slack_alert.py took 0.019 seconds
[2025-03-13T17:25:31.784+0000] {processor.py:157} INFO - Started process (PID=82830) to work on /opt/airflow/dags/utils/slack_alert.py
[2025-03-13T17:25:31.785+0000] {processor.py:829} INFO - Processing file /opt/airflow/dags/utils/slack_alert.py for tasks to queue
[2025-03-13T17:25:31.785+0000] {logging_mixin.py:154} INFO - [2025-03-13T17:25:31.785+0000] {dagbag.py:536} INFO - Filling up the DagBag from /opt/airflow/dags/utils/slack_alert.py
[2025-03-13T17:25:31.795+0000] {processor.py:841} WARNING - No viable dags retrieved from /opt/airflow/dags/utils/slack_alert.py
[2025-03-13T17:25:31.802+0000] {processor.py:179} INFO - Processing /opt/airflow/dags/utils/slack_alert.py took 0.020 seconds
[2025-03-13T17:26:02.391+0000] {processor.py:157} INFO - Started process (PID=82858) to work on /opt/airflow/dags/utils/slack_alert.py
[2025-03-13T17:26:02.392+0000] {processor.py:829} INFO - Processing file /opt/airflow/dags/utils/slack_alert.py for tasks to queue
[2025-03-13T17:26:02.392+0000] {logging_mixin.py:154} INFO - [2025-03-13T17:26:02.392+0000] {dagbag.py:536} INFO - Filling up the DagBag from /opt/airflow/dags/utils/slack_alert.py
[2025-03-13T17:26:02.401+0000] {processor.py:841} WARNING - No viable dags retrieved from /opt/airflow/dags/utils/slack_alert.py
[2025-03-13T17:26:02.408+0000] {processor.py:179} INFO - Processing /opt/airflow/dags/utils/slack_alert.py took 0.019 seconds
[2025-03-13T17:26:33.103+0000] {processor.py:157} INFO - Started process (PID=82886) to work on /opt/airflow/dags/utils/slack_alert.py
[2025-03-13T17:26:33.103+0000] {processor.py:829} INFO - Processing file /opt/airflow/dags/utils/slack_alert.py for tasks to queue
[2025-03-13T17:26:33.104+0000] {logging_mixin.py:154} INFO - [2025-03-13T17:26:33.103+0000] {dagbag.py:536} INFO - Filling up the DagBag from /opt/airflow/dags/utils/slack_alert.py
[2025-03-13T17:26:33.114+0000] {processor.py:841} WARNING - No viable dags retrieved from /opt/airflow/dags/utils/slack_alert.py
[2025-03-13T17:26:33.122+0000] {processor.py:179} INFO - Processing /opt/airflow/dags/utils/slack_alert.py took 0.022 seconds
[2025-03-13T17:27:03.781+0000] {processor.py:157} INFO - Started process (PID=82907) to work on /opt/airflow/dags/utils/slack_alert.py
[2025-03-13T17:27:03.782+0000] {processor.py:829} INFO - Processing file /opt/airflow/dags/utils/slack_alert.py for tasks to queue
[2025-03-13T17:27:03.782+0000] {logging_mixin.py:154} INFO - [2025-03-13T17:27:03.782+0000] {dagbag.py:536} INFO - Filling up the DagBag from /opt/airflow/dags/utils/slack_alert.py
[2025-03-13T17:27:03.792+0000] {processor.py:841} WARNING - No viable dags retrieved from /opt/airflow/dags/utils/slack_alert.py
[2025-03-13T17:27:03.798+0000] {processor.py:179} INFO - Processing /opt/airflow/dags/utils/slack_alert.py took 0.019 seconds
[2025-03-13T17:27:34.383+0000] {processor.py:157} INFO - Started process (PID=82935) to work on /opt/airflow/dags/utils/slack_alert.py
[2025-03-13T17:27:34.383+0000] {processor.py:829} INFO - Processing file /opt/airflow/dags/utils/slack_alert.py for tasks to queue
[2025-03-13T17:27:34.384+0000] {logging_mixin.py:154} INFO - [2025-03-13T17:27:34.384+0000] {dagbag.py:536} INFO - Filling up the DagBag from /opt/airflow/dags/utils/slack_alert.py
[2025-03-13T17:27:34.393+0000] {processor.py:841} WARNING - No viable dags retrieved from /opt/airflow/dags/utils/slack_alert.py
[2025-03-13T17:27:34.399+0000] {processor.py:179} INFO - Processing /opt/airflow/dags/utils/slack_alert.py took 0.018 seconds
[2025-03-13T17:28:05.095+0000] {processor.py:157} INFO - Started process (PID=82963) to work on /opt/airflow/dags/utils/slack_alert.py
[2025-03-13T17:28:05.096+0000] {processor.py:829} INFO - Processing file /opt/airflow/dags/utils/slack_alert.py for tasks to queue
[2025-03-13T17:28:05.096+0000] {logging_mixin.py:154} INFO - [2025-03-13T17:28:05.096+0000] {dagbag.py:536} INFO - Filling up the DagBag from /opt/airflow/dags/utils/slack_alert.py
[2025-03-13T17:28:05.107+0000] {processor.py:841} WARNING - No viable dags retrieved from /opt/airflow/dags/utils/slack_alert.py
[2025-03-13T17:28:05.116+0000] {processor.py:179} INFO - Processing /opt/airflow/dags/utils/slack_alert.py took 0.022 seconds
[2025-03-13T17:28:35.682+0000] {processor.py:157} INFO - Started process (PID=82984) to work on /opt/airflow/dags/utils/slack_alert.py
[2025-03-13T17:28:35.682+0000] {processor.py:829} INFO - Processing file /opt/airflow/dags/utils/slack_alert.py for tasks to queue
[2025-03-13T17:28:35.683+0000] {logging_mixin.py:154} INFO - [2025-03-13T17:28:35.683+0000] {dagbag.py:536} INFO - Filling up the DagBag from /opt/airflow/dags/utils/slack_alert.py
[2025-03-13T17:28:35.693+0000] {processor.py:841} WARNING - No viable dags retrieved from /opt/airflow/dags/utils/slack_alert.py
[2025-03-13T17:28:35.699+0000] {processor.py:179} INFO - Processing /opt/airflow/dags/utils/slack_alert.py took 0.020 seconds
[2025-03-13T17:29:06.504+0000] {processor.py:157} INFO - Started process (PID=83012) to work on /opt/airflow/dags/utils/slack_alert.py
[2025-03-13T17:29:06.505+0000] {processor.py:829} INFO - Processing file /opt/airflow/dags/utils/slack_alert.py for tasks to queue
[2025-03-13T17:29:06.505+0000] {logging_mixin.py:154} INFO - [2025-03-13T17:29:06.505+0000] {dagbag.py:536} INFO - Filling up the DagBag from /opt/airflow/dags/utils/slack_alert.py
[2025-03-13T17:29:06.515+0000] {processor.py:841} WARNING - No viable dags retrieved from /opt/airflow/dags/utils/slack_alert.py
[2025-03-13T17:29:06.521+0000] {processor.py:179} INFO - Processing /opt/airflow/dags/utils/slack_alert.py took 0.018 seconds
[2025-03-13T17:29:37.268+0000] {processor.py:157} INFO - Started process (PID=83039) to work on /opt/airflow/dags/utils/slack_alert.py
[2025-03-13T17:29:37.269+0000] {processor.py:829} INFO - Processing file /opt/airflow/dags/utils/slack_alert.py for tasks to queue
[2025-03-13T17:29:37.269+0000] {logging_mixin.py:154} INFO - [2025-03-13T17:29:37.269+0000] {dagbag.py:536} INFO - Filling up the DagBag from /opt/airflow/dags/utils/slack_alert.py
[2025-03-13T17:29:37.278+0000] {processor.py:841} WARNING - No viable dags retrieved from /opt/airflow/dags/utils/slack_alert.py
[2025-03-13T17:29:37.284+0000] {processor.py:179} INFO - Processing /opt/airflow/dags/utils/slack_alert.py took 0.017 seconds
[2025-03-13T17:30:07.959+0000] {processor.py:157} INFO - Started process (PID=83066) to work on /opt/airflow/dags/utils/slack_alert.py
[2025-03-13T17:30:07.960+0000] {processor.py:829} INFO - Processing file /opt/airflow/dags/utils/slack_alert.py for tasks to queue
[2025-03-13T17:30:07.960+0000] {logging_mixin.py:154} INFO - [2025-03-13T17:30:07.960+0000] {dagbag.py:536} INFO - Filling up the DagBag from /opt/airflow/dags/utils/slack_alert.py
[2025-03-13T17:30:07.970+0000] {processor.py:841} WARNING - No viable dags retrieved from /opt/airflow/dags/utils/slack_alert.py
[2025-03-13T17:30:07.976+0000] {processor.py:179} INFO - Processing /opt/airflow/dags/utils/slack_alert.py took 0.019 seconds
[2025-03-13T17:30:38.549+0000] {processor.py:157} INFO - Started process (PID=83087) to work on /opt/airflow/dags/utils/slack_alert.py
[2025-03-13T17:30:38.549+0000] {processor.py:829} INFO - Processing file /opt/airflow/dags/utils/slack_alert.py for tasks to queue
[2025-03-13T17:30:38.550+0000] {logging_mixin.py:154} INFO - [2025-03-13T17:30:38.550+0000] {dagbag.py:536} INFO - Filling up the DagBag from /opt/airflow/dags/utils/slack_alert.py
[2025-03-13T17:30:38.565+0000] {processor.py:841} WARNING - No viable dags retrieved from /opt/airflow/dags/utils/slack_alert.py
[2025-03-13T17:30:38.571+0000] {processor.py:179} INFO - Processing /opt/airflow/dags/utils/slack_alert.py took 0.024 seconds
[2025-03-13T17:31:09.360+0000] {processor.py:157} INFO - Started process (PID=83115) to work on /opt/airflow/dags/utils/slack_alert.py
[2025-03-13T17:31:09.360+0000] {processor.py:829} INFO - Processing file /opt/airflow/dags/utils/slack_alert.py for tasks to queue
[2025-03-13T17:31:09.361+0000] {logging_mixin.py:154} INFO - [2025-03-13T17:31:09.361+0000] {dagbag.py:536} INFO - Filling up the DagBag from /opt/airflow/dags/utils/slack_alert.py
[2025-03-13T17:31:09.370+0000] {processor.py:841} WARNING - No viable dags retrieved from /opt/airflow/dags/utils/slack_alert.py
[2025-03-13T17:31:09.377+0000] {processor.py:179} INFO - Processing /opt/airflow/dags/utils/slack_alert.py took 0.018 seconds
[2025-03-13T17:31:40.159+0000] {processor.py:157} INFO - Started process (PID=83143) to work on /opt/airflow/dags/utils/slack_alert.py
[2025-03-13T17:31:40.160+0000] {processor.py:829} INFO - Processing file /opt/airflow/dags/utils/slack_alert.py for tasks to queue
[2025-03-13T17:31:40.160+0000] {logging_mixin.py:154} INFO - [2025-03-13T17:31:40.160+0000] {dagbag.py:536} INFO - Filling up the DagBag from /opt/airflow/dags/utils/slack_alert.py
[2025-03-13T17:31:40.172+0000] {processor.py:841} WARNING - No viable dags retrieved from /opt/airflow/dags/utils/slack_alert.py
[2025-03-13T17:31:40.179+0000] {processor.py:179} INFO - Processing /opt/airflow/dags/utils/slack_alert.py took 0.022 seconds
[2025-03-13T17:32:11.043+0000] {processor.py:157} INFO - Started process (PID=83171) to work on /opt/airflow/dags/utils/slack_alert.py
[2025-03-13T17:32:11.044+0000] {processor.py:829} INFO - Processing file /opt/airflow/dags/utils/slack_alert.py for tasks to queue
[2025-03-13T17:32:11.045+0000] {logging_mixin.py:154} INFO - [2025-03-13T17:32:11.044+0000] {dagbag.py:536} INFO - Filling up the DagBag from /opt/airflow/dags/utils/slack_alert.py
[2025-03-13T17:32:11.056+0000] {processor.py:841} WARNING - No viable dags retrieved from /opt/airflow/dags/utils/slack_alert.py
[2025-03-13T17:32:11.078+0000] {processor.py:179} INFO - Processing /opt/airflow/dags/utils/slack_alert.py took 0.036 seconds
[2025-03-13T17:32:42.006+0000] {processor.py:157} INFO - Started process (PID=83192) to work on /opt/airflow/dags/utils/slack_alert.py
[2025-03-13T17:32:42.008+0000] {processor.py:829} INFO - Processing file /opt/airflow/dags/utils/slack_alert.py for tasks to queue
[2025-03-13T17:32:42.008+0000] {logging_mixin.py:154} INFO - [2025-03-13T17:32:42.008+0000] {dagbag.py:536} INFO - Filling up the DagBag from /opt/airflow/dags/utils/slack_alert.py
[2025-03-13T17:32:42.036+0000] {processor.py:841} WARNING - No viable dags retrieved from /opt/airflow/dags/utils/slack_alert.py
[2025-03-13T17:32:42.062+0000] {processor.py:179} INFO - Processing /opt/airflow/dags/utils/slack_alert.py took 0.058 seconds
[2025-03-13T17:33:12.829+0000] {processor.py:157} INFO - Started process (PID=83220) to work on /opt/airflow/dags/utils/slack_alert.py
[2025-03-13T17:33:12.830+0000] {processor.py:829} INFO - Processing file /opt/airflow/dags/utils/slack_alert.py for tasks to queue
[2025-03-13T17:33:12.830+0000] {logging_mixin.py:154} INFO - [2025-03-13T17:33:12.830+0000] {dagbag.py:536} INFO - Filling up the DagBag from /opt/airflow/dags/utils/slack_alert.py
[2025-03-13T17:33:12.845+0000] {processor.py:841} WARNING - No viable dags retrieved from /opt/airflow/dags/utils/slack_alert.py
[2025-03-13T17:33:12.853+0000] {processor.py:179} INFO - Processing /opt/airflow/dags/utils/slack_alert.py took 0.025 seconds
[2025-03-13T17:33:43.558+0000] {processor.py:157} INFO - Started process (PID=83248) to work on /opt/airflow/dags/utils/slack_alert.py
[2025-03-13T17:33:43.559+0000] {processor.py:829} INFO - Processing file /opt/airflow/dags/utils/slack_alert.py for tasks to queue
[2025-03-13T17:33:43.559+0000] {logging_mixin.py:154} INFO - [2025-03-13T17:33:43.559+0000] {dagbag.py:536} INFO - Filling up the DagBag from /opt/airflow/dags/utils/slack_alert.py
[2025-03-13T17:33:43.569+0000] {processor.py:841} WARNING - No viable dags retrieved from /opt/airflow/dags/utils/slack_alert.py
[2025-03-13T17:33:43.576+0000] {processor.py:179} INFO - Processing /opt/airflow/dags/utils/slack_alert.py took 0.020 seconds
[2025-03-13T17:34:14.371+0000] {processor.py:157} INFO - Started process (PID=83276) to work on /opt/airflow/dags/utils/slack_alert.py
[2025-03-13T17:34:14.372+0000] {processor.py:829} INFO - Processing file /opt/airflow/dags/utils/slack_alert.py for tasks to queue
[2025-03-13T17:34:14.372+0000] {logging_mixin.py:154} INFO - [2025-03-13T17:34:14.372+0000] {dagbag.py:536} INFO - Filling up the DagBag from /opt/airflow/dags/utils/slack_alert.py
[2025-03-13T17:34:14.384+0000] {processor.py:841} WARNING - No viable dags retrieved from /opt/airflow/dags/utils/slack_alert.py
[2025-03-13T17:34:14.392+0000] {processor.py:179} INFO - Processing /opt/airflow/dags/utils/slack_alert.py took 0.023 seconds
[2025-03-13T17:34:45.606+0000] {processor.py:157} INFO - Started process (PID=83297) to work on /opt/airflow/dags/utils/slack_alert.py
[2025-03-13T17:34:45.606+0000] {processor.py:829} INFO - Processing file /opt/airflow/dags/utils/slack_alert.py for tasks to queue
[2025-03-13T17:34:45.607+0000] {logging_mixin.py:154} INFO - [2025-03-13T17:34:45.607+0000] {dagbag.py:536} INFO - Filling up the DagBag from /opt/airflow/dags/utils/slack_alert.py
[2025-03-13T17:34:45.616+0000] {processor.py:841} WARNING - No viable dags retrieved from /opt/airflow/dags/utils/slack_alert.py
[2025-03-13T17:34:45.623+0000] {processor.py:179} INFO - Processing /opt/airflow/dags/utils/slack_alert.py took 0.020 seconds
[2025-03-13T17:35:16.291+0000] {processor.py:157} INFO - Started process (PID=83325) to work on /opt/airflow/dags/utils/slack_alert.py
[2025-03-13T17:35:16.292+0000] {processor.py:829} INFO - Processing file /opt/airflow/dags/utils/slack_alert.py for tasks to queue
[2025-03-13T17:35:16.292+0000] {logging_mixin.py:154} INFO - [2025-03-13T17:35:16.292+0000] {dagbag.py:536} INFO - Filling up the DagBag from /opt/airflow/dags/utils/slack_alert.py
[2025-03-13T17:35:16.302+0000] {processor.py:841} WARNING - No viable dags retrieved from /opt/airflow/dags/utils/slack_alert.py
[2025-03-13T17:35:16.308+0000] {processor.py:179} INFO - Processing /opt/airflow/dags/utils/slack_alert.py took 0.018 seconds
[2025-03-13T17:35:46.886+0000] {processor.py:157} INFO - Started process (PID=83353) to work on /opt/airflow/dags/utils/slack_alert.py
[2025-03-13T17:35:46.887+0000] {processor.py:829} INFO - Processing file /opt/airflow/dags/utils/slack_alert.py for tasks to queue
[2025-03-13T17:35:46.887+0000] {logging_mixin.py:154} INFO - [2025-03-13T17:35:46.887+0000] {dagbag.py:536} INFO - Filling up the DagBag from /opt/airflow/dags/utils/slack_alert.py
[2025-03-13T17:35:46.899+0000] {processor.py:841} WARNING - No viable dags retrieved from /opt/airflow/dags/utils/slack_alert.py
[2025-03-13T17:35:46.905+0000] {processor.py:179} INFO - Processing /opt/airflow/dags/utils/slack_alert.py took 0.022 seconds
[2025-03-13T17:36:17.616+0000] {processor.py:157} INFO - Started process (PID=83374) to work on /opt/airflow/dags/utils/slack_alert.py
[2025-03-13T17:36:17.617+0000] {processor.py:829} INFO - Processing file /opt/airflow/dags/utils/slack_alert.py for tasks to queue
[2025-03-13T17:36:17.617+0000] {logging_mixin.py:154} INFO - [2025-03-13T17:36:17.617+0000] {dagbag.py:536} INFO - Filling up the DagBag from /opt/airflow/dags/utils/slack_alert.py
[2025-03-13T17:36:17.626+0000] {processor.py:841} WARNING - No viable dags retrieved from /opt/airflow/dags/utils/slack_alert.py
[2025-03-13T17:36:17.633+0000] {processor.py:179} INFO - Processing /opt/airflow/dags/utils/slack_alert.py took 0.019 seconds
[2025-03-13T17:36:48.364+0000] {processor.py:157} INFO - Started process (PID=83402) to work on /opt/airflow/dags/utils/slack_alert.py
[2025-03-13T17:36:48.364+0000] {processor.py:829} INFO - Processing file /opt/airflow/dags/utils/slack_alert.py for tasks to queue
[2025-03-13T17:36:48.365+0000] {logging_mixin.py:154} INFO - [2025-03-13T17:36:48.365+0000] {dagbag.py:536} INFO - Filling up the DagBag from /opt/airflow/dags/utils/slack_alert.py
[2025-03-13T17:36:48.374+0000] {processor.py:841} WARNING - No viable dags retrieved from /opt/airflow/dags/utils/slack_alert.py
[2025-03-13T17:36:48.381+0000] {processor.py:179} INFO - Processing /opt/airflow/dags/utils/slack_alert.py took 0.019 seconds
[2025-03-13T17:37:20.801+0000] {processor.py:157} INFO - Started process (PID=83430) to work on /opt/airflow/dags/utils/slack_alert.py
[2025-03-13T17:37:20.832+0000] {processor.py:829} INFO - Processing file /opt/airflow/dags/utils/slack_alert.py for tasks to queue
[2025-03-13T17:37:20.837+0000] {logging_mixin.py:154} INFO - [2025-03-13T17:37:20.836+0000] {dagbag.py:536} INFO - Filling up the DagBag from /opt/airflow/dags/utils/slack_alert.py
[2025-03-13T17:37:20.933+0000] {processor.py:841} WARNING - No viable dags retrieved from /opt/airflow/dags/utils/slack_alert.py
[2025-03-13T17:37:21.155+0000] {processor.py:179} INFO - Processing /opt/airflow/dags/utils/slack_alert.py took 0.364 seconds
[2025-03-13T17:37:51.743+0000] {processor.py:157} INFO - Started process (PID=83458) to work on /opt/airflow/dags/utils/slack_alert.py
[2025-03-13T17:37:51.743+0000] {processor.py:829} INFO - Processing file /opt/airflow/dags/utils/slack_alert.py for tasks to queue
[2025-03-13T17:37:51.744+0000] {logging_mixin.py:154} INFO - [2025-03-13T17:37:51.744+0000] {dagbag.py:536} INFO - Filling up the DagBag from /opt/airflow/dags/utils/slack_alert.py
[2025-03-13T17:37:51.760+0000] {processor.py:841} WARNING - No viable dags retrieved from /opt/airflow/dags/utils/slack_alert.py
[2025-03-13T17:37:51.769+0000] {processor.py:179} INFO - Processing /opt/airflow/dags/utils/slack_alert.py took 0.029 seconds
[2025-03-13T17:38:22.751+0000] {processor.py:157} INFO - Started process (PID=83478) to work on /opt/airflow/dags/utils/slack_alert.py
[2025-03-13T17:38:22.751+0000] {processor.py:829} INFO - Processing file /opt/airflow/dags/utils/slack_alert.py for tasks to queue
[2025-03-13T17:38:22.752+0000] {logging_mixin.py:154} INFO - [2025-03-13T17:38:22.752+0000] {dagbag.py:536} INFO - Filling up the DagBag from /opt/airflow/dags/utils/slack_alert.py
[2025-03-13T17:38:22.771+0000] {processor.py:841} WARNING - No viable dags retrieved from /opt/airflow/dags/utils/slack_alert.py
[2025-03-13T17:38:22.780+0000] {processor.py:179} INFO - Processing /opt/airflow/dags/utils/slack_alert.py took 0.032 seconds
[2025-03-13T17:38:52.927+0000] {processor.py:157} INFO - Started process (PID=83502) to work on /opt/airflow/dags/utils/slack_alert.py
[2025-03-13T17:38:52.939+0000] {processor.py:829} INFO - Processing file /opt/airflow/dags/utils/slack_alert.py for tasks to queue
[2025-03-13T17:38:52.944+0000] {logging_mixin.py:154} INFO - [2025-03-13T17:38:52.944+0000] {dagbag.py:536} INFO - Filling up the DagBag from /opt/airflow/dags/utils/slack_alert.py
[2025-03-13T17:38:53.000+0000] {processor.py:841} WARNING - No viable dags retrieved from /opt/airflow/dags/utils/slack_alert.py
[2025-03-13T17:38:53.051+0000] {processor.py:179} INFO - Processing /opt/airflow/dags/utils/slack_alert.py took 0.142 seconds
[2025-03-13T17:39:23.310+0000] {processor.py:157} INFO - Started process (PID=83522) to work on /opt/airflow/dags/utils/slack_alert.py
[2025-03-13T17:39:23.311+0000] {processor.py:829} INFO - Processing file /opt/airflow/dags/utils/slack_alert.py for tasks to queue
[2025-03-13T17:39:23.312+0000] {logging_mixin.py:154} INFO - [2025-03-13T17:39:23.311+0000] {dagbag.py:536} INFO - Filling up the DagBag from /opt/airflow/dags/utils/slack_alert.py
[2025-03-13T17:39:23.338+0000] {processor.py:841} WARNING - No viable dags retrieved from /opt/airflow/dags/utils/slack_alert.py
[2025-03-13T17:39:23.361+0000] {processor.py:179} INFO - Processing /opt/airflow/dags/utils/slack_alert.py took 0.057 seconds
[2025-03-13T17:39:54.945+0000] {processor.py:157} INFO - Started process (PID=83554) to work on /opt/airflow/dags/utils/slack_alert.py
[2025-03-13T17:39:54.946+0000] {processor.py:829} INFO - Processing file /opt/airflow/dags/utils/slack_alert.py for tasks to queue
[2025-03-13T17:39:54.946+0000] {logging_mixin.py:154} INFO - [2025-03-13T17:39:54.946+0000] {dagbag.py:536} INFO - Filling up the DagBag from /opt/airflow/dags/utils/slack_alert.py
[2025-03-13T17:39:54.957+0000] {processor.py:841} WARNING - No viable dags retrieved from /opt/airflow/dags/utils/slack_alert.py
[2025-03-13T17:39:54.967+0000] {processor.py:179} INFO - Processing /opt/airflow/dags/utils/slack_alert.py took 0.023 seconds
[2025-03-13T17:40:26.039+0000] {processor.py:157} INFO - Started process (PID=83582) to work on /opt/airflow/dags/utils/slack_alert.py
[2025-03-13T17:40:26.040+0000] {processor.py:829} INFO - Processing file /opt/airflow/dags/utils/slack_alert.py for tasks to queue
[2025-03-13T17:40:26.040+0000] {logging_mixin.py:154} INFO - [2025-03-13T17:40:26.040+0000] {dagbag.py:536} INFO - Filling up the DagBag from /opt/airflow/dags/utils/slack_alert.py
[2025-03-13T17:40:26.053+0000] {processor.py:841} WARNING - No viable dags retrieved from /opt/airflow/dags/utils/slack_alert.py
[2025-03-13T17:40:26.065+0000] {processor.py:179} INFO - Processing /opt/airflow/dags/utils/slack_alert.py took 0.028 seconds
[2025-03-13T17:40:57.254+0000] {processor.py:157} INFO - Started process (PID=83603) to work on /opt/airflow/dags/utils/slack_alert.py
[2025-03-13T17:40:57.254+0000] {processor.py:829} INFO - Processing file /opt/airflow/dags/utils/slack_alert.py for tasks to queue
[2025-03-13T17:40:57.255+0000] {logging_mixin.py:154} INFO - [2025-03-13T17:40:57.254+0000] {dagbag.py:536} INFO - Filling up the DagBag from /opt/airflow/dags/utils/slack_alert.py
[2025-03-13T17:40:57.266+0000] {processor.py:841} WARNING - No viable dags retrieved from /opt/airflow/dags/utils/slack_alert.py
[2025-03-13T17:40:57.274+0000] {processor.py:179} INFO - Processing /opt/airflow/dags/utils/slack_alert.py took 0.023 seconds
