[2025-03-11T10:03:52.974+0000] {taskinstance.py:1159} INFO - Dependencies all met for dep_context=non-requeueable deps ti=<TaskInstance: ingest_bronze_layer_dag.fetch_purchases manual__2025-03-11T10:03:47+00:00 [queued]>
[2025-03-11T10:03:52.978+0000] {taskinstance.py:1159} INFO - Dependencies all met for dep_context=requeueable deps ti=<TaskInstance: ingest_bronze_layer_dag.fetch_purchases manual__2025-03-11T10:03:47+00:00 [queued]>
[2025-03-11T10:03:52.978+0000] {taskinstance.py:1361} INFO - Starting attempt 1 of 1
[2025-03-11T10:03:52.984+0000] {taskinstance.py:1382} INFO - Executing <Task(_PythonDecoratedOperator): fetch_purchases> on 2025-03-11 10:03:47+00:00
[2025-03-11T10:03:52.987+0000] {standard_task_runner.py:57} INFO - Started process 9474 to run task
[2025-03-11T10:03:52.988+0000] {standard_task_runner.py:84} INFO - Running: ['***', 'tasks', 'run', 'ingest_bronze_layer_dag', 'fetch_purchases', 'manual__2025-03-11T10:03:47+00:00', '--job-id', '205', '--raw', '--subdir', 'DAGS_FOLDER/ingesting_pipeline.py', '--cfg-path', '/tmp/tmph1yegal3']
[2025-03-11T10:03:52.990+0000] {standard_task_runner.py:85} INFO - Job 205: Subtask fetch_purchases
[2025-03-11T10:03:53.146+0000] {task_command.py:416} INFO - Running <TaskInstance: ingest_bronze_layer_dag.fetch_purchases manual__2025-03-11T10:03:47+00:00 [running]> on host 41ccd9d1769c
[2025-03-11T10:03:53.176+0000] {taskinstance.py:1662} INFO - Exporting env vars: AIRFLOW_CTX_DAG_OWNER='Andrew Tran' AIRFLOW_CTX_DAG_ID='ingest_bronze_layer_dag' AIRFLOW_CTX_TASK_ID='fetch_purchases' AIRFLOW_CTX_EXECUTION_DATE='2025-03-11T10:03:47+00:00' AIRFLOW_CTX_TRY_NUMBER='1' AIRFLOW_CTX_DAG_RUN_ID='manual__2025-03-11T10:03:47+00:00'
[2025-03-11T10:03:53.181+0000] {base.py:73} INFO - Using connection ID 'postgres_source_db' for task execution.
[2025-03-11T10:03:53.197+0000] {warnings.py:109} WARNING - /opt/***/dags/ingesting_pipeline.py:166: UserWarning: pandas only supports SQLAlchemy connectable (engine/connection) or database string URI or sqlite3 DBAPI2 connection. Other DBAPI2 objects are not tested. Please consider using SQLAlchemy.
  df = pd.read_sql(query, conn)

[2025-03-11T10:03:53.202+0000] {logging_mixin.py:154} INFO - DataFrame: Empty DataFrame
Columns: [timestamp, user_id, revenue, transaction_id, created_at, updated_at, extracted_at]
Index: []
[2025-03-11T10:03:53.205+0000] {base.py:73} INFO - Using connection ID 'postgres_warehouse_db' for task execution.
[2025-03-11T10:03:53.206+0000] {logging_mixin.py:154} INFO - URI: postgresql://***:***@postgres:5432/warehouse_db?__extra__=%7B%7D
[2025-03-11T10:03:53.209+0000] {base.py:73} INFO - Using connection ID 'postgres_warehouse_db' for task execution.
[2025-03-11T10:03:53.210+0000] {python.py:194} INFO - Done. Returned value was: Inserted 0 rows into bronze_purchases
[2025-03-11T10:03:53.221+0000] {taskinstance.py:1400} INFO - Marking task as SUCCESS. dag_id=ingest_bronze_layer_dag, task_id=fetch_purchases, execution_date=20250311T100347, start_date=20250311T100352, end_date=20250311T100353
[2025-03-11T10:03:53.263+0000] {local_task_job_runner.py:228} INFO - Task exited with return code 0
[2025-03-11T10:03:53.383+0000] {taskinstance.py:2778} INFO - 1 downstream tasks scheduled from follow-on schedule check
