[2025-03-13T14:55:32.766+0000] {taskinstance.py:1159} INFO - Dependencies all met for dep_context=non-requeueable deps ti=<TaskInstance: hourly_processing_pipeline.transform_silver_hourly_incremental manual__2025-03-13T14:55:20.469238+00:00 [queued]>
[2025-03-13T14:55:32.770+0000] {taskinstance.py:1159} INFO - Dependencies all met for dep_context=requeueable deps ti=<TaskInstance: hourly_processing_pipeline.transform_silver_hourly_incremental manual__2025-03-13T14:55:20.469238+00:00 [queued]>
[2025-03-13T14:55:32.771+0000] {taskinstance.py:1361} INFO - Starting attempt 1 of 1
[2025-03-13T14:55:32.867+0000] {taskinstance.py:1382} INFO - Executing <Task(BashOperator): transform_silver_hourly_incremental> on 2025-03-13 14:55:20.469238+00:00
[2025-03-13T14:55:32.870+0000] {standard_task_runner.py:57} INFO - Started process 70884 to run task
[2025-03-13T14:55:32.873+0000] {standard_task_runner.py:84} INFO - Running: ['***', 'tasks', 'run', 'hourly_processing_pipeline', 'transform_silver_hourly_incremental', 'manual__2025-03-13T14:55:20.469238+00:00', '--job-id', '3463', '--raw', '--subdir', 'DAGS_FOLDER/hourly_processing_pipeline.py', '--cfg-path', '/tmp/tmpa9abdnk5']
[2025-03-13T14:55:32.876+0000] {standard_task_runner.py:85} INFO - Job 3463: Subtask transform_silver_hourly_incremental
[2025-03-13T14:55:32.904+0000] {task_command.py:416} INFO - Running <TaskInstance: hourly_processing_pipeline.transform_silver_hourly_incremental manual__2025-03-13T14:55:20.469238+00:00 [running]> on host c8e526380ef3
[2025-03-13T14:55:32.950+0000] {taskinstance.py:1662} INFO - Exporting env vars: AIRFLOW_CTX_DAG_OWNER='Andrew Tran' AIRFLOW_CTX_DAG_ID='hourly_processing_pipeline' AIRFLOW_CTX_TASK_ID='transform_silver_hourly_incremental' AIRFLOW_CTX_EXECUTION_DATE='2025-03-13T14:55:20.469238+00:00' AIRFLOW_CTX_TRY_NUMBER='1' AIRFLOW_CTX_DAG_RUN_ID='manual__2025-03-13T14:55:20.469238+00:00'
[2025-03-13T14:55:32.952+0000] {subprocess.py:63} INFO - Tmp dir root location: /tmp
[2025-03-13T14:55:32.953+0000] {subprocess.py:75} INFO - Running command: ['/bin/bash', '-c', 'cd /opt/***/dbt/playstudio_project && export WAREHOUSE_HOST=None && export WAREHOUSE_PASSWORD=None && export WAREHOUSE_USER=None && dbt run --select tag:silver_hourly_incremental --target prod']
[2025-03-13T14:55:32.962+0000] {subprocess.py:86} INFO - Output:
[2025-03-13T14:55:34.499+0000] {subprocess.py:93} INFO - [0m14:55:34  Running with dbt=1.7.18
[2025-03-13T14:55:34.616+0000] {subprocess.py:93} INFO - [0m14:55:34  Registered adapter: postgres=1.7.18
[2025-03-13T14:55:34.681+0000] {subprocess.py:93} INFO - [0m14:55:34  Unable to do partial parsing because of a version mismatch
[2025-03-13T14:55:35.710+0000] {subprocess.py:93} INFO - [0m14:55:35  [[33mWARNING[0m]: Configuration paths exist in your dbt_project.yml file which do not apply to any resources.
[2025-03-13T14:55:35.711+0000] {subprocess.py:93} INFO - There are 1 unused configuration paths:
[2025-03-13T14:55:35.711+0000] {subprocess.py:93} INFO - - models.playstudio_project.bronze_layer
[2025-03-13T14:55:35.726+0000] {subprocess.py:93} INFO - [0m14:55:35  Found 3 models, 21 tests, 2 sources, 0 exposures, 0 metrics, 783 macros, 0 groups, 0 semantic models
[2025-03-13T14:55:35.726+0000] {subprocess.py:93} INFO - [0m14:55:35
[2025-03-13T14:55:35.937+0000] {subprocess.py:93} INFO - [0m14:55:35  Concurrency: 1 threads (target='prod')
[2025-03-13T14:55:35.940+0000] {subprocess.py:93} INFO - [0m14:55:35
[2025-03-13T14:55:35.946+0000] {subprocess.py:93} INFO - [0m14:55:35  1 of 1 START sql incremental model silver_layer.silver_spins_hourly ............ [RUN]
[2025-03-13T14:55:36.051+0000] {subprocess.py:93} INFO - [0m14:55:36  1 of 1 OK created sql incremental model silver_layer.silver_spins_hourly ....... [[32mINSERT 0 2[0m in 0.10s]
[2025-03-13T14:55:36.062+0000] {subprocess.py:93} INFO - [0m14:55:36
[2025-03-13T14:55:36.062+0000] {subprocess.py:93} INFO - [0m14:55:36  Finished running 1 incremental model in 0 hours 0 minutes and 0.33 seconds (0.33s).
[2025-03-13T14:55:36.073+0000] {subprocess.py:93} INFO - [0m14:55:36
[2025-03-13T14:55:36.074+0000] {subprocess.py:93} INFO - [0m14:55:36  [32mCompleted successfully[0m
[2025-03-13T14:55:36.076+0000] {subprocess.py:93} INFO - [0m14:55:36
[2025-03-13T14:55:36.076+0000] {subprocess.py:93} INFO - [0m14:55:36  Done. PASS=1 WARN=0 ERROR=0 SKIP=0 TOTAL=1
[2025-03-13T14:55:37.423+0000] {subprocess.py:97} INFO - Command exited with return code 0
[2025-03-13T14:55:37.484+0000] {taskinstance.py:1400} INFO - Marking task as SUCCESS. dag_id=hourly_processing_pipeline, task_id=transform_silver_hourly_incremental, execution_date=20250313T145520, start_date=20250313T145532, end_date=20250313T145537
[2025-03-13T14:55:37.569+0000] {local_task_job_runner.py:228} INFO - Task exited with return code 0
[2025-03-13T14:55:37.614+0000] {taskinstance.py:2778} INFO - 1 downstream tasks scheduled from follow-on schedule check
