[2025-03-12T07:54:07.259+0000] {taskinstance.py:1159} INFO - Dependencies all met for dep_context=non-requeueable deps ti=<TaskInstance: process_bronze_and_silver_layer.transform_silver_full_refresh manual__2025-03-12T07:53:56+00:00 [queued]>
[2025-03-12T07:54:07.266+0000] {taskinstance.py:1159} INFO - Dependencies all met for dep_context=requeueable deps ti=<TaskInstance: process_bronze_and_silver_layer.transform_silver_full_refresh manual__2025-03-12T07:53:56+00:00 [queued]>
[2025-03-12T07:54:07.266+0000] {taskinstance.py:1361} INFO - Starting attempt 1 of 1
[2025-03-12T07:54:07.433+0000] {taskinstance.py:1382} INFO - Executing <Task(BashOperator): transform_silver_full_refresh> on 2025-03-12 07:53:56+00:00
[2025-03-12T07:54:07.445+0000] {standard_task_runner.py:57} INFO - Started process 21601 to run task
[2025-03-12T07:54:07.448+0000] {standard_task_runner.py:84} INFO - Running: ['***', 'tasks', 'run', 'process_bronze_and_silver_layer', 'transform_silver_full_refresh', 'manual__2025-03-12T07:53:56+00:00', '--job-id', '1775', '--raw', '--subdir', 'DAGS_FOLDER/5mins_processing_pipeline.py', '--cfg-path', '/tmp/tmptdu0pd21']
[2025-03-12T07:54:07.450+0000] {standard_task_runner.py:85} INFO - Job 1775: Subtask transform_silver_full_refresh
[2025-03-12T07:54:07.490+0000] {task_command.py:416} INFO - Running <TaskInstance: process_bronze_and_silver_layer.transform_silver_full_refresh manual__2025-03-12T07:53:56+00:00 [running]> on host c8e526380ef3
[2025-03-12T07:54:07.544+0000] {taskinstance.py:1662} INFO - Exporting env vars: AIRFLOW_CTX_DAG_OWNER='Andrew Tran' AIRFLOW_CTX_DAG_ID='process_bronze_and_silver_layer' AIRFLOW_CTX_TASK_ID='transform_silver_full_refresh' AIRFLOW_CTX_EXECUTION_DATE='2025-03-12T07:53:56+00:00' AIRFLOW_CTX_TRY_NUMBER='1' AIRFLOW_CTX_DAG_RUN_ID='manual__2025-03-12T07:53:56+00:00'
[2025-03-12T07:54:07.545+0000] {subprocess.py:63} INFO - Tmp dir root location: /tmp
[2025-03-12T07:54:07.546+0000] {subprocess.py:75} INFO - Running command: ['/bin/bash', '-c', 'cd /opt/***/dbt/playstudio_project && export WAREHOUSE_HOST=None && export WAREHOUSE_PASSWORD=None && export WAREHOUSE_USER=None && dbt run --select tag:silver_5mins_incremental --target prod --full-refresh']
[2025-03-12T07:54:07.552+0000] {subprocess.py:86} INFO - Output:
[2025-03-12T07:54:08.852+0000] {subprocess.py:93} INFO - [0m07:54:08  Running with dbt=1.7.18
[2025-03-12T07:54:08.959+0000] {subprocess.py:93} INFO - [0m07:54:08  Registered adapter: postgres=1.7.18
[2025-03-12T07:54:08.978+0000] {subprocess.py:93} INFO - [0m07:54:08  [[33mWARNING[0m]: Configuration paths exist in your dbt_project.yml file which do not apply to any resources.
[2025-03-12T07:54:08.978+0000] {subprocess.py:93} INFO - There are 1 unused configuration paths:
[2025-03-12T07:54:08.978+0000] {subprocess.py:93} INFO - - models.playstudio_project.example
[2025-03-12T07:54:08.988+0000] {subprocess.py:93} INFO - [0m07:54:08  Found 2 models, 2 sources, 0 exposures, 0 metrics, 401 macros, 0 groups, 0 semantic models
[2025-03-12T07:54:08.990+0000] {subprocess.py:93} INFO - [0m07:54:08
[2025-03-12T07:54:09.055+0000] {subprocess.py:93} INFO - [0m07:54:09  Concurrency: 1 threads (target='prod')
[2025-03-12T07:54:09.055+0000] {subprocess.py:93} INFO - [0m07:54:09
[2025-03-12T07:54:09.060+0000] {subprocess.py:93} INFO - [0m07:54:09  1 of 1 START sql incremental model silver_layer.silver_purchases ............... [RUN]
[2025-03-12T07:54:09.141+0000] {subprocess.py:93} INFO - [0m07:54:09  1 of 1 OK created sql incremental model silver_layer.silver_purchases .......... [[32mSELECT 36[0m in 0.08s]
[2025-03-12T07:54:09.148+0000] {subprocess.py:93} INFO - [0m07:54:09
[2025-03-12T07:54:09.148+0000] {subprocess.py:93} INFO - [0m07:54:09  Finished running 1 incremental model in 0 hours 0 minutes and 0.16 seconds (0.16s).
[2025-03-12T07:54:09.153+0000] {subprocess.py:93} INFO - [0m07:54:09
[2025-03-12T07:54:09.153+0000] {subprocess.py:93} INFO - [0m07:54:09  [32mCompleted successfully[0m
[2025-03-12T07:54:09.153+0000] {subprocess.py:93} INFO - [0m07:54:09
[2025-03-12T07:54:09.155+0000] {subprocess.py:93} INFO - [0m07:54:09  Done. PASS=1 WARN=0 ERROR=0 SKIP=0 TOTAL=1
[2025-03-12T07:54:10.720+0000] {subprocess.py:97} INFO - Command exited with return code 0
[2025-03-12T07:54:10.742+0000] {taskinstance.py:1400} INFO - Marking task as SUCCESS. dag_id=process_bronze_and_silver_layer, task_id=transform_silver_full_refresh, execution_date=20250312T075356, start_date=20250312T075407, end_date=20250312T075410
[2025-03-12T07:54:10.783+0000] {local_task_job_runner.py:228} INFO - Task exited with return code 0
[2025-03-12T07:54:10.798+0000] {taskinstance.py:2778} INFO - 1 downstream tasks scheduled from follow-on schedule check
