[2025-03-11T15:35:05.413+0000] {taskinstance.py:1159} INFO - Dependencies all met for dep_context=non-requeueable deps ti=<TaskInstance: ingest_bronze_layer_dag.transform_silver_incremental scheduled__2025-03-11T15:30:00+00:00 [queued]>
[2025-03-11T15:35:05.417+0000] {taskinstance.py:1159} INFO - Dependencies all met for dep_context=requeueable deps ti=<TaskInstance: ingest_bronze_layer_dag.transform_silver_incremental scheduled__2025-03-11T15:30:00+00:00 [queued]>
[2025-03-11T15:35:05.417+0000] {taskinstance.py:1361} INFO - Starting attempt 1 of 1
[2025-03-11T15:35:05.423+0000] {taskinstance.py:1382} INFO - Executing <Task(BashOperator): transform_silver_incremental> on 2025-03-11 15:30:00+00:00
[2025-03-11T15:35:05.426+0000] {standard_task_runner.py:57} INFO - Started process 19017 to run task
[2025-03-11T15:35:05.428+0000] {standard_task_runner.py:84} INFO - Running: ['***', 'tasks', 'run', 'ingest_bronze_layer_dag', 'transform_silver_incremental', 'scheduled__2025-03-11T15:30:00+00:00', '--job-id', '520', '--raw', '--subdir', 'DAGS_FOLDER/ingesting_pipeline.py', '--cfg-path', '/tmp/tmpp_z4z4z1']
[2025-03-11T15:35:05.536+0000] {standard_task_runner.py:85} INFO - Job 520: Subtask transform_silver_incremental
[2025-03-11T15:35:05.560+0000] {task_command.py:416} INFO - Running <TaskInstance: ingest_bronze_layer_dag.transform_silver_incremental scheduled__2025-03-11T15:30:00+00:00 [running]> on host 41ccd9d1769c
[2025-03-11T15:35:05.590+0000] {taskinstance.py:1662} INFO - Exporting env vars: AIRFLOW_CTX_DAG_OWNER='Andrew Tran' AIRFLOW_CTX_DAG_ID='ingest_bronze_layer_dag' AIRFLOW_CTX_TASK_ID='transform_silver_incremental' AIRFLOW_CTX_EXECUTION_DATE='2025-03-11T15:30:00+00:00' AIRFLOW_CTX_TRY_NUMBER='1' AIRFLOW_CTX_DAG_RUN_ID='scheduled__2025-03-11T15:30:00+00:00'
[2025-03-11T15:35:05.590+0000] {subprocess.py:63} INFO - Tmp dir root location: /tmp
[2025-03-11T15:35:05.590+0000] {subprocess.py:75} INFO - Running command: ['/bin/bash', '-c', 'dbt run --models silver_layer.silver_purchases --vars \'{"is_incremental": true}\'']
[2025-03-11T15:35:05.595+0000] {subprocess.py:86} INFO - Output:
[2025-03-11T15:35:07.069+0000] {subprocess.py:93} INFO - Usage: dbt run [OPTIONS]
[2025-03-11T15:35:07.071+0000] {subprocess.py:93} INFO - Try 'dbt run -h' for help.
[2025-03-11T15:35:07.071+0000] {subprocess.py:93} INFO - 
[2025-03-11T15:35:07.071+0000] {subprocess.py:93} INFO - Error: Invalid value for '--profiles-dir': Path '/home/***/.dbt' does not exist.
[2025-03-11T15:35:07.231+0000] {subprocess.py:97} INFO - Command exited with return code 2
[2025-03-11T15:35:07.243+0000] {taskinstance.py:1937} ERROR - Task failed with exception
Traceback (most recent call last):
  File "/home/airflow/.local/lib/python3.10/site-packages/airflow/operators/bash.py", line 210, in execute
    raise AirflowException(
airflow.exceptions.AirflowException: Bash command failed. The command returned a non-zero exit code 2.
[2025-03-11T15:35:07.246+0000] {taskinstance.py:1400} INFO - Marking task as FAILED. dag_id=ingest_bronze_layer_dag, task_id=transform_silver_incremental, execution_date=20250311T153000, start_date=20250311T153505, end_date=20250311T153507
[2025-03-11T15:35:07.256+0000] {standard_task_runner.py:104} ERROR - Failed to execute job 520 for task transform_silver_incremental (Bash command failed. The command returned a non-zero exit code 2.; 19017)
[2025-03-11T15:35:07.303+0000] {local_task_job_runner.py:228} INFO - Task exited with return code 1
[2025-03-11T15:35:07.472+0000] {taskinstance.py:2778} INFO - 0 downstream tasks scheduled from follow-on schedule check
