[2025-03-12T09:50:23.439+0000] {taskinstance.py:1159} INFO - Dependencies all met for dep_context=non-requeueable deps ti=<TaskInstance: hourly_processing_pipeline.transform_silver_hourly_incremental manual__2025-03-12T09:50:14.303771+00:00 [queued]>
[2025-03-12T09:50:23.442+0000] {taskinstance.py:1159} INFO - Dependencies all met for dep_context=requeueable deps ti=<TaskInstance: hourly_processing_pipeline.transform_silver_hourly_incremental manual__2025-03-12T09:50:14.303771+00:00 [queued]>
[2025-03-12T09:50:23.442+0000] {taskinstance.py:1361} INFO - Starting attempt 1 of 1
[2025-03-12T09:50:23.524+0000] {taskinstance.py:1382} INFO - Executing <Task(BashOperator): transform_silver_hourly_incremental> on 2025-03-12 09:50:14.303771+00:00
[2025-03-12T09:50:23.528+0000] {standard_task_runner.py:57} INFO - Started process 27974 to run task
[2025-03-12T09:50:23.528+0000] {standard_task_runner.py:84} INFO - Running: ['***', 'tasks', 'run', 'hourly_processing_pipeline', 'transform_silver_hourly_incremental', 'manual__2025-03-12T09:50:14.303771+00:00', '--job-id', '2300', '--raw', '--subdir', 'DAGS_FOLDER/hourly_processing_pipeline.py', '--cfg-path', '/tmp/tmpmuns4_6a']
[2025-03-12T09:50:23.530+0000] {standard_task_runner.py:85} INFO - Job 2300: Subtask transform_silver_hourly_incremental
[2025-03-12T09:50:23.550+0000] {task_command.py:416} INFO - Running <TaskInstance: hourly_processing_pipeline.transform_silver_hourly_incremental manual__2025-03-12T09:50:14.303771+00:00 [running]> on host c8e526380ef3
[2025-03-12T09:50:23.597+0000] {taskinstance.py:1662} INFO - Exporting env vars: AIRFLOW_CTX_DAG_OWNER='Andrew Tran' AIRFLOW_CTX_DAG_ID='hourly_processing_pipeline' AIRFLOW_CTX_TASK_ID='transform_silver_hourly_incremental' AIRFLOW_CTX_EXECUTION_DATE='2025-03-12T09:50:14.303771+00:00' AIRFLOW_CTX_TRY_NUMBER='1' AIRFLOW_CTX_DAG_RUN_ID='manual__2025-03-12T09:50:14.303771+00:00'
[2025-03-12T09:50:23.598+0000] {subprocess.py:63} INFO - Tmp dir root location: /tmp
[2025-03-12T09:50:23.599+0000] {subprocess.py:75} INFO - Running command: ['/bin/bash', '-c', 'cd /opt/***/dbt/playstudio_project && export WAREHOUSE_HOST=None && export WAREHOUSE_PASSWORD=None && export WAREHOUSE_USER=None && dbt run --select tag:silver_hourly_incremental --target prod']
[2025-03-12T09:50:23.604+0000] {subprocess.py:86} INFO - Output:
[2025-03-12T09:50:24.992+0000] {subprocess.py:93} INFO - [0m09:50:24  Running with dbt=1.7.18
[2025-03-12T09:50:25.090+0000] {subprocess.py:93} INFO - [0m09:50:25  Registered adapter: postgres=1.7.18
[2025-03-12T09:50:25.196+0000] {subprocess.py:93} INFO - [0m09:50:25  [[33mWARNING[0m]: Configuration paths exist in your dbt_project.yml file which do not apply to any resources.
[2025-03-12T09:50:25.196+0000] {subprocess.py:93} INFO - There are 1 unused configuration paths:
[2025-03-12T09:50:25.196+0000] {subprocess.py:93} INFO - - models.playstudio_project.example
[2025-03-12T09:50:25.206+0000] {subprocess.py:93} INFO - [0m09:50:25  Found 3 models, 2 sources, 0 exposures, 0 metrics, 401 macros, 0 groups, 0 semantic models
[2025-03-12T09:50:25.208+0000] {subprocess.py:93} INFO - [0m09:50:25
[2025-03-12T09:50:25.242+0000] {subprocess.py:93} INFO - [0m09:50:25  Concurrency: 1 threads (target='prod')
[2025-03-12T09:50:25.243+0000] {subprocess.py:93} INFO - [0m09:50:25
[2025-03-12T09:50:25.248+0000] {subprocess.py:93} INFO - [0m09:50:25  1 of 1 START sql incremental model silver_layer.silver_spins_hourly ............ [RUN]
[2025-03-12T09:50:25.346+0000] {subprocess.py:93} INFO - [0m09:50:25  1 of 1 OK created sql incremental model silver_layer.silver_spins_hourly ....... [[32mINSERT 0 42[0m in 0.10s]
[2025-03-12T09:50:25.351+0000] {subprocess.py:93} INFO - [0m09:50:25
[2025-03-12T09:50:25.352+0000] {subprocess.py:93} INFO - [0m09:50:25  Finished running 1 incremental model in 0 hours 0 minutes and 0.14 seconds (0.14s).
[2025-03-12T09:50:25.356+0000] {subprocess.py:93} INFO - [0m09:50:25
[2025-03-12T09:50:25.357+0000] {subprocess.py:93} INFO - [0m09:50:25  [32mCompleted successfully[0m
[2025-03-12T09:50:25.357+0000] {subprocess.py:93} INFO - [0m09:50:25
[2025-03-12T09:50:25.358+0000] {subprocess.py:93} INFO - [0m09:50:25  Done. PASS=1 WARN=0 ERROR=0 SKIP=0 TOTAL=1
[2025-03-12T09:50:26.714+0000] {subprocess.py:97} INFO - Command exited with return code 0
[2025-03-12T09:50:26.733+0000] {taskinstance.py:1400} INFO - Marking task as SUCCESS. dag_id=hourly_processing_pipeline, task_id=transform_silver_hourly_incremental, execution_date=20250312T095014, start_date=20250312T095023, end_date=20250312T095026
[2025-03-12T09:50:26.754+0000] {local_task_job_runner.py:228} INFO - Task exited with return code 0
[2025-03-12T09:50:26.767+0000] {taskinstance.py:2778} INFO - 0 downstream tasks scheduled from follow-on schedule check
