[2025-03-13T17:20:57.730+0000] {taskinstance.py:1159} INFO - Dependencies all met for dep_context=non-requeueable deps ti=<TaskInstance: hourly_processing_pipeline.aggregate_final_table_incremental manual__2025-03-13T17:20:28.372625+00:00 [queued]>
[2025-03-13T17:20:57.735+0000] {taskinstance.py:1159} INFO - Dependencies all met for dep_context=requeueable deps ti=<TaskInstance: hourly_processing_pipeline.aggregate_final_table_incremental manual__2025-03-13T17:20:28.372625+00:00 [queued]>
[2025-03-13T17:20:57.736+0000] {taskinstance.py:1361} INFO - Starting attempt 1 of 1
[2025-03-13T17:20:57.745+0000] {taskinstance.py:1382} INFO - Executing <Task(BashOperator): aggregate_final_table_incremental> on 2025-03-13 17:20:28.372625+00:00
[2025-03-13T17:20:57.749+0000] {standard_task_runner.py:57} INFO - Started process 77206 to run task
[2025-03-13T17:20:57.754+0000] {standard_task_runner.py:84} INFO - Running: ['***', 'tasks', 'run', 'hourly_processing_pipeline', 'aggregate_final_table_incremental', 'manual__2025-03-13T17:20:28.372625+00:00', '--job-id', '3660', '--raw', '--subdir', 'DAGS_FOLDER/hourly_processing_pipeline.py', '--cfg-path', '/tmp/tmpje_pg3kl']
[2025-03-13T17:20:57.757+0000] {standard_task_runner.py:85} INFO - Job 3660: Subtask aggregate_final_table_incremental
[2025-03-13T17:20:57.792+0000] {task_command.py:416} INFO - Running <TaskInstance: hourly_processing_pipeline.aggregate_final_table_incremental manual__2025-03-13T17:20:28.372625+00:00 [running]> on host c8e526380ef3
[2025-03-13T17:20:57.840+0000] {taskinstance.py:1662} INFO - Exporting env vars: AIRFLOW_CTX_DAG_OWNER='Andrew Tran' AIRFLOW_CTX_DAG_ID='hourly_processing_pipeline' AIRFLOW_CTX_TASK_ID='aggregate_final_table_incremental' AIRFLOW_CTX_EXECUTION_DATE='2025-03-13T17:20:28.372625+00:00' AIRFLOW_CTX_TRY_NUMBER='1' AIRFLOW_CTX_DAG_RUN_ID='manual__2025-03-13T17:20:28.372625+00:00'
[2025-03-13T17:20:57.841+0000] {subprocess.py:63} INFO - Tmp dir root location: /tmp
[2025-03-13T17:20:57.842+0000] {subprocess.py:75} INFO - Running command: ['/bin/bash', '-c', 'cd /opt/***/dbt/playstudio_project && export WAREHOUSE_HOST=None && export WAREHOUSE_PASSWORD=None && export WAREHOUSE_USER=None && dbt deps && dbt run --select tag:gold_layer --target prod']
[2025-03-13T17:20:57.849+0000] {subprocess.py:86} INFO - Output:
[2025-03-13T17:21:00.105+0000] {subprocess.py:93} INFO - [0m17:21:00  Running with dbt=1.7.18
[2025-03-13T17:21:00.478+0000] {subprocess.py:93} INFO - [0m17:21:00  Installing dbt-labs/dbt_utils
[2025-03-13T17:21:02.122+0000] {subprocess.py:93} INFO - [0m17:21:02  Installed from version 1.1.1
[2025-03-13T17:21:02.123+0000] {subprocess.py:93} INFO - [0m17:21:02  Updated version available: 1.3.0
[2025-03-13T17:21:02.124+0000] {subprocess.py:93} INFO - [0m17:21:02  Installing metaplane/dbt_expectations
[2025-03-13T17:21:03.122+0000] {subprocess.py:93} INFO - [0m17:21:03  Installed from version 0.10.8
[2025-03-13T17:21:03.123+0000] {subprocess.py:93} INFO - [0m17:21:03  Up to date!
[2025-03-13T17:21:03.124+0000] {subprocess.py:93} INFO - [0m17:21:03  Installing godatadriven/dbt_date
[2025-03-13T17:21:03.698+0000] {subprocess.py:93} INFO - [0m17:21:03  Installed from version 0.11.0
[2025-03-13T17:21:03.700+0000] {subprocess.py:93} INFO - [0m17:21:03  Up to date!
[2025-03-13T17:21:03.701+0000] {subprocess.py:93} INFO - [0m17:21:03
[2025-03-13T17:21:03.702+0000] {subprocess.py:93} INFO - [0m17:21:03  Updates available for packages: ['dbt-labs/dbt_utils']
[2025-03-13T17:21:03.702+0000] {subprocess.py:93} INFO - Update your versions in packages.yml, then run dbt deps
[2025-03-13T17:21:06.478+0000] {subprocess.py:93} INFO - [0m17:21:06  Running with dbt=1.7.18
[2025-03-13T17:21:06.604+0000] {subprocess.py:93} INFO - [0m17:21:06  Registered adapter: postgres=1.7.18
[2025-03-13T17:21:06.684+0000] {subprocess.py:93} INFO - [0m17:21:06  [[33mWARNING[0m]: Configuration paths exist in your dbt_project.yml file which do not apply to any resources.
[2025-03-13T17:21:06.685+0000] {subprocess.py:93} INFO - There are 1 unused configuration paths:
[2025-03-13T17:21:06.685+0000] {subprocess.py:93} INFO - - models.playstudio_project.bronze_layer
[2025-03-13T17:21:06.704+0000] {subprocess.py:93} INFO - [0m17:21:06  Found 67 tests, 3 models, 2 sources, 0 exposures, 0 metrics, 783 macros, 0 groups, 0 semantic models
[2025-03-13T17:21:06.706+0000] {subprocess.py:93} INFO - [0m17:21:06
[2025-03-13T17:21:06.749+0000] {subprocess.py:93} INFO - [0m17:21:06  Concurrency: 1 threads (target='prod')
[2025-03-13T17:21:06.749+0000] {subprocess.py:93} INFO - [0m17:21:06
[2025-03-13T17:21:06.753+0000] {subprocess.py:93} INFO - [0m17:21:06  1 of 1 START sql incremental model gold_layer.aggregated_final_table ........... [RUN]
[2025-03-13T17:21:06.877+0000] {subprocess.py:93} INFO - [0m17:21:06  1 of 1 OK created sql incremental model gold_layer.aggregated_final_table ...... [[32mINSERT 0 1[0m in 0.12s]
[2025-03-13T17:21:06.889+0000] {subprocess.py:93} INFO - [0m17:21:06
[2025-03-13T17:21:06.889+0000] {subprocess.py:93} INFO - [0m17:21:06  Finished running 1 incremental model in 0 hours 0 minutes and 0.18 seconds (0.18s).
[2025-03-13T17:21:06.902+0000] {subprocess.py:93} INFO - [0m17:21:06
[2025-03-13T17:21:06.903+0000] {subprocess.py:93} INFO - [0m17:21:06  [32mCompleted successfully[0m
[2025-03-13T17:21:06.904+0000] {subprocess.py:93} INFO - [0m17:21:06
[2025-03-13T17:21:06.904+0000] {subprocess.py:93} INFO - [0m17:21:06  Done. PASS=1 WARN=0 ERROR=0 SKIP=0 TOTAL=1
[2025-03-13T17:21:08.277+0000] {subprocess.py:97} INFO - Command exited with return code 0
[2025-03-13T17:21:08.325+0000] {taskinstance.py:1400} INFO - Marking task as SUCCESS. dag_id=hourly_processing_pipeline, task_id=aggregate_final_table_incremental, execution_date=20250313T172028, start_date=20250313T172057, end_date=20250313T172108
[2025-03-13T17:21:08.355+0000] {local_task_job_runner.py:228} INFO - Task exited with return code 0
[2025-03-13T17:21:08.381+0000] {taskinstance.py:2778} INFO - 0 downstream tasks scheduled from follow-on schedule check
