[2025-03-11T10:00:02.808+0000] {taskinstance.py:1159} INFO - Dependencies all met for dep_context=non-requeueable deps ti=<TaskInstance: ingest_bronze_layer_dag.fetch_purchases scheduled__2025-03-11T09:55:00+00:00 [queued]>
[2025-03-11T10:00:02.811+0000] {taskinstance.py:1159} INFO - Dependencies all met for dep_context=requeueable deps ti=<TaskInstance: ingest_bronze_layer_dag.fetch_purchases scheduled__2025-03-11T09:55:00+00:00 [queued]>
[2025-03-11T10:00:02.811+0000] {taskinstance.py:1361} INFO - Starting attempt 1 of 1
[2025-03-11T10:00:02.817+0000] {taskinstance.py:1382} INFO - Executing <Task(_PythonDecoratedOperator): fetch_purchases> on 2025-03-11 09:55:00+00:00
[2025-03-11T10:00:02.819+0000] {standard_task_runner.py:57} INFO - Started process 9315 to run task
[2025-03-11T10:00:02.821+0000] {standard_task_runner.py:84} INFO - Running: ['***', 'tasks', 'run', 'ingest_bronze_layer_dag', 'fetch_purchases', 'scheduled__2025-03-11T09:55:00+00:00', '--job-id', '201', '--raw', '--subdir', 'DAGS_FOLDER/ingesting_pipeline.py', '--cfg-path', '/tmp/tmpuk4uuv5u']
[2025-03-11T10:00:02.823+0000] {standard_task_runner.py:85} INFO - Job 201: Subtask fetch_purchases
[2025-03-11T10:00:02.928+0000] {task_command.py:416} INFO - Running <TaskInstance: ingest_bronze_layer_dag.fetch_purchases scheduled__2025-03-11T09:55:00+00:00 [running]> on host 41ccd9d1769c
[2025-03-11T10:00:02.956+0000] {taskinstance.py:1662} INFO - Exporting env vars: AIRFLOW_CTX_DAG_OWNER='Andrew Tran' AIRFLOW_CTX_DAG_ID='ingest_bronze_layer_dag' AIRFLOW_CTX_TASK_ID='fetch_purchases' AIRFLOW_CTX_EXECUTION_DATE='2025-03-11T09:55:00+00:00' AIRFLOW_CTX_TRY_NUMBER='1' AIRFLOW_CTX_DAG_RUN_ID='scheduled__2025-03-11T09:55:00+00:00'
[2025-03-11T10:00:02.959+0000] {base.py:73} INFO - Using connection ID 'postgres_source_db' for task execution.
[2025-03-11T10:01:53.942+0000] {local_task_job_runner.py:294} WARNING - State of this instance has been externally set to success. Terminating instance.
[2025-03-11T10:01:53.950+0000] {process_utils.py:131} INFO - Sending 15 to group 9315. PIDs of all processes in the group: [9315]
[2025-03-11T10:01:53.950+0000] {process_utils.py:86} INFO - Sending the signal 15 to group 9315
[2025-03-11T10:01:53.952+0000] {taskinstance.py:1632} ERROR - Received SIGTERM. Terminating subprocesses.
[2025-03-11T10:01:54.048+0000] {process_utils.py:79} INFO - Process psutil.Process(pid=9315, status='terminated', exitcode=0, started='10:00:02') (9315) terminated with exit code 0
[2025-03-11T10:02:15.561+0000] {taskinstance.py:1159} INFO - Dependencies all met for dep_context=non-requeueable deps ti=<TaskInstance: ingest_bronze_layer_dag.fetch_purchases scheduled__2025-03-11T09:55:00+00:00 [queued]>
[2025-03-11T10:02:15.564+0000] {taskinstance.py:1159} INFO - Dependencies all met for dep_context=requeueable deps ti=<TaskInstance: ingest_bronze_layer_dag.fetch_purchases scheduled__2025-03-11T09:55:00+00:00 [queued]>
[2025-03-11T10:02:15.565+0000] {taskinstance.py:1361} INFO - Starting attempt 1 of 1
[2025-03-11T10:02:15.570+0000] {taskinstance.py:1382} INFO - Executing <Task(_PythonDecoratedOperator): fetch_purchases> on 2025-03-11 09:55:00+00:00
[2025-03-11T10:02:15.572+0000] {standard_task_runner.py:57} INFO - Started process 9405 to run task
[2025-03-11T10:02:15.574+0000] {standard_task_runner.py:84} INFO - Running: ['***', 'tasks', 'run', 'ingest_bronze_layer_dag', 'fetch_purchases', 'scheduled__2025-03-11T09:55:00+00:00', '--job-id', '203', '--raw', '--subdir', 'DAGS_FOLDER/ingesting_pipeline.py', '--cfg-path', '/tmp/tmptfc98rkx']
[2025-03-11T10:02:15.575+0000] {standard_task_runner.py:85} INFO - Job 203: Subtask fetch_purchases
[2025-03-11T10:02:15.672+0000] {task_command.py:416} INFO - Running <TaskInstance: ingest_bronze_layer_dag.fetch_purchases scheduled__2025-03-11T09:55:00+00:00 [running]> on host 41ccd9d1769c
[2025-03-11T10:02:15.699+0000] {taskinstance.py:1662} INFO - Exporting env vars: AIRFLOW_CTX_DAG_OWNER='Andrew Tran' AIRFLOW_CTX_DAG_ID='ingest_bronze_layer_dag' AIRFLOW_CTX_TASK_ID='fetch_purchases' AIRFLOW_CTX_EXECUTION_DATE='2025-03-11T09:55:00+00:00' AIRFLOW_CTX_TRY_NUMBER='1' AIRFLOW_CTX_DAG_RUN_ID='scheduled__2025-03-11T09:55:00+00:00'
[2025-03-11T10:02:15.701+0000] {base.py:73} INFO - Using connection ID 'postgres_source_db' for task execution.
[2025-03-11T10:03:51.651+0000] {local_task_job_runner.py:294} WARNING - State of this instance has been externally set to success. Terminating instance.
[2025-03-11T10:03:51.655+0000] {process_utils.py:131} INFO - Sending 15 to group 9405. PIDs of all processes in the group: [9405]
[2025-03-11T10:03:51.655+0000] {process_utils.py:86} INFO - Sending the signal 15 to group 9405
[2025-03-11T10:03:51.656+0000] {taskinstance.py:1632} ERROR - Received SIGTERM. Terminating subprocesses.
[2025-03-11T10:03:51.758+0000] {process_utils.py:79} INFO - Process psutil.Process(pid=9405, status='terminated', exitcode=0, started='10:02:14') (9405) terminated with exit code 0
