[2025-03-13T16:34:22.580+0000] {taskinstance.py:1159} INFO - Dependencies all met for dep_context=non-requeueable deps ti=<TaskInstance: hourly_processing_pipeline.aggregate_final_table_incremental manual__2025-03-13T16:34:06.327111+00:00 [queued]>
[2025-03-13T16:34:22.584+0000] {taskinstance.py:1159} INFO - Dependencies all met for dep_context=requeueable deps ti=<TaskInstance: hourly_processing_pipeline.aggregate_final_table_incremental manual__2025-03-13T16:34:06.327111+00:00 [queued]>
[2025-03-13T16:34:22.584+0000] {taskinstance.py:1361} INFO - Starting attempt 1 of 1
[2025-03-13T16:34:22.590+0000] {taskinstance.py:1382} INFO - Executing <Task(BashOperator): aggregate_final_table_incremental> on 2025-03-13 16:34:06.327111+00:00
[2025-03-13T16:34:22.593+0000] {standard_task_runner.py:57} INFO - Started process 75144 to run task
[2025-03-13T16:34:22.596+0000] {standard_task_runner.py:84} INFO - Running: ['***', 'tasks', 'run', 'hourly_processing_pipeline', 'aggregate_final_table_incremental', 'manual__2025-03-13T16:34:06.327111+00:00', '--job-id', '3590', '--raw', '--subdir', 'DAGS_FOLDER/hourly_processing_pipeline.py', '--cfg-path', '/tmp/tmpentbos_n']
[2025-03-13T16:34:22.598+0000] {standard_task_runner.py:85} INFO - Job 3590: Subtask aggregate_final_table_incremental
[2025-03-13T16:34:22.770+0000] {task_command.py:416} INFO - Running <TaskInstance: hourly_processing_pipeline.aggregate_final_table_incremental manual__2025-03-13T16:34:06.327111+00:00 [running]> on host c8e526380ef3
[2025-03-13T16:34:22.806+0000] {taskinstance.py:1662} INFO - Exporting env vars: AIRFLOW_CTX_DAG_OWNER='Andrew Tran' AIRFLOW_CTX_DAG_ID='hourly_processing_pipeline' AIRFLOW_CTX_TASK_ID='aggregate_final_table_incremental' AIRFLOW_CTX_EXECUTION_DATE='2025-03-13T16:34:06.327111+00:00' AIRFLOW_CTX_TRY_NUMBER='1' AIRFLOW_CTX_DAG_RUN_ID='manual__2025-03-13T16:34:06.327111+00:00'
[2025-03-13T16:34:22.807+0000] {subprocess.py:63} INFO - Tmp dir root location: /tmp
[2025-03-13T16:34:22.807+0000] {subprocess.py:75} INFO - Running command: ['/bin/bash', '-c', 'cd /opt/***/dbt/playstudio_project && export WAREHOUSE_HOST=None && export WAREHOUSE_PASSWORD=None && export WAREHOUSE_USER=None && dbt deps && dbt run --select tag:gold_layer --target prod']
[2025-03-13T16:34:22.813+0000] {subprocess.py:86} INFO - Output:
[2025-03-13T16:34:24.296+0000] {subprocess.py:93} INFO - [0m16:34:24  Running with dbt=1.7.18
[2025-03-13T16:34:24.669+0000] {subprocess.py:93} INFO - [0m16:34:24  Installing dbt-labs/dbt_utils
[2025-03-13T16:34:25.521+0000] {subprocess.py:93} INFO - [0m16:34:25  Installed from version 1.1.1
[2025-03-13T16:34:25.528+0000] {subprocess.py:93} INFO - [0m16:34:25  Updated version available: 1.3.0
[2025-03-13T16:34:25.528+0000] {subprocess.py:93} INFO - [0m16:34:25  Installing metaplane/dbt_expectations
[2025-03-13T16:34:27.542+0000] {subprocess.py:93} INFO - [0m16:34:27  Installed from version 0.10.8
[2025-03-13T16:34:27.544+0000] {subprocess.py:93} INFO - [0m16:34:27  Up to date!
[2025-03-13T16:34:27.544+0000] {subprocess.py:93} INFO - [0m16:34:27  Installing godatadriven/dbt_date
[2025-03-13T16:34:28.116+0000] {subprocess.py:93} INFO - [0m16:34:28  Installed from version 0.11.0
[2025-03-13T16:34:28.117+0000] {subprocess.py:93} INFO - [0m16:34:28  Up to date!
[2025-03-13T16:34:28.118+0000] {subprocess.py:93} INFO - [0m16:34:28
[2025-03-13T16:34:28.119+0000] {subprocess.py:93} INFO - [0m16:34:28  Updates available for packages: ['dbt-labs/dbt_utils']
[2025-03-13T16:34:28.120+0000] {subprocess.py:93} INFO - Update your versions in packages.yml, then run dbt deps
[2025-03-13T16:34:30.982+0000] {subprocess.py:93} INFO - [0m16:34:30  Running with dbt=1.7.18
[2025-03-13T16:34:31.090+0000] {subprocess.py:93} INFO - [0m16:34:31  Registered adapter: postgres=1.7.18
[2025-03-13T16:34:31.171+0000] {subprocess.py:93} INFO - [0m16:34:31  [[33mWARNING[0m]: Configuration paths exist in your dbt_project.yml file which do not apply to any resources.
[2025-03-13T16:34:31.172+0000] {subprocess.py:93} INFO - There are 1 unused configuration paths:
[2025-03-13T16:34:31.172+0000] {subprocess.py:93} INFO - - models.playstudio_project.bronze_layer
[2025-03-13T16:34:31.192+0000] {subprocess.py:93} INFO - [0m16:34:31  Found 3 models, 47 tests, 2 sources, 0 exposures, 0 metrics, 783 macros, 0 groups, 0 semantic models
[2025-03-13T16:34:31.193+0000] {subprocess.py:93} INFO - [0m16:34:31
[2025-03-13T16:34:31.255+0000] {subprocess.py:93} INFO - [0m16:34:31  Concurrency: 1 threads (target='prod')
[2025-03-13T16:34:31.256+0000] {subprocess.py:93} INFO - [0m16:34:31
[2025-03-13T16:34:31.263+0000] {subprocess.py:93} INFO - [0m16:34:31  1 of 1 START sql incremental model gold_layer.aggregated_final_table ........... [RUN]
[2025-03-13T16:34:31.362+0000] {subprocess.py:93} INFO - [0m16:34:31  1 of 1 OK created sql incremental model gold_layer.aggregated_final_table ...... [[32mINSERT 0 1[0m in 0.10s]
[2025-03-13T16:34:31.370+0000] {subprocess.py:93} INFO - [0m16:34:31
[2025-03-13T16:34:31.370+0000] {subprocess.py:93} INFO - [0m16:34:31  Finished running 1 incremental model in 0 hours 0 minutes and 0.17 seconds (0.17s).
[2025-03-13T16:34:31.377+0000] {subprocess.py:93} INFO - [0m16:34:31
[2025-03-13T16:34:31.378+0000] {subprocess.py:93} INFO - [0m16:34:31  [32mCompleted successfully[0m
[2025-03-13T16:34:31.378+0000] {subprocess.py:93} INFO - [0m16:34:31
[2025-03-13T16:34:31.378+0000] {subprocess.py:93} INFO - [0m16:34:31  Done. PASS=1 WARN=0 ERROR=0 SKIP=0 TOTAL=1
[2025-03-13T16:34:32.690+0000] {subprocess.py:97} INFO - Command exited with return code 0
[2025-03-13T16:34:32.739+0000] {taskinstance.py:1400} INFO - Marking task as SUCCESS. dag_id=hourly_processing_pipeline, task_id=aggregate_final_table_incremental, execution_date=20250313T163406, start_date=20250313T163422, end_date=20250313T163432
[2025-03-13T16:34:32.771+0000] {local_task_job_runner.py:228} INFO - Task exited with return code 0
[2025-03-13T16:34:32.993+0000] {taskinstance.py:2778} INFO - 0 downstream tasks scheduled from follow-on schedule check
