[2025-03-11T17:47:18.586+0000] {taskinstance.py:1159} INFO - Dependencies all met for dep_context=non-requeueable deps ti=<TaskInstance: hourly_processing_pipeline.extract_and_load_spins_hourly manual__2025-03-11T17:47:09+00:00 [queued]>
[2025-03-11T17:47:18.590+0000] {taskinstance.py:1159} INFO - Dependencies all met for dep_context=requeueable deps ti=<TaskInstance: hourly_processing_pipeline.extract_and_load_spins_hourly manual__2025-03-11T17:47:09+00:00 [queued]>
[2025-03-11T17:47:18.591+0000] {taskinstance.py:1361} INFO - Starting attempt 1 of 1
[2025-03-11T17:47:18.597+0000] {taskinstance.py:1382} INFO - Executing <Task(_PythonDecoratedOperator): extract_and_load_spins_hourly> on 2025-03-11 17:47:09+00:00
[2025-03-11T17:47:18.599+0000] {standard_task_runner.py:57} INFO - Started process 4719 to run task
[2025-03-11T17:47:18.602+0000] {standard_task_runner.py:84} INFO - Running: ['***', 'tasks', 'run', 'hourly_processing_pipeline', 'extract_and_load_spins_hourly', 'manual__2025-03-11T17:47:09+00:00', '--job-id', '793', '--raw', '--subdir', 'DAGS_FOLDER/hourly_processing_pipeline.py', '--cfg-path', '/tmp/tmplkmpyens']
[2025-03-11T17:47:18.603+0000] {standard_task_runner.py:85} INFO - Job 793: Subtask extract_and_load_spins_hourly
[2025-03-11T17:47:18.766+0000] {task_command.py:416} INFO - Running <TaskInstance: hourly_processing_pipeline.extract_and_load_spins_hourly manual__2025-03-11T17:47:09+00:00 [running]> on host c8e526380ef3
[2025-03-11T17:47:18.798+0000] {taskinstance.py:1662} INFO - Exporting env vars: AIRFLOW_CTX_DAG_OWNER='Andrew Tran' AIRFLOW_CTX_DAG_ID='hourly_processing_pipeline' AIRFLOW_CTX_TASK_ID='extract_and_load_spins_hourly' AIRFLOW_CTX_EXECUTION_DATE='2025-03-11T17:47:09+00:00' AIRFLOW_CTX_TRY_NUMBER='1' AIRFLOW_CTX_DAG_RUN_ID='manual__2025-03-11T17:47:09+00:00'
[2025-03-11T17:47:18.802+0000] {hourly_processing_pipeline.py:333} INFO - Running extract_and_load_spins_hourly in full refresh mode
[2025-03-11T17:47:18.802+0000] {hourly_processing_pipeline.py:340} INFO - First run - fetching all data
[2025-03-11T17:47:18.802+0000] {hourly_processing_pipeline.py:97} INFO - Executing query: 
            SELECT *, NOW() as extracted_at
            FROM app_source.spins_data_hourly
            WHERE 1=1
            ORDER BY updated_at
        
[2025-03-11T17:47:18.806+0000] {base.py:73} INFO - Using connection ID 'postgres_source_db' for task execution.
[2025-03-11T17:47:18.809+0000] {warnings.py:109} WARNING - /opt/***/dags/hourly_processing_pipeline.py:100: UserWarning: pandas only supports SQLAlchemy connectable (engine/connection) or database string URI or sqlite3 DBAPI2 connection. Other DBAPI2 objects are not tested. Please consider using SQLAlchemy.
  df = pd.read_sql(query, conn)

[2025-03-11T17:47:18.815+0000] {hourly_processing_pipeline.py:101} INFO - Query executed successfully. Retrieved 132 rows.
[2025-03-11T17:47:18.815+0000] {hourly_processing_pipeline.py:368} INFO - Retrieved 132 rows of data
[2025-03-11T17:47:18.816+0000] {hourly_processing_pipeline.py:372} INFO - Date range in result: 2025-03-11 03:54:50.330853 to 2025-03-11 05:11:10.696212
[2025-03-11T17:47:18.816+0000] {hourly_processing_pipeline.py:153} INFO - Loading 132 rows into bronze_layer.bronze_spins_hourly
[2025-03-11T17:47:18.820+0000] {base.py:73} INFO - Using connection ID 'postgres_warehouse_db' for task execution.
[2025-03-11T17:47:18.834+0000] {hourly_processing_pipeline.py:164} INFO - Successfully loaded 132 rows into bronze_layer.bronze_spins_hourly
[2025-03-11T17:47:18.835+0000] {hourly_processing_pipeline.py:386} INFO - Inserted 132 rows into bronze_layer.bronze_spins_hourly
[2025-03-11T17:47:18.835+0000] {python.py:194} INFO - Done. Returned value was: Inserted 132 rows into bronze_layer.bronze_spins_hourly
[2025-03-11T17:47:18.849+0000] {taskinstance.py:1400} INFO - Marking task as SUCCESS. dag_id=hourly_processing_pipeline, task_id=extract_and_load_spins_hourly, execution_date=20250311T174709, start_date=20250311T174718, end_date=20250311T174718
[2025-03-11T17:47:18.870+0000] {local_task_job_runner.py:228} INFO - Task exited with return code 0
[2025-03-11T17:47:18.986+0000] {taskinstance.py:2778} INFO - 1 downstream tasks scheduled from follow-on schedule check
